#
# There is insufficient memory for the Java Runtime Environment to continue.
# Native memory allocation (malloc) failed to allocate 1635056 bytes. Error detail: Chunk::new
# Possible reasons:
#   The system is out of physical RAM or swap space
#   This process is running with CompressedOops enabled, and the Java Heap may be blocking the growth of the native heap
# Possible solutions:
#   Reduce memory load on the system
#   Increase physical memory or swap space
#   Check if swap backing store is full
#   Decrease Java heap size (-Xmx/-Xms)
#   Decrease number of Java threads
#   Decrease Java thread stack sizes (-Xss)
#   Set larger code cache with -XX:ReservedCodeCacheSize=
#   JVM is running with Unscaled Compressed Oops mode in which the Java heap is
#     placed in the first 4GB address space. The Java Heap base address is the
#     maximum limit for the native heap growth. Please use -XX:HeapBaseMinAddress
#     to set the Java Heap base and to place the Java Heap above 4GB virtual address.
# This output file may be truncated or incomplete.
#
#  Out of Memory Error (arena.cpp:168), pid=10440, tid=21432
#
# JRE version: OpenJDK Runtime Environment Temurin-21.0.8+9 (21.0.8+9) (build 21.0.8+9-LTS)
# Java VM: OpenJDK 64-Bit Server VM Temurin-21.0.8+9 (21.0.8+9-LTS, mixed mode, sharing, tiered, compressed oops, compressed class ptrs, parallel gc, windows-amd64)
# No core dump will be written. Minidumps are not enabled by default on client versions of Windows
#

---------------  S U M M A R Y ------------

Command Line: --add-modules=ALL-SYSTEM --add-opens=java.base/java.util=ALL-UNNAMED --add-opens=java.base/java.lang=ALL-UNNAMED --add-opens=java.base/sun.nio.fs=ALL-UNNAMED -Declipse.application=org.eclipse.jdt.ls.core.id1 -Dosgi.bundles.defaultStartLevel=4 -Declipse.product=org.eclipse.jdt.ls.core.product -Djava.import.generatesMetadataFilesAtProjectRoot=false -DDetectVMInstallationsJob.disabled=true -Dfile.encoding=utf8 -XX:+UseParallelGC -XX:GCTimeRatio=4 -XX:AdaptiveSizePolicyWeight=90 -Dsun.zip.disableMemoryMapping=true -Xmx2G -Xms100m -Xlog:disable -javaagent:c:\Users\IT\.windsurf\extensions\redhat.java-1.44.0-win32-x64\lombok\lombok-1.18.39-4050.jar -XX:+HeapDumpOnOutOfMemoryError -XX:HeapDumpPath=c:\Users\IT\AppData\Roaming\Windsurf\User\workspaceStorage\9304a57263ee466e7959e3898a525b22\redhat.java -Daether.dependencyCollector.impl=bf c:\Users\IT\.windsurf\extensions\redhat.java-1.44.0-win32-x64\server\plugins\org.eclipse.equinox.launcher_1.7.0.v20250519-0528.jar -configuration c:\Users\IT\AppData\Roaming\Windsurf\User\globalStorage\redhat.java\1.44.0\config_win -data c:\Users\IT\AppData\Roaming\Windsurf\User\workspaceStorage\9304a57263ee466e7959e3898a525b22\redhat.java\jdt_ws --pipe=\\.\pipe\lsp-abe8863ba4a03323133dec32a18c47c3-sock

Host: Intel(R) Core(TM) i7-10700 CPU @ 2.90GHz, 16 cores, 15G,  Windows 11 , 64 bit Build 26100 (10.0.26100.4768)
Time: Sun Aug 24 10:29:28 2025 Afghanistan Standard Time elapsed time: 11.128477 seconds (0d 0h 0m 11s)

---------------  T H R E A D  ---------------

Current thread (0x0000024d9048d710):  JavaThread "C2 CompilerThread1" daemon [_thread_in_native, id=21432, stack(0x000000eaf2100000,0x000000eaf2200000) (1024K)]


Current CompileTask:
C2:11128 9388   !   4       org.codehaus.plexus.interpolation.StringSearchInterpolator::interpolate (668 bytes)

Stack: [0x000000eaf2100000,0x000000eaf2200000]
Native frames: (J=compiled Java code, j=interpreted, Vv=VM code, C=native code)
V  [jvm.dll+0x6d2449]
V  [jvm.dll+0x8ae341]
V  [jvm.dll+0x8b08be]
V  [jvm.dll+0x8b0fa3]
V  [jvm.dll+0x280c96]
V  [jvm.dll+0xc581d]
V  [jvm.dll+0xc5d53]
V  [jvm.dll+0x3b919c]
V  [jvm.dll+0x385315]
V  [jvm.dll+0x38477a]
V  [jvm.dll+0x248ed0]
V  [jvm.dll+0x2484af]
V  [jvm.dll+0x1c89ee]
V  [jvm.dll+0x257d4d]
V  [jvm.dll+0x2562ea]
V  [jvm.dll+0x3f2d16]
V  [jvm.dll+0x857e6b]
V  [jvm.dll+0x6d0b0d]
C  [ucrtbase.dll+0x37b0]
C  [KERNEL32.DLL+0x2e8d7]
C  [ntdll.dll+0x3c34c]


---------------  P R O C E S S  ---------------

Threads class SMR info:
_java_thread_list=0x0000024d9102b2f0, length=67, elements={
0x0000024d2ef49cc0, 0x0000024d2eefd390, 0x0000024d2eefdee0, 0x0000024d87f67cb0,
0x0000024d87f69810, 0x0000024d87f6f590, 0x0000024d87f71b20, 0x0000024d87fa4f60,
0x0000024d87fa6190, 0x0000024d88049640, 0x0000024d2efb7c30, 0x0000024d88239210,
0x0000024d882fca60, 0x0000024d89cd87c0, 0x0000024d8e37d690, 0x0000024d8e37dcf0,
0x0000024d8e1f4880, 0x0000024d8e1f4ee0, 0x0000024d89cd5ab0, 0x0000024d8e379230,
0x0000024d8e376ad0, 0x0000024d8e377e80, 0x0000024d8e377160, 0x0000024d8e378510,
0x0000024d8e378ba0, 0x0000024d8e3798c0, 0x0000024d8e376440, 0x0000024d8eb39df0,
0x0000024d8eb390d0, 0x0000024d8eb3a480, 0x0000024d8eb3ab10, 0x0000024d8eb3b1a0,
0x0000024d8eb3b830, 0x0000024d8eb38a40, 0x0000024d8eb39760, 0x0000024d8eb3cbe0,
0x0000024d8eb3df90, 0x0000024d8eb3ecb0, 0x0000024d8eb3d270, 0x0000024d8eb3d900,
0x0000024d8eb3e620, 0x0000024d8eb3bec0, 0x0000024d8eb3f340, 0x0000024d8eb3f9d0,
0x0000024d90120090, 0x0000024d90122160, 0x0000024d90123510, 0x0000024d90123ba0,
0x0000024d901227f0, 0x0000024d90121ad0, 0x0000024d90122e80, 0x0000024d90120720,
0x0000024d90124230, 0x0000024d90120db0, 0x0000024d901248c0, 0x0000024d90121440,
0x0000024d90124f50, 0x0000024d90126990, 0x0000024d90127020, 0x0000024d901276b0,
0x0000024d90126300, 0x0000024d901255e0, 0x0000024d90125c70, 0x0000024d90171130,
0x0000024d90173200, 0x0000024d9048d710, 0x0000024d905e4360
}

Java Threads: ( => current thread )
  0x0000024d2ef49cc0 JavaThread "main"                              [_thread_blocked, id=10980, stack(0x000000eaf1300000,0x000000eaf1400000) (1024K)]
  0x0000024d2eefd390 JavaThread "Reference Handler"          daemon [_thread_blocked, id=23356, stack(0x000000eaf1700000,0x000000eaf1800000) (1024K)]
  0x0000024d2eefdee0 JavaThread "Finalizer"                  daemon [_thread_blocked, id=22924, stack(0x000000eaf1800000,0x000000eaf1900000) (1024K)]
  0x0000024d87f67cb0 JavaThread "Signal Dispatcher"          daemon [_thread_blocked, id=22876, stack(0x000000eaf1900000,0x000000eaf1a00000) (1024K)]
  0x0000024d87f69810 JavaThread "Attach Listener"            daemon [_thread_blocked, id=17044, stack(0x000000eaf1a00000,0x000000eaf1b00000) (1024K)]
  0x0000024d87f6f590 JavaThread "Service Thread"             daemon [_thread_blocked, id=22632, stack(0x000000eaf1b00000,0x000000eaf1c00000) (1024K)]
  0x0000024d87f71b20 JavaThread "Monitor Deflation Thread"   daemon [_thread_blocked, id=22968, stack(0x000000eaf1c00000,0x000000eaf1d00000) (1024K)]
  0x0000024d87fa4f60 JavaThread "C2 CompilerThread0"         daemon [_thread_blocked, id=16640, stack(0x000000eaf1d00000,0x000000eaf1e00000) (1024K)]
  0x0000024d87fa6190 JavaThread "C1 CompilerThread0"         daemon [_thread_blocked, id=5464, stack(0x000000eaf1e00000,0x000000eaf1f00000) (1024K)]
  0x0000024d88049640 JavaThread "C1 CompilerThread1"         daemon [_thread_blocked, id=16840, stack(0x000000eaf1f00000,0x000000eaf2000000) (1024K)]
  0x0000024d2efb7c30 JavaThread "Common-Cleaner"             daemon [_thread_blocked, id=18420, stack(0x000000eaf2000000,0x000000eaf2100000) (1024K)]
  0x0000024d88239210 JavaThread "C1 CompilerThread2"         daemon [_thread_blocked, id=18912, stack(0x000000eaf2200000,0x000000eaf2300000) (1024K)]
  0x0000024d882fca60 JavaThread "Notification Thread"        daemon [_thread_blocked, id=23248, stack(0x000000eaf2400000,0x000000eaf2500000) (1024K)]
  0x0000024d89cd87c0 JavaThread "Equinox resolver thread - Equinox Container: 24baad55-81ea-4ab0-8909-b68bd5b7dffa" daemon [_thread_blocked, id=20924, stack(0x000000eaf2d00000,0x000000eaf2e00000) (1024K)]
  0x0000024d8e37d690 JavaThread "Equinox resolver thread - Equinox Container: 24baad55-81ea-4ab0-8909-b68bd5b7dffa" daemon [_thread_blocked, id=21136, stack(0x000000eaf2e00000,0x000000eaf2f00000) (1024K)]
  0x0000024d8e37dcf0 JavaThread "Equinox resolver thread - Equinox Container: 24baad55-81ea-4ab0-8909-b68bd5b7dffa" daemon [_thread_blocked, id=16600, stack(0x000000eaf2f00000,0x000000eaf3000000) (1024K)]
  0x0000024d8e1f4880 JavaThread "Equinox resolver thread - Equinox Container: 24baad55-81ea-4ab0-8909-b68bd5b7dffa" daemon [_thread_blocked, id=21280, stack(0x000000eaf3000000,0x000000eaf3100000) (1024K)]
  0x0000024d8e1f4ee0 JavaThread "Equinox resolver thread - Equinox Container: 24baad55-81ea-4ab0-8909-b68bd5b7dffa" daemon [_thread_blocked, id=21892, stack(0x000000eaf3100000,0x000000eaf3200000) (1024K)]
  0x0000024d89cd5ab0 JavaThread "Equinox resolver thread - Equinox Container: 24baad55-81ea-4ab0-8909-b68bd5b7dffa" daemon [_thread_blocked, id=13756, stack(0x000000eaf3200000,0x000000eaf3300000) (1024K)]
  0x0000024d8e379230 JavaThread "Active Thread: Equinox Container: 24baad55-81ea-4ab0-8909-b68bd5b7dffa"        [_thread_blocked, id=756, stack(0x000000eaf3300000,0x000000eaf3400000) (1024K)]
  0x0000024d8e376ad0 JavaThread "Framework Event Dispatcher: Equinox Container: 24baad55-81ea-4ab0-8909-b68bd5b7dffa" daemon [_thread_blocked, id=22056, stack(0x000000eaf3500000,0x000000eaf3600000) (1024K)]
  0x0000024d8e377e80 JavaThread "Start Level: Equinox Container: 24baad55-81ea-4ab0-8909-b68bd5b7dffa" daemon [_thread_blocked, id=17448, stack(0x000000eaf3600000,0x000000eaf3700000) (1024K)]
  0x0000024d8e377160 JavaThread "Refresh Thread: Equinox Container: 24baad55-81ea-4ab0-8909-b68bd5b7dffa" daemon [_thread_blocked, id=19916, stack(0x000000eaf3700000,0x000000eaf3800000) (1024K)]
  0x0000024d8e378510 JavaThread "Equinox resolver thread - Equinox Container: 24baad55-81ea-4ab0-8909-b68bd5b7dffa" daemon [_thread_blocked, id=22992, stack(0x000000eaf3800000,0x000000eaf3900000) (1024K)]
  0x0000024d8e378ba0 JavaThread "Equinox resolver thread - Equinox Container: 24baad55-81ea-4ab0-8909-b68bd5b7dffa" daemon [_thread_blocked, id=15764, stack(0x000000eaf3900000,0x000000eaf3a00000) (1024K)]
  0x0000024d8e3798c0 JavaThread "Equinox resolver thread - Equinox Container: 24baad55-81ea-4ab0-8909-b68bd5b7dffa" daemon [_thread_blocked, id=5252, stack(0x000000eaf3a00000,0x000000eaf3b00000) (1024K)]
  0x0000024d8e376440 JavaThread "Equinox resolver thread - Equinox Container: 24baad55-81ea-4ab0-8909-b68bd5b7dffa" daemon [_thread_blocked, id=10504, stack(0x000000eaf3b00000,0x000000eaf3c00000) (1024K)]
  0x0000024d8eb39df0 JavaThread "Equinox resolver thread - Equinox Container: 24baad55-81ea-4ab0-8909-b68bd5b7dffa" daemon [_thread_blocked, id=14048, stack(0x000000eaf3c00000,0x000000eaf3d00000) (1024K)]
  0x0000024d8eb390d0 JavaThread "Equinox resolver thread - Equinox Container: 24baad55-81ea-4ab0-8909-b68bd5b7dffa" daemon [_thread_blocked, id=20100, stack(0x000000eaf3d00000,0x000000eaf3e00000) (1024K)]
  0x0000024d8eb3a480 JavaThread "Equinox resolver thread - Equinox Container: 24baad55-81ea-4ab0-8909-b68bd5b7dffa" daemon [_thread_blocked, id=6188, stack(0x000000eaf3e00000,0x000000eaf3f00000) (1024K)]
  0x0000024d8eb3ab10 JavaThread "Equinox resolver thread - Equinox Container: 24baad55-81ea-4ab0-8909-b68bd5b7dffa" daemon [_thread_blocked, id=17060, stack(0x000000eaf3f00000,0x000000eaf4000000) (1024K)]
  0x0000024d8eb3b1a0 JavaThread "Equinox resolver thread - Equinox Container: 24baad55-81ea-4ab0-8909-b68bd5b7dffa" daemon [_thread_blocked, id=23152, stack(0x000000eaf4000000,0x000000eaf4100000) (1024K)]
  0x0000024d8eb3b830 JavaThread "Equinox resolver thread - Equinox Container: 24baad55-81ea-4ab0-8909-b68bd5b7dffa" daemon [_thread_blocked, id=4460, stack(0x000000eaf4100000,0x000000eaf4200000) (1024K)]
  0x0000024d8eb38a40 JavaThread "Bundle File Closer"         daemon [_thread_blocked, id=22796, stack(0x000000eaf4600000,0x000000eaf4700000) (1024K)]
  0x0000024d8eb39760 JavaThread "SCR Component Actor"        daemon [_thread_blocked, id=12836, stack(0x000000eaf4700000,0x000000eaf4800000) (1024K)]
  0x0000024d8eb3cbe0 JavaThread "Worker-JM"                         [_thread_blocked, id=9736, stack(0x000000eaf4a00000,0x000000eaf4b00000) (1024K)]
  0x0000024d8eb3df90 JavaThread "Worker-0"                          [_thread_blocked, id=23540, stack(0x000000eaf4c00000,0x000000eaf4d00000) (1024K)]
  0x0000024d8eb3ecb0 JavaThread "Worker-1"                          [_thread_blocked, id=22000, stack(0x000000eaf4d00000,0x000000eaf4e00000) (1024K)]
  0x0000024d8eb3d270 JavaThread "Java indexing"              daemon [_thread_blocked, id=9776, stack(0x000000eaf4e00000,0x000000eaf4f00000) (1024K)]
  0x0000024d8eb3d900 JavaThread "JNA Cleaner"                daemon [_thread_blocked, id=15708, stack(0x000000eaf4f00000,0x000000eaf5000000) (1024K)]
  0x0000024d8eb3e620 JavaThread "Worker-2"                          [_thread_blocked, id=9240, stack(0x000000eaf5300000,0x000000eaf5400000) (1024K)]
  0x0000024d8eb3bec0 JavaThread "Worker-3: Initialize Workspace"        [_thread_in_native, id=2612, stack(0x000000eaf5400000,0x000000eaf5500000) (1024K)]
  0x0000024d8eb3f340 JavaThread "Thread-2"                   daemon [_thread_in_native, id=11924, stack(0x000000eaf5500000,0x000000eaf5600000) (1024K)]
  0x0000024d8eb3f9d0 JavaThread "Thread-3"                   daemon [_thread_in_native, id=10984, stack(0x000000eaf5600000,0x000000eaf5700000) (1024K)]
  0x0000024d90120090 JavaThread "Thread-4"                   daemon [_thread_in_native, id=22376, stack(0x000000eaf5700000,0x000000eaf5800000) (1024K)]
  0x0000024d90122160 JavaThread "Thread-5"                   daemon [_thread_in_native, id=23352, stack(0x000000eaf5800000,0x000000eaf5900000) (1024K)]
  0x0000024d90123510 JavaThread "Thread-6"                   daemon [_thread_in_native, id=21272, stack(0x000000eaf5900000,0x000000eaf5a00000) (1024K)]
  0x0000024d90123ba0 JavaThread "Thread-7"                   daemon [_thread_in_native, id=4376, stack(0x000000eaf5a00000,0x000000eaf5b00000) (1024K)]
  0x0000024d901227f0 JavaThread "Thread-8"                   daemon [_thread_in_native, id=6412, stack(0x000000eaf5b00000,0x000000eaf5c00000) (1024K)]
  0x0000024d90121ad0 JavaThread "Thread-9"                   daemon [_thread_in_native, id=15424, stack(0x000000eaf5c00000,0x000000eaf5d00000) (1024K)]
  0x0000024d90122e80 JavaThread "Thread-10"                  daemon [_thread_in_native, id=14172, stack(0x000000eaf5d00000,0x000000eaf5e00000) (1024K)]
  0x0000024d90120720 JavaThread "Thread-11"                  daemon [_thread_in_native, id=23336, stack(0x000000eaf5e00000,0x000000eaf5f00000) (1024K)]
  0x0000024d90124230 JavaThread "Thread-12"                  daemon [_thread_in_native, id=18992, stack(0x000000eaf5f00000,0x000000eaf6000000) (1024K)]
  0x0000024d90120db0 JavaThread "Thread-13"                  daemon [_thread_in_native, id=18724, stack(0x000000eaf6000000,0x000000eaf6100000) (1024K)]
  0x0000024d901248c0 JavaThread "Thread-14"                  daemon [_thread_in_native, id=21636, stack(0x000000eaf6100000,0x000000eaf6200000) (1024K)]
  0x0000024d90121440 JavaThread "Thread-15"                  daemon [_thread_in_native, id=12584, stack(0x000000eaf6200000,0x000000eaf6300000) (1024K)]
  0x0000024d90124f50 JavaThread "Thread-16"                  daemon [_thread_in_native, id=21640, stack(0x000000eaf6300000,0x000000eaf6400000) (1024K)]
  0x0000024d90126990 JavaThread "Thread-17"                  daemon [_thread_in_native, id=2348, stack(0x000000eaf6400000,0x000000eaf6500000) (1024K)]
  0x0000024d90127020 JavaThread "Thread-18"                  daemon [_thread_in_native, id=4296, stack(0x000000eaf6500000,0x000000eaf6600000) (1024K)]
  0x0000024d901276b0 JavaThread "pool-2-thread-1"                   [_thread_blocked, id=17076, stack(0x000000eaf6600000,0x000000eaf6700000) (1024K)]
  0x0000024d90126300 JavaThread "WorkspaceEventsHandler"            [_thread_blocked, id=18832, stack(0x000000eaf6900000,0x000000eaf6a00000) (1024K)]
  0x0000024d901255e0 JavaThread "pool-1-thread-1"                   [_thread_blocked, id=6844, stack(0x000000eaf6a00000,0x000000eaf6b00000) (1024K)]
  0x0000024d90125c70 JavaThread "Worker-4"                          [_thread_blocked, id=9056, stack(0x000000eaf6d00000,0x000000eaf6e00000) (1024K)]
  0x0000024d90171130 JavaThread "Worker-5"                          [_thread_blocked, id=18896, stack(0x000000eaf6e00000,0x000000eaf6f00000) (1024K)]
  0x0000024d90173200 JavaThread "Keep-Alive-Timer"           daemon [_thread_blocked, id=9948, stack(0x000000eaf6f00000,0x000000eaf7000000) (1024K)]
=>0x0000024d9048d710 JavaThread "C2 CompilerThread1"         daemon [_thread_in_native, id=21432, stack(0x000000eaf2100000,0x000000eaf2200000) (1024K)]
  0x0000024d905e4360 JavaThread "C1 CompilerThread3"         daemon [_thread_blocked, id=14956, stack(0x000000eaf2300000,0x000000eaf2400000) (1024K)]
Total: 67

Other Threads:
  0x0000024d87f632d0 VMThread "VM Thread"                           [id=22112, stack(0x000000eaf1600000,0x000000eaf1700000) (1024K)]
  0x0000024d2eddca00 WatcherThread "VM Periodic Task Thread"        [id=7680, stack(0x000000eaf1500000,0x000000eaf1600000) (1024K)]
  0x0000024d2ef67e30 WorkerThread "GC Thread#0"                     [id=22820, stack(0x000000eaf1400000,0x000000eaf1500000) (1024K)]
  0x0000024d89a32bd0 WorkerThread "GC Thread#1"                     [id=22516, stack(0x000000eaf2700000,0x000000eaf2800000) (1024K)]
  0x0000024d89a33380 WorkerThread "GC Thread#2"                     [id=5844, stack(0x000000eaf2800000,0x000000eaf2900000) (1024K)]
  0x0000024d89a33720 WorkerThread "GC Thread#3"                     [id=23020, stack(0x000000eaf2900000,0x000000eaf2a00000) (1024K)]
  0x0000024d8e302920 WorkerThread "GC Thread#4"                     [id=1672, stack(0x000000eaf2a00000,0x000000eaf2b00000) (1024K)]
  0x0000024d8e24c650 WorkerThread "GC Thread#5"                     [id=14000, stack(0x000000eaf2b00000,0x000000eaf2c00000) (1024K)]
  0x0000024d8e24cdf0 WorkerThread "GC Thread#6"                     [id=18352, stack(0x000000eaf2c00000,0x000000eaf2d00000) (1024K)]
  0x0000024d899002f0 WorkerThread "GC Thread#7"                     [id=21772, stack(0x000000eaf3400000,0x000000eaf3500000) (1024K)]
  0x0000024d8ed61c30 WorkerThread "GC Thread#8"                     [id=21424, stack(0x000000eaf4300000,0x000000eaf4400000) (1024K)]
  0x0000024d8ed60db0 WorkerThread "GC Thread#9"                     [id=22344, stack(0x000000eaf4400000,0x000000eaf4500000) (1024K)]
  0x0000024d8ed60a10 WorkerThread "GC Thread#10"                    [id=20952, stack(0x000000eaf4500000,0x000000eaf4600000) (1024K)]
  0x0000024d8ed62370 WorkerThread "GC Thread#11"                    [id=7028, stack(0x000000eaf4900000,0x000000eaf4a00000) (1024K)]
  0x0000024d8ead21e0 WorkerThread "GC Thread#12"                    [id=11572, stack(0x000000eaf4b00000,0x000000eaf4c00000) (1024K)]
Total: 15

Threads with active compile tasks:
C2 CompilerThread1  11192 9388   !   4       org.codehaus.plexus.interpolation.StringSearchInterpolator::interpolate (668 bytes)
Total: 1

VM state: not at safepoint (normal execution)

VM Mutex/Monitor currently owned by a thread: None

Heap address: 0x0000000080000000, size: 2048 MB, Compressed Oops mode: 32-bit

CDS archive(s) mapped at: [0x0000024d46000000-0x0000024d46ba0000-0x0000024d46ba0000), size 12189696, SharedBaseAddress: 0x0000024d46000000, ArchiveRelocationMode: 1.
Compressed class space mapped at: 0x0000024d47000000-0x0000024d87000000, reserved size: 1073741824
Narrow klass base: 0x0000024d46000000, Narrow klass shift: 0, Narrow klass range: 0x100000000

GC Precious Log:
 CardTable entry size: 512
 CPUs: 16 total, 16 available
 Memory: 16099M
 Large Page Support: Disabled
 NUMA Support: Disabled
 Compressed Oops: Enabled (32-bit)
 Alignments: Space 512K, Generation 512K, Heap 2M
 Heap Min Capacity: 100M
 Heap Initial Capacity: 100M
 Heap Max Capacity: 2G
 Pre-touch: Disabled
 Parallel Workers: 13

Heap:
 PSYoungGen      total 22528K, used 16545K [0x00000000d5580000, 0x00000000d6f00000, 0x0000000100000000)
  eden space 19968K, 71% used [0x00000000d5580000,0x00000000d6365068,0x00000000d6900000)
  from space 2560K, 90% used [0x00000000d6900000,0x00000000d6b43510,0x00000000d6b80000)
  to   space 3072K, 0% used [0x00000000d6c00000,0x00000000d6c00000,0x00000000d6f00000)
 ParOldGen       total 68608K, used 33319K [0x0000000080000000, 0x0000000084300000, 0x00000000d5580000)
  object space 68608K, 48% used [0x0000000080000000,0x0000000082089fe8,0x0000000084300000)
 Metaspace       used 53938K, committed 55232K, reserved 1114112K
  class space    used 5846K, committed 6400K, reserved 1048576K

Card table byte_map: [0x0000024d2e8f0000,0x0000024d2ed00000] _byte_map_base: 0x0000024d2e4f0000

Marking Bits: (ParMarkBitMap*) 0x00007ffc0112a340
 Begin Bits: [0x0000024d413f0000, 0x0000024d433f0000)
 End Bits:   [0x0000024d433f0000, 0x0000024d453f0000)

Polling page: 0x0000024d2cd40000

Metaspace:

Usage:
  Non-class:     46.96 MB used.
      Class:      5.71 MB used.
       Both:     52.67 MB used.

Virtual space:
  Non-class space:       64.00 MB reserved,      47.69 MB ( 75%) committed,  1 nodes.
      Class space:        1.00 GB reserved,       6.25 MB ( <1%) committed,  1 nodes.
             Both:        1.06 GB reserved,      53.94 MB (  5%) committed. 

Chunk freelists:
   Non-Class:  15.81 MB
       Class:  9.72 MB
        Both:  25.54 MB

MaxMetaspaceSize: unlimited
CompressedClassSpaceSize: 1.00 GB
Initial GC threshold: 21.00 MB
Current GC threshold: 58.38 MB
CDS: on
 - commit_granule_bytes: 65536.
 - commit_granule_words: 8192.
 - virtual_space_node_default_size: 8388608.
 - enlarge_chunks_in_place: 1.
 - use_allocation_guard: 0.


Internal statistics:

num_allocs_failed_limit: 6.
num_arena_births: 856.
num_arena_deaths: 14.
num_vsnodes_births: 2.
num_vsnodes_deaths: 0.
num_space_committed: 863.
num_space_uncommitted: 0.
num_chunks_returned_to_freelist: 20.
num_chunks_taken_from_freelist: 3040.
num_chunk_merges: 8.
num_chunk_splits: 1900.
num_chunks_enlarged: 1133.
num_inconsistent_stats: 0.

CodeHeap 'non-profiled nmethods': size=119168Kb used=5517Kb max_used=5517Kb free=113650Kb
 bounds [0x0000024d39ce0000, 0x0000024d3a250000, 0x0000024d41140000]
CodeHeap 'profiled nmethods': size=119104Kb used=19074Kb max_used=19074Kb free=100029Kb
 bounds [0x0000024d32140000, 0x0000024d333f0000, 0x0000024d39590000]
CodeHeap 'non-nmethods': size=7488Kb used=3093Kb max_used=3195Kb free=4394Kb
 bounds [0x0000024d39590000, 0x0000024d398c0000, 0x0000024d39ce0000]
CodeCache: size=245760Kb, used=27684Kb, max_used=27786Kb, free=218073Kb
 total_blobs=9577, nmethods=8871, adapters=609, full_count=0
Compilation: enabled, stopped_count=0, restarted_count=0

Compilation events (20 events):
Event: 10.094 Thread 0x0000024d88239210 nmethod 9486 0x0000024d333d2210 code [0x0000024d333d2480, 0x0000024d333d2d00]
Event: 10.094 Thread 0x0000024d88239210 9490   !   3       java.lang.invoke.InnerClassLambdaMetafactory::generateInnerClass (506 bytes)
Event: 10.094 Thread 0x0000024d87fa4f60 nmethod 9411 0x0000024d3a23d090 code [0x0000024d3a23d280, 0x0000024d3a23d5d8]
Event: 10.094 Thread 0x0000024d87fa4f60 9474       4       com.google.common.cache.LocalCache$Segment::drainRecencyQueue (45 bytes)
Event: 10.095 Thread 0x0000024d88239210 nmethod 9490 0x0000024d333d3210 code [0x0000024d333d36a0, 0x0000024d333d55b8]
Event: 10.096 Thread 0x0000024d88239210 9492       3       java.lang.invoke.InvokerBytecodeGenerator::resolveFrom (81 bytes)
Event: 10.096 Thread 0x0000024d88239210 nmethod 9492 0x0000024d333d6390 code [0x0000024d333d6560, 0x0000024d333d6830]
Event: 10.098 Thread 0x0000024d87fa4f60 nmethod 9474 0x0000024d3a23dc90 code [0x0000024d3a23de40, 0x0000024d3a23e1b8]
Event: 10.098 Thread 0x0000024d87fa4f60 9416       4       java.util.ArrayList::<init> (65 bytes)
Event: 10.100 Thread 0x0000024d87fa4f60 nmethod 9416 0x0000024d3a23e510 code [0x0000024d3a23e6c0, 0x0000024d3a23e908]
Event: 10.114 Thread 0x0000024d87fa4f60 9493 %     4       org.codehaus.plexus.util.xml.pull.MXParser::parseAttribute @ 719 (1429 bytes)
Event: 10.114 Thread 0x0000024d88049640 9494       3       org.apache.maven.model.io.xpp3.MavenXpp3Reader::checkFieldWithDuplicate (75 bytes)
Event: 10.115 Thread 0x0000024d88049640 nmethod 9494 0x0000024d333d6990 code [0x0000024d333d6c40, 0x0000024d333d7620]
Event: 10.766 Thread 0x0000024d905e4360 9495       3       java.util.stream.Collectors::toSet (26 bytes)
Event: 10.766 Thread 0x0000024d88239210 9496       3       java.util.stream.Collectors$$Lambda/0x800000045::get (8 bytes)
Event: 10.766 Thread 0x0000024d905e4360 nmethod 9495 0x0000024d333d7a90 code [0x0000024d333d7ca0, 0x0000024d333d82f8]
Event: 10.866 Thread 0x0000024d905e4360 9497       3       org.eclipse.jdt.ls.core.internal.handlers.InitHandler$1::belongsTo (75 bytes)
Event: 10.867 Thread 0x0000024d905e4360 nmethod 9497 0x0000024d333d8490 code [0x0000024d333d8700, 0x0000024d333d9128]
Event: 10.883 Thread 0x0000024d905e4360 9498       3       org.eclipse.jdt.ls.core.internal.JobHelpers$InitializeJobMatcher::matches (7 bytes)
Event: 10.883 Thread 0x0000024d905e4360 nmethod 9498 0x0000024d333d9390 code [0x0000024d333d9540, 0x0000024d333d9728]

GC Heap History (20 events):
Event: 3.537 GC heap before
{Heap before GC invocations=22 (full 2):
 PSYoungGen      total 23552K, used 23528K [0x00000000d5580000, 0x00000000d7200000, 0x0000000100000000)
  eden space 22016K, 100% used [0x00000000d5580000,0x00000000d6b00000,0x00000000d6b00000)
  from space 1536K, 98% used [0x00000000d6b80000,0x00000000d6cfa038,0x00000000d6d00000)
  to   space 3584K, 0% used [0x00000000d6e80000,0x00000000d6e80000,0x00000000d7200000)
 ParOldGen       total 68608K, used 21730K [0x0000000080000000, 0x0000000084300000, 0x00000000d5580000)
  object space 68608K, 31% used [0x0000000080000000,0x0000000081538b70,0x0000000084300000)
 Metaspace       used 49537K, committed 50624K, reserved 1114112K
  class space    used 5418K, committed 5888K, reserved 1048576K
}
Event: 3.539 GC heap after
{Heap after GC invocations=22 (full 2):
 PSYoungGen      total 24576K, used 2265K [0x00000000d5580000, 0x00000000d7100000, 0x0000000100000000)
  eden space 22016K, 0% used [0x00000000d5580000,0x00000000d5580000,0x00000000d6b00000)
  from space 2560K, 88% used [0x00000000d6e80000,0x00000000d70b65e0,0x00000000d7100000)
  to   space 2560K, 0% used [0x00000000d6c00000,0x00000000d6c00000,0x00000000d6e80000)
 ParOldGen       total 68608K, used 22894K [0x0000000080000000, 0x0000000084300000, 0x00000000d5580000)
  object space 68608K, 33% used [0x0000000080000000,0x000000008165bbd8,0x0000000084300000)
 Metaspace       used 49537K, committed 50624K, reserved 1114112K
  class space    used 5418K, committed 5888K, reserved 1048576K
}
Event: 6.009 GC heap before
{Heap before GC invocations=23 (full 2):
 PSYoungGen      total 24576K, used 24281K [0x00000000d5580000, 0x00000000d7100000, 0x0000000100000000)
  eden space 22016K, 99% used [0x00000000d5580000,0x00000000d6affff8,0x00000000d6b00000)
  from space 2560K, 88% used [0x00000000d6e80000,0x00000000d70b65e0,0x00000000d7100000)
  to   space 2560K, 0% used [0x00000000d6c00000,0x00000000d6c00000,0x00000000d6e80000)
 ParOldGen       total 68608K, used 22894K [0x0000000080000000, 0x0000000084300000, 0x00000000d5580000)
  object space 68608K, 33% used [0x0000000080000000,0x000000008165bbd8,0x0000000084300000)
 Metaspace       used 49913K, committed 51072K, reserved 1114112K
  class space    used 5446K, committed 5952K, reserved 1048576K
}
Event: 6.010 GC heap after
{Heap after GC invocations=23 (full 2):
 PSYoungGen      total 24064K, used 1675K [0x00000000d5580000, 0x00000000d6f00000, 0x0000000100000000)
  eden space 22016K, 0% used [0x00000000d5580000,0x00000000d5580000,0x00000000d6b00000)
  from space 2048K, 81% used [0x00000000d6c00000,0x00000000d6da2f90,0x00000000d6e00000)
  to   space 1024K, 0% used [0x00000000d6e00000,0x00000000d6e00000,0x00000000d6f00000)
 ParOldGen       total 68608K, used 24902K [0x0000000080000000, 0x0000000084300000, 0x00000000d5580000)
  object space 68608K, 36% used [0x0000000080000000,0x0000000081851bb0,0x0000000084300000)
 Metaspace       used 49913K, committed 51072K, reserved 1114112K
  class space    used 5446K, committed 5952K, reserved 1048576K
}
Event: 6.035 GC heap before
{Heap before GC invocations=24 (full 2):
 PSYoungGen      total 24064K, used 23691K [0x00000000d5580000, 0x00000000d6f00000, 0x0000000100000000)
  eden space 22016K, 100% used [0x00000000d5580000,0x00000000d6b00000,0x00000000d6b00000)
  from space 2048K, 81% used [0x00000000d6c00000,0x00000000d6da2f90,0x00000000d6e00000)
  to   space 1024K, 0% used [0x00000000d6e00000,0x00000000d6e00000,0x00000000d6f00000)
 ParOldGen       total 68608K, used 24902K [0x0000000080000000, 0x0000000084300000, 0x00000000d5580000)
  object space 68608K, 36% used [0x0000000080000000,0x0000000081851bb0,0x0000000084300000)
 Metaspace       used 49952K, committed 51072K, reserved 1114112K
  class space    used 5446K, committed 5952K, reserved 1048576K
}
Event: 6.036 GC heap after
{Heap after GC invocations=24 (full 2):
 PSYoungGen      total 22016K, used 1024K [0x00000000d5580000, 0x00000000d7300000, 0x0000000100000000)
  eden space 20992K, 0% used [0x00000000d5580000,0x00000000d5580000,0x00000000d6a00000)
  from space 1024K, 100% used [0x00000000d6e00000,0x00000000d6f00000,0x00000000d6f00000)
  to   space 4096K, 0% used [0x00000000d6a00000,0x00000000d6a00000,0x00000000d6e00000)
 ParOldGen       total 68608K, used 27398K [0x0000000080000000, 0x0000000084300000, 0x00000000d5580000)
  object space 68608K, 39% used [0x0000000080000000,0x0000000081ac1968,0x0000000084300000)
 Metaspace       used 49952K, committed 51072K, reserved 1114112K
  class space    used 5446K, committed 5952K, reserved 1048576K
}
Event: 6.088 GC heap before
{Heap before GC invocations=25 (full 2):
 PSYoungGen      total 22016K, used 22016K [0x00000000d5580000, 0x00000000d7300000, 0x0000000100000000)
  eden space 20992K, 100% used [0x00000000d5580000,0x00000000d6a00000,0x00000000d6a00000)
  from space 1024K, 100% used [0x00000000d6e00000,0x00000000d6f00000,0x00000000d6f00000)
  to   space 4096K, 0% used [0x00000000d6a00000,0x00000000d6a00000,0x00000000d6e00000)
 ParOldGen       total 68608K, used 27398K [0x0000000080000000, 0x0000000084300000, 0x00000000d5580000)
  object space 68608K, 39% used [0x0000000080000000,0x0000000081ac1968,0x0000000084300000)
 Metaspace       used 50002K, committed 51136K, reserved 1114112K
  class space    used 5452K, committed 5952K, reserved 1048576K
}
Event: 6.088 GC heap after
{Heap after GC invocations=25 (full 2):
 PSYoungGen      total 22528K, used 1104K [0x00000000d5580000, 0x00000000d6e80000, 0x0000000100000000)
  eden space 20992K, 0% used [0x00000000d5580000,0x00000000d5580000,0x00000000d6a00000)
  from space 1536K, 71% used [0x00000000d6a00000,0x00000000d6b14010,0x00000000d6b80000)
  to   space 2048K, 0% used [0x00000000d6c80000,0x00000000d6c80000,0x00000000d6e80000)
 ParOldGen       total 68608K, used 27678K [0x0000000080000000, 0x0000000084300000, 0x00000000d5580000)
  object space 68608K, 40% used [0x0000000080000000,0x0000000081b07968,0x0000000084300000)
 Metaspace       used 50002K, committed 51136K, reserved 1114112K
  class space    used 5452K, committed 5952K, reserved 1048576K
}
Event: 6.142 GC heap before
{Heap before GC invocations=26 (full 2):
 PSYoungGen      total 22528K, used 22096K [0x00000000d5580000, 0x00000000d6e80000, 0x0000000100000000)
  eden space 20992K, 100% used [0x00000000d5580000,0x00000000d6a00000,0x00000000d6a00000)
  from space 1536K, 71% used [0x00000000d6a00000,0x00000000d6b14010,0x00000000d6b80000)
  to   space 2048K, 0% used [0x00000000d6c80000,0x00000000d6c80000,0x00000000d6e80000)
 ParOldGen       total 68608K, used 27678K [0x0000000080000000, 0x0000000084300000, 0x00000000d5580000)
  object space 68608K, 40% used [0x0000000080000000,0x0000000081b07968,0x0000000084300000)
 Metaspace       used 50191K, committed 51328K, reserved 1114112K
  class space    used 5471K, committed 5952K, reserved 1048576K
}
Event: 6.143 GC heap after
{Heap after GC invocations=26 (full 2):
 PSYoungGen      total 21504K, used 492K [0x00000000d5580000, 0x00000000d6d00000, 0x0000000100000000)
  eden space 20992K, 0% used [0x00000000d5580000,0x00000000d5580000,0x00000000d6a00000)
  from space 512K, 96% used [0x00000000d6c80000,0x00000000d6cfb0a8,0x00000000d6d00000)
  to   space 1024K, 0% used [0x00000000d6b00000,0x00000000d6b00000,0x00000000d6c00000)
 ParOldGen       total 68608K, used 28370K [0x0000000080000000, 0x0000000084300000, 0x00000000d5580000)
  object space 68608K, 41% used [0x0000000080000000,0x0000000081bb4888,0x0000000084300000)
 Metaspace       used 50191K, committed 51328K, reserved 1114112K
  class space    used 5471K, committed 5952K, reserved 1048576K
}
Event: 7.425 GC heap before
{Heap before GC invocations=27 (full 2):
 PSYoungGen      total 21504K, used 21484K [0x00000000d5580000, 0x00000000d6d00000, 0x0000000100000000)
  eden space 20992K, 99% used [0x00000000d5580000,0x00000000d69ffff0,0x00000000d6a00000)
  from space 512K, 96% used [0x00000000d6c80000,0x00000000d6cfb0a8,0x00000000d6d00000)
  to   space 1024K, 0% used [0x00000000d6b00000,0x00000000d6b00000,0x00000000d6c00000)
 ParOldGen       total 68608K, used 28370K [0x0000000080000000, 0x0000000084300000, 0x00000000d5580000)
  object space 68608K, 41% used [0x0000000080000000,0x0000000081bb4888,0x0000000084300000)
 Metaspace       used 50884K, committed 52032K, reserved 1114112K
  class space    used 5540K, committed 6016K, reserved 1048576K
}
Event: 7.427 GC heap after
{Heap after GC invocations=27 (full 2):
 PSYoungGen      total 22016K, used 589K [0x00000000d5580000, 0x00000000d6d00000, 0x0000000100000000)
  eden space 20992K, 0% used [0x00000000d5580000,0x00000000d5580000,0x00000000d6a00000)
  from space 1024K, 57% used [0x00000000d6b00000,0x00000000d6b93500,0x00000000d6c00000)
  to   space 1024K, 0% used [0x00000000d6c00000,0x00000000d6c00000,0x00000000d6d00000)
 ParOldGen       total 68608K, used 28614K [0x0000000080000000, 0x0000000084300000, 0x00000000d5580000)
  object space 68608K, 41% used [0x0000000080000000,0x0000000081bf1930,0x0000000084300000)
 Metaspace       used 50884K, committed 52032K, reserved 1114112K
  class space    used 5540K, committed 6016K, reserved 1048576K
}
Event: 7.670 GC heap before
{Heap before GC invocations=28 (full 2):
 PSYoungGen      total 22016K, used 21581K [0x00000000d5580000, 0x00000000d6d00000, 0x0000000100000000)
  eden space 20992K, 100% used [0x00000000d5580000,0x00000000d6a00000,0x00000000d6a00000)
  from space 1024K, 57% used [0x00000000d6b00000,0x00000000d6b93500,0x00000000d6c00000)
  to   space 1024K, 0% used [0x00000000d6c00000,0x00000000d6c00000,0x00000000d6d00000)
 ParOldGen       total 68608K, used 28614K [0x0000000080000000, 0x0000000084300000, 0x00000000d5580000)
  object space 68608K, 41% used [0x0000000080000000,0x0000000081bf1930,0x0000000084300000)
 Metaspace       used 50938K, committed 52032K, reserved 1114112K
  class space    used 5548K, committed 6016K, reserved 1048576K
}
Event: 7.671 GC heap after
{Heap after GC invocations=28 (full 2):
 PSYoungGen      total 21504K, used 443K [0x00000000d5580000, 0x00000000d6c80000, 0x0000000100000000)
  eden space 20992K, 0% used [0x00000000d5580000,0x00000000d5580000,0x00000000d6a00000)
  from space 512K, 86% used [0x00000000d6c00000,0x00000000d6c6ee28,0x00000000d6c80000)
  to   space 512K, 0% used [0x00000000d6b80000,0x00000000d6b80000,0x00000000d6c00000)
 ParOldGen       total 68608K, used 29030K [0x0000000080000000, 0x0000000084300000, 0x00000000d5580000)
  object space 68608K, 42% used [0x0000000080000000,0x0000000081c59ab0,0x0000000084300000)
 Metaspace       used 50938K, committed 52032K, reserved 1114112K
  class space    used 5548K, committed 6016K, reserved 1048576K
}
Event: 7.936 GC heap before
{Heap before GC invocations=29 (full 2):
 PSYoungGen      total 21504K, used 21435K [0x00000000d5580000, 0x00000000d6c80000, 0x0000000100000000)
  eden space 20992K, 100% used [0x00000000d5580000,0x00000000d6a00000,0x00000000d6a00000)
  from space 512K, 86% used [0x00000000d6c00000,0x00000000d6c6ee28,0x00000000d6c80000)
  to   space 512K, 0% used [0x00000000d6b80000,0x00000000d6b80000,0x00000000d6c00000)
 ParOldGen       total 68608K, used 29030K [0x0000000080000000, 0x0000000084300000, 0x00000000d5580000)
  object space 68608K, 42% used [0x0000000080000000,0x0000000081c59ab0,0x0000000084300000)
 Metaspace       used 52592K, committed 53760K, reserved 1114112K
  class space    used 5722K, committed 6208K, reserved 1048576K
}
Event: 7.937 GC heap after
{Heap after GC invocations=29 (full 2):
 PSYoungGen      total 21504K, used 512K [0x00000000d5580000, 0x00000000d6f00000, 0x0000000100000000)
  eden space 20992K, 0% used [0x00000000d5580000,0x00000000d5580000,0x00000000d6a00000)
  from space 512K, 100% used [0x00000000d6b80000,0x00000000d6c00000,0x00000000d6c00000)
  to   space 2560K, 0% used [0x00000000d6c80000,0x00000000d6c80000,0x00000000d6f00000)
 ParOldGen       total 68608K, used 30391K [0x0000000080000000, 0x0000000084300000, 0x00000000d5580000)
  object space 68608K, 44% used [0x0000000080000000,0x0000000081dadf60,0x0000000084300000)
 Metaspace       used 52592K, committed 53760K, reserved 1114112K
  class space    used 5722K, committed 6208K, reserved 1048576K
}
Event: 8.857 GC heap before
{Heap before GC invocations=30 (full 2):
 PSYoungGen      total 21504K, used 21504K [0x00000000d5580000, 0x00000000d6f00000, 0x0000000100000000)
  eden space 20992K, 100% used [0x00000000d5580000,0x00000000d6a00000,0x00000000d6a00000)
  from space 512K, 100% used [0x00000000d6b80000,0x00000000d6c00000,0x00000000d6c00000)
  to   space 2560K, 0% used [0x00000000d6c80000,0x00000000d6c80000,0x00000000d6f00000)
 ParOldGen       total 68608K, used 30391K [0x0000000080000000, 0x0000000084300000, 0x00000000d5580000)
  object space 68608K, 44% used [0x0000000080000000,0x0000000081dadf60,0x0000000084300000)
 Metaspace       used 53193K, committed 54464K, reserved 1114112K
  class space    used 5770K, committed 6336K, reserved 1048576K
}
Event: 8.858 GC heap after
{Heap after GC invocations=30 (full 2):
 PSYoungGen      total 22528K, used 2528K [0x00000000d5580000, 0x00000000d7100000, 0x0000000100000000)
  eden space 19968K, 0% used [0x00000000d5580000,0x00000000d5580000,0x00000000d6900000)
  from space 2560K, 98% used [0x00000000d6c80000,0x00000000d6ef8020,0x00000000d6f00000)
  to   space 3584K, 0% used [0x00000000d6900000,0x00000000d6900000,0x00000000d6c80000)
 ParOldGen       total 68608K, used 30915K [0x0000000080000000, 0x0000000084300000, 0x00000000d5580000)
  object space 68608K, 45% used [0x0000000080000000,0x0000000081e30d58,0x0000000084300000)
 Metaspace       used 53193K, committed 54464K, reserved 1114112K
  class space    used 5770K, committed 6336K, reserved 1048576K
}
Event: 10.021 GC heap before
{Heap before GC invocations=31 (full 2):
 PSYoungGen      total 22528K, used 22496K [0x00000000d5580000, 0x00000000d7100000, 0x0000000100000000)
  eden space 19968K, 100% used [0x00000000d5580000,0x00000000d6900000,0x00000000d6900000)
  from space 2560K, 98% used [0x00000000d6c80000,0x00000000d6ef8020,0x00000000d6f00000)
  to   space 3584K, 0% used [0x00000000d6900000,0x00000000d6900000,0x00000000d6c80000)
 ParOldGen       total 68608K, used 30915K [0x0000000080000000, 0x0000000084300000, 0x00000000d5580000)
  object space 68608K, 45% used [0x0000000080000000,0x0000000081e30d58,0x0000000084300000)
 Metaspace       used 53530K, committed 54784K, reserved 1114112K
  class space    used 5794K, committed 6336K, reserved 1048576K
}
Event: 10.023 GC heap after
{Heap after GC invocations=31 (full 2):
 PSYoungGen      total 22528K, used 2317K [0x00000000d5580000, 0x00000000d6f00000, 0x0000000100000000)
  eden space 19968K, 0% used [0x00000000d5580000,0x00000000d5580000,0x00000000d6900000)
  from space 2560K, 90% used [0x00000000d6900000,0x00000000d6b43510,0x00000000d6b80000)
  to   space 3072K, 0% used [0x00000000d6c00000,0x00000000d6c00000,0x00000000d6f00000)
 ParOldGen       total 68608K, used 33319K [0x0000000080000000, 0x0000000084300000, 0x00000000d5580000)
  object space 68608K, 48% used [0x0000000080000000,0x0000000082089fe8,0x0000000084300000)
 Metaspace       used 53530K, committed 54784K, reserved 1114112K
  class space    used 5794K, committed 6336K, reserved 1048576K
}

Dll operation events (14 events):
Event: 0.007 Loaded shared library c:\Users\IT\.windsurf\extensions\redhat.java-1.44.0-win32-x64\jre\21.0.8-win32-x86_64\bin\java.dll
Event: 0.050 Loaded shared library c:\Users\IT\.windsurf\extensions\redhat.java-1.44.0-win32-x64\jre\21.0.8-win32-x86_64\bin\zip.dll
Event: 0.061 Loaded shared library C:\Users\IT\.windsurf\extensions\redhat.java-1.44.0-win32-x64\jre\21.0.8-win32-x86_64\bin\instrument.dll
Event: 0.063 Loaded shared library C:\Users\IT\.windsurf\extensions\redhat.java-1.44.0-win32-x64\jre\21.0.8-win32-x86_64\bin\net.dll
Event: 0.064 Loaded shared library C:\Users\IT\.windsurf\extensions\redhat.java-1.44.0-win32-x64\jre\21.0.8-win32-x86_64\bin\nio.dll
Event: 0.066 Loaded shared library C:\Users\IT\.windsurf\extensions\redhat.java-1.44.0-win32-x64\jre\21.0.8-win32-x86_64\bin\zip.dll
Event: 0.075 Loaded shared library C:\Users\IT\.windsurf\extensions\redhat.java-1.44.0-win32-x64\jre\21.0.8-win32-x86_64\bin\jimage.dll
Event: 0.111 Loaded shared library c:\Users\IT\.windsurf\extensions\redhat.java-1.44.0-win32-x64\jre\21.0.8-win32-x86_64\bin\verify.dll
Event: 0.732 Loaded shared library C:\Users\IT\AppData\Roaming\Windsurf\User\globalStorage\redhat.java\1.44.0\config_win\org.eclipse.equinox.launcher\org.eclipse.equinox.launcher.win32.win32.x86_64_1.2.1400.v20250730-1736\eclipse_11913.dll
Event: 1.245 Loaded shared library C:\Users\IT\.windsurf\extensions\redhat.java-1.44.0-win32-x64\jre\21.0.8-win32-x86_64\bin\management.dll
Event: 1.247 Loaded shared library C:\Users\IT\.windsurf\extensions\redhat.java-1.44.0-win32-x64\jre\21.0.8-win32-x86_64\bin\management_ext.dll
Event: 1.937 Loaded shared library C:\Users\IT\AppData\Local\Temp\jna-2347\jna11831048646334768950.dll
Event: 2.130 Loaded shared library C:\Users\IT\.windsurf\extensions\redhat.java-1.44.0-win32-x64\jre\21.0.8-win32-x86_64\bin\sunmscapi.dll
Event: 2.214 Loaded shared library C:\Users\IT\.windsurf\extensions\redhat.java-1.44.0-win32-x64\jre\21.0.8-win32-x86_64\bin\extnet.dll

Deoptimization events (20 events):
Event: 10.080 Thread 0x0000024d8eb3bec0 Uncommon trap: trap_request=0xffffffde fr.pc=0x0000024d3a1a3294 relative=0x0000000000000074
Event: 10.080 Thread 0x0000024d8eb3bec0 Uncommon trap: reason=class_check action=maybe_recompile pc=0x0000024d3a1a3294 method=com.google.common.cache.LocalCache$Segment.drainRecencyQueue()V @ 4 c2
Event: 10.080 Thread 0x0000024d8eb3bec0 DEOPT PACKING pc=0x0000024d3a1a3294 sp=0x000000eaf54fe5d0
Event: 10.080 Thread 0x0000024d8eb3bec0 DEOPT UNPACKING pc=0x0000024d395e3aa2 sp=0x000000eaf54fe560 mode 2
Event: 10.085 Thread 0x0000024d8eb3bec0 Uncommon trap: trap_request=0xffffffde fr.pc=0x0000024d3a1a3294 relative=0x0000000000000074
Event: 10.085 Thread 0x0000024d8eb3bec0 Uncommon trap: reason=class_check action=maybe_recompile pc=0x0000024d3a1a3294 method=com.google.common.cache.LocalCache$Segment.drainRecencyQueue()V @ 4 c2
Event: 10.085 Thread 0x0000024d8eb3bec0 DEOPT PACKING pc=0x0000024d3a1a3294 sp=0x000000eaf54fe230
Event: 10.085 Thread 0x0000024d8eb3bec0 DEOPT UNPACKING pc=0x0000024d395e3aa2 sp=0x000000eaf54fe1c0 mode 2
Event: 10.085 Thread 0x0000024d8eb3bec0 Uncommon trap: trap_request=0xffffffde fr.pc=0x0000024d3a1a3294 relative=0x0000000000000074
Event: 10.085 Thread 0x0000024d8eb3bec0 Uncommon trap: reason=class_check action=maybe_recompile pc=0x0000024d3a1a3294 method=com.google.common.cache.LocalCache$Segment.drainRecencyQueue()V @ 4 c2
Event: 10.085 Thread 0x0000024d8eb3bec0 DEOPT PACKING pc=0x0000024d3a1a3294 sp=0x000000eaf54fe1f0
Event: 10.085 Thread 0x0000024d8eb3bec0 DEOPT UNPACKING pc=0x0000024d395e3aa2 sp=0x000000eaf54fe180 mode 2
Event: 10.085 Thread 0x0000024d8eb3bec0 Uncommon trap: trap_request=0xffffffde fr.pc=0x0000024d3a1a3594 relative=0x0000000000000074
Event: 10.085 Thread 0x0000024d8eb3bec0 Uncommon trap: reason=class_check action=maybe_recompile pc=0x0000024d3a1a3594 method=java.util.AbstractQueue.add(Ljava/lang/Object;)Z @ 2 c2
Event: 10.085 Thread 0x0000024d8eb3bec0 DEOPT PACKING pc=0x0000024d3a1a3594 sp=0x000000eaf54fe1f0
Event: 10.085 Thread 0x0000024d8eb3bec0 DEOPT UNPACKING pc=0x0000024d395e3aa2 sp=0x000000eaf54fe178 mode 2
Event: 10.085 Thread 0x0000024d8eb3bec0 Uncommon trap: trap_request=0xffffffde fr.pc=0x0000024d3a1a3294 relative=0x0000000000000074
Event: 10.085 Thread 0x0000024d8eb3bec0 Uncommon trap: reason=class_check action=maybe_recompile pc=0x0000024d3a1a3294 method=com.google.common.cache.LocalCache$Segment.drainRecencyQueue()V @ 4 c2
Event: 10.085 Thread 0x0000024d8eb3bec0 DEOPT PACKING pc=0x0000024d3a1a3294 sp=0x000000eaf54fe2a0
Event: 10.085 Thread 0x0000024d8eb3bec0 DEOPT UNPACKING pc=0x0000024d395e3aa2 sp=0x000000eaf54fe230 mode 2

Classes loaded (20 events):
Event: 7.781 Loading class java/util/AbstractList$ListItr
Event: 7.781 Loading class java/util/AbstractList$ListItr done
Event: 7.788 Loading class java/util/ImmutableCollections$SubList
Event: 7.789 Loading class java/util/ImmutableCollections$SubList done
Event: 7.848 Loading class java/util/stream/DistinctOps
Event: 7.848 Loading class java/util/stream/DistinctOps done
Event: 7.848 Loading class java/util/stream/DistinctOps$1
Event: 7.848 Loading class java/util/stream/DistinctOps$1 done
Event: 7.850 Loading class java/util/stream/DistinctOps$1$2
Event: 7.850 Loading class java/util/stream/DistinctOps$1$2 done
Event: 8.229 Loading class sun/security/ssl/Alert
Event: 8.229 Loading class sun/security/ssl/Alert done
Event: 8.229 Loading class sun/security/ssl/Alert$AlertConsumer
Event: 8.230 Loading class sun/security/ssl/Alert$AlertConsumer done
Event: 8.230 Loading class sun/security/ssl/Alert$Level
Event: 8.230 Loading class sun/security/ssl/Alert$Level done
Event: 9.878 Loading class java/util/WeakHashMap$KeyIterator
Event: 9.878 Loading class java/util/WeakHashMap$KeyIterator done
Event: 9.917 Loading class java/util/Hashtable$KeySet
Event: 9.917 Loading class java/util/Hashtable$KeySet done

Classes unloaded (7 events):
Event: 1.531 Thread 0x0000024d87f632d0 Unloading class 0x0000024d471b1000 'java/lang/invoke/LambdaForm$MH+0x0000024d471b1000'
Event: 1.531 Thread 0x0000024d87f632d0 Unloading class 0x0000024d471b0c00 'java/lang/invoke/LambdaForm$MH+0x0000024d471b0c00'
Event: 1.531 Thread 0x0000024d87f632d0 Unloading class 0x0000024d471b0800 'java/lang/invoke/LambdaForm$MH+0x0000024d471b0800'
Event: 1.531 Thread 0x0000024d87f632d0 Unloading class 0x0000024d471b0400 'java/lang/invoke/LambdaForm$MH+0x0000024d471b0400'
Event: 1.531 Thread 0x0000024d87f632d0 Unloading class 0x0000024d471b0000 'java/lang/invoke/LambdaForm$BMH+0x0000024d471b0000'
Event: 1.531 Thread 0x0000024d87f632d0 Unloading class 0x0000024d471afc00 'java/lang/invoke/LambdaForm$DMH+0x0000024d471afc00'
Event: 1.531 Thread 0x0000024d87f632d0 Unloading class 0x0000024d471ae800 'java/lang/invoke/LambdaForm$DMH+0x0000024d471ae800'

Classes redefined (0 events):
No events

Internal exceptions (20 events):
Event: 7.734 Thread 0x0000024d8eb3bec0 Exception <a 'java/lang/NoSuchMethodError'{0x00000000d5f25468}: 'long java.lang.invoke.DirectMethodHandle$Holder.invokeSpecial(java.lang.Object, java.lang.Object)'> (0x00000000d5f25468) 
thrown [s\src\hotspot\share\interpreter\linkResolver.cpp, line 773]
Event: 7.734 Thread 0x0000024d8eb3bec0 Exception <a 'java/lang/NoSuchMethodError'{0x00000000d5f288a0}: 'long java.lang.invoke.Invokers$Holder.invokeExact_MT(java.lang.Object, java.lang.Object)'> (0x00000000d5f288a0) 
thrown [s\src\hotspot\share\interpreter\linkResolver.cpp, line 773]
Event: 7.753 Thread 0x0000024d8eb3bec0 Exception <a 'java/lang/NoSuchMethodError'{0x00000000d60e6f78}: 'java.lang.Object java.lang.invoke.DirectMethodHandle$Holder.invokeStaticInit(java.lang.Object, int)'> (0x00000000d60e6f78) 
thrown [s\src\hotspot\share\interpreter\linkResolver.cpp, line 773]
Event: 7.755 Thread 0x0000024d8eb3bec0 Exception <a 'sun/nio/fs/WindowsException'{0x00000000d611bfc0}> (0x00000000d611bfc0) 
thrown [s\src\hotspot\share\prims\jni.cpp, line 520]
Event: 7.769 Thread 0x0000024d8eb3bec0 Exception <a 'sun/nio/fs/WindowsException'{0x00000000d6229f88}> (0x00000000d6229f88) 
thrown [s\src\hotspot\share\prims\jni.cpp, line 520]
Event: 7.772 Thread 0x0000024d8eb3bec0 Exception <a 'sun/nio/fs/WindowsException'{0x00000000d625b7c0}> (0x00000000d625b7c0) 
thrown [s\src\hotspot\share\prims\jni.cpp, line 520]
Event: 7.773 Thread 0x0000024d8eb3bec0 Exception <a 'sun/nio/fs/WindowsException'{0x00000000d6263b40}> (0x00000000d6263b40) 
thrown [s\src\hotspot\share\prims\jni.cpp, line 520]
Event: 7.827 Thread 0x0000024d8eb3bec0 Exception <a 'sun/nio/fs/WindowsException'{0x00000000d6531d90}> (0x00000000d6531d90) 
thrown [s\src\hotspot\share\prims\jni.cpp, line 520]
Event: 7.955 Thread 0x0000024d8eb3bec0 Exception <a 'java/lang/NoSuchMethodError'{0x00000000d57b9d40}: 'void java.lang.invoke.DirectMethodHandle$Holder.invokeStatic(java.lang.Object, java.lang.Object, java.lang.Object, int)'> (0x00000000d57b9d40) 
thrown [s\src\hotspot\share\interpreter\linkResolver.cpp, line 773]
Event: 7.960 Thread 0x0000024d8eb3bec0 Exception <a 'java/lang/NoSuchMethodError'{0x00000000d580de60}: 'void java.lang.invoke.DirectMethodHandle$Holder.invokeVirtual(java.lang.Object, java.lang.Object, int)'> (0x00000000d580de60) 
thrown [s\src\hotspot\share\interpreter\linkResolver.cpp, line 773]
Event: 7.960 Thread 0x0000024d8eb3bec0 Implicit null exception at 0x0000024d3a06d020 to 0x0000024d3a06d2c8
Event: 9.881 Thread 0x0000024d8eb3df90 Exception <a 'java/io/FileNotFoundException'{0x00000000d57e65e0}> (0x00000000d57e65e0) 
thrown [s\src\hotspot\share\prims\jni.cpp, line 520]
Event: 9.881 Thread 0x0000024d8eb3df90 Exception <a 'java/io/FileNotFoundException'{0x00000000d57e7840}> (0x00000000d57e7840) 
thrown [s\src\hotspot\share\prims\jni.cpp, line 520]
Event: 9.881 Thread 0x0000024d8eb3df90 Exception <a 'java/io/FileNotFoundException'{0x00000000d57e8590}> (0x00000000d57e8590) 
thrown [s\src\hotspot\share\prims\jni.cpp, line 520]
Event: 10.075 Thread 0x0000024d8eb3bec0 Exception <a 'java/lang/NoSuchMethodError'{0x00000000d5f76bb0}: 'java.lang.Object java.lang.invoke.Invokers$Holder.invoke_MT(java.lang.Object, java.lang.Object, java.lang.Object, java.lang.Object, java.lang.Object, java.lang.Object, java.lang.Object, java.lang.Object, java.lang.Object, java.lang.Object)'> (0x00000000d5f76bb0) 
thrown [s\src\hotspot\share\interpreter\linkResolver.cpp, line 773]
Event: 10.078 Thread 0x0000024d8eb3bec0 Exception <a 'java/lang/NoSuchMethodError'{0x00000000d5fb1f98}: 'java.lang.Object java.lang.invoke.Invokers$Holder.invoke_MT(java.lang.Object, java.lang.Object, java.lang.Object, java.lang.Object, java.lang.Object, java.lang.Object, java.lang.Object, java.lang.Object, java.lang.Object, java.lang.Object, java.lang.Object)'> (0x00000000d5fb1f98) 
thrown [s\src\hotspot\share\interpreter\linkResolver.cpp, line 773]
Event: 10.089 Thread 0x0000024d8eb3bec0 Exception <a 'java/lang/NoSuchMethodError'{0x00000000d60658f8}: 'java.lang.Object java.lang.invoke.DirectMethodHandle$Holder.newInvokeSpecial(java.lang.Object, java.lang.Object, java.lang.Object, java.lang.Object, java.lang.Object, java.lang.Object, java.lang.Object, java.lang.Object)'> (0x00000000d60658f8) 
thrown [s\src\hotspot\share\interpreter\linkResolver.cpp, line 773]
Event: 10.090 Thread 0x0000024d8eb3bec0 Exception <a 'java/lang/NoSuchMethodError'{0x00000000d6077790}: 'java.lang.Object java.lang.invoke.DirectMethodHandle$Holder.invokeStatic(java.lang.Object, java.lang.Object, int, java.lang.Object, java.lang.Object)'> (0x00000000d6077790) 
thrown [s\src\hotspot\share\interpreter\linkResolver.cpp, line 773]
Event: 10.090 Thread 0x0000024d8eb3bec0 Exception <a 'java/lang/NoSuchMethodError'{0x00000000d607de98}: 'java.lang.Object java.lang.invoke.DirectMethodHandle$Holder.newInvokeSpecial(java.lang.Object, java.lang.Object, int)'> (0x00000000d607de98) 
thrown [s\src\hotspot\share\interpreter\linkResolver.cpp, line 773]
Event: 10.096 Thread 0x0000024d8eb3bec0 Exception <a 'java/lang/NoSuchMethodError'{0x00000000d60fde80}: 'void java.lang.invoke.DirectMethodHandle$Holder.invokeStatic(java.lang.Object, int)'> (0x00000000d60fde80) 
thrown [s\src\hotspot\share\interpreter\linkResolver.cpp, line 773]

ZGC Phase Switch (0 events):
No events

VM Operations (20 events):
Event: 7.782 Executing VM operation: HandshakeAllThreads (Deoptimize) done
Event: 7.840 Executing VM operation: ICBufferFull
Event: 7.840 Executing VM operation: ICBufferFull done
Event: 7.849 Executing VM operation: HandshakeAllThreads (Deoptimize)
Event: 7.850 Executing VM operation: HandshakeAllThreads (Deoptimize) done
Event: 7.936 Executing VM operation: ParallelGCFailedAllocation (Allocation Failure)
Event: 7.937 Executing VM operation: ParallelGCFailedAllocation (Allocation Failure) done
Event: 8.857 Executing VM operation: ParallelGCFailedAllocation (Allocation Failure)
Event: 8.858 Executing VM operation: ParallelGCFailedAllocation (Allocation Failure) done
Event: 9.859 Executing VM operation: Cleanup
Event: 9.862 Executing VM operation: Cleanup done
Event: 9.864 Executing VM operation: HandshakeAllThreads (Deoptimize)
Event: 9.865 Executing VM operation: HandshakeAllThreads (Deoptimize) done
Event: 10.021 Executing VM operation: ParallelGCFailedAllocation (Allocation Failure)
Event: 10.023 Executing VM operation: ParallelGCFailedAllocation (Allocation Failure) done
Event: 10.084 Executing VM operation: HandshakeAllThreads (Deoptimize)
Event: 10.084 Executing VM operation: HandshakeAllThreads (Deoptimize) done
Event: 10.105 Executing VM operation: HandshakeAllThreads (Deoptimize)
Event: 10.105 Executing VM operation: HandshakeAllThreads (Deoptimize) done
Event: 11.116 Executing VM operation: Cleanup

Memory protections (0 events):
No events

Nmethod flushes (20 events):
Event: 2.169 Thread 0x0000024d87f632d0 flushing  nmethod 0x0000024d3288a790
Event: 2.169 Thread 0x0000024d87f632d0 flushing  nmethod 0x0000024d328b5810
Event: 2.169 Thread 0x0000024d87f632d0 flushing  nmethod 0x0000024d3293c910
Event: 2.169 Thread 0x0000024d87f632d0 flushing  nmethod 0x0000024d3293cd10
Event: 2.169 Thread 0x0000024d87f632d0 flushing  nmethod 0x0000024d3293d610
Event: 2.169 Thread 0x0000024d87f632d0 flushing  nmethod 0x0000024d3293e810
Event: 2.169 Thread 0x0000024d87f632d0 flushing  nmethod 0x0000024d3293f490
Event: 2.169 Thread 0x0000024d87f632d0 flushing  nmethod 0x0000024d3293fc10
Event: 2.169 Thread 0x0000024d87f632d0 flushing  nmethod 0x0000024d32941190
Event: 2.169 Thread 0x0000024d87f632d0 flushing  nmethod 0x0000024d32941690
Event: 2.169 Thread 0x0000024d87f632d0 flushing  nmethod 0x0000024d32942390
Event: 2.169 Thread 0x0000024d87f632d0 flushing  nmethod 0x0000024d32942810
Event: 2.169 Thread 0x0000024d87f632d0 flushing  nmethod 0x0000024d32943690
Event: 2.169 Thread 0x0000024d87f632d0 flushing  nmethod 0x0000024d32945110
Event: 2.169 Thread 0x0000024d87f632d0 flushing  nmethod 0x0000024d32945a90
Event: 2.169 Thread 0x0000024d87f632d0 flushing  nmethod 0x0000024d32946b90
Event: 2.169 Thread 0x0000024d87f632d0 flushing  nmethod 0x0000024d32947490
Event: 2.169 Thread 0x0000024d87f632d0 flushing  nmethod 0x0000024d32a26310
Event: 2.169 Thread 0x0000024d87f632d0 flushing  nmethod 0x0000024d32a26d10
Event: 2.169 Thread 0x0000024d87f632d0 flushing  nmethod 0x0000024d32a56090

Events (20 events):
Event: 4.449 Thread 0x0000024d8ea070b0 Thread exited: 0x0000024d8ea070b0
Event: 4.450 Thread 0x0000024d8e129c80 Thread exited: 0x0000024d8e129c80
Event: 4.466 Thread 0x0000024d89686620 Thread exited: 0x0000024d89686620
Event: 4.466 Thread 0x0000024d88165d00 Thread exited: 0x0000024d88165d00
Event: 5.998 Thread 0x0000024d88235ac0 Thread added: 0x0000024d8ea070b0
Event: 6.000 Thread 0x0000024d87fa6190 Thread added: 0x0000024d9304e010
Event: 6.014 Thread 0x0000024d88049640 Thread added: 0x0000024d9048d710
Event: 6.015 Thread 0x0000024d88049640 Thread added: 0x0000024d905e4360
Event: 6.021 Thread 0x0000024d88239210 Thread added: 0x0000024d8e129c50
Event: 6.105 Thread 0x0000024d88235ac0 Thread added: 0x0000024d90c7d8e0
Event: 6.489 Thread 0x0000024d8eb383b0 Thread exited: 0x0000024d8eb383b0
Event: 8.038 Thread 0x0000024d90c7d8e0 Thread exited: 0x0000024d90c7d8e0
Event: 8.344 Thread 0x0000024d8e129c50 Thread exited: 0x0000024d8e129c50
Event: 8.344 Thread 0x0000024d905e4360 Thread exited: 0x0000024d905e4360
Event: 8.344 Thread 0x0000024d9048d710 Thread exited: 0x0000024d9048d710
Event: 8.344 Thread 0x0000024d9304e010 Thread exited: 0x0000024d9304e010
Event: 8.370 Thread 0x0000024d8ea070b0 Thread exited: 0x0000024d8ea070b0
Event: 9.862 Thread 0x0000024d88235ac0 Thread exited: 0x0000024d88235ac0
Event: 9.874 Thread 0x0000024d87fa6190 Thread added: 0x0000024d9048d710
Event: 10.012 Thread 0x0000024d88049640 Thread added: 0x0000024d905e4360


Dynamic libraries:
0x00007ff77b530000 - 0x00007ff77b53e000 	c:\Users\IT\.windsurf\extensions\redhat.java-1.44.0-win32-x64\jre\21.0.8-win32-x86_64\bin\java.exe
0x00007ffc6bf40000 - 0x00007ffc6c1a7000 	C:\WINDOWS\SYSTEM32\ntdll.dll
0x00007ffc6b530000 - 0x00007ffc6b5f9000 	C:\WINDOWS\System32\KERNEL32.DLL
0x00007ffc694b0000 - 0x00007ffc698a0000 	C:\WINDOWS\System32\KERNELBASE.dll
0x00007ffc698b0000 - 0x00007ffc699fb000 	C:\WINDOWS\System32\ucrtbase.dll
0x00007ffc59360000 - 0x00007ffc59378000 	c:\Users\IT\.windsurf\extensions\redhat.java-1.44.0-win32-x64\jre\21.0.8-win32-x86_64\bin\jli.dll
0x00007ffc59340000 - 0x00007ffc5935e000 	c:\Users\IT\.windsurf\extensions\redhat.java-1.44.0-win32-x64\jre\21.0.8-win32-x86_64\bin\VCRUNTIME140.dll
0x00007ffc6b220000 - 0x00007ffc6b3e5000 	C:\WINDOWS\System32\USER32.dll
0x00007ffc55a70000 - 0x00007ffc55d0a000 	C:\WINDOWS\WinSxS\amd64_microsoft.windows.common-controls_6595b64144ccf1df_6.0.26100.4768_none_3e0c112ce331287c\COMCTL32.dll
0x00007ffc69480000 - 0x00007ffc694a7000 	C:\WINDOWS\System32\win32u.dll
0x00007ffc69ec0000 - 0x00007ffc69f69000 	C:\WINDOWS\System32\msvcrt.dll
0x00007ffc6a4c0000 - 0x00007ffc6a4eb000 	C:\WINDOWS\System32\GDI32.dll
0x00007ffc69340000 - 0x00007ffc69478000 	C:\WINDOWS\System32\gdi32full.dll
0x00007ffc69b80000 - 0x00007ffc69c23000 	C:\WINDOWS\System32\msvcp_win.dll
0x00007ffc6a480000 - 0x00007ffc6a4af000 	C:\WINDOWS\System32\IMM32.DLL
0x00007ffc5b370000 - 0x00007ffc5b37c000 	c:\Users\IT\.windsurf\extensions\redhat.java-1.44.0-win32-x64\jre\21.0.8-win32-x86_64\bin\vcruntime140_1.dll
0x00007ffc1f450000 - 0x00007ffc1f4dd000 	c:\Users\IT\.windsurf\extensions\redhat.java-1.44.0-win32-x64\jre\21.0.8-win32-x86_64\bin\msvcp140.dll
0x00007ffc00470000 - 0x00007ffc01207000 	c:\Users\IT\.windsurf\extensions\redhat.java-1.44.0-win32-x64\jre\21.0.8-win32-x86_64\bin\server\jvm.dll
0x00007ffc6a7d0000 - 0x00007ffc6a884000 	C:\WINDOWS\System32\ADVAPI32.dll
0x00007ffc6b3f0000 - 0x00007ffc6b496000 	C:\WINDOWS\System32\sechost.dll
0x00007ffc6a350000 - 0x00007ffc6a468000 	C:\WINDOWS\System32\RPCRT4.dll
0x00007ffc6ab10000 - 0x00007ffc6ab84000 	C:\WINDOWS\System32\WS2_32.dll
0x00007ffc68ed0000 - 0x00007ffc68f2e000 	C:\WINDOWS\SYSTEM32\POWRPROF.dll
0x00007ffc55a30000 - 0x00007ffc55a65000 	C:\WINDOWS\SYSTEM32\WINMM.dll
0x00007ffc62ee0000 - 0x00007ffc62eeb000 	C:\WINDOWS\SYSTEM32\VERSION.dll
0x00007ffc68eb0000 - 0x00007ffc68ec4000 	C:\WINDOWS\SYSTEM32\UMPDC.dll
0x00007ffc67df0000 - 0x00007ffc67e0b000 	C:\WINDOWS\SYSTEM32\kernel.appcore.dll
0x00007ffc51950000 - 0x00007ffc5195a000 	c:\Users\IT\.windsurf\extensions\redhat.java-1.44.0-win32-x64\jre\21.0.8-win32-x86_64\bin\jimage.dll
0x00007ffc56f90000 - 0x00007ffc571d1000 	C:\WINDOWS\SYSTEM32\DBGHELP.DLL
0x00007ffc69fc0000 - 0x00007ffc6a345000 	C:\WINDOWS\System32\combase.dll
0x00007ffc6a6e0000 - 0x00007ffc6a7c0000 	C:\WINDOWS\System32\OLEAUT32.dll
0x00007ffc3d170000 - 0x00007ffc3d1b3000 	C:\WINDOWS\SYSTEM32\dbgcore.DLL
0x00007ffc69c30000 - 0x00007ffc69cc9000 	C:\WINDOWS\System32\bcryptPrimitives.dll
0x00007ffc534e0000 - 0x00007ffc534ef000 	c:\Users\IT\.windsurf\extensions\redhat.java-1.44.0-win32-x64\jre\21.0.8-win32-x86_64\bin\instrument.dll
0x00007ffc40e60000 - 0x00007ffc40e7f000 	c:\Users\IT\.windsurf\extensions\redhat.java-1.44.0-win32-x64\jre\21.0.8-win32-x86_64\bin\java.dll
0x00007ffc6b730000 - 0x00007ffc6be7d000 	C:\WINDOWS\System32\SHELL32.dll
0x00007ffc69070000 - 0x00007ffc691e3000 	C:\WINDOWS\System32\wintypes.dll
0x00007ffc66c90000 - 0x00007ffc674f0000 	C:\WINDOWS\SYSTEM32\windows.storage.dll
0x00007ffc6a890000 - 0x00007ffc6a985000 	C:\WINDOWS\System32\SHCORE.dll
0x00007ffc6be90000 - 0x00007ffc6befa000 	C:\WINDOWS\System32\shlwapi.dll
0x00007ffc68f60000 - 0x00007ffc68f89000 	C:\WINDOWS\SYSTEM32\profapi.dll
0x00007ffc4bfd0000 - 0x00007ffc4bfe8000 	c:\Users\IT\.windsurf\extensions\redhat.java-1.44.0-win32-x64\jre\21.0.8-win32-x86_64\bin\zip.dll
0x00007ffc534d0000 - 0x00007ffc534e0000 	C:\Users\IT\.windsurf\extensions\redhat.java-1.44.0-win32-x64\jre\21.0.8-win32-x86_64\bin\net.dll
0x00007ffc620a0000 - 0x00007ffc621be000 	C:\WINDOWS\SYSTEM32\WINHTTP.dll
0x00007ffc68380000 - 0x00007ffc683eb000 	C:\WINDOWS\system32\mswsock.dll
0x00007ffc3e490000 - 0x00007ffc3e4a6000 	C:\Users\IT\.windsurf\extensions\redhat.java-1.44.0-win32-x64\jre\21.0.8-win32-x86_64\bin\nio.dll
0x00007ffc514a0000 - 0x00007ffc514b0000 	c:\Users\IT\.windsurf\extensions\redhat.java-1.44.0-win32-x64\jre\21.0.8-win32-x86_64\bin\verify.dll
0x00007ffc07380000 - 0x00007ffc073c5000 	C:\Users\IT\AppData\Roaming\Windsurf\User\globalStorage\redhat.java\1.44.0\config_win\org.eclipse.equinox.launcher\org.eclipse.equinox.launcher.win32.win32.x86_64_1.2.1400.v20250730-1736\eclipse_11913.dll
0x00007ffc6a520000 - 0x00007ffc6a6c0000 	C:\WINDOWS\System32\ole32.dll
0x00007ffc59330000 - 0x00007ffc5933a000 	C:\Users\IT\.windsurf\extensions\redhat.java-1.44.0-win32-x64\jre\21.0.8-win32-x86_64\bin\management.dll
0x00007ffc59320000 - 0x00007ffc5932b000 	C:\Users\IT\.windsurf\extensions\redhat.java-1.44.0-win32-x64\jre\21.0.8-win32-x86_64\bin\management_ext.dll
0x00007ffc6ad80000 - 0x00007ffc6ad88000 	C:\WINDOWS\System32\PSAPI.DLL
0x00007ffc68640000 - 0x00007ffc6865b000 	C:\WINDOWS\SYSTEM32\CRYPTSP.dll
0x00007ffc67d50000 - 0x00007ffc67d8b000 	C:\WINDOWS\system32\rsaenh.dll
0x00007ffc68420000 - 0x00007ffc6844b000 	C:\WINDOWS\SYSTEM32\USERENV.dll
0x00007ffc68f90000 - 0x00007ffc68fb6000 	C:\WINDOWS\SYSTEM32\bcrypt.dll
0x00007ffc68660000 - 0x00007ffc6866c000 	C:\WINDOWS\SYSTEM32\CRYPTBASE.dll
0x00007ffc67800000 - 0x00007ffc67833000 	C:\WINDOWS\SYSTEM32\IPHLPAPI.DLL
0x00007ffc6a470000 - 0x00007ffc6a47a000 	C:\WINDOWS\System32\NSI.dll
0x00007ffc01d00000 - 0x00007ffc01d49000 	C:\Users\IT\AppData\Local\Temp\jna-2347\jna11831048646334768950.dll
0x00007ffc625a0000 - 0x00007ffc625bf000 	C:\WINDOWS\SYSTEM32\dhcpcsvc6.DLL
0x00007ffc61f30000 - 0x00007ffc61f55000 	C:\WINDOWS\SYSTEM32\dhcpcsvc.DLL
0x00007ffc59310000 - 0x00007ffc5931e000 	C:\Users\IT\.windsurf\extensions\redhat.java-1.44.0-win32-x64\jre\21.0.8-win32-x86_64\bin\sunmscapi.dll
0x00007ffc69a00000 - 0x00007ffc69b77000 	C:\WINDOWS\System32\CRYPT32.dll
0x00007ffc68860000 - 0x00007ffc68890000 	C:\WINDOWS\SYSTEM32\ncrypt.dll
0x00007ffc68810000 - 0x00007ffc6884f000 	C:\WINDOWS\SYSTEM32\NTASN1.dll
0x00007ffc67840000 - 0x00007ffc67966000 	C:\WINDOWS\SYSTEM32\DNSAPI.dll
0x00007ffc62590000 - 0x00007ffc6259b000 	C:\Windows\System32\rasadhlp.dll
0x00007ffc60a30000 - 0x00007ffc60ab6000 	C:\WINDOWS\System32\fwpuclnt.dll
0x00007ffc59300000 - 0x00007ffc59309000 	C:\Users\IT\.windsurf\extensions\redhat.java-1.44.0-win32-x64\jre\21.0.8-win32-x86_64\bin\extnet.dll

JVMTI agents:
c:\Users\IT\.windsurf\extensions\redhat.java-1.44.0-win32-x64\lombok\lombok-1.18.39-4050.jar path:c:\Users\IT\.windsurf\extensions\redhat.java-1.44.0-win32-x64\jre\21.0.8-win32-x86_64\bin\instrument.dll, loaded, initialized, instrumentlib options:none

dbghelp: loaded successfully - version: 4.0.5 - missing functions: none
symbol engine: initialized successfully - sym options: 0x614 - pdb path: .;c:\Users\IT\.windsurf\extensions\redhat.java-1.44.0-win32-x64\jre\21.0.8-win32-x86_64\bin;C:\WINDOWS\SYSTEM32;C:\WINDOWS\WinSxS\amd64_microsoft.windows.common-controls_6595b64144ccf1df_6.0.26100.4768_none_3e0c112ce331287c;c:\Users\IT\.windsurf\extensions\redhat.java-1.44.0-win32-x64\jre\21.0.8-win32-x86_64\bin\server;C:\Users\IT\AppData\Roaming\Windsurf\User\globalStorage\redhat.java\1.44.0\config_win\org.eclipse.equinox.launcher\org.eclipse.equinox.launcher.win32.win32.x86_64_1.2.1400.v20250730-1736;C:\Users\IT\AppData\Local\Temp\jna-2347

VM Arguments:
jvm_args: --add-modules=ALL-SYSTEM --add-opens=java.base/java.util=ALL-UNNAMED --add-opens=java.base/java.lang=ALL-UNNAMED --add-opens=java.base/sun.nio.fs=ALL-UNNAMED -Declipse.application=org.eclipse.jdt.ls.core.id1 -Dosgi.bundles.defaultStartLevel=4 -Declipse.product=org.eclipse.jdt.ls.core.product -Djava.import.generatesMetadataFilesAtProjectRoot=false -DDetectVMInstallationsJob.disabled=true -Dfile.encoding=utf8 -XX:+UseParallelGC -XX:GCTimeRatio=4 -XX:AdaptiveSizePolicyWeight=90 -Dsun.zip.disableMemoryMapping=true -Xmx2G -Xms100m -Xlog:disable -javaagent:c:\Users\IT\.windsurf\extensions\redhat.java-1.44.0-win32-x64\lombok\lombok-1.18.39-4050.jar -XX:+HeapDumpOnOutOfMemoryError -XX:HeapDumpPath=c:\Users\IT\AppData\Roaming\Windsurf\User\workspaceStorage\9304a57263ee466e7959e3898a525b22\redhat.java -Daether.dependencyCollector.impl=bf 
java_command: c:\Users\IT\.windsurf\extensions\redhat.java-1.44.0-win32-x64\server\plugins\org.eclipse.equinox.launcher_1.7.0.v20250519-0528.jar -configuration c:\Users\IT\AppData\Roaming\Windsurf\User\globalStorage\redhat.java\1.44.0\config_win -data c:\Users\IT\AppData\Roaming\Windsurf\User\workspaceStorage\9304a57263ee466e7959e3898a525b22\redhat.java\jdt_ws --pipe=\\.\pipe\lsp-abe8863ba4a03323133dec32a18c47c3-sock
java_class_path (initial): c:\Users\IT\.windsurf\extensions\redhat.java-1.44.0-win32-x64\server\plugins\org.eclipse.equinox.launcher_1.7.0.v20250519-0528.jar
Launcher Type: SUN_STANDARD

[Global flags]
    uintx AdaptiveSizePolicyWeight                 = 90                                        {product} {command line}
     intx CICompilerCount                          = 12                                        {product} {ergonomic}
    uintx GCTimeRatio                              = 4                                         {product} {command line}
     bool HeapDumpOnOutOfMemoryError               = true                                   {manageable} {command line}
    ccstr HeapDumpPath                             = c:\Users\IT\AppData\Roaming\Windsurf\User\workspaceStorage\9304a57263ee466e7959e3898a525b22\redhat.java         {manageable} {command line}
   size_t InitialHeapSize                          = 104857600                                 {product} {command line}
   size_t MaxHeapSize                              = 2147483648                                {product} {command line}
   size_t MaxNewSize                               = 715653120                                 {product} {ergonomic}
   size_t MinHeapDeltaBytes                        = 524288                                    {product} {ergonomic}
   size_t MinHeapSize                              = 104857600                                 {product} {command line}
   size_t NewSize                                  = 34603008                                  {product} {ergonomic}
    uintx NonNMethodCodeHeapSize                   = 7602480                                {pd product} {ergonomic}
    uintx NonProfiledCodeHeapSize                  = 122027880                              {pd product} {ergonomic}
   size_t OldSize                                  = 70254592                                  {product} {ergonomic}
    uintx ProfiledCodeHeapSize                     = 122027880                              {pd product} {ergonomic}
    uintx ReservedCodeCacheSize                    = 251658240                              {pd product} {ergonomic}
     bool SegmentedCodeCache                       = true                                      {product} {ergonomic}
   size_t SoftMaxHeapSize                          = 2147483648                             {manageable} {ergonomic}
     bool UseCompressedOops                        = true                           {product lp64_product} {ergonomic}
     bool UseLargePagesIndividualAllocation        = false                                  {pd product} {ergonomic}
     bool UseParallelGC                            = true                                      {product} {command line}

Logging:
Log output configuration:
 #0: stdout all=off uptime,level,tags foldmultilines=false
 #1: stderr all=off uptime,level,tags foldmultilines=false

Environment Variables:
JAVA_HOME=C:\Program Files\Java\jdk-17
PATH=C:\Program Files\Common Files\Oracle\Java\javapath;C:\WINDOWS\system32;C:\WINDOWS;C:\WINDOWS\System32\Wbem;C:\WINDOWS\System32\WindowsPowerShell\v1.0\;C:\WINDOWS\System32\OpenSSH\;C:\wamp64\bin\php\php8.2.26;C:\ProgramData\ComposerSetup\bin;C:\Program Files\Microsoft SQL Server\150\Tools\Binn\;C:\Program Files\Microsoft SQL Server\Client SDK\ODBC\170\Tools\Binn\;C:\Program Files\dotnet\;C:\Program Files\Git\cmd;C:\Program Files\Microsoft SQL Server\Client SDK\ODBC\130\Tools\Binn\;C:\Program Files (x86)\Microsoft SQL Server\140\Tools\Binn\;C:\Program Files (x86)\Microsoft SQL Server\Client SDK\ODBC\130\Tools\Binn\;C:\Program Files (x86)\Microsoft SQL Server\140\DTS\Binn\;C:\Program Files (x86)\Microsoft SQL Server\140\Tools\Binn\ManagementStudio\;C:\Program Files\Microsoft SQL Server\140\Tools\Binn\;C:\Program Files\Microsoft SQL Server\140\DTS\Binn\;C:\Program Files\nodejs\;C:\Program Files\Java\jdk-17;C:\Program Files\PostgreSQL\17\bin;C:\Program Files\Cloudflare\Cloudflare WARP\;C:\Users\IT\AppData\Local\Microsoft\WindowsApps;C:\Users\IT\AppData\Local\Programs\Microsoft VS Code\bin;C:\Users\IT\AppData\Local\GitHubDesktop\bin;C:\Users\IT\AppData\Roaming\Composer\vendor\bin;C:\Users\IT\.dotnet\tools;C:\Users\IT\AppData\Roaming\npm;C:\Users\IT\AppData\Local\Programs\Windsurf\bin
USERNAME=IT
OS=Windows_NT
PROCESSOR_IDENTIFIER=Intel64 Family 6 Model 165 Stepping 5, GenuineIntel
TMP=C:\Users\IT\AppData\Local\Temp
TEMP=C:\Users\IT\AppData\Local\Temp




Periodic native trim disabled

---------------  S Y S T E M  ---------------

OS:
 Windows 11 , 64 bit Build 26100 (10.0.26100.4768)
OS uptime: 0 days 6:25 hours

CPU: total 16 (initial active 16) (8 cores per cpu, 2 threads per core) family 6 model 165 stepping 5 microcode 0x100, cx8, cmov, fxsr, ht, mmx, 3dnowpref, sse, sse2, sse3, ssse3, sse4.1, sse4.2, popcnt, lzcnt, tsc, tscinvbit, avx, avx2, aes, erms, clmul, bmi1, bmi2, adx, fma, vzeroupper, clflush, clflushopt, rdtscp, f16c, pku
Processor Information for processor 0
  Max Mhz: 2901, Current Mhz: 2901, Mhz Limit: 2901
Processor Information for processor 1
  Max Mhz: 2901, Current Mhz: 800, Mhz Limit: 2901
Processor Information for processor 2
  Max Mhz: 2901, Current Mhz: 2901, Mhz Limit: 2901
Processor Information for processor 3
  Max Mhz: 2901, Current Mhz: 2901, Mhz Limit: 2901
Processor Information for processor 4
  Max Mhz: 2901, Current Mhz: 2901, Mhz Limit: 2901
Processor Information for processor 5
  Max Mhz: 2901, Current Mhz: 800, Mhz Limit: 2901
Processor Information for processor 6
  Max Mhz: 2901, Current Mhz: 2901, Mhz Limit: 2901
Processor Information for processor 7
  Max Mhz: 2901, Current Mhz: 800, Mhz Limit: 2901
Processor Information for processor 8
  Max Mhz: 2901, Current Mhz: 2901, Mhz Limit: 2901
Processor Information for processor 9
  Max Mhz: 2901, Current Mhz: 800, Mhz Limit: 2901
Processor Information for processor 10
  Max Mhz: 2901, Current Mhz: 2901, Mhz Limit: 2901
Processor Information for processor 11
  Max Mhz: 2901, Current Mhz: 800, Mhz Limit: 2901
Processor Information for processor 12
  Max Mhz: 2901, Current Mhz: 2901, Mhz Limit: 2901
Processor Information for processor 13
  Max Mhz: 2901, Current Mhz: 800, Mhz Limit: 2901
Processor Information for processor 14
  Max Mhz: 2901, Current Mhz: 2901, Mhz Limit: 2901
Processor Information for processor 15
  Max Mhz: 2901, Current Mhz: 2901, Mhz Limit: 2901

Memory: 4k page, system-wide physical 16099M (4360M free)
TotalPageFile size 36236M (AvailPageFile size 51M)
current process WorkingSet (physical memory assigned to process): 240M, peak: 288M
current process commit charge ("private bytes"): 375M, peak: 416M

vm_info: OpenJDK 64-Bit Server VM (21.0.8+9-LTS) for windows-amd64 JRE (21.0.8+9-LTS), built on 2025-07-15T00:00:00Z by "admin" with MS VC++ 17.7 (VS2022)

END.
