#
# There is insufficient memory for the Java Runtime Environment to continue.
# Native memory allocation (malloc) failed to allocate 38800 bytes. Error detail: Chunk::new
# Possible reasons:
#   The system is out of physical RAM or swap space
#   This process is running with CompressedOops enabled, and the Java Heap may be blocking the growth of the native heap
# Possible solutions:
#   Reduce memory load on the system
#   Increase physical memory or swap space
#   Check if swap backing store is full
#   Decrease Java heap size (-Xmx/-Xms)
#   Decrease number of Java threads
#   Decrease Java thread stack sizes (-Xss)
#   Set larger code cache with -XX:ReservedCodeCacheSize=
#   JVM is running with Unscaled Compressed Oops mode in which the Java heap is
#     placed in the first 4GB address space. The Java Heap base address is the
#     maximum limit for the native heap growth. Please use -XX:HeapBaseMinAddress
#     to set the Java Heap base and to place the Java Heap above 4GB virtual address.
# This output file may be truncated or incomplete.
#
#  Out of Memory Error (arena.cpp:168), pid=25304, tid=15920
#
# JRE version: OpenJDK Runtime Environment Temurin-21.0.8+9 (21.0.8+9) (build 21.0.8+9-LTS)
# Java VM: OpenJDK 64-Bit Server VM Temurin-21.0.8+9 (21.0.8+9-LTS, mixed mode, sharing, tiered, compressed oops, compressed class ptrs, parallel gc, windows-amd64)
# No core dump will be written. Minidumps are not enabled by default on client versions of Windows
#

---------------  S U M M A R Y ------------

Command Line: --add-modules=ALL-SYSTEM --add-opens=java.base/java.util=ALL-UNNAMED --add-opens=java.base/java.lang=ALL-UNNAMED --add-opens=java.base/sun.nio.fs=ALL-UNNAMED -Declipse.application=org.eclipse.jdt.ls.core.id1 -Dosgi.bundles.defaultStartLevel=4 -Declipse.product=org.eclipse.jdt.ls.core.product -Djava.import.generatesMetadataFilesAtProjectRoot=false -DDetectVMInstallationsJob.disabled=true -Dfile.encoding=utf8 -XX:+UseParallelGC -XX:GCTimeRatio=4 -XX:AdaptiveSizePolicyWeight=90 -Dsun.zip.disableMemoryMapping=true -Xmx2G -Xms100m -Xlog:disable -javaagent:c:\Users\IT\.vscode\extensions\redhat.java-1.44.0-win32-x64\lombok\lombok-1.18.39-4050.jar -XX:+HeapDumpOnOutOfMemoryError -XX:HeapDumpPath=c:\Users\IT\AppData\Roaming\Code\User\workspaceStorage\9304a57263ee466e7959e3898a525b22\redhat.java -Daether.dependencyCollector.impl=bf c:\Users\IT\.vscode\extensions\redhat.java-1.44.0-win32-x64\server\plugins\org.eclipse.equinox.launcher_1.7.0.v20250519-0528.jar -configuration c:\Users\IT\AppData\Roaming\Code\User\globalStorage\redhat.java\1.44.0\config_win -data c:\Users\IT\AppData\Roaming\Code\User\workspaceStorage\9304a57263ee466e7959e3898a525b22\redhat.java\jdt_ws --pipe=\\.\pipe\lsp-e31210cd4ca3861439c767f47b81c192-sock

Host: Intel(R) Core(TM) i7-10700 CPU @ 2.90GHz, 16 cores, 15G,  Windows 11 , 64 bit Build 26100 (10.0.26100.4768)
Time: Sun Aug 24 14:42:02 2025 Afghanistan Standard Time elapsed time: 2.808805 seconds (0d 0h 0m 2s)

---------------  T H R E A D  ---------------

Current thread (0x0000024e750e4380):  JavaThread "C2 CompilerThread2" daemon [_thread_in_native, id=15920, stack(0x0000005edfe00000,0x0000005edff00000) (1024K)]


Current CompileTask:
C2:2809 2123       4       java.util.zip.ZipFile$ZipEntryIterator::nextElement (5 bytes)

Stack: [0x0000005edfe00000,0x0000005edff00000]
Native frames: (J=compiled Java code, j=interpreted, Vv=VM code, C=native code)
V  [jvm.dll+0x6d2449]
V  [jvm.dll+0x8ae341]
V  [jvm.dll+0x8b08be]
V  [jvm.dll+0x8b0fa3]
V  [jvm.dll+0x280c96]
V  [jvm.dll+0xc581d]
V  [jvm.dll+0xc5d53]
V  [jvm.dll+0x13fc9f]
V  [jvm.dll+0x65b942]
V  [jvm.dll+0x65fc49]
V  [jvm.dll+0x248d55]
V  [jvm.dll+0x2484af]
V  [jvm.dll+0x1c89ee]
V  [jvm.dll+0x257d4d]
V  [jvm.dll+0x2562ea]
V  [jvm.dll+0x3f2d16]
V  [jvm.dll+0x857e6b]
V  [jvm.dll+0x6d0b0d]
C  [ucrtbase.dll+0x37b0]
C  [KERNEL32.DLL+0x2e8d7]
C  [ntdll.dll+0x3c34c]


---------------  P R O C E S S  ---------------

Threads class SMR info:
_java_thread_list=0x0000024e75d28b50, length=19, elements={
0x0000024e1655d9f0, 0x0000024e1650ce30, 0x0000024e6f5c6450, 0x0000024e6f5ca000,
0x0000024e6f5cd010, 0x0000024e6f5d2d60, 0x0000024e6f5d51d0, 0x0000024e6f5e8ee0,
0x0000024e6f617200, 0x0000024e165c9880, 0x0000024e6f759800, 0x0000024e6f761900,
0x0000024e7504d650, 0x0000024e750e4380, 0x0000024e756f9670, 0x0000024e75755ee0,
0x0000024e75ce7e90, 0x0000024e75cc7fe0, 0x0000024e75b2f440
}

Java Threads: ( => current thread )
  0x0000024e1655d9f0 JavaThread "main"                              [_thread_blocked, id=22756, stack(0x0000005edec00000,0x0000005eded00000) (1024K)]
  0x0000024e1650ce30 JavaThread "Reference Handler"          daemon [_thread_blocked, id=23252, stack(0x0000005edf000000,0x0000005edf100000) (1024K)]
  0x0000024e6f5c6450 JavaThread "Finalizer"                  daemon [_thread_blocked, id=9752, stack(0x0000005edf100000,0x0000005edf200000) (1024K)]
  0x0000024e6f5ca000 JavaThread "Signal Dispatcher"          daemon [_thread_blocked, id=17520, stack(0x0000005edf200000,0x0000005edf300000) (1024K)]
  0x0000024e6f5cd010 JavaThread "Attach Listener"            daemon [_thread_blocked, id=16040, stack(0x0000005edf300000,0x0000005edf400000) (1024K)]
  0x0000024e6f5d2d60 JavaThread "Service Thread"             daemon [_thread_blocked, id=24348, stack(0x0000005edf400000,0x0000005edf500000) (1024K)]
  0x0000024e6f5d51d0 JavaThread "Monitor Deflation Thread"   daemon [_thread_blocked, id=24072, stack(0x0000005edf500000,0x0000005edf600000) (1024K)]
  0x0000024e6f5e8ee0 JavaThread "C2 CompilerThread0"         daemon [_thread_in_native, id=8588, stack(0x0000005edf600000,0x0000005edf700000) (1024K)]
  0x0000024e6f617200 JavaThread "C1 CompilerThread0"         daemon [_thread_blocked, id=2580, stack(0x0000005edf700000,0x0000005edf800000) (1024K)]
  0x0000024e165c9880 JavaThread "Common-Cleaner"             daemon [_thread_blocked, id=24296, stack(0x0000005edf800000,0x0000005edf900000) (1024K)]
  0x0000024e6f759800 JavaThread "C1 CompilerThread1"         daemon [_thread_blocked, id=24632, stack(0x0000005edf900000,0x0000005edfa00000) (1024K)]
  0x0000024e6f761900 JavaThread "C2 CompilerThread1"         daemon [_thread_in_native, id=23880, stack(0x0000005edfb00000,0x0000005edfc00000) (1024K)]
  0x0000024e7504d650 JavaThread "Notification Thread"        daemon [_thread_blocked, id=6276, stack(0x0000005edfd00000,0x0000005edfe00000) (1024K)]
=>0x0000024e750e4380 JavaThread "C2 CompilerThread2"         daemon [_thread_in_native, id=15920, stack(0x0000005edfe00000,0x0000005edff00000) (1024K)]
  0x0000024e756f9670 JavaThread "C2 CompilerThread3"         daemon [_thread_in_native, id=7220, stack(0x0000005ee0500000,0x0000005ee0600000) (1024K)]
  0x0000024e75755ee0 JavaThread "Active Thread: Equinox Container: d0e42b8a-f9fd-4010-abf0-4403d3d778e2"        [_thread_blocked, id=15068, stack(0x0000005ee0600000,0x0000005ee0700000) (1024K)]
  0x0000024e75ce7e90 JavaThread "Refresh Thread: Equinox Container: d0e42b8a-f9fd-4010-abf0-4403d3d778e2" daemon [_thread_blocked, id=6728, stack(0x0000005ee0800000,0x0000005ee0900000) (1024K)]
  0x0000024e75cc7fe0 JavaThread "Framework Event Dispatcher: Equinox Container: d0e42b8a-f9fd-4010-abf0-4403d3d778e2" daemon [_thread_blocked, id=15708, stack(0x0000005ee0900000,0x0000005ee0a00000) (1024K)]
  0x0000024e75b2f440 JavaThread "Start Level: Equinox Container: d0e42b8a-f9fd-4010-abf0-4403d3d778e2" daemon [_thread_in_native, id=24300, stack(0x0000005ee0a00000,0x0000005ee0b00000) (1024K)]
Total: 19

Other Threads:
  0x0000024e1661eb60 VMThread "VM Thread"                           [id=20580, stack(0x0000005edef00000,0x0000005edf000000) (1024K)]
  0x0000024e163eca00 WatcherThread "VM Periodic Task Thread"        [id=19140, stack(0x0000005edee00000,0x0000005edef00000) (1024K)]
  0x0000024e1657c020 WorkerThread "GC Thread#0"                     [id=17808, stack(0x0000005eded00000,0x0000005edee00000) (1024K)]
  0x0000024e757f19a0 WorkerThread "GC Thread#1"                     [id=3676, stack(0x0000005edff00000,0x0000005ee0000000) (1024K)]
  0x0000024e757f1600 WorkerThread "GC Thread#2"                     [id=24700, stack(0x0000005ee0000000,0x0000005ee0100000) (1024K)]
  0x0000024e757f1d40 WorkerThread "GC Thread#3"                     [id=15496, stack(0x0000005ee0100000,0x0000005ee0200000) (1024K)]
  0x0000024e757f20e0 WorkerThread "GC Thread#4"                     [id=15092, stack(0x0000005ee0200000,0x0000005ee0300000) (1024K)]
  0x0000024e757f2820 WorkerThread "GC Thread#5"                     [id=25228, stack(0x0000005ee0300000,0x0000005ee0400000) (1024K)]
  0x0000024e757f2480 WorkerThread "GC Thread#6"                     [id=22280, stack(0x0000005ee0400000,0x0000005ee0500000) (1024K)]
  0x0000024e757f0ec0 WorkerThread "GC Thread#7"                     [id=18152, stack(0x0000005ee0700000,0x0000005ee0800000) (1024K)]
Total: 10

Threads with active compile tasks:
C2 CompilerThread0  2855 2125       4       org.eclipse.osgi.storage.bundlefile.ZipBundleFile$1::next (5 bytes)
C2 CompilerThread1  2855 2124   !   4       java.util.zip.ZipFile$ZipEntryIterator::next (71 bytes)
C2 CompilerThread2  2855 2123       4       java.util.zip.ZipFile$ZipEntryIterator::nextElement (5 bytes)
C2 CompilerThread3  2855 2146   !   4       java.util.zip.ZipFile$Source::checkAndAddEntry (295 bytes)
Total: 4

VM state: not at safepoint (normal execution)

VM Mutex/Monitor currently owned by a thread: None

Heap address: 0x0000000080000000, size: 2048 MB, Compressed Oops mode: 32-bit

CDS archive(s) mapped at: [0x0000024e2d000000-0x0000024e2dba0000-0x0000024e2dba0000), size 12189696, SharedBaseAddress: 0x0000024e2d000000, ArchiveRelocationMode: 1.
Compressed class space mapped at: 0x0000024e2e000000-0x0000024e6e000000, reserved size: 1073741824
Narrow klass base: 0x0000024e2d000000, Narrow klass shift: 0, Narrow klass range: 0x100000000

GC Precious Log:
 CardTable entry size: 512
 CPUs: 16 total, 16 available
 Memory: 16099M
 Large Page Support: Disabled
 NUMA Support: Disabled
 Compressed Oops: Enabled (32-bit)
 Alignments: Space 512K, Generation 512K, Heap 2M
 Heap Min Capacity: 100M
 Heap Initial Capacity: 100M
 Heap Max Capacity: 2G
 Pre-touch: Disabled
 Parallel Workers: 13

Heap:
 PSYoungGen      total 29696K, used 25302K [0x00000000d5580000, 0x00000000d7680000, 0x0000000100000000)
  eden space 25600K, 82% used [0x00000000d5580000,0x00000000d6a3c658,0x00000000d6e80000)
  from space 4096K, 99% used [0x00000000d7280000,0x00000000d7679540,0x00000000d7680000)
  to   space 4096K, 0% used [0x00000000d6e80000,0x00000000d6e80000,0x00000000d7280000)
 ParOldGen       total 68608K, used 1765K [0x0000000080000000, 0x0000000084300000, 0x00000000d5580000)
  object space 68608K, 2% used [0x0000000080000000,0x00000000801b9728,0x0000000084300000)
 Metaspace       used 9316K, committed 9664K, reserved 1114112K
  class space    used 992K, committed 1152K, reserved 1048576K

Card table byte_map: [0x0000024e15f00000,0x0000024e16310000] _byte_map_base: 0x0000024e15b00000

Marking Bits: (ParMarkBitMap*) 0x00007ffba49ba340
 Begin Bits: [0x0000024e28a00000, 0x0000024e2aa00000)
 End Bits:   [0x0000024e2aa00000, 0x0000024e2ca00000)

Polling page: 0x0000024e14340000

Metaspace:

Usage:
  Non-class:      8.13 MB used.
      Class:    992.49 KB used.
       Both:      9.10 MB used.

Virtual space:
  Non-class space:       64.00 MB reserved,       8.31 MB ( 13%) committed,  1 nodes.
      Class space:        1.00 GB reserved,       1.12 MB ( <1%) committed,  1 nodes.
             Both:        1.06 GB reserved,       9.44 MB ( <1%) committed. 

Chunk freelists:
   Non-Class:  6.77 MB
       Class:  14.79 MB
        Both:  21.55 MB

MaxMetaspaceSize: unlimited
CompressedClassSpaceSize: 1.00 GB
Initial GC threshold: 21.00 MB
Current GC threshold: 21.00 MB
CDS: on
 - commit_granule_bytes: 65536.
 - commit_granule_words: 8192.
 - virtual_space_node_default_size: 8388608.
 - enlarge_chunks_in_place: 1.
 - use_allocation_guard: 0.


Internal statistics:

num_allocs_failed_limit: 0.
num_arena_births: 254.
num_arena_deaths: 0.
num_vsnodes_births: 2.
num_vsnodes_deaths: 0.
num_space_committed: 151.
num_space_uncommitted: 0.
num_chunks_returned_to_freelist: 0.
num_chunks_taken_from_freelist: 495.
num_chunk_merges: 0.
num_chunk_splits: 316.
num_chunks_enlarged: 210.
num_inconsistent_stats: 0.

CodeHeap 'non-profiled nmethods': size=119168Kb used=937Kb max_used=937Kb free=118231Kb
 bounds [0x0000024e212f0000, 0x0000024e21560000, 0x0000024e28750000]
CodeHeap 'profiled nmethods': size=119104Kb used=4102Kb max_used=4102Kb free=115002Kb
 bounds [0x0000024e19750000, 0x0000024e19b60000, 0x0000024e20ba0000]
CodeHeap 'non-nmethods': size=7488Kb used=1793Kb max_used=2950Kb free=5694Kb
 bounds [0x0000024e20ba0000, 0x0000024e20e90000, 0x0000024e212f0000]
CodeCache: size=245760Kb, used=6832Kb, max_used=7989Kb, free=238927Kb
 total_blobs=2661, nmethods=2167, adapters=399, full_count=0
Compilation: enabled, stopped_count=0, restarted_count=0

Compilation events (20 events):
Event: 0.792 Thread 0x0000024e6f909520 nmethod 2132 0x0000024e19b37610 code [0x0000024e19b377c0, 0x0000024e19b379e8]
Event: 0.792 Thread 0x0000024e6f617200 nmethod 2130 0x0000024e19b37b10 code [0x0000024e19b37ce0, 0x0000024e19b380a0]
Event: 0.792 Thread 0x0000024e6f759ea0 nmethod 2131 0x0000024e19b38210 code [0x0000024e19b383c0, 0x0000024e19b38640]
Event: 0.793 Thread 0x0000024e6f759ea0 2134       3       org.eclipse.osgi.util.ManifestElement::readLine (122 bytes)
Event: 0.793 Thread 0x0000024e6f759ea0 nmethod 2134 0x0000024e19b38790 code [0x0000024e19b38a60, 0x0000024e19b39ab8]
Event: 0.795 Thread 0x0000024e6f761900 nmethod 2119 0x0000024e213d1190 code [0x0000024e213d1360, 0x0000024e213d1aa8]
Event: 0.795 Thread 0x0000024e6f761900 2124   !   4       java.util.zip.ZipFile$ZipEntryIterator::next (71 bytes)
Event: 0.795 Thread 0x0000024e6f5e8ee0 nmethod 2120 0x0000024e213d1e90 code [0x0000024e213d2060, 0x0000024e213d2788]
Event: 0.795 Thread 0x0000024e6f5e8ee0 2121       4       org.eclipse.osgi.storage.bundlefile.ZipBundleFile$1::hasNext (10 bytes)
Event: 0.795 Thread 0x0000024e6f5e8ee0 nmethod 2121 0x0000024e213d2b90 code [0x0000024e213d2d20, 0x0000024e213d2e00]
Event: 0.795 Thread 0x0000024e6f5e8ee0 2125       4       org.eclipse.osgi.storage.bundlefile.ZipBundleFile$1::next (5 bytes)
Event: 0.796 Thread 0x0000024e6f759ea0 2135   !   3       org.eclipse.osgi.storage.bundlefile.CloseableBundleFile::lockOpen (113 bytes)
Event: 0.796 Thread 0x0000024e6f759800 2136   !   3       org.eclipse.osgi.storage.bundlefile.CloseableBundleFile::internalOpen (118 bytes)
Event: 0.796 Thread 0x0000024e6f617200 2137       3       org.eclipse.osgi.storage.bundlefile.MRUBundleFileList::incUseStamp (57 bytes)
Event: 0.796 Thread 0x0000024e6f909520 2138       3       org.eclipse.osgi.storage.bundlefile.CloseableBundleFile::releaseOpen (8 bytes)
Event: 0.796 Thread 0x0000024e6f617200 nmethod 2137 0x0000024e19b39e90 code [0x0000024e19b3a040, 0x0000024e19b3a2c8]
Event: 0.796 Thread 0x0000024e6f909520 nmethod 2138 0x0000024e19b3a410 code [0x0000024e19b3a5e0, 0x0000024e19b3a9a0]
Event: 0.796 Thread 0x0000024e6f759ea0 nmethod 2135 0x0000024e19b3ab10 code [0x0000024e19b3ade0, 0x0000024e19b3bef8]
Event: 0.797 Thread 0x0000024e6f759800 nmethod 2136 0x0000024e19b3c590 code [0x0000024e19b3c980, 0x0000024e19b3e278]
Event: 0.800 Thread 0x0000024e6f759800 2139       1       org.eclipse.osgi.internal.loader.EquinoxClassLoader::getClasspathManager (5 bytes)

GC Heap History (4 events):
Event: 0.357 GC heap before
{Heap before GC invocations=1 (full 0):
 PSYoungGen      total 29696K, used 25600K [0x00000000d5580000, 0x00000000d7680000, 0x0000000100000000)
  eden space 25600K, 100% used [0x00000000d5580000,0x00000000d6e80000,0x00000000d6e80000)
  from space 4096K, 0% used [0x00000000d7280000,0x00000000d7280000,0x00000000d7680000)
  to   space 4096K, 0% used [0x00000000d6e80000,0x00000000d6e80000,0x00000000d7280000)
 ParOldGen       total 68608K, used 0K [0x0000000080000000, 0x0000000084300000, 0x00000000d5580000)
  object space 68608K, 0% used [0x0000000080000000,0x0000000080000000,0x0000000084300000)
 Metaspace       used 4135K, committed 4416K, reserved 1114112K
  class space    used 451K, committed 576K, reserved 1048576K
}
Event: 0.361 GC heap after
{Heap after GC invocations=1 (full 0):
 PSYoungGen      total 29696K, used 3713K [0x00000000d5580000, 0x00000000d7680000, 0x0000000100000000)
  eden space 25600K, 0% used [0x00000000d5580000,0x00000000d5580000,0x00000000d6e80000)
  from space 4096K, 90% used [0x00000000d6e80000,0x00000000d7220508,0x00000000d7280000)
  to   space 4096K, 0% used [0x00000000d7280000,0x00000000d7280000,0x00000000d7680000)
 ParOldGen       total 68608K, used 16K [0x0000000080000000, 0x0000000084300000, 0x00000000d5580000)
  object space 68608K, 0% used [0x0000000080000000,0x0000000080004000,0x0000000084300000)
 Metaspace       used 4135K, committed 4416K, reserved 1114112K
  class space    used 451K, committed 576K, reserved 1048576K
}
Event: 0.653 GC heap before
{Heap before GC invocations=2 (full 0):
 PSYoungGen      total 29696K, used 29313K [0x00000000d5580000, 0x00000000d7680000, 0x0000000100000000)
  eden space 25600K, 100% used [0x00000000d5580000,0x00000000d6e80000,0x00000000d6e80000)
  from space 4096K, 90% used [0x00000000d6e80000,0x00000000d7220508,0x00000000d7280000)
  to   space 4096K, 0% used [0x00000000d7280000,0x00000000d7280000,0x00000000d7680000)
 ParOldGen       total 68608K, used 16K [0x0000000080000000, 0x0000000084300000, 0x00000000d5580000)
  object space 68608K, 0% used [0x0000000080000000,0x0000000080004000,0x0000000084300000)
 Metaspace       used 7779K, committed 8064K, reserved 1114112K
  class space    used 806K, committed 960K, reserved 1048576K
}
Event: 0.657 GC heap after
{Heap after GC invocations=2 (full 0):
 PSYoungGen      total 29696K, used 4069K [0x00000000d5580000, 0x00000000d7680000, 0x0000000100000000)
  eden space 25600K, 0% used [0x00000000d5580000,0x00000000d5580000,0x00000000d6e80000)
  from space 4096K, 99% used [0x00000000d7280000,0x00000000d7679540,0x00000000d7680000)
  to   space 4096K, 0% used [0x00000000d6e80000,0x00000000d6e80000,0x00000000d7280000)
 ParOldGen       total 68608K, used 1765K [0x0000000080000000, 0x0000000084300000, 0x00000000d5580000)
  object space 68608K, 2% used [0x0000000080000000,0x00000000801b9728,0x0000000084300000)
 Metaspace       used 7779K, committed 8064K, reserved 1114112K
  class space    used 806K, committed 960K, reserved 1048576K
}

Dll operation events (9 events):
Event: 0.007 Loaded shared library c:\Users\IT\.vscode\extensions\redhat.java-1.44.0-win32-x64\jre\21.0.8-win32-x86_64\bin\java.dll
Event: 0.051 Loaded shared library c:\Users\IT\.vscode\extensions\redhat.java-1.44.0-win32-x64\jre\21.0.8-win32-x86_64\bin\zip.dll
Event: 0.063 Loaded shared library C:\Users\IT\.vscode\extensions\redhat.java-1.44.0-win32-x64\jre\21.0.8-win32-x86_64\bin\instrument.dll
Event: 0.066 Loaded shared library C:\Users\IT\.vscode\extensions\redhat.java-1.44.0-win32-x64\jre\21.0.8-win32-x86_64\bin\net.dll
Event: 0.067 Loaded shared library C:\Users\IT\.vscode\extensions\redhat.java-1.44.0-win32-x64\jre\21.0.8-win32-x86_64\bin\nio.dll
Event: 0.069 Loaded shared library C:\Users\IT\.vscode\extensions\redhat.java-1.44.0-win32-x64\jre\21.0.8-win32-x86_64\bin\zip.dll
Event: 0.079 Loaded shared library C:\Users\IT\.vscode\extensions\redhat.java-1.44.0-win32-x64\jre\21.0.8-win32-x86_64\bin\jimage.dll
Event: 0.118 Loaded shared library c:\Users\IT\.vscode\extensions\redhat.java-1.44.0-win32-x64\jre\21.0.8-win32-x86_64\bin\verify.dll
Event: 0.705 Loaded shared library C:\Users\IT\AppData\Roaming\Code\User\globalStorage\redhat.java\1.44.0\config_win\org.eclipse.equinox.launcher\org.eclipse.equinox.launcher.win32.win32.x86_64_1.2.1400.v20250730-1736\eclipse_11913.dll

Deoptimization events (20 events):
Event: 0.739 Thread 0x0000024e75b2f440 Uncommon trap: trap_request=0xffffff45 fr.pc=0x0000024e2138c598 relative=0x0000000000000078
Event: 0.739 Thread 0x0000024e75b2f440 Uncommon trap: reason=unstable_if action=reinterpret pc=0x0000024e2138c598 method=java.io.BufferedInputStream.getBufIfOpen(Z)[B @ 13 c2
Event: 0.739 Thread 0x0000024e75b2f440 DEOPT PACKING pc=0x0000024e2138c598 sp=0x0000005ee0afdc90
Event: 0.739 Thread 0x0000024e75b2f440 DEOPT UNPACKING pc=0x0000024e20bf3aa2 sp=0x0000005ee0afdbb8 mode 2
Event: 0.740 Thread 0x0000024e75b2f440 Uncommon trap: trap_request=0xffffff45 fr.pc=0x0000024e213b4424 relative=0x0000000000000de4
Event: 0.740 Thread 0x0000024e75b2f440 Uncommon trap: reason=unstable_if action=reinterpret pc=0x0000024e213b4424 method=java.lang.String.<init>(Ljava/nio/charset/Charset;[BII)V @ 6 c2
Event: 0.740 Thread 0x0000024e75b2f440 DEOPT PACKING pc=0x0000024e213b4424 sp=0x0000005ee0afdbf0
Event: 0.740 Thread 0x0000024e75b2f440 DEOPT UNPACKING pc=0x0000024e20bf3aa2 sp=0x0000005ee0afdbb0 mode 2
Event: 0.748 Thread 0x0000024e75b2f440 Uncommon trap: trap_request=0xffffff45 fr.pc=0x0000024e2136c8b4 relative=0x0000000000000094
Event: 0.748 Thread 0x0000024e75b2f440 Uncommon trap: reason=unstable_if action=reinterpret pc=0x0000024e2136c8b4 method=java.io.BufferedInputStream.getBufIfOpen(Z)[B @ 13 c2
Event: 0.748 Thread 0x0000024e75b2f440 DEOPT PACKING pc=0x0000024e2136c8b4 sp=0x0000005ee0afdb30
Event: 0.748 Thread 0x0000024e75b2f440 DEOPT UNPACKING pc=0x0000024e20bf3aa2 sp=0x0000005ee0afdac0 mode 2
Event: 0.782 Thread 0x0000024e75b2f440 Uncommon trap: trap_request=0xffffff45 fr.pc=0x0000024e21328cf4 relative=0x0000000000000054
Event: 0.782 Thread 0x0000024e75b2f440 Uncommon trap: reason=unstable_if action=reinterpret pc=0x0000024e21328cf4 method=java.lang.CharacterData.of(I)Ljava/lang/CharacterData; @ 4 c2
Event: 0.782 Thread 0x0000024e75b2f440 DEOPT PACKING pc=0x0000024e21328cf4 sp=0x0000005ee0afd630
Event: 0.782 Thread 0x0000024e75b2f440 DEOPT UNPACKING pc=0x0000024e20bf3aa2 sp=0x0000005ee0afd5c8 mode 2
Event: 0.788 Thread 0x0000024e75b2f440 Uncommon trap: trap_request=0xffffff45 fr.pc=0x0000024e2139f7f8 relative=0x0000000000000a18
Event: 0.788 Thread 0x0000024e75b2f440 Uncommon trap: reason=unstable_if action=reinterpret pc=0x0000024e2139f7f8 method=java.util.concurrent.ConcurrentHashMap.putVal(Ljava/lang/Object;Ljava/lang/Object;Z)Ljava/lang/Object; @ 148 c2
Event: 0.788 Thread 0x0000024e75b2f440 DEOPT PACKING pc=0x0000024e2139f7f8 sp=0x0000005ee0afe2e0
Event: 0.788 Thread 0x0000024e75b2f440 DEOPT UNPACKING pc=0x0000024e20bf3aa2 sp=0x0000005ee0afe250 mode 2

Classes loaded (20 events):
Event: 0.773 Loading class sun/util/logging/resources/logging_en
Event: 0.773 Loading class sun/util/logging/resources/logging_en done
Event: 0.773 Loading class sun/util/logging/resources/logging_en
Event: 0.773 Loading class sun/util/logging/resources/logging_en done
Event: 0.774 Loading class sun/util/logging/resources/logging_en_US
Event: 0.774 Loading class sun/util/logging/resources/logging_en_US done
Event: 0.774 Loading class sun/util/logging/resources/logging_en_US
Event: 0.774 Loading class sun/util/logging/resources/logging_en_US done
Event: 0.775 Loading class java/util/Formatter$DateTime
Event: 0.775 Loading class java/util/Formatter$DateTime done
Event: 0.775 Loading class java/util/Formatter$FixedString
Event: 0.775 Loading class java/util/Formatter$FixedString done
Event: 0.775 Loading class java/time/ZonedDateTime$1
Event: 0.775 Loading class java/time/ZonedDateTime$1 done
Event: 0.777 Loading class jdk/internal/module/ModulePatcher$PatchedModuleReader
Event: 0.777 Loading class jdk/internal/module/ModulePatcher$PatchedModuleReader done
Event: 0.780 Loading class sun/text/resources/cldr/FormatData_en
Event: 0.780 Loading class sun/text/resources/cldr/FormatData_en done
Event: 0.781 Loading class sun/text/resources/cldr/FormatData_en_US
Event: 0.781 Loading class sun/text/resources/cldr/FormatData_en_US done

Classes unloaded (0 events):
No events

Classes redefined (0 events):
No events

Internal exceptions (20 events):
Event: 0.378 Thread 0x0000024e1655d9f0 Exception <a 'java/lang/ClassNotFoundException'{0x00000000d57dcc80}: sun/net/www/protocol/c/Handler> (0x00000000d57dcc80) 
thrown [s\src\hotspot\share\classfile\systemDictionary.cpp, line 312]
Event: 0.383 Thread 0x0000024e1655d9f0 Exception <a 'java/io/FileNotFoundException'{0x00000000d5805268}> (0x00000000d5805268) 
thrown [s\src\hotspot\share\prims\jni.cpp, line 520]
Event: 0.408 Thread 0x0000024e1655d9f0 Implicit null exception at 0x0000024e2135e5c9 to 0x0000024e2135f0c4
Event: 0.408 Thread 0x0000024e1655d9f0 Implicit null exception at 0x0000024e21359c1a to 0x0000024e21359e38
Event: 0.409 Thread 0x0000024e1655d9f0 Exception <a 'java/lang/NoSuchMethodError'{0x00000000d59339b8}: 'void java.lang.invoke.DirectMethodHandle$Holder.invokeStatic(java.lang.Object, java.lang.Object, java.lang.Object, java.lang.Object)'> (0x00000000d59339b8) 
thrown [s\src\hotspot\share\interpreter\linkResolver.cpp, line 773]
Event: 0.409 Thread 0x0000024e1655d9f0 Implicit null exception at 0x0000024e2134d29a to 0x0000024e2134d4bc
Event: 0.409 Thread 0x0000024e1655d9f0 Implicit null exception at 0x0000024e2134cec0 to 0x0000024e2134cf45
Event: 0.446 Thread 0x0000024e1655d9f0 Exception <a 'java/lang/NoSuchMethodError'{0x00000000d5c4f750}: 'void java.lang.invoke.DirectMethodHandle$Holder.invokeSpecial(java.lang.Object, java.lang.Object, java.lang.Object)'> (0x00000000d5c4f750) 
thrown [s\src\hotspot\share\interpreter\linkResolver.cpp, line 773]
Event: 0.555 Thread 0x0000024e1655d9f0 Exception <a 'java/lang/NoSuchMethodError'{0x00000000d6668db8}: 'int java.lang.invoke.DirectMethodHandle$Holder.invokeVirtual(java.lang.Object, java.lang.Object)'> (0x00000000d6668db8) 
thrown [s\src\hotspot\share\interpreter\linkResolver.cpp, line 773]
Event: 0.579 Thread 0x0000024e1655d9f0 Exception <a 'java/lang/NoSuchMethodError'{0x00000000d67efe60}: 'int java.lang.invoke.DirectMethodHandle$Holder.invokeStaticInit(java.lang.Object, java.lang.Object, java.lang.Object, java.lang.Object)'> (0x00000000d67efe60) 
thrown [s\src\hotspot\share\interpreter\linkResolver.cpp, line 773]
Event: 0.580 Thread 0x0000024e1655d9f0 Exception <a 'java/lang/IncompatibleClassChangeError'{0x00000000d67f82e8}: Found class java.lang.Object, but interface was expected> (0x00000000d67f82e8) 
thrown [s\src\hotspot\share\interpreter\linkResolver.cpp, line 840]
Event: 0.580 Thread 0x0000024e1655d9f0 Exception <a 'java/lang/NoSuchMethodError'{0x00000000d67ff1f8}: 'void java.lang.invoke.DirectMethodHandle$Holder.invokeStaticInit(java.lang.Object, java.lang.Object)'> (0x00000000d67ff1f8) 
thrown [s\src\hotspot\share\interpreter\linkResolver.cpp, line 773]
Event: 0.580 Thread 0x0000024e1655d9f0 Exception <a 'java/lang/NoSuchMethodError'{0x00000000d6808d50}: 'int java.lang.invoke.DirectMethodHandle$Holder.invokeStaticInit(java.lang.Object, java.lang.Object)'> (0x00000000d6808d50) 
thrown [s\src\hotspot\share\interpreter\linkResolver.cpp, line 773]
Event: 0.611 Thread 0x0000024e1655d9f0 Exception <a 'java/lang/NoSuchMethodError'{0x00000000d6a832d8}: 'java.lang.Object java.lang.invoke.DirectMethodHandle$Holder.newInvokeSpecial(java.lang.Object, int, java.lang.Object)'> (0x00000000d6a832d8) 
thrown [s\src\hotspot\share\interpreter\linkResolver.cpp, line 773]
Event: 0.635 Thread 0x0000024e1655d9f0 Exception <a 'java/lang/ClassNotFoundException'{0x00000000d6cb1c98}: sun/net/www/protocol/plurl/Handler> (0x00000000d6cb1c98) 
thrown [s\src\hotspot\share\classfile\systemDictionary.cpp, line 312]
Event: 0.703 Thread 0x0000024e1655d9f0 Exception <a 'java/lang/UnsatisfiedLinkError'{0x00000000d59126c8}: 'void org.eclipse.equinox.launcher.JNIBridge._update_splash()'> (0x00000000d59126c8) 
thrown [s\src\hotspot\share\prims\nativeLookup.cpp, line 415]
Event: 0.755 Thread 0x0000024e75b2f440 Exception <a 'java/lang/NoSuchMethodError'{0x00000000d5eee108}: 'java.lang.Object java.lang.invoke.DirectMethodHandle$Holder.newInvokeSpecial(java.lang.Object, java.lang.Object, int, java.lang.Object)'> (0x00000000d5eee108) 
thrown [s\src\hotspot\share\interpreter\linkResolver.cpp, line 773]
Event: 0.755 Thread 0x0000024e75b2f440 Exception <a 'java/lang/NoSuchMethodError'{0x00000000d5ef1f78}: 'java.lang.Object java.lang.invoke.DirectMethodHandle$Holder.invokeSpecial(java.lang.Object, java.lang.Object, java.lang.Object, int, java.lang.Object)'> (0x00000000d5ef1f78) 
thrown [s\src\hotspot\share\interpreter\linkResolver.cpp, line 773]
Event: 0.761 Thread 0x0000024e75b2f440 Exception <a 'java/lang/NoClassDefFoundError'{0x00000000d5f92e98}: jakarta/servlet/ServletContainerInitializer> (0x00000000d5f92e98) 
thrown [s\src\hotspot\share\classfile\systemDictionary.cpp, line 301]
Event: 0.772 Thread 0x0000024e75b2f440 Exception <a 'java/lang/ClassNotFoundException'{0x00000000d60e7bc0}: sun/util/logging/resources/spi/loggingProvider> (0x00000000d60e7bc0) 
thrown [s\src\hotspot\share\classfile\systemDictionary.cpp, line 312]

ZGC Phase Switch (0 events):
No events

VM Operations (20 events):
Event: 0.596 Executing VM operation: HandshakeAllThreads (Deoptimize) done
Event: 0.605 Executing VM operation: HandshakeAllThreads (Deoptimize)
Event: 0.605 Executing VM operation: HandshakeAllThreads (Deoptimize) done
Event: 0.626 Executing VM operation: HandshakeAllThreads (Deoptimize)
Event: 0.627 Executing VM operation: HandshakeAllThreads (Deoptimize) done
Event: 0.633 Executing VM operation: HandshakeAllThreads (Deoptimize)
Event: 0.633 Executing VM operation: HandshakeAllThreads (Deoptimize) done
Event: 0.650 Executing VM operation: ICBufferFull
Event: 0.650 Executing VM operation: ICBufferFull done
Event: 0.653 Executing VM operation: ParallelGCFailedAllocation (Allocation Failure)
Event: 0.657 Executing VM operation: ParallelGCFailedAllocation (Allocation Failure) done
Event: 0.768 Executing VM operation: HandshakeAllThreads (Deoptimize)
Event: 0.768 Executing VM operation: HandshakeAllThreads (Deoptimize) done
Event: 0.777 Executing VM operation: HandshakeAllThreads (Deoptimize)
Event: 0.777 Executing VM operation: HandshakeAllThreads (Deoptimize) done
Event: 0.782 Executing VM operation: HandshakeAllThreads (Deoptimize)
Event: 0.782 Executing VM operation: HandshakeAllThreads (Deoptimize) done
Event: 0.787 Executing VM operation: HandshakeAllThreads (Deoptimize)
Event: 0.788 Executing VM operation: HandshakeAllThreads (Deoptimize) done
Event: 1.798 Executing VM operation: Cleanup

Memory protections (0 events):
No events

Nmethod flushes (0 events):
No events

Events (20 events):
Event: 0.031 Thread 0x0000024e1655d9f0 Thread added: 0x0000024e1650ce30
Event: 0.031 Thread 0x0000024e1655d9f0 Thread added: 0x0000024e6f5c6450
Event: 0.032 Thread 0x0000024e1655d9f0 Thread added: 0x0000024e6f5ca000
Event: 0.032 Thread 0x0000024e1655d9f0 Thread added: 0x0000024e6f5cd010
Event: 0.032 Thread 0x0000024e1655d9f0 Thread added: 0x0000024e6f5d2d60
Event: 0.032 Thread 0x0000024e1655d9f0 Thread added: 0x0000024e6f5d51d0
Event: 0.032 Thread 0x0000024e1655d9f0 Thread added: 0x0000024e6f5e8ee0
Event: 0.032 Thread 0x0000024e1655d9f0 Thread added: 0x0000024e6f617200
Event: 0.044 Thread 0x0000024e1655d9f0 Thread added: 0x0000024e165c9880
Event: 0.050 Thread 0x0000024e6f617200 Thread added: 0x0000024e6f759800
Event: 0.050 Thread 0x0000024e6f617200 Thread added: 0x0000024e6f759ea0
Event: 0.055 Thread 0x0000024e6f5e8ee0 Thread added: 0x0000024e6f761900
Event: 0.083 Thread 0x0000024e6f759ea0 Thread added: 0x0000024e6f909520
Event: 0.163 Thread 0x0000024e1655d9f0 Thread added: 0x0000024e7504d650
Event: 0.214 Thread 0x0000024e6f617200 Thread added: 0x0000024e750e4380
Event: 0.472 Thread 0x0000024e6f759ea0 Thread added: 0x0000024e756f9670
Event: 0.587 Thread 0x0000024e1655d9f0 Thread added: 0x0000024e75755ee0
Event: 0.702 Thread 0x0000024e1655d9f0 Thread added: 0x0000024e75ce7e90
Event: 0.718 Thread 0x0000024e75ce7e90 Thread added: 0x0000024e75cc7fe0
Event: 0.720 Thread 0x0000024e1655d9f0 Thread added: 0x0000024e75b2f440


Dynamic libraries:
0x00007ff7c3610000 - 0x00007ff7c361e000 	c:\Users\IT\.vscode\extensions\redhat.java-1.44.0-win32-x64\jre\21.0.8-win32-x86_64\bin\java.exe
0x00007ffc6bf40000 - 0x00007ffc6c1a7000 	C:\WINDOWS\SYSTEM32\ntdll.dll
0x00007ffc6b530000 - 0x00007ffc6b5f9000 	C:\WINDOWS\System32\KERNEL32.DLL
0x00007ffc694b0000 - 0x00007ffc698a0000 	C:\WINDOWS\System32\KERNELBASE.dll
0x00007ffc698b0000 - 0x00007ffc699fb000 	C:\WINDOWS\System32\ucrtbase.dll
0x00007ffc5abc0000 - 0x00007ffc5abd8000 	c:\Users\IT\.vscode\extensions\redhat.java-1.44.0-win32-x64\jre\21.0.8-win32-x86_64\bin\jli.dll
0x00007ffc5a9c0000 - 0x00007ffc5a9de000 	c:\Users\IT\.vscode\extensions\redhat.java-1.44.0-win32-x64\jre\21.0.8-win32-x86_64\bin\VCRUNTIME140.dll
0x00007ffc6b220000 - 0x00007ffc6b3e5000 	C:\WINDOWS\System32\USER32.dll
0x00007ffc69480000 - 0x00007ffc694a7000 	C:\WINDOWS\System32\win32u.dll
0x00007ffc55a70000 - 0x00007ffc55d0a000 	C:\WINDOWS\WinSxS\amd64_microsoft.windows.common-controls_6595b64144ccf1df_6.0.26100.4768_none_3e0c112ce331287c\COMCTL32.dll
0x00007ffc6a4c0000 - 0x00007ffc6a4eb000 	C:\WINDOWS\System32\GDI32.dll
0x00007ffc69ec0000 - 0x00007ffc69f69000 	C:\WINDOWS\System32\msvcrt.dll
0x00007ffc69340000 - 0x00007ffc69478000 	C:\WINDOWS\System32\gdi32full.dll
0x00007ffc69b80000 - 0x00007ffc69c23000 	C:\WINDOWS\System32\msvcp_win.dll
0x00007ffc6a480000 - 0x00007ffc6a4af000 	C:\WINDOWS\System32\IMM32.DLL
0x00007ffc5b210000 - 0x00007ffc5b21c000 	c:\Users\IT\.vscode\extensions\redhat.java-1.44.0-win32-x64\jre\21.0.8-win32-x86_64\bin\vcruntime140_1.dll
0x00007ffc40e80000 - 0x00007ffc40f0d000 	c:\Users\IT\.vscode\extensions\redhat.java-1.44.0-win32-x64\jre\21.0.8-win32-x86_64\bin\msvcp140.dll
0x00007ffba3d00000 - 0x00007ffba4a97000 	c:\Users\IT\.vscode\extensions\redhat.java-1.44.0-win32-x64\jre\21.0.8-win32-x86_64\bin\server\jvm.dll
0x00007ffc6a7d0000 - 0x00007ffc6a884000 	C:\WINDOWS\System32\ADVAPI32.dll
0x00007ffc6b3f0000 - 0x00007ffc6b496000 	C:\WINDOWS\System32\sechost.dll
0x00007ffc6a350000 - 0x00007ffc6a468000 	C:\WINDOWS\System32\RPCRT4.dll
0x00007ffc6ab10000 - 0x00007ffc6ab84000 	C:\WINDOWS\System32\WS2_32.dll
0x00007ffc68ed0000 - 0x00007ffc68f2e000 	C:\WINDOWS\SYSTEM32\POWRPROF.dll
0x00007ffc55a30000 - 0x00007ffc55a65000 	C:\WINDOWS\SYSTEM32\WINMM.dll
0x00007ffc62ee0000 - 0x00007ffc62eeb000 	C:\WINDOWS\SYSTEM32\VERSION.dll
0x00007ffc68eb0000 - 0x00007ffc68ec4000 	C:\WINDOWS\SYSTEM32\UMPDC.dll
0x00007ffc67df0000 - 0x00007ffc67e0b000 	C:\WINDOWS\SYSTEM32\kernel.appcore.dll
0x00007ffc5a640000 - 0x00007ffc5a64a000 	c:\Users\IT\.vscode\extensions\redhat.java-1.44.0-win32-x64\jre\21.0.8-win32-x86_64\bin\jimage.dll
0x00007ffc56f90000 - 0x00007ffc571d1000 	C:\WINDOWS\SYSTEM32\DBGHELP.DLL
0x00007ffc69fc0000 - 0x00007ffc6a345000 	C:\WINDOWS\System32\combase.dll
0x00007ffc6a6e0000 - 0x00007ffc6a7c0000 	C:\WINDOWS\System32\OLEAUT32.dll
0x00007ffc3d170000 - 0x00007ffc3d1b3000 	C:\WINDOWS\SYSTEM32\dbgcore.DLL
0x00007ffc69c30000 - 0x00007ffc69cc9000 	C:\WINDOWS\System32\bcryptPrimitives.dll
0x00007ffc5a780000 - 0x00007ffc5a78f000 	c:\Users\IT\.vscode\extensions\redhat.java-1.44.0-win32-x64\jre\21.0.8-win32-x86_64\bin\instrument.dll
0x00007ffc5a370000 - 0x00007ffc5a38f000 	c:\Users\IT\.vscode\extensions\redhat.java-1.44.0-win32-x64\jre\21.0.8-win32-x86_64\bin\java.dll
0x00007ffc6b730000 - 0x00007ffc6be7d000 	C:\WINDOWS\System32\SHELL32.dll
0x00007ffc69070000 - 0x00007ffc691e3000 	C:\WINDOWS\System32\wintypes.dll
0x00007ffc66c90000 - 0x00007ffc674f0000 	C:\WINDOWS\SYSTEM32\windows.storage.dll
0x00007ffc6a890000 - 0x00007ffc6a985000 	C:\WINDOWS\System32\SHCORE.dll
0x00007ffc6be90000 - 0x00007ffc6befa000 	C:\WINDOWS\System32\shlwapi.dll
0x00007ffc68f60000 - 0x00007ffc68f89000 	C:\WINDOWS\SYSTEM32\profapi.dll
0x00007ffc539c0000 - 0x00007ffc539d8000 	c:\Users\IT\.vscode\extensions\redhat.java-1.44.0-win32-x64\jre\21.0.8-win32-x86_64\bin\zip.dll
0x00007ffc5a770000 - 0x00007ffc5a780000 	C:\Users\IT\.vscode\extensions\redhat.java-1.44.0-win32-x64\jre\21.0.8-win32-x86_64\bin\net.dll
0x00007ffc620a0000 - 0x00007ffc621be000 	C:\WINDOWS\SYSTEM32\WINHTTP.dll
0x00007ffc68380000 - 0x00007ffc683eb000 	C:\WINDOWS\system32\mswsock.dll
0x00007ffc534b0000 - 0x00007ffc534c6000 	C:\Users\IT\.vscode\extensions\redhat.java-1.44.0-win32-x64\jre\21.0.8-win32-x86_64\bin\nio.dll
0x00007ffc5a240000 - 0x00007ffc5a250000 	c:\Users\IT\.vscode\extensions\redhat.java-1.44.0-win32-x64\jre\21.0.8-win32-x86_64\bin\verify.dll
0x00007ffc4fcb0000 - 0x00007ffc4fcf5000 	C:\Users\IT\AppData\Roaming\Code\User\globalStorage\redhat.java\1.44.0\config_win\org.eclipse.equinox.launcher\org.eclipse.equinox.launcher.win32.win32.x86_64_1.2.1400.v20250730-1736\eclipse_11913.dll
0x00007ffc6a520000 - 0x00007ffc6a6c0000 	C:\WINDOWS\System32\ole32.dll

JVMTI agents:
c:\Users\IT\.vscode\extensions\redhat.java-1.44.0-win32-x64\lombok\lombok-1.18.39-4050.jar path:c:\Users\IT\.vscode\extensions\redhat.java-1.44.0-win32-x64\jre\21.0.8-win32-x86_64\bin\instrument.dll, loaded, initialized, instrumentlib options:none

dbghelp: loaded successfully - version: 4.0.5 - missing functions: none
symbol engine: initialized successfully - sym options: 0x614 - pdb path: .;c:\Users\IT\.vscode\extensions\redhat.java-1.44.0-win32-x64\jre\21.0.8-win32-x86_64\bin;C:\WINDOWS\SYSTEM32;C:\WINDOWS\WinSxS\amd64_microsoft.windows.common-controls_6595b64144ccf1df_6.0.26100.4768_none_3e0c112ce331287c;c:\Users\IT\.vscode\extensions\redhat.java-1.44.0-win32-x64\jre\21.0.8-win32-x86_64\bin\server;C:\Users\IT\AppData\Roaming\Code\User\globalStorage\redhat.java\1.44.0\config_win\org.eclipse.equinox.launcher\org.eclipse.equinox.launcher.win32.win32.x86_64_1.2.1400.v20250730-1736

VM Arguments:
jvm_args: --add-modules=ALL-SYSTEM --add-opens=java.base/java.util=ALL-UNNAMED --add-opens=java.base/java.lang=ALL-UNNAMED --add-opens=java.base/sun.nio.fs=ALL-UNNAMED -Declipse.application=org.eclipse.jdt.ls.core.id1 -Dosgi.bundles.defaultStartLevel=4 -Declipse.product=org.eclipse.jdt.ls.core.product -Djava.import.generatesMetadataFilesAtProjectRoot=false -DDetectVMInstallationsJob.disabled=true -Dfile.encoding=utf8 -XX:+UseParallelGC -XX:GCTimeRatio=4 -XX:AdaptiveSizePolicyWeight=90 -Dsun.zip.disableMemoryMapping=true -Xmx2G -Xms100m -Xlog:disable -javaagent:c:\Users\IT\.vscode\extensions\redhat.java-1.44.0-win32-x64\lombok\lombok-1.18.39-4050.jar -XX:+HeapDumpOnOutOfMemoryError -XX:HeapDumpPath=c:\Users\IT\AppData\Roaming\Code\User\workspaceStorage\9304a57263ee466e7959e3898a525b22\redhat.java -Daether.dependencyCollector.impl=bf 
java_command: c:\Users\IT\.vscode\extensions\redhat.java-1.44.0-win32-x64\server\plugins\org.eclipse.equinox.launcher_1.7.0.v20250519-0528.jar -configuration c:\Users\IT\AppData\Roaming\Code\User\globalStorage\redhat.java\1.44.0\config_win -data c:\Users\IT\AppData\Roaming\Code\User\workspaceStorage\9304a57263ee466e7959e3898a525b22\redhat.java\jdt_ws --pipe=\\.\pipe\lsp-e31210cd4ca3861439c767f47b81c192-sock
java_class_path (initial): c:\Users\IT\.vscode\extensions\redhat.java-1.44.0-win32-x64\server\plugins\org.eclipse.equinox.launcher_1.7.0.v20250519-0528.jar
Launcher Type: SUN_STANDARD

[Global flags]
    uintx AdaptiveSizePolicyWeight                 = 90                                        {product} {command line}
     intx CICompilerCount                          = 12                                        {product} {ergonomic}
    uintx GCTimeRatio                              = 4                                         {product} {command line}
     bool HeapDumpOnOutOfMemoryError               = true                                   {manageable} {command line}
    ccstr HeapDumpPath                             = c:\Users\IT\AppData\Roaming\Code\User\workspaceStorage\9304a57263ee466e7959e3898a525b22\redhat.java         {manageable} {command line}
   size_t InitialHeapSize                          = 104857600                                 {product} {command line}
   size_t MaxHeapSize                              = 2147483648                                {product} {command line}
   size_t MaxNewSize                               = 715653120                                 {product} {ergonomic}
   size_t MinHeapDeltaBytes                        = 524288                                    {product} {ergonomic}
   size_t MinHeapSize                              = 104857600                                 {product} {command line}
   size_t NewSize                                  = 34603008                                  {product} {ergonomic}
    uintx NonNMethodCodeHeapSize                   = 7602480                                {pd product} {ergonomic}
    uintx NonProfiledCodeHeapSize                  = 122027880                              {pd product} {ergonomic}
   size_t OldSize                                  = 70254592                                  {product} {ergonomic}
    uintx ProfiledCodeHeapSize                     = 122027880                              {pd product} {ergonomic}
    uintx ReservedCodeCacheSize                    = 251658240                              {pd product} {ergonomic}
     bool SegmentedCodeCache                       = true                                      {product} {ergonomic}
   size_t SoftMaxHeapSize                          = 2147483648                             {manageable} {ergonomic}
     bool UseCompressedOops                        = true                           {product lp64_product} {ergonomic}
     bool UseLargePagesIndividualAllocation        = false                                  {pd product} {ergonomic}
     bool UseParallelGC                            = true                                      {product} {command line}

Logging:
Log output configuration:
 #0: stdout all=off uptime,level,tags foldmultilines=false
 #1: stderr all=off uptime,level,tags foldmultilines=false

Environment Variables:
JAVA_HOME=C:\Program Files\Java\jdk-17
PATH=C:\Program Files\Common Files\Oracle\Java\javapath;C:\WINDOWS\system32;C:\WINDOWS;C:\WINDOWS\System32\Wbem;C:\WINDOWS\System32\WindowsPowerShell\v1.0\;C:\WINDOWS\System32\OpenSSH\;C:\wamp64\bin\php\php8.2.26;C:\ProgramData\ComposerSetup\bin;C:\Program Files\Microsoft SQL Server\150\Tools\Binn\;C:\Program Files\Microsoft SQL Server\Client SDK\ODBC\170\Tools\Binn\;C:\Program Files\dotnet\;C:\Program Files\Git\cmd;C:\Program Files\Microsoft SQL Server\Client SDK\ODBC\130\Tools\Binn\;C:\Program Files (x86)\Microsoft SQL Server\140\Tools\Binn\;C:\Program Files (x86)\Microsoft SQL Server\Client SDK\ODBC\130\Tools\Binn\;C:\Program Files (x86)\Microsoft SQL Server\140\DTS\Binn\;C:\Program Files (x86)\Microsoft SQL Server\140\Tools\Binn\ManagementStudio\;C:\Program Files\Microsoft SQL Server\140\Tools\Binn\;C:\Program Files\Microsoft SQL Server\140\DTS\Binn\;C:\Program Files\nodejs\;C:\Program Files\Java\jdk-17;C:\Program Files\PostgreSQL\17\bin;C:\Program Files\Cloudflare\Cloudflare WARP\;C:\Users\IT\AppData\Local\Microsoft\WindowsApps;C:\Users\IT\AppData\Local\Programs\Microsoft VS Code\bin;C:\Users\IT\AppData\Local\GitHubDesktop\bin;C:\Users\IT\AppData\Roaming\Composer\vendor\bin;C:\Users\IT\.dotnet\tools;C:\Users\IT\AppData\Roaming\npm
USERNAME=IT
OS=Windows_NT
PROCESSOR_IDENTIFIER=Intel64 Family 6 Model 165 Stepping 5, GenuineIntel
TMP=C:\Users\IT\AppData\Local\Temp
TEMP=C:\Users\IT\AppData\Local\Temp




Periodic native trim disabled

---------------  S Y S T E M  ---------------

OS:
 Windows 11 , 64 bit Build 26100 (10.0.26100.4768)
OS uptime: 0 days 10:37 hours

CPU: total 16 (initial active 16) (8 cores per cpu, 2 threads per core) family 6 model 165 stepping 5 microcode 0x100, cx8, cmov, fxsr, ht, mmx, 3dnowpref, sse, sse2, sse3, ssse3, sse4.1, sse4.2, popcnt, lzcnt, tsc, tscinvbit, avx, avx2, aes, erms, clmul, bmi1, bmi2, adx, fma, vzeroupper, clflush, clflushopt, rdtscp, f16c, pku
Processor Information for processor 0
  Max Mhz: 2901, Current Mhz: 2901, Mhz Limit: 2901
Processor Information for processor 1
  Max Mhz: 2901, Current Mhz: 2600, Mhz Limit: 2901
Processor Information for processor 2
  Max Mhz: 2901, Current Mhz: 2901, Mhz Limit: 2901
Processor Information for processor 3
  Max Mhz: 2901, Current Mhz: 2900, Mhz Limit: 2901
Processor Information for processor 4
  Max Mhz: 2901, Current Mhz: 2900, Mhz Limit: 2901
Processor Information for processor 5
  Max Mhz: 2901, Current Mhz: 2600, Mhz Limit: 2901
Processor Information for processor 6
  Max Mhz: 2901, Current Mhz: 2600, Mhz Limit: 2901
Processor Information for processor 7
  Max Mhz: 2901, Current Mhz: 2600, Mhz Limit: 2901
Processor Information for processor 8
  Max Mhz: 2901, Current Mhz: 2700, Mhz Limit: 2901
Processor Information for processor 9
  Max Mhz: 2901, Current Mhz: 2600, Mhz Limit: 2901
Processor Information for processor 10
  Max Mhz: 2901, Current Mhz: 2901, Mhz Limit: 2901
Processor Information for processor 11
  Max Mhz: 2901, Current Mhz: 2600, Mhz Limit: 2901
Processor Information for processor 12
  Max Mhz: 2901, Current Mhz: 2700, Mhz Limit: 2901
Processor Information for processor 13
  Max Mhz: 2901, Current Mhz: 2600, Mhz Limit: 2901
Processor Information for processor 14
  Max Mhz: 2901, Current Mhz: 2700, Mhz Limit: 2901
Processor Information for processor 15
  Max Mhz: 2901, Current Mhz: 2600, Mhz Limit: 2901

Memory: 4k page, system-wide physical 16099M (5561M free)
TotalPageFile size 36236M (AvailPageFile size 14M)
current process WorkingSet (physical memory assigned to process): 106M, peak: 106M
current process commit charge ("private bytes"): 266M, peak: 266M

vm_info: OpenJDK 64-Bit Server VM (21.0.8+9-LTS) for windows-amd64 JRE (21.0.8+9-LTS), built on 2025-07-15T00:00:00Z by "admin" with MS VC++ 17.7 (VS2022)

END.
