#
# There is insufficient memory for the Java Runtime Environment to continue.
# Native memory allocation (malloc) failed to allocate 1336208 bytes. Error detail: Chunk::new
# Possible reasons:
#   The system is out of physical RAM or swap space
#   This process is running with CompressedOops enabled, and the Java Heap may be blocking the growth of the native heap
# Possible solutions:
#   Reduce memory load on the system
#   Increase physical memory or swap space
#   Check if swap backing store is full
#   Decrease Java heap size (-Xmx/-Xms)
#   Decrease number of Java threads
#   Decrease Java thread stack sizes (-Xss)
#   Set larger code cache with -XX:ReservedCodeCacheSize=
#   JVM is running with Unscaled Compressed Oops mode in which the Java heap is
#     placed in the first 4GB address space. The Java Heap base address is the
#     maximum limit for the native heap growth. Please use -XX:HeapBaseMinAddress
#     to set the Java Heap base and to place the Java Heap above 4GB virtual address.
# This output file may be truncated or incomplete.
#
#  Out of Memory Error (arena.cpp:168), pid=10052, tid=23264
#
# JRE version: OpenJDK Runtime Environment Temurin-21.0.8+9 (21.0.8+9) (build 21.0.8+9-LTS)
# Java VM: OpenJDK 64-Bit Server VM Temurin-21.0.8+9 (21.0.8+9-LTS, mixed mode, sharing, tiered, compressed oops, compressed class ptrs, parallel gc, windows-amd64)
# No core dump will be written. Minidumps are not enabled by default on client versions of Windows
#

---------------  S U M M A R Y ------------

Command Line: --add-modules=ALL-SYSTEM --add-opens=java.base/java.util=ALL-UNNAMED --add-opens=java.base/java.lang=ALL-UNNAMED --add-opens=java.base/sun.nio.fs=ALL-UNNAMED -Declipse.application=org.eclipse.jdt.ls.core.id1 -Dosgi.bundles.defaultStartLevel=4 -Declipse.product=org.eclipse.jdt.ls.core.product -Djava.import.generatesMetadataFilesAtProjectRoot=false -DDetectVMInstallationsJob.disabled=true -Dfile.encoding=utf8 -XX:+UseParallelGC -XX:GCTimeRatio=4 -XX:AdaptiveSizePolicyWeight=90 -Dsun.zip.disableMemoryMapping=true -Xmx2G -Xms100m -Xlog:disable -javaagent:c:\Users\IT\.windsurf\extensions\redhat.java-1.44.0-win32-x64\lombok\lombok-1.18.39-4050.jar -XX:+HeapDumpOnOutOfMemoryError -XX:HeapDumpPath=c:\Users\IT\AppData\Roaming\Windsurf\User\workspaceStorage\9304a57263ee466e7959e3898a525b22\redhat.java -Daether.dependencyCollector.impl=bf c:\Users\IT\.windsurf\extensions\redhat.java-1.44.0-win32-x64\server\plugins\org.eclipse.equinox.launcher_1.7.0.v20250519-0528.jar -configuration c:\Users\IT\AppData\Roaming\Windsurf\User\globalStorage\redhat.java\1.44.0\config_win -data c:\Users\IT\AppData\Roaming\Windsurf\User\workspaceStorage\9304a57263ee466e7959e3898a525b22\redhat.java\jdt_ws --pipe=\\.\pipe\lsp-b27b47faa216f9eb591e64d5888fbd98-sock

Host: Intel(R) Core(TM) i7-10700 CPU @ 2.90GHz, 16 cores, 15G,  Windows 11 , 64 bit Build 26100 (10.0.26100.4768)
Time: Sun Aug 24 10:29:16 2025 Afghanistan Standard Time elapsed time: 9.450031 seconds (0d 0h 0m 9s)

---------------  T H R E A D  ---------------

Current thread (0x00000203785d16d0):  JavaThread "C2 CompilerThread4" daemon [_thread_in_native, id=23264, stack(0x0000004aef900000,0x0000004aefa00000) (1024K)]


Current CompileTask:
C2:9450 5380   !   4       org.eclipse.osgi.internal.loader.classpath.ClasspathManager::findLocalClass (210 bytes)

Stack: [0x0000004aef900000,0x0000004aefa00000]
Native frames: (J=compiled Java code, j=interpreted, Vv=VM code, C=native code)
V  [jvm.dll+0x6d2449]
V  [jvm.dll+0x8ae341]
V  [jvm.dll+0x8b08be]
V  [jvm.dll+0x8b0fa3]
V  [jvm.dll+0x280c96]
V  [jvm.dll+0xc581d]
V  [jvm.dll+0xc5d53]
V  [jvm.dll+0x3b919c]
V  [jvm.dll+0x385315]
V  [jvm.dll+0x38477a]
V  [jvm.dll+0x248ed0]
V  [jvm.dll+0x2484af]
V  [jvm.dll+0x1c89ee]
V  [jvm.dll+0x257d4d]
V  [jvm.dll+0x2562ea]
V  [jvm.dll+0x3f2d16]
V  [jvm.dll+0x857e6b]
V  [jvm.dll+0x6d0b0d]
C  [ucrtbase.dll+0x37b0]
C  [KERNEL32.DLL+0x2e8d7]
C  [ntdll.dll+0x3c34c]


---------------  P R O C E S S  ---------------

Threads class SMR info:
_java_thread_list=0x0000020377d52330, length=72, elements={
0x00000203148aa4d0, 0x000002036fd33f70, 0x000002036fd356b0, 0x000002036fd39730,
0x000002036fd3a600, 0x000002036fd3c7b0, 0x000002036fd3f210, 0x000002036fd480a0,
0x000002036fd79170, 0x000002036fe6cd70, 0x000002036fe73ba0, 0x000002036fe74240,
0x00000203714ebc30, 0x0000020376081310, 0x0000020371b296d0, 0x0000020376245c70,
0x000002037611ff70, 0x0000020371ba3bf0, 0x00000203760e2890, 0x00000203760f6e50,
0x00000203760f7b70, 0x00000203760f95b0, 0x00000203760f9c40, 0x00000203760f8200,
0x00000203760f8890, 0x00000203760f8f20, 0x00000203760f74e0, 0x00000203760fa2d0,
0x0000020376507630, 0x00000203765041b0, 0x0000020376506fa0, 0x0000020376507cc0,
0x0000020376504840, 0x0000020376506910, 0x0000020376508350, 0x0000020376504ed0,
0x000002037675b650, 0x00000203767b4fc0, 0x0000020376145ed0, 0x0000020376509070,
0x00000203765089e0, 0x0000020376505bf0, 0x000002036fdf8080, 0x0000020376509700,
0x000002037650b140, 0x000002037650a420, 0x0000020376509d90, 0x000002037650aab0,
0x000002037650b7d0, 0x00000203784fd8a0, 0x00000203784fec50, 0x00000203784fd210,
0x00000203784fc4f0, 0x00000203784fe5c0, 0x00000203784fdf30, 0x00000203784fb7d0,
0x00000203784ff2e0, 0x00000203784fbe60, 0x00000203784ff970, 0x0000020378500000,
0x00000203784fcb80, 0x0000020378502760, 0x00000203785013b0, 0x0000020378500d20,
0x0000020378500690, 0x00000203785d16d0, 0x0000020378501a40, 0x0000020378502df0,
0x0000020376c04920, 0x000002037872a410, 0x00000203785020d0, 0x000002037af38600
}

Java Threads: ( => current thread )
  0x00000203148aa4d0 JavaThread "main"                              [_thread_blocked, id=11976, stack(0x0000004aea600000,0x0000004aea700000) (1024K)]
  0x000002036fd33f70 JavaThread "Reference Handler"          daemon [_thread_blocked, id=17300, stack(0x0000004aeaa00000,0x0000004aeab00000) (1024K)]
  0x000002036fd356b0 JavaThread "Finalizer"                  daemon [_thread_blocked, id=12544, stack(0x0000004aeab00000,0x0000004aeac00000) (1024K)]
  0x000002036fd39730 JavaThread "Signal Dispatcher"          daemon [_thread_blocked, id=7100, stack(0x0000004aeac00000,0x0000004aead00000) (1024K)]
  0x000002036fd3a600 JavaThread "Attach Listener"            daemon [_thread_blocked, id=20988, stack(0x0000004aead00000,0x0000004aeae00000) (1024K)]
  0x000002036fd3c7b0 JavaThread "Service Thread"             daemon [_thread_blocked, id=14280, stack(0x0000004aeae00000,0x0000004aeaf00000) (1024K)]
  0x000002036fd3f210 JavaThread "Monitor Deflation Thread"   daemon [_thread_blocked, id=22716, stack(0x0000004aeaf00000,0x0000004aeb000000) (1024K)]
  0x000002036fd480a0 JavaThread "C2 CompilerThread0"         daemon [_thread_blocked, id=21584, stack(0x0000004aeb000000,0x0000004aeb100000) (1024K)]
  0x000002036fd79170 JavaThread "C1 CompilerThread0"         daemon [_thread_blocked, id=22188, stack(0x0000004aeb100000,0x0000004aeb200000) (1024K)]
  0x000002036fe6cd70 JavaThread "Common-Cleaner"             daemon [_thread_blocked, id=5564, stack(0x0000004aeb200000,0x0000004aeb300000) (1024K)]
  0x000002036fe73ba0 JavaThread "C1 CompilerThread1"         daemon [_thread_blocked, id=18616, stack(0x0000004aeb300000,0x0000004aeb400000) (1024K)]
  0x000002036fe74240 JavaThread "C1 CompilerThread2"         daemon [_thread_blocked, id=12524, stack(0x0000004aeb400000,0x0000004aeb500000) (1024K)]
  0x00000203714ebc30 JavaThread "Notification Thread"        daemon [_thread_blocked, id=21520, stack(0x0000004aeb600000,0x0000004aeb700000) (1024K)]
  0x0000020376081310 JavaThread "Equinox resolver thread - Equinox Container: 891910a1-a749-4f1a-b645-ede87ddb80a6" daemon [_thread_blocked, id=3100, stack(0x0000004aebe00000,0x0000004aebf00000) (1024K)]
  0x0000020371b296d0 JavaThread "Equinox resolver thread - Equinox Container: 891910a1-a749-4f1a-b645-ede87ddb80a6" daemon [_thread_blocked, id=13280, stack(0x0000004aebf00000,0x0000004aec000000) (1024K)]
  0x0000020376245c70 JavaThread "Equinox resolver thread - Equinox Container: 891910a1-a749-4f1a-b645-ede87ddb80a6" daemon [_thread_blocked, id=4872, stack(0x0000004aec000000,0x0000004aec100000) (1024K)]
  0x000002037611ff70 JavaThread "Equinox resolver thread - Equinox Container: 891910a1-a749-4f1a-b645-ede87ddb80a6" daemon [_thread_blocked, id=22332, stack(0x0000004aec100000,0x0000004aec200000) (1024K)]
  0x0000020371ba3bf0 JavaThread "Equinox resolver thread - Equinox Container: 891910a1-a749-4f1a-b645-ede87ddb80a6" daemon [_thread_blocked, id=8868, stack(0x0000004aec200000,0x0000004aec300000) (1024K)]
  0x00000203760e2890 JavaThread "Equinox resolver thread - Equinox Container: 891910a1-a749-4f1a-b645-ede87ddb80a6" daemon [_thread_blocked, id=14672, stack(0x0000004aec300000,0x0000004aec400000) (1024K)]
  0x00000203760f6e50 JavaThread "Active Thread: Equinox Container: 891910a1-a749-4f1a-b645-ede87ddb80a6"        [_thread_blocked, id=22092, stack(0x0000004aec400000,0x0000004aec500000) (1024K)]
  0x00000203760f7b70 JavaThread "Framework Event Dispatcher: Equinox Container: 891910a1-a749-4f1a-b645-ede87ddb80a6" daemon [_thread_blocked, id=21576, stack(0x0000004aeb700000,0x0000004aeb800000) (1024K)]
  0x00000203760f95b0 JavaThread "Start Level: Equinox Container: 891910a1-a749-4f1a-b645-ede87ddb80a6" daemon [_thread_blocked, id=4512, stack(0x0000004aec500000,0x0000004aec600000) (1024K)]
  0x00000203760f9c40 JavaThread "Refresh Thread: Equinox Container: 891910a1-a749-4f1a-b645-ede87ddb80a6" daemon [_thread_blocked, id=4048, stack(0x0000004aec800000,0x0000004aec900000) (1024K)]
  0x00000203760f8200 JavaThread "Equinox resolver thread - Equinox Container: 891910a1-a749-4f1a-b645-ede87ddb80a6" daemon [_thread_blocked, id=964, stack(0x0000004aec900000,0x0000004aeca00000) (1024K)]
  0x00000203760f8890 JavaThread "Equinox resolver thread - Equinox Container: 891910a1-a749-4f1a-b645-ede87ddb80a6" daemon [_thread_blocked, id=21372, stack(0x0000004aeca00000,0x0000004aecb00000) (1024K)]
  0x00000203760f8f20 JavaThread "Equinox resolver thread - Equinox Container: 891910a1-a749-4f1a-b645-ede87ddb80a6" daemon [_thread_blocked, id=9668, stack(0x0000004aecb00000,0x0000004aecc00000) (1024K)]
  0x00000203760f74e0 JavaThread "Equinox resolver thread - Equinox Container: 891910a1-a749-4f1a-b645-ede87ddb80a6" daemon [_thread_blocked, id=712, stack(0x0000004aecc00000,0x0000004aecd00000) (1024K)]
  0x00000203760fa2d0 JavaThread "Equinox resolver thread - Equinox Container: 891910a1-a749-4f1a-b645-ede87ddb80a6" daemon [_thread_blocked, id=2732, stack(0x0000004aecd00000,0x0000004aece00000) (1024K)]
  0x0000020376507630 JavaThread "Equinox resolver thread - Equinox Container: 891910a1-a749-4f1a-b645-ede87ddb80a6" daemon [_thread_blocked, id=21864, stack(0x0000004aece00000,0x0000004aecf00000) (1024K)]
  0x00000203765041b0 JavaThread "Equinox resolver thread - Equinox Container: 891910a1-a749-4f1a-b645-ede87ddb80a6" daemon [_thread_blocked, id=22496, stack(0x0000004aecf00000,0x0000004aed000000) (1024K)]
  0x0000020376506fa0 JavaThread "Equinox resolver thread - Equinox Container: 891910a1-a749-4f1a-b645-ede87ddb80a6" daemon [_thread_blocked, id=20080, stack(0x0000004aed000000,0x0000004aed100000) (1024K)]
  0x0000020376507cc0 JavaThread "Equinox resolver thread - Equinox Container: 891910a1-a749-4f1a-b645-ede87ddb80a6" daemon [_thread_blocked, id=17948, stack(0x0000004aed100000,0x0000004aed200000) (1024K)]
  0x0000020376504840 JavaThread "Equinox resolver thread - Equinox Container: 891910a1-a749-4f1a-b645-ede87ddb80a6" daemon [_thread_blocked, id=18124, stack(0x0000004aed200000,0x0000004aed300000) (1024K)]
  0x0000020376506910 JavaThread "Bundle File Closer"         daemon [_thread_blocked, id=7832, stack(0x0000004aec700000,0x0000004aec800000) (1024K)]
  0x0000020376508350 JavaThread "SCR Component Actor"        daemon [_thread_blocked, id=3308, stack(0x0000004aec600000,0x0000004aec700000) (1024K)]
  0x0000020376504ed0 JavaThread "SCR Component Registry"     daemon [_thread_blocked, id=18848, stack(0x0000004aed300000,0x0000004aed400000) (1024K)]
  0x000002037675b650 JavaThread "C2 CompilerThread1"         daemon [_thread_blocked, id=1428, stack(0x0000004aed500000,0x0000004aed600000) (1024K)]
  0x00000203767b4fc0 JavaThread "C2 CompilerThread2"         daemon [_thread_in_native, id=17388, stack(0x0000004aed900000,0x0000004aeda00000) (1024K)]
  0x0000020376145ed0 JavaThread "C1 CompilerThread3"         daemon [_thread_in_native, id=1752, stack(0x0000004aeda00000,0x0000004aedb00000) (1024K)]
  0x0000020376509070 JavaThread "Worker-JM"                         [_thread_blocked, id=21612, stack(0x0000004aedb00000,0x0000004aedc00000) (1024K)]
  0x00000203765089e0 JavaThread "Worker-0: Loading available Gradle versions"        [_thread_in_vm, id=12812, stack(0x0000004aedd00000,0x0000004aede00000) (1024K)]
  0x0000020376505bf0 JavaThread "Worker-1: Initialize After Load"        [_thread_blocked, id=15924, stack(0x0000004aede00000,0x0000004aedf00000) (1024K)]
  0x000002036fdf8080 JavaThread "C2 CompilerThread3"         daemon [_thread_blocked, id=19112, stack(0x0000004aedf00000,0x0000004aee000000) (1024K)]
  0x0000020376509700 JavaThread "Java indexing"              daemon [_thread_blocked, id=17980, stack(0x0000004aee000000,0x0000004aee100000) (1024K)]
  0x000002037650b140 JavaThread "JNA Cleaner"                daemon [_thread_blocked, id=13536, stack(0x0000004aee100000,0x0000004aee200000) (1024K)]
  0x000002037650a420 JavaThread "Worker-2: Repository registry initialization"        [_thread_blocked, id=22964, stack(0x0000004aee500000,0x0000004aee600000) (1024K)]
  0x0000020376509d90 JavaThread "Worker-3: Updating Maven Dependencies"        [_thread_in_Java, id=4544, stack(0x0000004aee600000,0x0000004aee700000) (1024K)]
  0x000002037650aab0 JavaThread "Thread-2"                   daemon [_thread_in_native, id=22840, stack(0x0000004aee700000,0x0000004aee800000) (1024K)]
  0x000002037650b7d0 JavaThread "Thread-3"                   daemon [_thread_in_native, id=1988, stack(0x0000004aee800000,0x0000004aee900000) (1024K)]
  0x00000203784fd8a0 JavaThread "Thread-4"                   daemon [_thread_in_native, id=12324, stack(0x0000004aee900000,0x0000004aeea00000) (1024K)]
  0x00000203784fec50 JavaThread "Thread-5"                   daemon [_thread_in_native, id=19804, stack(0x0000004aeea00000,0x0000004aeeb00000) (1024K)]
  0x00000203784fd210 JavaThread "Thread-6"                   daemon [_thread_in_native, id=7632, stack(0x0000004aeeb00000,0x0000004aeec00000) (1024K)]
  0x00000203784fc4f0 JavaThread "Thread-7"                   daemon [_thread_in_native, id=15076, stack(0x0000004aeec00000,0x0000004aeed00000) (1024K)]
  0x00000203784fe5c0 JavaThread "Thread-8"                   daemon [_thread_in_native, id=20052, stack(0x0000004aeed00000,0x0000004aeee00000) (1024K)]
  0x00000203784fdf30 JavaThread "Thread-9"                   daemon [_thread_in_native, id=20616, stack(0x0000004aeee00000,0x0000004aeef00000) (1024K)]
  0x00000203784fb7d0 JavaThread "Thread-10"                  daemon [_thread_in_native, id=23012, stack(0x0000004aeef00000,0x0000004aef000000) (1024K)]
  0x00000203784ff2e0 JavaThread "Thread-11"                  daemon [_thread_in_native, id=22984, stack(0x0000004aef000000,0x0000004aef100000) (1024K)]
  0x00000203784fbe60 JavaThread "Thread-12"                  daemon [_thread_in_native, id=22764, stack(0x0000004aef100000,0x0000004aef200000) (1024K)]
  0x00000203784ff970 JavaThread "Thread-13"                  daemon [_thread_in_native, id=18376, stack(0x0000004aef200000,0x0000004aef300000) (1024K)]
  0x0000020378500000 JavaThread "Thread-14"                  daemon [_thread_in_native, id=21716, stack(0x0000004aef300000,0x0000004aef400000) (1024K)]
  0x00000203784fcb80 JavaThread "Thread-15"                  daemon [_thread_in_native, id=12600, stack(0x0000004aef400000,0x0000004aef500000) (1024K)]
  0x0000020378502760 JavaThread "Thread-16"                  daemon [_thread_in_native, id=13628, stack(0x0000004aef500000,0x0000004aef600000) (1024K)]
  0x00000203785013b0 JavaThread "Thread-17"                  daemon [_thread_in_native, id=21672, stack(0x0000004aef600000,0x0000004aef700000) (1024K)]
  0x0000020378500d20 JavaThread "Thread-18"                  daemon [_thread_in_native, id=22592, stack(0x0000004aef700000,0x0000004aef800000) (1024K)]
  0x0000020378500690 JavaThread "pool-2-thread-1"                   [_thread_blocked, id=19516, stack(0x0000004aef800000,0x0000004aef900000) (1024K)]
=>0x00000203785d16d0 JavaThread "C2 CompilerThread4"         daemon [_thread_in_native, id=23264, stack(0x0000004aef900000,0x0000004aefa00000) (1024K)]
  0x0000020378501a40 JavaThread "WorkspaceEventsHandler"            [_thread_blocked, id=23076, stack(0x0000004aefa00000,0x0000004aefb00000) (1024K)]
  0x0000020378502df0 JavaThread "pool-1-thread-1"                   [_thread_blocked, id=16864, stack(0x0000004aefb00000,0x0000004aefc00000) (1024K)]
  0x0000020376c04920 JavaThread "C2 CompilerThread5"         daemon [_thread_blocked, id=19760, stack(0x0000004aefc00000,0x0000004aefd00000) (1024K)]
  0x000002037872a410 JavaThread "C2 CompilerThread6"         daemon [_thread_in_native, id=22900, stack(0x0000004aefd00000,0x0000004aefe00000) (1024K)]
  0x00000203785020d0 JavaThread "Worker-4"                          [_thread_blocked, id=15944, stack(0x0000004af0000000,0x0000004af0100000) (1024K)]
  0x000002037af38600 JavaThread "Worker-5"                          [_thread_blocked, id=4684, stack(0x0000004af0100000,0x0000004af0200000) (1024K)]
Total: 72

Other Threads:
  0x0000020316d14a30 VMThread "VM Thread"                           [id=1460, stack(0x0000004aea900000,0x0000004aeaa00000) (1024K)]
  0x0000020316c0ca00 WatcherThread "VM Periodic Task Thread"        [id=22504, stack(0x0000004aea800000,0x0000004aea900000) (1024K)]
  0x0000020316d97ae0 WorkerThread "GC Thread#0"                     [id=17136, stack(0x0000004aea700000,0x0000004aea800000) (1024K)]
  0x0000020371aeb0b0 WorkerThread "GC Thread#1"                     [id=21196, stack(0x0000004aeb800000,0x0000004aeb900000) (1024K)]
  0x00000203718d06f0 WorkerThread "GC Thread#2"                     [id=18640, stack(0x0000004aeb900000,0x0000004aeba00000) (1024K)]
  0x0000020371aeb450 WorkerThread "GC Thread#3"                     [id=4600, stack(0x0000004aeba00000,0x0000004aebb00000) (1024K)]
  0x00000203718d57b0 WorkerThread "GC Thread#4"                     [id=22436, stack(0x0000004aebb00000,0x0000004aebc00000) (1024K)]
  0x00000203718d5b50 WorkerThread "GC Thread#5"                     [id=11452, stack(0x0000004aebc00000,0x0000004aebd00000) (1024K)]
  0x0000020371454b00 WorkerThread "GC Thread#6"                     [id=16636, stack(0x0000004aebd00000,0x0000004aebe00000) (1024K)]
  0x0000020371454020 WorkerThread "GC Thread#7"                     [id=21816, stack(0x0000004aeb500000,0x0000004aeb600000) (1024K)]
  0x0000020371455240 WorkerThread "GC Thread#8"                     [id=12372, stack(0x0000004aed600000,0x0000004aed700000) (1024K)]
  0x000002037705f100 WorkerThread "GC Thread#9"                     [id=4400, stack(0x0000004aed700000,0x0000004aed800000) (1024K)]
  0x000002037705e9c0 WorkerThread "GC Thread#10"                    [id=10944, stack(0x0000004aed800000,0x0000004aed900000) (1024K)]
  0x000002037705e620 WorkerThread "GC Thread#11"                    [id=13544, stack(0x0000004aed400000,0x0000004aed500000) (1024K)]
  0x000002037705ed60 WorkerThread "GC Thread#12"                    [id=21688, stack(0x0000004aedc00000,0x0000004aedd00000) (1024K)]
Total: 15

Threads with active compile tasks:
C2 CompilerThread2  9474 5147   !   4       org.eclipse.osgi.internal.loader.classpath.ClasspathManager::findClassImpl (343 bytes)
C2 CompilerThread4  9474 5380   !   4       org.eclipse.osgi.internal.loader.classpath.ClasspathManager::findLocalClass (210 bytes)
C2 CompilerThread6  9474 5919       4       sun.security.ec.ECOperations::setDouble (463 bytes)
Total: 3

VM state: not at safepoint (normal execution)

VM Mutex/Monitor currently owned by a thread: None

Heap address: 0x0000000080000000, size: 2048 MB, Compressed Oops mode: 32-bit

CDS archive(s) mapped at: [0x000002032e000000-0x000002032eba0000-0x000002032eba0000), size 12189696, SharedBaseAddress: 0x000002032e000000, ArchiveRelocationMode: 1.
Compressed class space mapped at: 0x000002032f000000-0x000002036f000000, reserved size: 1073741824
Narrow klass base: 0x000002032e000000, Narrow klass shift: 0, Narrow klass range: 0x100000000

GC Precious Log:
 CardTable entry size: 512
 CPUs: 16 total, 16 available
 Memory: 16099M
 Large Page Support: Disabled
 NUMA Support: Disabled
 Compressed Oops: Enabled (32-bit)
 Alignments: Space 512K, Generation 512K, Heap 2M
 Heap Min Capacity: 100M
 Heap Initial Capacity: 100M
 Heap Max Capacity: 2G
 Pre-touch: Disabled
 Parallel Workers: 13

Heap:
 PSYoungGen      total 23552K, used 17863K [0x00000000d5580000, 0x00000000d6f80000, 0x0000000100000000)
  eden space 22016K, 76% used [0x00000000d5580000,0x00000000d65e7428,0x00000000d6b00000)
  from space 1536K, 69% used [0x00000000d6e00000,0x00000000d6f0ab48,0x00000000d6f80000)
  to   space 1536K, 0% used [0x00000000d6c80000,0x00000000d6c80000,0x00000000d6e00000)
 ParOldGen       total 68608K, used 19315K [0x0000000080000000, 0x0000000084300000, 0x00000000d5580000)
  object space 68608K, 28% used [0x0000000080000000,0x00000000812dcfb8,0x0000000084300000)
 Metaspace       used 41750K, committed 42752K, reserved 1114112K
  class space    used 4438K, committed 4864K, reserved 1048576K

Card table byte_map: [0x0000020316720000,0x0000020316b30000] _byte_map_base: 0x0000020316320000

Marking Bits: (ParMarkBitMap*) 0x00007ffc0112a340
 Begin Bits: [0x0000020329220000, 0x000002032b220000)
 End Bits:   [0x000002032b220000, 0x000002032d220000)

Polling page: 0x0000020314bd0000

Metaspace:

Usage:
  Non-class:     36.44 MB used.
      Class:      4.33 MB used.
       Both:     40.77 MB used.

Virtual space:
  Non-class space:       64.00 MB reserved,      37.00 MB ( 58%) committed,  1 nodes.
      Class space:        1.00 GB reserved,       4.75 MB ( <1%) committed,  1 nodes.
             Both:        1.06 GB reserved,      41.75 MB (  4%) committed. 

Chunk freelists:
   Non-Class:  10.28 MB
       Class:  11.08 MB
        Both:  21.36 MB

MaxMetaspaceSize: unlimited
CompressedClassSpaceSize: 1.00 GB
Initial GC threshold: 21.00 MB
Current GC threshold: 58.38 MB
CDS: on
 - commit_granule_bytes: 65536.
 - commit_granule_words: 8192.
 - virtual_space_node_default_size: 8388608.
 - enlarge_chunks_in_place: 1.
 - use_allocation_guard: 0.


Internal statistics:

num_allocs_failed_limit: 6.
num_arena_births: 721.
num_arena_deaths: 14.
num_vsnodes_births: 2.
num_vsnodes_deaths: 0.
num_space_committed: 668.
num_space_uncommitted: 0.
num_chunks_returned_to_freelist: 20.
num_chunks_taken_from_freelist: 2330.
num_chunk_merges: 7.
num_chunk_splits: 1464.
num_chunks_enlarged: 876.
num_inconsistent_stats: 0.

CodeHeap 'non-profiled nmethods': size=119168Kb used=2670Kb max_used=2670Kb free=116497Kb
 bounds [0x0000020321b10000, 0x0000020321dc0000, 0x0000020328f70000]
CodeHeap 'profiled nmethods': size=119104Kb used=11700Kb max_used=11809Kb free=107403Kb
 bounds [0x0000020319f70000, 0x000002031ab10000, 0x00000203213c0000]
CodeHeap 'non-nmethods': size=7488Kb used=3075Kb max_used=3142Kb free=4412Kb
 bounds [0x00000203213c0000, 0x00000203216f0000, 0x0000020321b10000]
CodeCache: size=245760Kb, used=17445Kb, max_used=17621Kb, free=228312Kb
 total_blobs=6082, nmethods=5399, adapters=586, full_count=0
Compilation: enabled, stopped_count=0, restarted_count=0

Compilation events (20 events):
Event: 8.430 Thread 0x000002036fe74240 nmethod 6006 0x000002031a585b90 code [0x000002031a585d40, 0x000002031a585ea8]
Event: 8.430 Thread 0x000002036fd79170 6007       3       com.google.inject.internal.DeclaredMembers$$Lambda/0x000002032f439d30::apply (5 bytes)
Event: 8.430 Thread 0x000002036fe74240 6008       3       com.google.inject.internal.DeclaredMembers::lambda$getDeclaredFields$0 (5 bytes)
Event: 8.430 Thread 0x000002036fe74240 nmethod 6008 0x000002031a585790 code [0x000002031a585920, 0x000002031a585aa0]
Event: 8.430 Thread 0x000002036fd79170 nmethod 6007 0x000002031a585310 code [0x000002031a5854c0, 0x000002031a5856b8]
Event: 8.432 Thread 0x0000020376c04920 nmethod 6000 0x0000020321c2cc10 code [0x0000020321c2ce80, 0x0000020321c2d918]
Event: 8.432 Thread 0x0000020376145ed0 6009       3       java.lang.Class::getDeclaredFields (27 bytes)
Event: 8.432 Thread 0x0000020376145ed0 nmethod 6009 0x000002031a584d90 code [0x000002031a584f60, 0x000002031a5851c8]
Event: 8.433 Thread 0x000002036fe74240 6010       3       java.lang.System$2::getConstantPool (5 bytes)
Event: 8.433 Thread 0x000002036fe74240 nmethod 6010 0x000002031a584990 code [0x000002031a584b40, 0x000002031a584c80]
Event: 8.433 Thread 0x000002036fe73ba0 6011       3       java.lang.WeakPairMap$Pair$Weak::first (5 bytes)
Event: 8.433 Thread 0x000002036fe73ba0 nmethod 6011 0x000002031a584590 code [0x000002031a584720, 0x000002031a5848c8]
Event: 8.433 Thread 0x0000020376145ed0 6012       3       java.lang.reflect.Method::isVarArgs (5 bytes)
Event: 8.433 Thread 0x0000020376145ed0 nmethod 6012 0x000002031a584110 code [0x000002031a5842c0, 0x000002031a584498]
Event: 8.434 Thread 0x000002037675b650 6013   !   4       org.eclipse.osgi.internal.weaving.WovenClassImpl::notifyWovenClassListeners (54 bytes)
Event: 8.435 Thread 0x000002037675b650 nmethod 6013 0x0000020321ba2310 code [0x0000020321ba24c0, 0x0000020321ba2618]
Event: 8.436 Thread 0x000002036fd480a0 6014       4       java.lang.String::codePointAt (50 bytes)
Event: 8.447 Thread 0x0000020376145ed0 6015   !   3       java.util.regex.Pattern::RemoveQEQuoting (370 bytes)
Event: 8.498 Thread 0x000002036fd79170 6016       3       java.util.regex.Pattern::compile (537 bytes)
Event: 8.509 Thread 0x000002036fdf8080 6017       4       java.util.regex.Pattern::next (33 bytes)

GC Heap History (20 events):
Event: 7.361 GC heap before
{Heap before GC invocations=9 (full 1):
 PSYoungGen      total 29696K, used 5105K [0x00000000d5580000, 0x00000000d7800000, 0x0000000100000000)
  eden space 24064K, 0% used [0x00000000d5580000,0x00000000d5580000,0x00000000d6d00000)
  from space 5632K, 90% used [0x00000000d7280000,0x00000000d777c748,0x00000000d7800000)
  to   space 5632K, 0% used [0x00000000d6d00000,0x00000000d6d00000,0x00000000d7280000)
 ParOldGen       total 68608K, used 9111K [0x0000000080000000, 0x0000000084300000, 0x00000000d5580000)
  object space 68608K, 13% used [0x0000000080000000,0x00000000808e5f10,0x0000000084300000)
 Metaspace       used 20798K, committed 21504K, reserved 1114112K
  class space    used 2123K, committed 2432K, reserved 1048576K
}
Event: 7.381 GC heap after
{Heap after GC invocations=9 (full 1):
 PSYoungGen      total 29696K, used 0K [0x00000000d5580000, 0x00000000d7800000, 0x0000000100000000)
  eden space 24064K, 0% used [0x00000000d5580000,0x00000000d5580000,0x00000000d6d00000)
  from space 5632K, 0% used [0x00000000d7280000,0x00000000d7280000,0x00000000d7800000)
  to   space 5632K, 0% used [0x00000000d6d00000,0x00000000d6d00000,0x00000000d7280000)
 ParOldGen       total 68608K, used 12644K [0x0000000080000000, 0x0000000084300000, 0x00000000d5580000)
  object space 68608K, 18% used [0x0000000080000000,0x0000000080c59088,0x0000000084300000)
 Metaspace       used 20786K, committed 21504K, reserved 1114112K
  class space    used 2120K, committed 2432K, reserved 1048576K
}
Event: 7.469 GC heap before
{Heap before GC invocations=10 (full 1):
 PSYoungGen      total 29696K, used 24064K [0x00000000d5580000, 0x00000000d7800000, 0x0000000100000000)
  eden space 24064K, 100% used [0x00000000d5580000,0x00000000d6d00000,0x00000000d6d00000)
  from space 5632K, 0% used [0x00000000d7280000,0x00000000d7280000,0x00000000d7800000)
  to   space 5632K, 0% used [0x00000000d6d00000,0x00000000d6d00000,0x00000000d7280000)
 ParOldGen       total 68608K, used 12644K [0x0000000080000000, 0x0000000084300000, 0x00000000d5580000)
  object space 68608K, 18% used [0x0000000080000000,0x0000000080c59088,0x0000000084300000)
 Metaspace       used 23294K, committed 24000K, reserved 1114112K
  class space    used 2274K, committed 2560K, reserved 1048576K
}
Event: 7.470 GC heap after
{Heap after GC invocations=10 (full 1):
 PSYoungGen      total 24064K, used 413K [0x00000000d5580000, 0x00000000d7300000, 0x0000000100000000)
  eden space 23552K, 0% used [0x00000000d5580000,0x00000000d5580000,0x00000000d6c80000)
  from space 512K, 80% used [0x00000000d6d00000,0x00000000d6d67588,0x00000000d6d80000)
  to   space 2560K, 0% used [0x00000000d7080000,0x00000000d7080000,0x00000000d7300000)
 ParOldGen       total 68608K, used 12652K [0x0000000080000000, 0x0000000084300000, 0x00000000d5580000)
  object space 68608K, 18% used [0x0000000080000000,0x0000000080c5b088,0x0000000084300000)
 Metaspace       used 23294K, committed 24000K, reserved 1114112K
  class space    used 2274K, committed 2560K, reserved 1048576K
}
Event: 7.540 GC heap before
{Heap before GC invocations=11 (full 1):
 PSYoungGen      total 24064K, used 23965K [0x00000000d5580000, 0x00000000d7300000, 0x0000000100000000)
  eden space 23552K, 100% used [0x00000000d5580000,0x00000000d6c80000,0x00000000d6c80000)
  from space 512K, 80% used [0x00000000d6d00000,0x00000000d6d67588,0x00000000d6d80000)
  to   space 2560K, 0% used [0x00000000d7080000,0x00000000d7080000,0x00000000d7300000)
 ParOldGen       total 68608K, used 12652K [0x0000000080000000, 0x0000000084300000, 0x00000000d5580000)
  object space 68608K, 18% used [0x0000000080000000,0x0000000080c5b088,0x0000000084300000)
 Metaspace       used 25488K, committed 26176K, reserved 1114112K
  class space    used 2446K, committed 2752K, reserved 1048576K
}
Event: 7.541 GC heap after
{Heap after GC invocations=11 (full 1):
 PSYoungGen      total 25600K, used 2184K [0x00000000d5580000, 0x00000000d7300000, 0x0000000100000000)
  eden space 23040K, 0% used [0x00000000d5580000,0x00000000d5580000,0x00000000d6c00000)
  from space 2560K, 85% used [0x00000000d7080000,0x00000000d72a22b0,0x00000000d7300000)
  to   space 2560K, 0% used [0x00000000d6e00000,0x00000000d6e00000,0x00000000d7080000)
 ParOldGen       total 68608K, used 12660K [0x0000000080000000, 0x0000000084300000, 0x00000000d5580000)
  object space 68608K, 18% used [0x0000000080000000,0x0000000080c5d088,0x0000000084300000)
 Metaspace       used 25488K, committed 26176K, reserved 1114112K
  class space    used 2446K, committed 2752K, reserved 1048576K
}
Event: 7.728 GC heap before
{Heap before GC invocations=12 (full 1):
 PSYoungGen      total 25600K, used 25224K [0x00000000d5580000, 0x00000000d7300000, 0x0000000100000000)
  eden space 23040K, 100% used [0x00000000d5580000,0x00000000d6c00000,0x00000000d6c00000)
  from space 2560K, 85% used [0x00000000d7080000,0x00000000d72a22b0,0x00000000d7300000)
  to   space 2560K, 0% used [0x00000000d6e00000,0x00000000d6e00000,0x00000000d7080000)
 ParOldGen       total 68608K, used 12660K [0x0000000080000000, 0x0000000084300000, 0x00000000d5580000)
  object space 68608K, 18% used [0x0000000080000000,0x0000000080c5d088,0x0000000084300000)
 Metaspace       used 28470K, committed 29312K, reserved 1114112K
  class space    used 2742K, committed 3136K, reserved 1048576K
}
Event: 7.729 GC heap after
{Heap after GC invocations=12 (full 1):
 PSYoungGen      total 24576K, used 1588K [0x00000000d5580000, 0x00000000d7100000, 0x0000000100000000)
  eden space 22528K, 0% used [0x00000000d5580000,0x00000000d5580000,0x00000000d6b80000)
  from space 2048K, 77% used [0x00000000d6e00000,0x00000000d6f8d200,0x00000000d7000000)
  to   space 1024K, 0% used [0x00000000d7000000,0x00000000d7000000,0x00000000d7100000)
 ParOldGen       total 68608K, used 14576K [0x0000000080000000, 0x0000000084300000, 0x00000000d5580000)
  object space 68608K, 21% used [0x0000000080000000,0x0000000080e3c360,0x0000000084300000)
 Metaspace       used 28470K, committed 29312K, reserved 1114112K
  class space    used 2742K, committed 3136K, reserved 1048576K
}
Event: 7.885 GC heap before
{Heap before GC invocations=13 (full 1):
 PSYoungGen      total 24576K, used 24091K [0x00000000d5580000, 0x00000000d7100000, 0x0000000100000000)
  eden space 22528K, 99% used [0x00000000d5580000,0x00000000d6b79ad0,0x00000000d6b80000)
  from space 2048K, 77% used [0x00000000d6e00000,0x00000000d6f8d200,0x00000000d7000000)
  to   space 1024K, 0% used [0x00000000d7000000,0x00000000d7000000,0x00000000d7100000)
 ParOldGen       total 68608K, used 14576K [0x0000000080000000, 0x0000000084300000, 0x00000000d5580000)
  object space 68608K, 21% used [0x0000000080000000,0x0000000080e3c360,0x0000000084300000)
 Metaspace       used 31751K, committed 32640K, reserved 1114112K
  class space    used 3125K, committed 3520K, reserved 1048576K
}
Event: 7.887 GC heap after
{Heap after GC invocations=13 (full 1):
 PSYoungGen      total 23040K, used 1022K [0x00000000d5580000, 0x00000000d7200000, 0x0000000100000000)
  eden space 22016K, 0% used [0x00000000d5580000,0x00000000d5580000,0x00000000d6b00000)
  from space 1024K, 99% used [0x00000000d7000000,0x00000000d70ff800,0x00000000d7100000)
  to   space 3584K, 0% used [0x00000000d6b00000,0x00000000d6b00000,0x00000000d6e80000)
 ParOldGen       total 68608K, used 16739K [0x0000000080000000, 0x0000000084300000, 0x00000000d5580000)
  object space 68608K, 24% used [0x0000000080000000,0x0000000081058ef0,0x0000000084300000)
 Metaspace       used 31751K, committed 32640K, reserved 1114112K
  class space    used 3125K, committed 3520K, reserved 1048576K
}
Event: 7.970 GC heap before
{Heap before GC invocations=14 (full 1):
 PSYoungGen      total 23040K, used 23038K [0x00000000d5580000, 0x00000000d7200000, 0x0000000100000000)
  eden space 22016K, 100% used [0x00000000d5580000,0x00000000d6b00000,0x00000000d6b00000)
  from space 1024K, 99% used [0x00000000d7000000,0x00000000d70ff800,0x00000000d7100000)
  to   space 3584K, 0% used [0x00000000d6b00000,0x00000000d6b00000,0x00000000d6e80000)
 ParOldGen       total 68608K, used 16739K [0x0000000080000000, 0x0000000084300000, 0x00000000d5580000)
  object space 68608K, 24% used [0x0000000080000000,0x0000000081058ef0,0x0000000084300000)
 Metaspace       used 34082K, committed 35072K, reserved 1114112K
  class space    used 3427K, committed 3904K, reserved 1048576K
}
Event: 7.971 GC heap after
{Heap after GC invocations=14 (full 1):
 PSYoungGen      total 25600K, used 3563K [0x00000000d5580000, 0x00000000d7300000, 0x0000000100000000)
  eden space 22016K, 0% used [0x00000000d5580000,0x00000000d5580000,0x00000000d6b00000)
  from space 3584K, 99% used [0x00000000d6b00000,0x00000000d6e7ae30,0x00000000d6e80000)
  to   space 4096K, 0% used [0x00000000d6f00000,0x00000000d6f00000,0x00000000d7300000)
 ParOldGen       total 68608K, used 18950K [0x0000000080000000, 0x0000000084300000, 0x00000000d5580000)
  object space 68608K, 27% used [0x0000000080000000,0x0000000081281a08,0x0000000084300000)
 Metaspace       used 34082K, committed 35072K, reserved 1114112K
  class space    used 3427K, committed 3904K, reserved 1048576K
}
Event: 7.997 GC heap before
{Heap before GC invocations=15 (full 1):
 PSYoungGen      total 25600K, used 8544K [0x00000000d5580000, 0x00000000d7300000, 0x0000000100000000)
  eden space 22016K, 22% used [0x00000000d5580000,0x00000000d5a5d578,0x00000000d6b00000)
  from space 3584K, 99% used [0x00000000d6b00000,0x00000000d6e7ae30,0x00000000d6e80000)
  to   space 4096K, 0% used [0x00000000d6f00000,0x00000000d6f00000,0x00000000d7300000)
 ParOldGen       total 68608K, used 18950K [0x0000000080000000, 0x0000000084300000, 0x00000000d5580000)
  object space 68608K, 27% used [0x0000000080000000,0x0000000081281a08,0x0000000084300000)
 Metaspace       used 34899K, committed 35840K, reserved 1114112K
  class space    used 3517K, committed 3968K, reserved 1048576K
}
Event: 7.999 GC heap after
{Heap after GC invocations=15 (full 1):
 PSYoungGen      total 22528K, used 480K [0x00000000d5580000, 0x00000000d6f80000, 0x0000000100000000)
  eden space 22016K, 0% used [0x00000000d5580000,0x00000000d5580000,0x00000000d6b00000)
  from space 512K, 93% used [0x00000000d6f00000,0x00000000d6f78000,0x00000000d6f80000)
  to   space 2048K, 0% used [0x00000000d6b80000,0x00000000d6b80000,0x00000000d6d80000)
 ParOldGen       total 68608K, used 20420K [0x0000000080000000, 0x0000000084300000, 0x00000000d5580000)
  object space 68608K, 29% used [0x0000000080000000,0x00000000813f1068,0x0000000084300000)
 Metaspace       used 34899K, committed 35840K, reserved 1114112K
  class space    used 3517K, committed 3968K, reserved 1048576K
}
Event: 7.999 GC heap before
{Heap before GC invocations=16 (full 2):
 PSYoungGen      total 22528K, used 480K [0x00000000d5580000, 0x00000000d6f80000, 0x0000000100000000)
  eden space 22016K, 0% used [0x00000000d5580000,0x00000000d5580000,0x00000000d6b00000)
  from space 512K, 93% used [0x00000000d6f00000,0x00000000d6f78000,0x00000000d6f80000)
  to   space 2048K, 0% used [0x00000000d6b80000,0x00000000d6b80000,0x00000000d6d80000)
 ParOldGen       total 68608K, used 20420K [0x0000000080000000, 0x0000000084300000, 0x00000000d5580000)
  object space 68608K, 29% used [0x0000000080000000,0x00000000813f1068,0x0000000084300000)
 Metaspace       used 34899K, committed 35840K, reserved 1114112K
  class space    used 3517K, committed 3968K, reserved 1048576K
}
Event: 8.019 GC heap after
{Heap after GC invocations=16 (full 2):
 PSYoungGen      total 22528K, used 0K [0x00000000d5580000, 0x00000000d6f80000, 0x0000000100000000)
  eden space 22016K, 0% used [0x00000000d5580000,0x00000000d5580000,0x00000000d6b00000)
  from space 512K, 0% used [0x00000000d6f00000,0x00000000d6f00000,0x00000000d6f80000)
  to   space 2048K, 0% used [0x00000000d6b80000,0x00000000d6b80000,0x00000000d6d80000)
 ParOldGen       total 68608K, used 18515K [0x0000000080000000, 0x0000000084300000, 0x00000000d5580000)
  object space 68608K, 26% used [0x0000000080000000,0x0000000081214f98,0x0000000084300000)
 Metaspace       used 34899K, committed 35840K, reserved 1114112K
  class space    used 3517K, committed 3968K, reserved 1048576K
}
Event: 8.149 GC heap before
{Heap before GC invocations=17 (full 2):
 PSYoungGen      total 22528K, used 22016K [0x00000000d5580000, 0x00000000d6f80000, 0x0000000100000000)
  eden space 22016K, 100% used [0x00000000d5580000,0x00000000d6b00000,0x00000000d6b00000)
  from space 512K, 0% used [0x00000000d6f00000,0x00000000d6f00000,0x00000000d6f80000)
  to   space 2048K, 0% used [0x00000000d6b80000,0x00000000d6b80000,0x00000000d6d80000)
 ParOldGen       total 68608K, used 18515K [0x0000000080000000, 0x0000000084300000, 0x00000000d5580000)
  object space 68608K, 26% used [0x0000000080000000,0x0000000081214f98,0x0000000084300000)
 Metaspace       used 38285K, committed 39232K, reserved 1114112K
  class space    used 3971K, committed 4416K, reserved 1048576K
}
Event: 8.150 GC heap after
{Heap after GC invocations=17 (full 2):
 PSYoungGen      total 24064K, used 1158K [0x00000000d5580000, 0x00000000d6f80000, 0x0000000100000000)
  eden space 22016K, 0% used [0x00000000d5580000,0x00000000d5580000,0x00000000d6b00000)
  from space 2048K, 56% used [0x00000000d6b80000,0x00000000d6ca1b48,0x00000000d6d80000)
  to   space 1536K, 0% used [0x00000000d6e00000,0x00000000d6e00000,0x00000000d6f80000)
 ParOldGen       total 68608K, used 18523K [0x0000000080000000, 0x0000000084300000, 0x00000000d5580000)
  object space 68608K, 26% used [0x0000000080000000,0x0000000081216f98,0x0000000084300000)
 Metaspace       used 38285K, committed 39232K, reserved 1114112K
  class space    used 3971K, committed 4416K, reserved 1048576K
}
Event: 8.316 GC heap before
{Heap before GC invocations=18 (full 2):
 PSYoungGen      total 24064K, used 23174K [0x00000000d5580000, 0x00000000d6f80000, 0x0000000100000000)
  eden space 22016K, 100% used [0x00000000d5580000,0x00000000d6b00000,0x00000000d6b00000)
  from space 2048K, 56% used [0x00000000d6b80000,0x00000000d6ca1b48,0x00000000d6d80000)
  to   space 1536K, 0% used [0x00000000d6e00000,0x00000000d6e00000,0x00000000d6f80000)
 ParOldGen       total 68608K, used 18523K [0x0000000080000000, 0x0000000084300000, 0x00000000d5580000)
  object space 68608K, 26% used [0x0000000080000000,0x0000000081216f98,0x0000000084300000)
 Metaspace       used 40052K, committed 40960K, reserved 1114112K
  class space    used 4216K, committed 4608K, reserved 1048576K
}
Event: 8.317 GC heap after
{Heap after GC invocations=18 (full 2):
 PSYoungGen      total 23552K, used 1066K [0x00000000d5580000, 0x00000000d6f80000, 0x0000000100000000)
  eden space 22016K, 0% used [0x00000000d5580000,0x00000000d5580000,0x00000000d6b00000)
  from space 1536K, 69% used [0x00000000d6e00000,0x00000000d6f0ab48,0x00000000d6f80000)
  to   space 1536K, 0% used [0x00000000d6c80000,0x00000000d6c80000,0x00000000d6e00000)
 ParOldGen       total 68608K, used 19315K [0x0000000080000000, 0x0000000084300000, 0x00000000d5580000)
  object space 68608K, 28% used [0x0000000080000000,0x00000000812dcfb8,0x0000000084300000)
 Metaspace       used 40052K, committed 40960K, reserved 1114112K
  class space    used 4216K, committed 4608K, reserved 1048576K
}

Dll operation events (14 events):
Event: 0.006 Loaded shared library c:\Users\IT\.windsurf\extensions\redhat.java-1.44.0-win32-x64\jre\21.0.8-win32-x86_64\bin\java.dll
Event: 0.067 Loaded shared library c:\Users\IT\.windsurf\extensions\redhat.java-1.44.0-win32-x64\jre\21.0.8-win32-x86_64\bin\zip.dll
Event: 0.088 Loaded shared library C:\Users\IT\.windsurf\extensions\redhat.java-1.44.0-win32-x64\jre\21.0.8-win32-x86_64\bin\instrument.dll
Event: 0.092 Loaded shared library C:\Users\IT\.windsurf\extensions\redhat.java-1.44.0-win32-x64\jre\21.0.8-win32-x86_64\bin\net.dll
Event: 0.094 Loaded shared library C:\Users\IT\.windsurf\extensions\redhat.java-1.44.0-win32-x64\jre\21.0.8-win32-x86_64\bin\nio.dll
Event: 0.098 Loaded shared library C:\Users\IT\.windsurf\extensions\redhat.java-1.44.0-win32-x64\jre\21.0.8-win32-x86_64\bin\zip.dll
Event: 0.115 Loaded shared library C:\Users\IT\.windsurf\extensions\redhat.java-1.44.0-win32-x64\jre\21.0.8-win32-x86_64\bin\jimage.dll
Event: 0.187 Loaded shared library c:\Users\IT\.windsurf\extensions\redhat.java-1.44.0-win32-x64\jre\21.0.8-win32-x86_64\bin\verify.dll
Event: 3.541 Loaded shared library C:\Users\IT\AppData\Roaming\Windsurf\User\globalStorage\redhat.java\1.44.0\config_win\org.eclipse.equinox.launcher\org.eclipse.equinox.launcher.win32.win32.x86_64_1.2.1400.v20250730-1736\eclipse_11913.dll
Event: 7.076 Loaded shared library C:\Users\IT\.windsurf\extensions\redhat.java-1.44.0-win32-x64\jre\21.0.8-win32-x86_64\bin\management.dll
Event: 7.078 Loaded shared library C:\Users\IT\.windsurf\extensions\redhat.java-1.44.0-win32-x64\jre\21.0.8-win32-x86_64\bin\management_ext.dll
Event: 7.778 Loaded shared library C:\Users\IT\AppData\Local\Temp\jna-2347\jna14937470178256099467.dll
Event: 7.851 Loaded shared library C:\Users\IT\.windsurf\extensions\redhat.java-1.44.0-win32-x64\jre\21.0.8-win32-x86_64\bin\sunmscapi.dll
Event: 8.176 Loaded shared library C:\Users\IT\.windsurf\extensions\redhat.java-1.44.0-win32-x64\jre\21.0.8-win32-x86_64\bin\extnet.dll

Deoptimization events (20 events):
Event: 8.387 Thread 0x000002037650a420 Uncommon trap: trap_request=0xffffff45 fr.pc=0x0000020321b7552c relative=0x000000000000010c
Event: 8.387 Thread 0x000002037650a420 Uncommon trap: reason=unstable_if action=reinterpret pc=0x0000020321b7552c method=jdk.internal.org.objectweb.asm.ByteVector.putShort(I)Ljdk/internal/org/objectweb/asm/ByteVector; @ 13 c2
Event: 8.387 Thread 0x000002037650a420 DEOPT PACKING pc=0x0000020321b7552c sp=0x0000004aee5fcff0
Event: 8.387 Thread 0x000002037650a420 DEOPT UNPACKING pc=0x0000020321413aa2 sp=0x0000004aee5fcf78 mode 2
Event: 8.422 Thread 0x0000020376509d90 Uncommon trap: trap_request=0xffffffde fr.pc=0x0000020321ba4238 relative=0x0000000000000498
Event: 8.422 Thread 0x0000020376509d90 Uncommon trap: reason=class_check action=maybe_recompile pc=0x0000020321ba4238 method=java.lang.reflect.Executable.declaredAnnotations()Ljava/util/Map; @ 23 c2
Event: 8.422 Thread 0x0000020376509d90 DEOPT PACKING pc=0x0000020321ba4238 sp=0x0000004aee6fdaf0
Event: 8.422 Thread 0x0000020376509d90 DEOPT UNPACKING pc=0x0000020321413aa2 sp=0x0000004aee6fdab8 mode 2
Event: 8.422 Thread 0x0000020376509d90 Uncommon trap: trap_request=0xffffffde fr.pc=0x0000020321ba4238 relative=0x0000000000000498
Event: 8.422 Thread 0x0000020376509d90 Uncommon trap: reason=class_check action=maybe_recompile pc=0x0000020321ba4238 method=java.lang.reflect.Executable.declaredAnnotations()Ljava/util/Map; @ 23 c2
Event: 8.422 Thread 0x0000020376509d90 DEOPT PACKING pc=0x0000020321ba4238 sp=0x0000004aee6fda50
Event: 8.422 Thread 0x0000020376509d90 DEOPT UNPACKING pc=0x0000020321413aa2 sp=0x0000004aee6fda20 mode 2
Event: 8.422 Thread 0x0000020376509d90 Uncommon trap: trap_request=0xffffffde fr.pc=0x0000020321ba4238 relative=0x0000000000000498
Event: 8.422 Thread 0x0000020376509d90 Uncommon trap: reason=class_check action=maybe_recompile pc=0x0000020321ba4238 method=java.lang.reflect.Executable.declaredAnnotations()Ljava/util/Map; @ 23 c2
Event: 8.422 Thread 0x0000020376509d90 DEOPT PACKING pc=0x0000020321ba4238 sp=0x0000004aee6fdaf0
Event: 8.422 Thread 0x0000020376509d90 DEOPT UNPACKING pc=0x0000020321413aa2 sp=0x0000004aee6fdab8 mode 2
Event: 8.422 Thread 0x0000020376509d90 Uncommon trap: trap_request=0xffffffde fr.pc=0x0000020321ba4238 relative=0x0000000000000498
Event: 8.422 Thread 0x0000020376509d90 Uncommon trap: reason=class_check action=maybe_recompile pc=0x0000020321ba4238 method=java.lang.reflect.Executable.declaredAnnotations()Ljava/util/Map; @ 23 c2
Event: 8.422 Thread 0x0000020376509d90 DEOPT PACKING pc=0x0000020321ba4238 sp=0x0000004aee6fda50
Event: 8.422 Thread 0x0000020376509d90 DEOPT UNPACKING pc=0x0000020321413aa2 sp=0x0000004aee6fda20 mode 2

Classes loaded (20 events):
Event: 8.338 Loading class sun/security/util/math/intpoly/P521OrderField done
Event: 8.338 Loading class java/security/interfaces/ECPrivateKey
Event: 8.338 Loading class java/security/interfaces/ECPrivateKey done
Event: 8.339 Loading class sun/security/util/ArrayUtil
Event: 8.339 Loading class sun/security/util/ArrayUtil done
Event: 8.341 Loading class sun/security/util/math/IntegerModuloP$MultiplicativeInverser$Secp256R1
Event: 8.342 Loading class sun/security/util/math/IntegerModuloP$MultiplicativeInverser$Secp256R1 done
Event: 8.385 Loading class java/lang/invoke/MethodHandleImpl$CountingWrapper
Event: 8.385 Loading class java/lang/invoke/MethodHandleImpl$CountingWrapper done
Event: 8.388 Loading class sun/security/ssl/KeyShareExtension$CHKeyShareSpec
Event: 8.388 Loading class sun/security/ssl/KeyShareExtension$CHKeyShareSpec done
Event: 8.389 Loading class sun/security/ssl/OutputRecord$T13PaddingHolder
Event: 8.389 Loading class sun/security/ssl/OutputRecord$T13PaddingHolder done
Event: 8.389 Loading class sun/security/ssl/ContentType
Event: 8.389 Loading class sun/security/ssl/ContentType done
Event: 8.414 Loading class sun/reflect/annotation/AnnotatedTypeFactory$AnnotatedParameterizedTypeImpl
Event: 8.415 Loading class java/lang/reflect/AnnotatedParameterizedType
Event: 8.415 Loading class java/lang/reflect/AnnotatedParameterizedType done
Event: 8.415 Loading class sun/reflect/annotation/AnnotatedTypeFactory$AnnotatedParameterizedTypeImpl done
Event: 8.489 Loading class sun/security/ssl/Plaintext

Classes unloaded (7 events):
Event: 7.363 Thread 0x0000020316d14a30 Unloading class 0x000002032f1b2800 'java/lang/invoke/LambdaForm$MH+0x000002032f1b2800'
Event: 7.363 Thread 0x0000020316d14a30 Unloading class 0x000002032f1b2400 'java/lang/invoke/LambdaForm$MH+0x000002032f1b2400'
Event: 7.363 Thread 0x0000020316d14a30 Unloading class 0x000002032f1b2000 'java/lang/invoke/LambdaForm$MH+0x000002032f1b2000'
Event: 7.363 Thread 0x0000020316d14a30 Unloading class 0x000002032f1b1c00 'java/lang/invoke/LambdaForm$MH+0x000002032f1b1c00'
Event: 7.363 Thread 0x0000020316d14a30 Unloading class 0x000002032f1b1800 'java/lang/invoke/LambdaForm$BMH+0x000002032f1b1800'
Event: 7.363 Thread 0x0000020316d14a30 Unloading class 0x000002032f1b1400 'java/lang/invoke/LambdaForm$DMH+0x000002032f1b1400'
Event: 7.363 Thread 0x0000020316d14a30 Unloading class 0x000002032f1b0000 'java/lang/invoke/LambdaForm$DMH+0x000002032f1b0000'

Classes redefined (0 events):
No events

Internal exceptions (20 events):
Event: 7.868 Thread 0x0000020376509d90 Exception <a 'java/lang/NoSuchMethodError'{0x00000000d684b8a8}: 'java.lang.Object java.lang.invoke.Invokers$Holder.invoke_MT(java.lang.Object, java.lang.Object, java.lang.Object, java.lang.Object, java.lang.Object, java.lang.Object, java.lang.Object, java.lang.Object, java.lang.Object)'> (0x00000000d684b8a8) 
thrown [s\src\hotspot\share\interpreter\linkResolver.cpp, line 773]
Event: 7.871 Thread 0x0000020376509d90 Exception <a 'java/lang/NoSuchMethodError'{0x00000000d689a8e0}: 'int java.lang.invoke.DirectMethodHandle$Holder.invokeVirtual(java.lang.Object, java.lang.Object, java.lang.Object)'> (0x00000000d689a8e0) 
thrown [s\src\hotspot\share\interpreter\linkResolver.cpp, line 773]
Event: 7.871 Thread 0x0000020376509d90 Exception <a 'java/lang/NoSuchMethodError'{0x00000000d68becf8}: 'int java.lang.invoke.DirectMethodHandle$Holder.invokeStaticInit(java.lang.Object, int, int)'> (0x00000000d68becf8) 
thrown [s\src\hotspot\share\interpreter\linkResolver.cpp, line 773]
Event: 7.871 Thread 0x0000020376509d90 Exception <a 'java/lang/NoSuchMethodError'{0x00000000d68c61f0}: 'int java.lang.invoke.DirectMethodHandle$Holder.invokeStaticInit(java.lang.Object, long, long)'> (0x00000000d68c61f0) 
thrown [s\src\hotspot\share\interpreter\linkResolver.cpp, line 773]
Event: 7.871 Thread 0x0000020376509d90 Exception <a 'java/lang/NoSuchMethodError'{0x00000000d68d1490}: 'int java.lang.invoke.DirectMethodHandle$Holder.invokeStaticInit(java.lang.Object, float, float)'> (0x00000000d68d1490) 
thrown [s\src\hotspot\share\interpreter\linkResolver.cpp, line 773]
Event: 7.872 Thread 0x0000020376509d90 Exception <a 'java/lang/NoSuchMethodError'{0x00000000d68d7f20}: 'int java.lang.invoke.DirectMethodHandle$Holder.invokeStaticInit(java.lang.Object, double, double)'> (0x00000000d68d7f20) 
thrown [s\src\hotspot\share\interpreter\linkResolver.cpp, line 773]
Event: 7.872 Thread 0x0000020376509d90 Exception <a 'java/lang/NoSuchMethodError'{0x00000000d6904770}: 'int java.lang.invoke.DirectMethodHandle$Holder.invokeStatic(java.lang.Object, long)'> (0x00000000d6904770) 
thrown [s\src\hotspot\share\interpreter\linkResolver.cpp, line 773]
Event: 7.873 Thread 0x0000020376509d90 Exception <a 'java/lang/NoSuchMethodError'{0x00000000d6952770}: 'int java.lang.invoke.DirectMethodHandle$Holder.invokeSpecial(java.lang.Object, java.lang.Object, int, int)'> (0x00000000d6952770) 
thrown [s\src\hotspot\share\interpreter\linkResolver.cpp, line 773]
Event: 7.874 Thread 0x00000203765089e0 Exception <a 'sun/nio/fs/WindowsException'{0x00000000d69925d0}> (0x00000000d69925d0) 
thrown [s\src\hotspot\share\prims\jni.cpp, line 520]
Event: 7.875 Thread 0x0000020376509d90 Exception <a 'java/lang/NoSuchMethodError'{0x00000000d699cec8}: 'int java.lang.invoke.Invokers$Holder.linkToTargetMethod(java.lang.Object, java.lang.Object)'> (0x00000000d699cec8) 
thrown [s\src\hotspot\share\interpreter\linkResolver.cpp, line 773]
Event: 7.901 Thread 0x0000020376509d90 Exception <a 'java/lang/NoSuchMethodError'{0x00000000d5743d48}: 'java.lang.Object java.lang.invoke.DirectMethodHandle$Holder.invokeSpecialIFC(java.lang.Object, java.lang.Object, java.lang.Object, java.lang.Object)'> (0x00000000d5743d48) 
thrown [s\src\hotspot\share\interpreter\linkResolver.cpp, line 773]
Event: 8.070 Thread 0x00000203148aa4d0 Exception <a 'java/lang/NoSuchMethodError'{0x00000000d603c0d0}: 'void java.lang.invoke.DirectMethodHandle$Holder.invokeSpecial(java.lang.Object, java.lang.Object, java.lang.Object, java.lang.Object, java.lang.Object, java.lang.Object)'> (0x00000000d603c0d0) 
thrown [s\src\hotspot\share\interpreter\linkResolver.cpp, line 773]
Event: 8.072 Thread 0x00000203148aa4d0 Exception <a 'java/lang/IncompatibleClassChangeError'{0x00000000d604a120}: Found class java.lang.Object, but interface was expected> (0x00000000d604a120) 
thrown [s\src\hotspot\share\interpreter\linkResolver.cpp, line 840]
Event: 8.072 Thread 0x00000203148aa4d0 Exception <a 'java/lang/IncompatibleClassChangeError'{0x00000000d6087e88}: Found class java.lang.Object, but interface was expected> (0x00000000d6087e88) 
thrown [s\src\hotspot\share\interpreter\linkResolver.cpp, line 840]
Event: 8.143 Thread 0x0000020376509d90 Exception <a 'java/lang/NoClassDefFoundError'{0x00000000d6a218e8}: javax/enterprise/inject/Typed> (0x00000000d6a218e8) 
thrown [s\src\hotspot\share\classfile\systemDictionary.cpp, line 301]
Event: 8.382 Thread 0x000002037650a420 Exception <a 'java/lang/NoSuchMethodError'{0x00000000d576e4a8}: 'int java.lang.invoke.DirectMethodHandle$Holder.invokeSpecial(java.lang.Object, java.lang.Object, java.lang.Object, java.lang.Object)'> (0x00000000d576e4a8) 
thrown [s\src\hotspot\share\interpreter\linkResolver.cpp, line 773]
Event: 8.384 Thread 0x000002037650a420 Exception <a 'java/lang/NoSuchMethodError'{0x00000000d5fd0c38}: 'java.lang.Object java.lang.invoke.DirectMethodHandle$Holder.invokeStatic(java.lang.Object, int, java.lang.Object, java.lang.Object)'> (0x00000000d5fd0c38) 
thrown [s\src\hotspot\share\interpreter\linkResolver.cpp, line 773]
Event: 8.385 Thread 0x000002037650a420 Exception <a 'java/lang/NoSuchMethodError'{0x00000000d5fd4438}: 'java.lang.Object java.lang.invoke.DelegatingMethodHandle$Holder.delegate(java.lang.Object, int, java.lang.Object, java.lang.Object)'> (0x00000000d5fd4438) 
thrown [s\src\hotspot\share\interpreter\linkResolver.cpp, line 773]
Event: 8.386 Thread 0x000002037650a420 Implicit null exception at 0x0000020321d25c80 to 0x0000020321d25fc8
Event: 8.387 Thread 0x000002037650a420 Exception <a 'java/lang/NoSuchMethodError'{0x00000000d601f018}: 'int java.lang.invoke.Invokers$Holder.linkToTargetMethod(java.lang.Object, java.lang.Object, java.lang.Object)'> (0x00000000d601f018) 
thrown [s\src\hotspot\share\interpreter\linkResolver.cpp, line 773]

ZGC Phase Switch (0 events):
No events

VM Operations (20 events):
Event: 7.944 Executing VM operation: HandshakeAllThreads (Deoptimize) done
Event: 7.970 Executing VM operation: ParallelGCFailedAllocation (Allocation Failure)
Event: 7.971 Executing VM operation: ParallelGCFailedAllocation (Allocation Failure) done
Event: 7.997 Executing VM operation: CollectForMetadataAllocation (Metadata GC Threshold)
Event: 8.019 Executing VM operation: CollectForMetadataAllocation (Metadata GC Threshold) done
Event: 8.029 Executing VM operation: HandshakeAllThreads (Deoptimize)
Event: 8.029 Executing VM operation: HandshakeAllThreads (Deoptimize) done
Event: 8.050 Executing VM operation: HandshakeAllThreads (Deoptimize)
Event: 8.050 Executing VM operation: HandshakeAllThreads (Deoptimize) done
Event: 8.068 Executing VM operation: HandshakeAllThreads (Deoptimize)
Event: 8.069 Executing VM operation: HandshakeAllThreads (Deoptimize) done
Event: 8.136 Executing VM operation: HandshakeAllThreads (Deoptimize)
Event: 8.136 Executing VM operation: HandshakeAllThreads (Deoptimize) done
Event: 8.149 Executing VM operation: ParallelGCFailedAllocation (Allocation Failure)
Event: 8.151 Executing VM operation: ParallelGCFailedAllocation (Allocation Failure) done
Event: 8.286 Executing VM operation: HandshakeAllThreads (Deoptimize)
Event: 8.286 Executing VM operation: HandshakeAllThreads (Deoptimize) done
Event: 8.316 Executing VM operation: ParallelGCFailedAllocation (Allocation Failure)
Event: 8.317 Executing VM operation: ParallelGCFailedAllocation (Allocation Failure) done
Event: 9.317 Executing VM operation: Cleanup

Memory protections (0 events):
No events

Nmethod flushes (20 events):
Event: 8.010 Thread 0x0000020316d14a30 flushing  nmethod 0x000002031a6ec490
Event: 8.010 Thread 0x0000020316d14a30 flushing  nmethod 0x000002031a71a990
Event: 8.010 Thread 0x0000020316d14a30 flushing  nmethod 0x000002031a765b90
Event: 8.010 Thread 0x0000020316d14a30 flushing  nmethod 0x000002031a773890
Event: 8.010 Thread 0x0000020316d14a30 flushing  nmethod 0x000002031a790810
Event: 8.010 Thread 0x0000020316d14a30 flushing  nmethod 0x000002031a7a9090
Event: 8.010 Thread 0x0000020316d14a30 flushing  nmethod 0x000002031a7a9490
Event: 8.010 Thread 0x0000020316d14a30 flushing  nmethod 0x000002031a7a9d90
Event: 8.010 Thread 0x0000020316d14a30 flushing  nmethod 0x000002031a7aaf90
Event: 8.010 Thread 0x0000020316d14a30 flushing  nmethod 0x000002031a7abb90
Event: 8.010 Thread 0x0000020316d14a30 flushing  nmethod 0x000002031a7ac310
Event: 8.010 Thread 0x0000020316d14a30 flushing  nmethod 0x000002031a7adc90
Event: 8.010 Thread 0x0000020316d14a30 flushing  nmethod 0x000002031a7ae110
Event: 8.010 Thread 0x0000020316d14a30 flushing  nmethod 0x000002031a7ae610
Event: 8.010 Thread 0x0000020316d14a30 flushing  nmethod 0x000002031a7afe90
Event: 8.010 Thread 0x0000020316d14a30 flushing  nmethod 0x000002031a7b1310
Event: 8.010 Thread 0x0000020316d14a30 flushing  nmethod 0x000002031a7b3790
Event: 8.010 Thread 0x0000020316d14a30 flushing  nmethod 0x000002031a7ec610
Event: 8.010 Thread 0x0000020316d14a30 flushing  nmethod 0x000002031a880710
Event: 8.010 Thread 0x0000020316d14a30 flushing  nmethod 0x000002031a8a7010

Events (20 events):
Event: 7.856 Thread 0x00000203148aa4d0 Thread added: 0x00000203784fc4f0
Event: 7.856 Thread 0x00000203148aa4d0 Thread added: 0x00000203784fe5c0
Event: 7.856 Thread 0x00000203148aa4d0 Thread added: 0x00000203784fdf30
Event: 7.856 Thread 0x00000203148aa4d0 Thread added: 0x00000203784fb7d0
Event: 7.856 Thread 0x00000203148aa4d0 Thread added: 0x00000203784ff2e0
Event: 7.856 Thread 0x00000203148aa4d0 Thread added: 0x00000203784fbe60
Event: 7.856 Thread 0x00000203148aa4d0 Thread added: 0x00000203784ff970
Event: 7.857 Thread 0x00000203148aa4d0 Thread added: 0x0000020378500000
Event: 7.857 Thread 0x00000203148aa4d0 Thread added: 0x00000203784fcb80
Event: 7.857 Thread 0x00000203148aa4d0 Thread added: 0x0000020378502760
Event: 7.857 Thread 0x00000203148aa4d0 Thread added: 0x00000203785013b0
Event: 7.857 Thread 0x00000203148aa4d0 Thread added: 0x0000020378500d20
Event: 7.871 Thread 0x00000203148aa4d0 Thread added: 0x0000020378500690
Event: 7.958 Thread 0x000002036fe74240 Thread added: 0x00000203785d16d0
Event: 8.089 Thread 0x00000203148aa4d0 Thread added: 0x0000020378501a40
Event: 8.089 Thread 0x00000203148aa4d0 Thread added: 0x0000020378502df0
Event: 8.152 Thread 0x000002036fe73ba0 Thread added: 0x0000020376c04920
Event: 8.160 Thread 0x000002036fe74240 Thread added: 0x000002037872a410
Event: 8.164 Thread 0x0000020376145ed0 Thread added: 0x000002037a678a80
Event: 8.381 Thread 0x000002037650a420 Thread added: 0x00000203785020d0


Dynamic libraries:
0x00007ff77b530000 - 0x00007ff77b53e000 	c:\Users\IT\.windsurf\extensions\redhat.java-1.44.0-win32-x64\jre\21.0.8-win32-x86_64\bin\java.exe
0x00007ffc6bf40000 - 0x00007ffc6c1a7000 	C:\WINDOWS\SYSTEM32\ntdll.dll
0x00007ffc6b530000 - 0x00007ffc6b5f9000 	C:\WINDOWS\System32\KERNEL32.DLL
0x00007ffc694b0000 - 0x00007ffc698a0000 	C:\WINDOWS\System32\KERNELBASE.dll
0x00007ffc698b0000 - 0x00007ffc699fb000 	C:\WINDOWS\System32\ucrtbase.dll
0x00007ffc59340000 - 0x00007ffc5935e000 	c:\Users\IT\.windsurf\extensions\redhat.java-1.44.0-win32-x64\jre\21.0.8-win32-x86_64\bin\VCRUNTIME140.dll
0x00007ffc59360000 - 0x00007ffc59378000 	c:\Users\IT\.windsurf\extensions\redhat.java-1.44.0-win32-x64\jre\21.0.8-win32-x86_64\bin\jli.dll
0x00007ffc6b220000 - 0x00007ffc6b3e5000 	C:\WINDOWS\System32\USER32.dll
0x00007ffc55a70000 - 0x00007ffc55d0a000 	C:\WINDOWS\WinSxS\amd64_microsoft.windows.common-controls_6595b64144ccf1df_6.0.26100.4768_none_3e0c112ce331287c\COMCTL32.dll
0x00007ffc69480000 - 0x00007ffc694a7000 	C:\WINDOWS\System32\win32u.dll
0x00007ffc69ec0000 - 0x00007ffc69f69000 	C:\WINDOWS\System32\msvcrt.dll
0x00007ffc6a4c0000 - 0x00007ffc6a4eb000 	C:\WINDOWS\System32\GDI32.dll
0x00007ffc69340000 - 0x00007ffc69478000 	C:\WINDOWS\System32\gdi32full.dll
0x00007ffc69b80000 - 0x00007ffc69c23000 	C:\WINDOWS\System32\msvcp_win.dll
0x00007ffc6a480000 - 0x00007ffc6a4af000 	C:\WINDOWS\System32\IMM32.DLL
0x00007ffc5b370000 - 0x00007ffc5b37c000 	c:\Users\IT\.windsurf\extensions\redhat.java-1.44.0-win32-x64\jre\21.0.8-win32-x86_64\bin\vcruntime140_1.dll
0x00007ffc1f450000 - 0x00007ffc1f4dd000 	c:\Users\IT\.windsurf\extensions\redhat.java-1.44.0-win32-x64\jre\21.0.8-win32-x86_64\bin\msvcp140.dll
0x00007ffc00470000 - 0x00007ffc01207000 	c:\Users\IT\.windsurf\extensions\redhat.java-1.44.0-win32-x64\jre\21.0.8-win32-x86_64\bin\server\jvm.dll
0x00007ffc6a7d0000 - 0x00007ffc6a884000 	C:\WINDOWS\System32\ADVAPI32.dll
0x00007ffc6b3f0000 - 0x00007ffc6b496000 	C:\WINDOWS\System32\sechost.dll
0x00007ffc6a350000 - 0x00007ffc6a468000 	C:\WINDOWS\System32\RPCRT4.dll
0x00007ffc6ab10000 - 0x00007ffc6ab84000 	C:\WINDOWS\System32\WS2_32.dll
0x00007ffc68ed0000 - 0x00007ffc68f2e000 	C:\WINDOWS\SYSTEM32\POWRPROF.dll
0x00007ffc62ee0000 - 0x00007ffc62eeb000 	C:\WINDOWS\SYSTEM32\VERSION.dll
0x00007ffc55a30000 - 0x00007ffc55a65000 	C:\WINDOWS\SYSTEM32\WINMM.dll
0x00007ffc68eb0000 - 0x00007ffc68ec4000 	C:\WINDOWS\SYSTEM32\UMPDC.dll
0x00007ffc67df0000 - 0x00007ffc67e0b000 	C:\WINDOWS\SYSTEM32\kernel.appcore.dll
0x00007ffc51950000 - 0x00007ffc5195a000 	c:\Users\IT\.windsurf\extensions\redhat.java-1.44.0-win32-x64\jre\21.0.8-win32-x86_64\bin\jimage.dll
0x00007ffc56f90000 - 0x00007ffc571d1000 	C:\WINDOWS\SYSTEM32\DBGHELP.DLL
0x00007ffc69fc0000 - 0x00007ffc6a345000 	C:\WINDOWS\System32\combase.dll
0x00007ffc6a6e0000 - 0x00007ffc6a7c0000 	C:\WINDOWS\System32\OLEAUT32.dll
0x00007ffc3d170000 - 0x00007ffc3d1b3000 	C:\WINDOWS\SYSTEM32\dbgcore.DLL
0x00007ffc69c30000 - 0x00007ffc69cc9000 	C:\WINDOWS\System32\bcryptPrimitives.dll
0x00007ffc534e0000 - 0x00007ffc534ef000 	c:\Users\IT\.windsurf\extensions\redhat.java-1.44.0-win32-x64\jre\21.0.8-win32-x86_64\bin\instrument.dll
0x00007ffc40e60000 - 0x00007ffc40e7f000 	c:\Users\IT\.windsurf\extensions\redhat.java-1.44.0-win32-x64\jre\21.0.8-win32-x86_64\bin\java.dll
0x00007ffc6b730000 - 0x00007ffc6be7d000 	C:\WINDOWS\System32\SHELL32.dll
0x00007ffc69070000 - 0x00007ffc691e3000 	C:\WINDOWS\System32\wintypes.dll
0x00007ffc66c90000 - 0x00007ffc674f0000 	C:\WINDOWS\SYSTEM32\windows.storage.dll
0x00007ffc6a890000 - 0x00007ffc6a985000 	C:\WINDOWS\System32\SHCORE.dll
0x00007ffc6be90000 - 0x00007ffc6befa000 	C:\WINDOWS\System32\shlwapi.dll
0x00007ffc68f60000 - 0x00007ffc68f89000 	C:\WINDOWS\SYSTEM32\profapi.dll
0x00007ffc4bfd0000 - 0x00007ffc4bfe8000 	c:\Users\IT\.windsurf\extensions\redhat.java-1.44.0-win32-x64\jre\21.0.8-win32-x86_64\bin\zip.dll
0x00007ffc534d0000 - 0x00007ffc534e0000 	C:\Users\IT\.windsurf\extensions\redhat.java-1.44.0-win32-x64\jre\21.0.8-win32-x86_64\bin\net.dll
0x00007ffc620a0000 - 0x00007ffc621be000 	C:\WINDOWS\SYSTEM32\WINHTTP.dll
0x00007ffc68380000 - 0x00007ffc683eb000 	C:\WINDOWS\system32\mswsock.dll
0x00007ffc3e490000 - 0x00007ffc3e4a6000 	C:\Users\IT\.windsurf\extensions\redhat.java-1.44.0-win32-x64\jre\21.0.8-win32-x86_64\bin\nio.dll
0x00007ffc514a0000 - 0x00007ffc514b0000 	c:\Users\IT\.windsurf\extensions\redhat.java-1.44.0-win32-x64\jre\21.0.8-win32-x86_64\bin\verify.dll
0x00007ffc07380000 - 0x00007ffc073c5000 	C:\Users\IT\AppData\Roaming\Windsurf\User\globalStorage\redhat.java\1.44.0\config_win\org.eclipse.equinox.launcher\org.eclipse.equinox.launcher.win32.win32.x86_64_1.2.1400.v20250730-1736\eclipse_11913.dll
0x00007ffc6a520000 - 0x00007ffc6a6c0000 	C:\WINDOWS\System32\ole32.dll
0x00007ffc59330000 - 0x00007ffc5933a000 	C:\Users\IT\.windsurf\extensions\redhat.java-1.44.0-win32-x64\jre\21.0.8-win32-x86_64\bin\management.dll
0x00007ffc59320000 - 0x00007ffc5932b000 	C:\Users\IT\.windsurf\extensions\redhat.java-1.44.0-win32-x64\jre\21.0.8-win32-x86_64\bin\management_ext.dll
0x00007ffc6ad80000 - 0x00007ffc6ad88000 	C:\WINDOWS\System32\PSAPI.DLL
0x00007ffc68640000 - 0x00007ffc6865b000 	C:\WINDOWS\SYSTEM32\CRYPTSP.dll
0x00007ffc67d50000 - 0x00007ffc67d8b000 	C:\WINDOWS\system32\rsaenh.dll
0x00007ffc68420000 - 0x00007ffc6844b000 	C:\WINDOWS\SYSTEM32\USERENV.dll
0x00007ffc68f90000 - 0x00007ffc68fb6000 	C:\WINDOWS\SYSTEM32\bcrypt.dll
0x00007ffc68660000 - 0x00007ffc6866c000 	C:\WINDOWS\SYSTEM32\CRYPTBASE.dll
0x00007ffc67800000 - 0x00007ffc67833000 	C:\WINDOWS\SYSTEM32\IPHLPAPI.DLL
0x00007ffc6a470000 - 0x00007ffc6a47a000 	C:\WINDOWS\System32\NSI.dll
0x00007ffc01d00000 - 0x00007ffc01d49000 	C:\Users\IT\AppData\Local\Temp\jna-2347\jna14937470178256099467.dll
0x00007ffc625a0000 - 0x00007ffc625bf000 	C:\WINDOWS\SYSTEM32\dhcpcsvc6.DLL
0x00007ffc61f30000 - 0x00007ffc61f55000 	C:\WINDOWS\SYSTEM32\dhcpcsvc.DLL
0x00007ffc59310000 - 0x00007ffc5931e000 	C:\Users\IT\.windsurf\extensions\redhat.java-1.44.0-win32-x64\jre\21.0.8-win32-x86_64\bin\sunmscapi.dll
0x00007ffc69a00000 - 0x00007ffc69b77000 	C:\WINDOWS\System32\CRYPT32.dll
0x00007ffc68860000 - 0x00007ffc68890000 	C:\WINDOWS\SYSTEM32\ncrypt.dll
0x00007ffc68810000 - 0x00007ffc6884f000 	C:\WINDOWS\SYSTEM32\NTASN1.dll
0x00007ffc67840000 - 0x00007ffc67966000 	C:\WINDOWS\SYSTEM32\DNSAPI.dll
0x00007ffc62590000 - 0x00007ffc6259b000 	C:\Windows\System32\rasadhlp.dll
0x00007ffc60a30000 - 0x00007ffc60ab6000 	C:\WINDOWS\System32\fwpuclnt.dll
0x00007ffc59300000 - 0x00007ffc59309000 	C:\Users\IT\.windsurf\extensions\redhat.java-1.44.0-win32-x64\jre\21.0.8-win32-x86_64\bin\extnet.dll

JVMTI agents:
c:\Users\IT\.windsurf\extensions\redhat.java-1.44.0-win32-x64\lombok\lombok-1.18.39-4050.jar path:c:\Users\IT\.windsurf\extensions\redhat.java-1.44.0-win32-x64\jre\21.0.8-win32-x86_64\bin\instrument.dll, loaded, initialized, instrumentlib options:none

dbghelp: loaded successfully - version: 4.0.5 - missing functions: none
symbol engine: initialized successfully - sym options: 0x614 - pdb path: .;c:\Users\IT\.windsurf\extensions\redhat.java-1.44.0-win32-x64\jre\21.0.8-win32-x86_64\bin;C:\WINDOWS\SYSTEM32;C:\WINDOWS\WinSxS\amd64_microsoft.windows.common-controls_6595b64144ccf1df_6.0.26100.4768_none_3e0c112ce331287c;c:\Users\IT\.windsurf\extensions\redhat.java-1.44.0-win32-x64\jre\21.0.8-win32-x86_64\bin\server;C:\Users\IT\AppData\Roaming\Windsurf\User\globalStorage\redhat.java\1.44.0\config_win\org.eclipse.equinox.launcher\org.eclipse.equinox.launcher.win32.win32.x86_64_1.2.1400.v20250730-1736;C:\Users\IT\AppData\Local\Temp\jna-2347

VM Arguments:
jvm_args: --add-modules=ALL-SYSTEM --add-opens=java.base/java.util=ALL-UNNAMED --add-opens=java.base/java.lang=ALL-UNNAMED --add-opens=java.base/sun.nio.fs=ALL-UNNAMED -Declipse.application=org.eclipse.jdt.ls.core.id1 -Dosgi.bundles.defaultStartLevel=4 -Declipse.product=org.eclipse.jdt.ls.core.product -Djava.import.generatesMetadataFilesAtProjectRoot=false -DDetectVMInstallationsJob.disabled=true -Dfile.encoding=utf8 -XX:+UseParallelGC -XX:GCTimeRatio=4 -XX:AdaptiveSizePolicyWeight=90 -Dsun.zip.disableMemoryMapping=true -Xmx2G -Xms100m -Xlog:disable -javaagent:c:\Users\IT\.windsurf\extensions\redhat.java-1.44.0-win32-x64\lombok\lombok-1.18.39-4050.jar -XX:+HeapDumpOnOutOfMemoryError -XX:HeapDumpPath=c:\Users\IT\AppData\Roaming\Windsurf\User\workspaceStorage\9304a57263ee466e7959e3898a525b22\redhat.java -Daether.dependencyCollector.impl=bf 
java_command: c:\Users\IT\.windsurf\extensions\redhat.java-1.44.0-win32-x64\server\plugins\org.eclipse.equinox.launcher_1.7.0.v20250519-0528.jar -configuration c:\Users\IT\AppData\Roaming\Windsurf\User\globalStorage\redhat.java\1.44.0\config_win -data c:\Users\IT\AppData\Roaming\Windsurf\User\workspaceStorage\9304a57263ee466e7959e3898a525b22\redhat.java\jdt_ws --pipe=\\.\pipe\lsp-b27b47faa216f9eb591e64d5888fbd98-sock
java_class_path (initial): c:\Users\IT\.windsurf\extensions\redhat.java-1.44.0-win32-x64\server\plugins\org.eclipse.equinox.launcher_1.7.0.v20250519-0528.jar
Launcher Type: SUN_STANDARD

[Global flags]
    uintx AdaptiveSizePolicyWeight                 = 90                                        {product} {command line}
     intx CICompilerCount                          = 12                                        {product} {ergonomic}
    uintx GCTimeRatio                              = 4                                         {product} {command line}
     bool HeapDumpOnOutOfMemoryError               = true                                   {manageable} {command line}
    ccstr HeapDumpPath                             = c:\Users\IT\AppData\Roaming\Windsurf\User\workspaceStorage\9304a57263ee466e7959e3898a525b22\redhat.java         {manageable} {command line}
   size_t InitialHeapSize                          = 104857600                                 {product} {command line}
   size_t MaxHeapSize                              = 2147483648                                {product} {command line}
   size_t MaxNewSize                               = 715653120                                 {product} {ergonomic}
   size_t MinHeapDeltaBytes                        = 524288                                    {product} {ergonomic}
   size_t MinHeapSize                              = 104857600                                 {product} {command line}
   size_t NewSize                                  = 34603008                                  {product} {ergonomic}
    uintx NonNMethodCodeHeapSize                   = 7602480                                {pd product} {ergonomic}
    uintx NonProfiledCodeHeapSize                  = 122027880                              {pd product} {ergonomic}
   size_t OldSize                                  = 70254592                                  {product} {ergonomic}
    uintx ProfiledCodeHeapSize                     = 122027880                              {pd product} {ergonomic}
    uintx ReservedCodeCacheSize                    = 251658240                              {pd product} {ergonomic}
     bool SegmentedCodeCache                       = true                                      {product} {ergonomic}
   size_t SoftMaxHeapSize                          = 2147483648                             {manageable} {ergonomic}
     bool UseCompressedOops                        = true                           {product lp64_product} {ergonomic}
     bool UseLargePagesIndividualAllocation        = false                                  {pd product} {ergonomic}
     bool UseParallelGC                            = true                                      {product} {command line}

Logging:
Log output configuration:
 #0: stdout all=off uptime,level,tags foldmultilines=false
 #1: stderr all=off uptime,level,tags foldmultilines=false

Environment Variables:
JAVA_HOME=C:\Program Files\Java\jdk-17
PATH=C:\Program Files\Common Files\Oracle\Java\javapath;C:\WINDOWS\system32;C:\WINDOWS;C:\WINDOWS\System32\Wbem;C:\WINDOWS\System32\WindowsPowerShell\v1.0\;C:\WINDOWS\System32\OpenSSH\;C:\wamp64\bin\php\php8.2.26;C:\ProgramData\ComposerSetup\bin;C:\Program Files\Microsoft SQL Server\150\Tools\Binn\;C:\Program Files\Microsoft SQL Server\Client SDK\ODBC\170\Tools\Binn\;C:\Program Files\dotnet\;C:\Program Files\Git\cmd;C:\Program Files\Microsoft SQL Server\Client SDK\ODBC\130\Tools\Binn\;C:\Program Files (x86)\Microsoft SQL Server\140\Tools\Binn\;C:\Program Files (x86)\Microsoft SQL Server\Client SDK\ODBC\130\Tools\Binn\;C:\Program Files (x86)\Microsoft SQL Server\140\DTS\Binn\;C:\Program Files (x86)\Microsoft SQL Server\140\Tools\Binn\ManagementStudio\;C:\Program Files\Microsoft SQL Server\140\Tools\Binn\;C:\Program Files\Microsoft SQL Server\140\DTS\Binn\;C:\Program Files\nodejs\;C:\Program Files\Java\jdk-17;C:\Program Files\PostgreSQL\17\bin;C:\Program Files\Cloudflare\Cloudflare WARP\;C:\Users\IT\AppData\Local\Microsoft\WindowsApps;C:\Users\IT\AppData\Local\Programs\Microsoft VS Code\bin;C:\Users\IT\AppData\Local\GitHubDesktop\bin;C:\Users\IT\AppData\Roaming\Composer\vendor\bin;C:\Users\IT\.dotnet\tools;C:\Users\IT\AppData\Roaming\npm;C:\Users\IT\AppData\Local\Programs\Windsurf\bin
USERNAME=IT
OS=Windows_NT
PROCESSOR_IDENTIFIER=Intel64 Family 6 Model 165 Stepping 5, GenuineIntel
TMP=C:\Users\IT\AppData\Local\Temp
TEMP=C:\Users\IT\AppData\Local\Temp




Periodic native trim disabled

---------------  S Y S T E M  ---------------

OS:
 Windows 11 , 64 bit Build 26100 (10.0.26100.4768)
OS uptime: 0 days 6:25 hours

CPU: total 16 (initial active 16) (8 cores per cpu, 2 threads per core) family 6 model 165 stepping 5 microcode 0x100, cx8, cmov, fxsr, ht, mmx, 3dnowpref, sse, sse2, sse3, ssse3, sse4.1, sse4.2, popcnt, lzcnt, tsc, tscinvbit, avx, avx2, aes, erms, clmul, bmi1, bmi2, adx, fma, vzeroupper, clflush, clflushopt, rdtscp, f16c, pku
Processor Information for processor 0
  Max Mhz: 2901, Current Mhz: 2901, Mhz Limit: 2901
Processor Information for processor 1
  Max Mhz: 2901, Current Mhz: 1100, Mhz Limit: 2901
Processor Information for processor 2
  Max Mhz: 2901, Current Mhz: 1100, Mhz Limit: 2901
Processor Information for processor 3
  Max Mhz: 2901, Current Mhz: 800, Mhz Limit: 2901
Processor Information for processor 4
  Max Mhz: 2901, Current Mhz: 800, Mhz Limit: 2901
Processor Information for processor 5
  Max Mhz: 2901, Current Mhz: 1100, Mhz Limit: 2901
Processor Information for processor 6
  Max Mhz: 2901, Current Mhz: 1100, Mhz Limit: 2901
Processor Information for processor 7
  Max Mhz: 2901, Current Mhz: 1100, Mhz Limit: 2901
Processor Information for processor 8
  Max Mhz: 2901, Current Mhz: 1100, Mhz Limit: 2901
Processor Information for processor 9
  Max Mhz: 2901, Current Mhz: 1100, Mhz Limit: 2901
Processor Information for processor 10
  Max Mhz: 2901, Current Mhz: 1100, Mhz Limit: 2901
Processor Information for processor 11
  Max Mhz: 2901, Current Mhz: 1100, Mhz Limit: 2901
Processor Information for processor 12
  Max Mhz: 2901, Current Mhz: 2901, Mhz Limit: 2901
Processor Information for processor 13
  Max Mhz: 2901, Current Mhz: 1100, Mhz Limit: 2901
Processor Information for processor 14
  Max Mhz: 2901, Current Mhz: 2901, Mhz Limit: 2901
Processor Information for processor 15
  Max Mhz: 2901, Current Mhz: 1100, Mhz Limit: 2901

Memory: 4k page, system-wide physical 16099M (4451M free)
TotalPageFile size 36236M (AvailPageFile size 14M)
current process WorkingSet (physical memory assigned to process): 244M, peak: 248M
current process commit charge ("private bytes"): 378M, peak: 383M

vm_info: OpenJDK 64-Bit Server VM (21.0.8+9-LTS) for windows-amd64 JRE (21.0.8+9-LTS), built on 2025-07-15T00:00:00Z by "admin" with MS VC++ 17.7 (VS2022)

END.
