#
# There is insufficient memory for the Java Runtime Environment to continue.
# Native memory allocation (malloc) failed to allocate 1187216 bytes. Error detail: Chunk::new
# Possible reasons:
#   The system is out of physical RAM or swap space
#   This process is running with CompressedOops enabled, and the Java Heap may be blocking the growth of the native heap
# Possible solutions:
#   Reduce memory load on the system
#   Increase physical memory or swap space
#   Check if swap backing store is full
#   Decrease Java heap size (-Xmx/-Xms)
#   Decrease number of Java threads
#   Decrease Java thread stack sizes (-Xss)
#   Set larger code cache with -XX:ReservedCodeCacheSize=
#   JVM is running with Unscaled Compressed Oops mode in which the Java heap is
#     placed in the first 4GB address space. The Java Heap base address is the
#     maximum limit for the native heap growth. Please use -XX:HeapBaseMinAddress
#     to set the Java Heap base and to place the Java Heap above 4GB virtual address.
# This output file may be truncated or incomplete.
#
#  Out of Memory Error (arena.cpp:168), pid=8092, tid=22896
#
# JRE version: OpenJDK Runtime Environment Temurin-21.0.8+9 (21.0.8+9) (build 21.0.8+9-LTS)
# Java VM: OpenJDK 64-Bit Server VM Temurin-21.0.8+9 (21.0.8+9-LTS, mixed mode, sharing, tiered, compressed oops, compressed class ptrs, parallel gc, windows-amd64)
# No core dump will be written. Minidumps are not enabled by default on client versions of Windows
#

---------------  S U M M A R Y ------------

Command Line: --add-modules=ALL-SYSTEM --add-opens=java.base/java.util=ALL-UNNAMED --add-opens=java.base/java.lang=ALL-UNNAMED --add-opens=java.base/sun.nio.fs=ALL-UNNAMED -Declipse.application=org.eclipse.jdt.ls.core.id1 -Dosgi.bundles.defaultStartLevel=4 -Declipse.product=org.eclipse.jdt.ls.core.product -Djava.import.generatesMetadataFilesAtProjectRoot=false -DDetectVMInstallationsJob.disabled=true -Dfile.encoding=utf8 -XX:+UseParallelGC -XX:GCTimeRatio=4 -XX:AdaptiveSizePolicyWeight=90 -Dsun.zip.disableMemoryMapping=true -Xmx2G -Xms100m -Xlog:disable -javaagent:c:\Users\IT\.windsurf\extensions\redhat.java-1.44.0-win32-x64\lombok\lombok-1.18.39-4050.jar -XX:+HeapDumpOnOutOfMemoryError -XX:HeapDumpPath=c:\Users\IT\AppData\Roaming\Windsurf\User\workspaceStorage\9304a57263ee466e7959e3898a525b22\redhat.java -Daether.dependencyCollector.impl=bf c:\Users\IT\.windsurf\extensions\redhat.java-1.44.0-win32-x64\server\plugins\org.eclipse.equinox.launcher_1.7.0.v20250519-0528.jar -configuration c:\Users\IT\AppData\Roaming\Windsurf\User\globalStorage\redhat.java\1.44.0\config_win -data c:\Users\IT\AppData\Roaming\Windsurf\User\workspaceStorage\9304a57263ee466e7959e3898a525b22\redhat.java\jdt_ws --pipe=\\.\pipe\lsp-af9fc4a4274e0f5e14dab203f6e8ebff-sock

Host: Intel(R) Core(TM) i7-10700 CPU @ 2.90GHz, 16 cores, 15G,  Windows 11 , 64 bit Build 26100 (10.0.26100.4768)
Time: Sun Aug 24 10:30:00 2025 Afghanistan Standard Time elapsed time: 6.658579 seconds (0d 0h 0m 6s)

---------------  T H R E A D  ---------------

Current thread (0x000002b5f09d79d0):  JavaThread "C2 CompilerThread2" daemon [_thread_in_native, id=22896, stack(0x000000b694500000,0x000000b694600000) (1024K)]


Current CompileTask:
C2:6658 8975       4       org.apache.felix.resolver.ResolverImpl::checkPackageSpaceConsistency (1205 bytes)

Stack: [0x000000b694500000,0x000000b694600000]
Native frames: (J=compiled Java code, j=interpreted, Vv=VM code, C=native code)
V  [jvm.dll+0x6d2449]
V  [jvm.dll+0x8ae341]
V  [jvm.dll+0x8b08be]
V  [jvm.dll+0x8b0fa3]
V  [jvm.dll+0x280c96]
V  [jvm.dll+0xc581d]
V  [jvm.dll+0xc5d53]
V  [jvm.dll+0x2f539d]
V  [jvm.dll+0x5fa00a]
V  [jvm.dll+0x252092]
V  [jvm.dll+0x25244f]
V  [jvm.dll+0x24ad14]
V  [jvm.dll+0x2483a4]
V  [jvm.dll+0x1c89ee]
V  [jvm.dll+0x257d4d]
V  [jvm.dll+0x2562ea]
V  [jvm.dll+0x3f2d16]
V  [jvm.dll+0x857e6b]
V  [jvm.dll+0x6d0b0d]
C  [ucrtbase.dll+0x37b0]
C  [KERNEL32.DLL+0x2e8d7]
C  [ntdll.dll+0x3c34c]


---------------  P R O C E S S  ---------------

Threads class SMR info:
_java_thread_list=0x000002b5976fab90, length=95, elements={
0x000002b59786a6a0, 0x000002b5f07e83e0, 0x000002b59781b450, 0x000002b5f07eac80,
0x000002b5f07ecf60, 0x000002b5f07f0120, 0x000002b5f07f8190, 0x000002b5f080a130,
0x000002b5f080b5a0, 0x000002b5f07f9bd0, 0x000002b5f09d7330, 0x000002b5f09d79d0,
0x000002b5f07fa260, 0x000002b5f07f7470, 0x000002b5f07f6de0, 0x000002b5f07f7b00,
0x000002b5f07f8820, 0x000002b5f07f8eb0, 0x000002b5f07f9540, 0x000002b5f6a8a520,
0x000002b5f6a8bf60, 0x000002b5f6a8cc80, 0x000002b5f6a8c5f0, 0x000002b5f6a8b240,
0x000002b5f6a8abb0, 0x000002b5f6a8b8d0, 0x000002b5f6a8d310, 0x000002b5f6a89e90,
0x000002b5f6a90100, 0x000002b5f6a8fa70, 0x000002b5f6a8f3e0, 0x000002b5f6a90790,
0x000002b5f6a90e20, 0x000002b5f686afb0, 0x000002b5f7034760, 0x000002b5f6a8d9a0,
0x000002b5f6a8e030, 0x000002b5f6a8ed50, 0x000002b5f7090180, 0x000002b5f708faf0,
0x000002b5f7090810, 0x000002b5f7091bc0, 0x000002b5f708edd0, 0x000002b5f7091530,
0x000002b5f9696da0, 0x000002b5f90424b0, 0x000002b5f70956d0, 0x000002b5f7092250,
0x000002b5f7092f70, 0x000002b5f7095d60, 0x000002b5f7095040, 0x000002b5f7093c90,
0x000002b5f70928e0, 0x000002b5f70963f0, 0x000002b5f7094320, 0x000002b5f70949b0,
0x000002b5f7093600, 0x000002b5f8f98be0, 0x000002b5f8f9a620, 0x000002b5f8f9b340,
0x000002b5f8f9acb0, 0x000002b5f8f97ec0, 0x000002b5f8f9b9d0, 0x000002b5f8f98550,
0x000002b5f8f9c060, 0x000002b5f8f99900, 0x000002b5fa772b30, 0x000002b5f8f9c6f0,
0x000002b5f8f99270, 0x000002b5f8f9cd80, 0x000002b5f8f9e7c0, 0x000002b5f8f9f4e0,
0x000002b5f8f9ee50, 0x000002b5fdf3ae60, 0x000002b5fdf3b4f0, 0x000002b5fdf3bb80,
0x000002b5fdf3c210, 0x000002b5fdf3c8a0, 0x000002b5fdf3cf30, 0x000002b5fdf3d5c0,
0x000002b5fdf3a140, 0x000002b5fdf3dc50, 0x000002b5fdf3a7d0, 0x000002b5fdf3e2e0,
0x000002b5fdf3e970, 0x000002b5fdf3f000, 0x000002b5fdf41760, 0x000002b5fdf3f690,
0x000002b5fdf3fd20, 0x000002b5fdf403b0, 0x000002b5fdf40a40, 0x000002b5fdf410d0,
0x000002b5f75a28e0, 0x000002b5f75a3600, 0x000002b5f75a2f70
}

Java Threads: ( => current thread )
  0x000002b59786a6a0 JavaThread "main"                              [_thread_blocked, id=21788, stack(0x000000b693500000,0x000000b693600000) (1024K)]
  0x000002b5f07e83e0 JavaThread "Reference Handler"          daemon [_thread_blocked, id=22628, stack(0x000000b693900000,0x000000b693a00000) (1024K)]
  0x000002b59781b450 JavaThread "Finalizer"                  daemon [_thread_blocked, id=21116, stack(0x000000b693a00000,0x000000b693b00000) (1024K)]
  0x000002b5f07eac80 JavaThread "Signal Dispatcher"          daemon [_thread_blocked, id=5512, stack(0x000000b693b00000,0x000000b693c00000) (1024K)]
  0x000002b5f07ecf60 JavaThread "Attach Listener"            daemon [_thread_blocked, id=14616, stack(0x000000b693c00000,0x000000b693d00000) (1024K)]
  0x000002b5f07f0120 JavaThread "Service Thread"             daemon [_thread_blocked, id=16488, stack(0x000000b693d00000,0x000000b693e00000) (1024K)]
  0x000002b5f07f8190 JavaThread "Monitor Deflation Thread"   daemon [_thread_blocked, id=1560, stack(0x000000b693e00000,0x000000b693f00000) (1024K)]
  0x000002b5f080a130 JavaThread "C2 CompilerThread0"         daemon [_thread_in_native, id=18620, stack(0x000000b693f00000,0x000000b694000000) (1024K)]
  0x000002b5f080b5a0 JavaThread "C1 CompilerThread0"         daemon [_thread_blocked, id=17568, stack(0x000000b694000000,0x000000b694100000) (1024K)]
  0x000002b5f07f9bd0 JavaThread "Common-Cleaner"             daemon [_thread_blocked, id=9568, stack(0x000000b694200000,0x000000b694300000) (1024K)]
  0x000002b5f09d7330 JavaThread "C2 CompilerThread1"         daemon [_thread_blocked, id=18256, stack(0x000000b694400000,0x000000b694500000) (1024K)]
=>0x000002b5f09d79d0 JavaThread "C2 CompilerThread2"         daemon [_thread_in_native, id=22896, stack(0x000000b694500000,0x000000b694600000) (1024K)]
  0x000002b5f07fa260 JavaThread "Notification Thread"        daemon [_thread_blocked, id=20280, stack(0x000000b694700000,0x000000b694800000) (1024K)]
  0x000002b5f07f7470 JavaThread "Equinox resolver thread - Equinox Container: 2a0b70df-131a-41cf-ae95-ffc72628bb64" daemon [_thread_blocked, id=292, stack(0x000000b694e00000,0x000000b694f00000) (1024K)]
  0x000002b5f07f6de0 JavaThread "Equinox resolver thread - Equinox Container: 2a0b70df-131a-41cf-ae95-ffc72628bb64" daemon [_thread_blocked, id=17640, stack(0x000000b694f00000,0x000000b695000000) (1024K)]
  0x000002b5f07f7b00 JavaThread "Equinox resolver thread - Equinox Container: 2a0b70df-131a-41cf-ae95-ffc72628bb64" daemon [_thread_blocked, id=17376, stack(0x000000b695000000,0x000000b695100000) (1024K)]
  0x000002b5f07f8820 JavaThread "Equinox resolver thread - Equinox Container: 2a0b70df-131a-41cf-ae95-ffc72628bb64" daemon [_thread_blocked, id=20960, stack(0x000000b695100000,0x000000b695200000) (1024K)]
  0x000002b5f07f8eb0 JavaThread "Equinox resolver thread - Equinox Container: 2a0b70df-131a-41cf-ae95-ffc72628bb64" daemon [_thread_blocked, id=20888, stack(0x000000b695200000,0x000000b695300000) (1024K)]
  0x000002b5f07f9540 JavaThread "Equinox resolver thread - Equinox Container: 2a0b70df-131a-41cf-ae95-ffc72628bb64" daemon [_thread_blocked, id=16220, stack(0x000000b695300000,0x000000b695400000) (1024K)]
  0x000002b5f6a8a520 JavaThread "Active Thread: Equinox Container: 2a0b70df-131a-41cf-ae95-ffc72628bb64"        [_thread_blocked, id=23072, stack(0x000000b695400000,0x000000b695500000) (1024K)]
  0x000002b5f6a8bf60 JavaThread "Framework Event Dispatcher: Equinox Container: 2a0b70df-131a-41cf-ae95-ffc72628bb64" daemon [_thread_blocked, id=440, stack(0x000000b695600000,0x000000b695700000) (1024K)]
  0x000002b5f6a8cc80 JavaThread "Start Level: Equinox Container: 2a0b70df-131a-41cf-ae95-ffc72628bb64" daemon [_thread_blocked, id=9404, stack(0x000000b695700000,0x000000b695800000) (1024K)]
  0x000002b5f6a8c5f0 JavaThread "Refresh Thread: Equinox Container: 2a0b70df-131a-41cf-ae95-ffc72628bb64" daemon [_thread_blocked, id=15500, stack(0x000000b695800000,0x000000b695900000) (1024K)]
  0x000002b5f6a8b240 JavaThread "Equinox resolver thread - Equinox Container: 2a0b70df-131a-41cf-ae95-ffc72628bb64" daemon [_thread_blocked, id=10112, stack(0x000000b695900000,0x000000b695a00000) (1024K)]
  0x000002b5f6a8abb0 JavaThread "Equinox resolver thread - Equinox Container: 2a0b70df-131a-41cf-ae95-ffc72628bb64" daemon [_thread_blocked, id=20764, stack(0x000000b695a00000,0x000000b695b00000) (1024K)]
  0x000002b5f6a8b8d0 JavaThread "Equinox resolver thread - Equinox Container: 2a0b70df-131a-41cf-ae95-ffc72628bb64" daemon [_thread_blocked, id=22504, stack(0x000000b695b00000,0x000000b695c00000) (1024K)]
  0x000002b5f6a8d310 JavaThread "Equinox resolver thread - Equinox Container: 2a0b70df-131a-41cf-ae95-ffc72628bb64" daemon [_thread_blocked, id=17136, stack(0x000000b695c00000,0x000000b695d00000) (1024K)]
  0x000002b5f6a89e90 JavaThread "Equinox resolver thread - Equinox Container: 2a0b70df-131a-41cf-ae95-ffc72628bb64" daemon [_thread_blocked, id=23028, stack(0x000000b695d00000,0x000000b695e00000) (1024K)]
  0x000002b5f6a90100 JavaThread "Equinox resolver thread - Equinox Container: 2a0b70df-131a-41cf-ae95-ffc72628bb64" daemon [_thread_blocked, id=22716, stack(0x000000b695e00000,0x000000b695f00000) (1024K)]
  0x000002b5f6a8fa70 JavaThread "Equinox resolver thread - Equinox Container: 2a0b70df-131a-41cf-ae95-ffc72628bb64" daemon [_thread_blocked, id=15004, stack(0x000000b695f00000,0x000000b696000000) (1024K)]
  0x000002b5f6a8f3e0 JavaThread "Equinox resolver thread - Equinox Container: 2a0b70df-131a-41cf-ae95-ffc72628bb64" daemon [_thread_blocked, id=3552, stack(0x000000b696000000,0x000000b696100000) (1024K)]
  0x000002b5f6a90790 JavaThread "Equinox resolver thread - Equinox Container: 2a0b70df-131a-41cf-ae95-ffc72628bb64" daemon [_thread_blocked, id=10336, stack(0x000000b696100000,0x000000b696200000) (1024K)]
  0x000002b5f6a90e20 JavaThread "Equinox resolver thread - Equinox Container: 2a0b70df-131a-41cf-ae95-ffc72628bb64" daemon [_thread_blocked, id=872, stack(0x000000b696200000,0x000000b696300000) (1024K)]
  0x000002b5f686afb0 JavaThread "C2 CompilerThread3"         daemon [_thread_blocked, id=4964, stack(0x000000b696300000,0x000000b696400000) (1024K)]
  0x000002b5f7034760 JavaThread "C2 CompilerThread4"         daemon [_thread_in_native, id=22652, stack(0x000000b696400000,0x000000b696500000) (1024K)]
  0x000002b5f6a8d9a0 JavaThread "Bundle File Closer"         daemon [_thread_blocked, id=22188, stack(0x000000b696800000,0x000000b696900000) (1024K)]
  0x000002b5f6a8e030 JavaThread "SCR Component Actor"        daemon [_thread_blocked, id=5564, stack(0x000000b696900000,0x000000b696a00000) (1024K)]
  0x000002b5f6a8ed50 JavaThread "Worker-JM"                         [_thread_blocked, id=19148, stack(0x000000b696c00000,0x000000b696d00000) (1024K)]
  0x000002b5f7090180 JavaThread "JNA Cleaner"                daemon [_thread_blocked, id=21196, stack(0x000000b696e00000,0x000000b696f00000) (1024K)]
  0x000002b5f708faf0 JavaThread "Worker-0"                          [_thread_blocked, id=8972, stack(0x000000b696f00000,0x000000b697000000) (1024K)]
  0x000002b5f7090810 JavaThread "Worker-1"                          [_thread_blocked, id=3100, stack(0x000000b697000000,0x000000b697100000) (1024K)]
  0x000002b5f7091bc0 JavaThread "Worker-2"                          [_thread_blocked, id=21816, stack(0x000000b697100000,0x000000b697200000) (1024K)]
  0x000002b5f708edd0 JavaThread "Java indexing"              daemon [_thread_blocked, id=23432, stack(0x000000b697200000,0x000000b697300000) (1024K)]
  0x000002b5f7091530 JavaThread "Worker-3: Java indexing... "        [_thread_blocked, id=16636, stack(0x000000b697300000,0x000000b697400000) (1024K)]
  0x000002b5f9696da0 JavaThread "C2 CompilerThread5"         daemon [_thread_in_native, id=4600, stack(0x000000b697400000,0x000000b697500000) (1024K)]
  0x000002b5f90424b0 JavaThread "C2 CompilerThread6"         daemon [_thread_blocked, id=22436, stack(0x000000b697500000,0x000000b697600000) (1024K)]
  0x000002b5f70956d0 JavaThread "Worker-4"                          [_thread_blocked, id=14672, stack(0x000000b697900000,0x000000b697a00000) (1024K)]
  0x000002b5f7092250 JavaThread "Worker-5"                          [_thread_blocked, id=22332, stack(0x000000b697a00000,0x000000b697b00000) (1024K)]
  0x000002b5f7092f70 JavaThread "Thread-2"                   daemon [_thread_in_native, id=22092, stack(0x000000b697b00000,0x000000b697c00000) (1024K)]
  0x000002b5f7095d60 JavaThread "Thread-3"                   daemon [_thread_in_native, id=21372, stack(0x000000b697c00000,0x000000b697d00000) (1024K)]
  0x000002b5f7095040 JavaThread "Thread-4"                   daemon [_thread_in_native, id=964, stack(0x000000b697d00000,0x000000b697e00000) (1024K)]
  0x000002b5f7093c90 JavaThread "Thread-5"                   daemon [_thread_in_native, id=4048, stack(0x000000b697e00000,0x000000b697f00000) (1024K)]
  0x000002b5f70928e0 JavaThread "Thread-6"                   daemon [_thread_in_native, id=12372, stack(0x000000b697f00000,0x000000b698000000) (1024K)]
  0x000002b5f70963f0 JavaThread "Thread-7"                   daemon [_thread_in_native, id=4872, stack(0x000000b698000000,0x000000b698100000) (1024K)]
  0x000002b5f7094320 JavaThread "Thread-8"                   daemon [_thread_in_native, id=12324, stack(0x000000b698100000,0x000000b698200000) (1024K)]
  0x000002b5f70949b0 JavaThread "Thread-9"                   daemon [_thread_in_native, id=17948, stack(0x000000b698200000,0x000000b698300000) (1024K)]
  0x000002b5f7093600 JavaThread "Thread-10"                  daemon [_thread_in_native, id=20080, stack(0x000000b698300000,0x000000b698400000) (1024K)]
  0x000002b5f8f98be0 JavaThread "Thread-11"                  daemon [_thread_in_native, id=22496, stack(0x000000b698400000,0x000000b698500000) (1024K)]
  0x000002b5f8f9a620 JavaThread "Thread-12"                  daemon [_thread_in_native, id=21864, stack(0x000000b698500000,0x000000b698600000) (1024K)]
  0x000002b5f8f9b340 JavaThread "Thread-13"                  daemon [_thread_in_native, id=18124, stack(0x000000b698600000,0x000000b698700000) (1024K)]
  0x000002b5f8f9acb0 JavaThread "Thread-14"                  daemon [_thread_in_native, id=23012, stack(0x000000b698700000,0x000000b698800000) (1024K)]
  0x000002b5f8f97ec0 JavaThread "Thread-15"                  daemon [_thread_in_native, id=712, stack(0x000000b698800000,0x000000b698900000) (1024K)]
  0x000002b5f8f9b9d0 JavaThread "Thread-16"                  daemon [_thread_in_native, id=2732, stack(0x000000b698900000,0x000000b698a00000) (1024K)]
  0x000002b5f8f98550 JavaThread "Thread-17"                  daemon [_thread_in_native, id=4684, stack(0x000000b698a00000,0x000000b698b00000) (1024K)]
  0x000002b5f8f9c060 JavaThread "Thread-18"                  daemon [_thread_in_native, id=20052, stack(0x000000b698b00000,0x000000b698c00000) (1024K)]
  0x000002b5f8f99900 JavaThread "pool-2-thread-1"                   [_thread_blocked, id=23488, stack(0x000000b698c00000,0x000000b698d00000) (1024K)]
  0x000002b5fa772b30 JavaThread "C2 CompilerThread7"         daemon [_thread_in_native, id=11976, stack(0x000000b698d00000,0x000000b698e00000) (1024K)]
  0x000002b5f8f9c6f0 JavaThread "WorkspaceEventsHandler"            [_thread_blocked, id=20616, stack(0x000000b698e00000,0x000000b698f00000) (1024K)]
  0x000002b5f8f99270 JavaThread "pool-1-thread-1"                   [_thread_blocked, id=17980, stack(0x000000b698f00000,0x000000b699000000) (1024K)]
  0x000002b5f8f9cd80 JavaThread "Worker-6: Building"                [_thread_blocked, id=21688, stack(0x000000b699000000,0x000000b699100000) (1024K)]
  0x000002b5f8f9e7c0 JavaThread "LocalFile Deleter"          daemon [_thread_blocked, id=21460, stack(0x000000b694300000,0x000000b694400000) (1024K)]
  0x000002b5f8f9f4e0 JavaThread "LocalFile Deleter"          daemon [_thread_blocked, id=17736, stack(0x000000b694600000,0x000000b694700000) (1024K)]
  0x000002b5f8f9ee50 JavaThread "LocalFile Deleter"          daemon [_thread_blocked, id=22804, stack(0x000000b699100000,0x000000b699200000) (1024K)]
  0x000002b5fdf3ae60 JavaThread "LocalFile Deleter"          daemon [_thread_blocked, id=23032, stack(0x000000b699200000,0x000000b699300000) (1024K)]
  0x000002b5fdf3b4f0 JavaThread "LocalFile Deleter"          daemon [_thread_blocked, id=21124, stack(0x000000b699300000,0x000000b699400000) (1024K)]
  0x000002b5fdf3bb80 JavaThread "LocalFile Deleter"          daemon [_thread_blocked, id=3656, stack(0x000000b699400000,0x000000b699500000) (1024K)]
  0x000002b5fdf3c210 JavaThread "LocalFile Deleter"          daemon [_thread_blocked, id=17404, stack(0x000000b699500000,0x000000b699600000) (1024K)]
  0x000002b5fdf3c8a0 JavaThread "LocalFile Deleter"          daemon [_thread_blocked, id=22196, stack(0x000000b699600000,0x000000b699700000) (1024K)]
  0x000002b5fdf3cf30 JavaThread "LocalFile Deleter"          daemon [_thread_blocked, id=10572, stack(0x000000b699700000,0x000000b699800000) (1024K)]
  0x000002b5fdf3d5c0 JavaThread "LocalFile Deleter"          daemon [_thread_blocked, id=18168, stack(0x000000b699800000,0x000000b699900000) (1024K)]
  0x000002b5fdf3a140 JavaThread "LocalFile Deleter"          daemon [_thread_blocked, id=7896, stack(0x000000b699900000,0x000000b699a00000) (1024K)]
  0x000002b5fdf3dc50 JavaThread "Compiler Source File Reader" daemon [_thread_blocked, id=2724, stack(0x000000b699a00000,0x000000b699b00000) (1024K)]
  0x000002b5fdf3a7d0 JavaThread "Compiler Source File Reader" daemon [_thread_blocked, id=21216, stack(0x000000b699b00000,0x000000b699c00000) (1024K)]
  0x000002b5fdf3e2e0 JavaThread "Compiler Source File Reader" daemon [_thread_blocked, id=21740, stack(0x000000b699c00000,0x000000b699d00000) (1024K)]
  0x000002b5fdf3e970 JavaThread "Compiler Source File Reader" daemon [_thread_blocked, id=18312, stack(0x000000b699d00000,0x000000b699e00000) (1024K)]
  0x000002b5fdf3f000 JavaThread "Compiler Source File Reader" daemon [_thread_blocked, id=8932, stack(0x000000b699e00000,0x000000b699f00000) (1024K)]
  0x000002b5fdf41760 JavaThread "Compiler Source File Reader" daemon [_thread_blocked, id=17952, stack(0x000000b699f00000,0x000000b69a000000) (1024K)]
  0x000002b5fdf3f690 JavaThread "Compiler Source File Reader" daemon [_thread_blocked, id=23448, stack(0x000000b69a000000,0x000000b69a100000) (1024K)]
  0x000002b5fdf3fd20 JavaThread "Compiler Source File Reader" daemon [_thread_blocked, id=3700, stack(0x000000b69a100000,0x000000b69a200000) (1024K)]
  0x000002b5fdf403b0 JavaThread "Compiler Source File Reader" daemon [_thread_blocked, id=16068, stack(0x000000b69a200000,0x000000b69a300000) (1024K)]
  0x000002b5fdf40a40 JavaThread "Compiler Source File Reader" daemon [_thread_blocked, id=7800, stack(0x000000b69a300000,0x000000b69a400000) (1024K)]
  0x000002b5fdf410d0 JavaThread "Compiler Source File Reader" daemon [_thread_blocked, id=16780, stack(0x000000b69a400000,0x000000b69a500000) (1024K)]
  0x000002b5f75a28e0 JavaThread "Compiler Source File Reader" daemon [_thread_blocked, id=13992, stack(0x000000b69a500000,0x000000b69a600000) (1024K)]
  0x000002b5f75a3600 JavaThread "Compiler Source File Reader" daemon [_thread_blocked, id=17000, stack(0x000000b69a600000,0x000000b69a700000) (1024K)]
  0x000002b5f75a2f70 JavaThread "Compiler Source File Reader" daemon [_thread_blocked, id=4348, stack(0x000000b69a700000,0x000000b69a800000) (1024K)]
Total: 95

Other Threads:
  0x000002b5f07e3540 VMThread "VM Thread"                           [id=12920, stack(0x000000b693800000,0x000000b693900000) (1024K)]
  0x000002b5976fca00 WatcherThread "VM Periodic Task Thread"        [id=2364, stack(0x000000b693700000,0x000000b693800000) (1024K)]
  0x000002b597888910 WorkerThread "GC Thread#0"                     [id=4496, stack(0x000000b693600000,0x000000b693700000) (1024K)]
  0x000002b5f67c9ab0 WorkerThread "GC Thread#1"                     [id=21172, stack(0x000000b694800000,0x000000b694900000) (1024K)]
  0x000002b5f67eff30 WorkerThread "GC Thread#2"                     [id=23148, stack(0x000000b694900000,0x000000b694a00000) (1024K)]
  0x000002b5f67f02d0 WorkerThread "GC Thread#3"                     [id=22644, stack(0x000000b694a00000,0x000000b694b00000) (1024K)]
  0x000002b5f67f0670 WorkerThread "GC Thread#4"                     [id=22856, stack(0x000000b694b00000,0x000000b694c00000) (1024K)]
  0x000002b5f67d71e0 WorkerThread "GC Thread#5"                     [id=10884, stack(0x000000b694c00000,0x000000b694d00000) (1024K)]
  0x000002b5f67d7da0 WorkerThread "GC Thread#6"                     [id=9432, stack(0x000000b694d00000,0x000000b694e00000) (1024K)]
  0x000002b5f69777b0 WorkerThread "GC Thread#7"                     [id=23080, stack(0x000000b695500000,0x000000b695600000) (1024K)]
  0x000002b5f6d44200 WorkerThread "GC Thread#8"                     [id=14280, stack(0x000000b696500000,0x000000b696600000) (1024K)]
  0x000002b5f6d445a0 WorkerThread "GC Thread#9"                     [id=20988, stack(0x000000b696600000,0x000000b696700000) (1024K)]
  0x000002b5f6d42fe0 WorkerThread "GC Thread#10"                    [id=7100, stack(0x000000b696700000,0x000000b696800000) (1024K)]
  0x000002b5f70649c0 WorkerThread "GC Thread#11"                    [id=17300, stack(0x000000b696b00000,0x000000b696c00000) (1024K)]
  0x000002b5f7062920 WorkerThread "GC Thread#12"                    [id=12524, stack(0x000000b696d00000,0x000000b696e00000) (1024K)]
Total: 15

Threads with active compile tasks:
C2 CompilerThread0  7716 9232       4       lombok.launch.PackageShader::apply (252 bytes)
C2 CompilerThread1  7716 9215       4       org.eclipse.jdt.internal.compiler.parser.Scanner::internalScanIdentifierOrKeyword (5041 bytes)
C2 CompilerThread2  7717 8975       4       org.apache.felix.resolver.ResolverImpl::checkPackageSpaceConsistency (1205 bytes)
C2 CompilerThread3  7717 9235       4       java.util.stream.AbstractPipeline::sourceSpliterator (265 bytes)
C2 CompilerThread4  7717 9110       4       jdk.internal.org.objectweb.asm.SymbolTable::addConstantMemberReference (147 bytes)
C2 CompilerThread5  7717 9217       4       jdk.internal.module.SystemModuleFinders$SystemModuleReader::containsImageLocation (42 bytes)
C2 CompilerThread6  7717 9105   !   4       org.eclipse.jdt.internal.core.search.indexing.BinaryIndexer::indexDocument (1168 bytes)
C2 CompilerThread7  7717 8784       4       org.apache.felix.resolver.ResolverImpl::mergeCandidatePackages (436 bytes)
Total: 8

VM state: at safepoint (normal execution)

VM Mutex/Monitor currently owned by a thread:  ([mutex/lock_event])
[0x00007ffc01125458] Threads_lock - owner thread: 0x000002b5f07e3540
[0x00007ffc01125558] Heap_lock - owner thread: 0x000002b5f8f9cd80
[0x00007ffc011259d8] PSOldGenExpand_lock - owner thread: 0x000002b597888910

Heap address: 0x0000000080000000, size: 2048 MB, Compressed Oops mode: 32-bit

CDS archive(s) mapped at: [0x000002b5af000000-0x000002b5afba0000-0x000002b5afba0000), size 12189696, SharedBaseAddress: 0x000002b5af000000, ArchiveRelocationMode: 1.
Compressed class space mapped at: 0x000002b5b0000000-0x000002b5f0000000, reserved size: 1073741824
Narrow klass base: 0x000002b5af000000, Narrow klass shift: 0, Narrow klass range: 0x100000000

GC Precious Log:
 CardTable entry size: 512
 CPUs: 16 total, 16 available
 Memory: 16099M
 Large Page Support: Disabled
 NUMA Support: Disabled
 Compressed Oops: Enabled (32-bit)
 Alignments: Space 512K, Generation 512K, Heap 2M
 Heap Min Capacity: 100M
 Heap Initial Capacity: 100M
 Heap Max Capacity: 2G
 Pre-touch: Disabled
 Parallel Workers: 13

Heap:
 PSYoungGen      total 6656K, used 6459K [0x00000000d5580000, 0x00000000d5d80000, 0x0000000100000000)
  eden space 5120K, 100% used [0x00000000d5580000,0x00000000d5a80000,0x00000000d5a80000)
  from space 1536K, 87% used [0x00000000d5c00000,0x00000000d5d4ec78,0x00000000d5d80000)
  to   space 1536K, 76% used [0x00000000d5a80000,0x00000000d5ba6ed8,0x00000000d5c00000)
 ParOldGen       total 219648K, used 219642K [0x0000000080000000, 0x000000008d680000, 0x00000000d5580000)
  object space 219648K, 99% used [0x0000000080000000,0x000000008d67ea60,0x000000008d680000)
 Metaspace       used 53099K, committed 54336K, reserved 1114112K
  class space    used 5686K, committed 6272K, reserved 1048576K

Card table byte_map: [0x000002b597210000,0x000002b597620000] _byte_map_base: 0x000002b596e10000

Marking Bits: (ParMarkBitMap*) 0x00007ffc0112a340
 Begin Bits: [0x000002b5a9d10000, 0x000002b5abd10000)
 End Bits:   [0x000002b5abd10000, 0x000002b5add10000)

Polling page: 0x000002b5956b0000

Metaspace:

Usage:
  Non-class:     46.30 MB used.
      Class:      5.55 MB used.
       Both:     51.86 MB used.

Virtual space:
  Non-class space:       64.00 MB reserved,      46.94 MB ( 73%) committed,  1 nodes.
      Class space:        1.00 GB reserved,       6.12 MB ( <1%) committed,  1 nodes.
             Both:        1.06 GB reserved,      53.06 MB (  5%) committed. 

Chunk freelists:
   Non-Class:  352.00 KB
       Class:  9.72 MB
        Both:  10.06 MB

MaxMetaspaceSize: unlimited
CompressedClassSpaceSize: 1.00 GB
Initial GC threshold: 21.00 MB
Current GC threshold: 58.38 MB
CDS: on
 - commit_granule_bytes: 65536.
 - commit_granule_words: 8192.
 - virtual_space_node_default_size: 8388608.
 - enlarge_chunks_in_place: 1.
 - use_allocation_guard: 0.


Internal statistics:

num_allocs_failed_limit: 6.
num_arena_births: 1038.
num_arena_deaths: 14.
num_vsnodes_births: 2.
num_vsnodes_deaths: 0.
num_space_committed: 849.
num_space_uncommitted: 0.
num_chunks_returned_to_freelist: 20.
num_chunks_taken_from_freelist: 3461.
num_chunk_merges: 10.
num_chunk_splits: 2145.
num_chunks_enlarged: 1199.
num_inconsistent_stats: 0.

CodeHeap 'non-profiled nmethods': size=119168Kb used=6255Kb max_used=6255Kb free=112912Kb
 bounds [0x000002b5a2600000, 0x000002b5a2c20000, 0x000002b5a9a60000]
CodeHeap 'profiled nmethods': size=119104Kb used=18544Kb max_used=18544Kb free=100559Kb
 bounds [0x000002b59aa60000, 0x000002b59bc80000, 0x000002b5a1eb0000]
CodeHeap 'non-nmethods': size=7488Kb used=1396Kb max_used=3213Kb free=6091Kb
 bounds [0x000002b5a1eb0000, 0x000002b5a21e0000, 0x000002b5a2600000]
CodeCache: size=245760Kb, used=26195Kb, max_used=28012Kb, free=219562Kb
 total_blobs=9251, nmethods=8551, adapters=606, full_count=0
Compilation: enabled, stopped_count=0, restarted_count=0

Compilation events (20 events):
Event: 5.648 Thread 0x000002b5f08ee1d0 9227   !   3       java.util.zip.ZipFile$Source::get (177 bytes)
Event: 5.648 Thread 0x000002b5f08ee1d0 nmethod 9227 0x000002b59bc74a90 code [0x000002b59bc74d80, 0x000002b59bc75f70]
Event: 5.650 Thread 0x000002b5f08ee1d0 9228       3       sun.net.www.protocol.file.Handler::openConnection (7 bytes)
Event: 5.650 Thread 0x000002b5f080b5a0 9229   !   3       sun.net.www.protocol.file.Handler::openConnection (274 bytes)
Event: 5.650 Thread 0x000002b5f08ee1d0 nmethod 9228 0x000002b59bc76790 code [0x000002b59bc76940, 0x000002b59bc76aa0]
Event: 5.650 Thread 0x000002b5f08ee1d0 9230       3       sun.net.www.protocol.file.Handler::createFileURLConnection (10 bytes)
Event: 5.650 Thread 0x000002b5f08ee1d0 nmethod 9230 0x000002b59bc76b90 code [0x000002b59bc76d40, 0x000002b59bc76ef0]
Event: 5.650 Thread 0x000002b5f08ee1d0 9231       3       sun.net.www.protocol.file.FileURLConnection::<init> (38 bytes)
Event: 5.651 Thread 0x000002b5f08ee1d0 nmethod 9231 0x000002b59bc76f90 code [0x000002b59bc77160, 0x000002b59bc77548]
Event: 5.651 Thread 0x000002b5f686afb0 nmethod 9223% 0x000002b5a2c15290 code [0x000002b5a2c15480, 0x000002b5a2c16060]
Event: 5.651 Thread 0x000002b5f686afb0 9226       4       java.io.RandomAccessFile::readFully (45 bytes)
Event: 5.652 Thread 0x000002b5f080b5a0 nmethod 9229 0x000002b59bc77710 code [0x000002b59bc77c40, 0x000002b59bc79cf0]
Event: 5.652 Thread 0x000002b5f686afb0 nmethod 9226 0x000002b5a2c16790 code [0x000002b5a2c16940, 0x000002b5a2c16b10]
Event: 5.652 Thread 0x000002b5f686afb0 9225   !   4       java.util.zip.Inflater::reset (64 bytes)
Event: 5.654 Thread 0x000002b5f080a130 nmethod 9220 0x000002b5a2c16d90 code [0x000002b5a2c17120, 0x000002b5a2c199e8]
Event: 5.654 Thread 0x000002b5f080a130 9232       4       lombok.launch.PackageShader::apply (252 bytes)
Event: 5.655 Thread 0x000002b5f686afb0 nmethod 9225 0x000002b5a2c1b190 code [0x000002b5a2c1b340, 0x000002b5a2c1b6c8]
Event: 5.656 Thread 0x000002b5f08ee1d0 9233       3       sun.net.www.protocol.jar.JarFileFactory::urlFor (79 bytes)
Event: 5.657 Thread 0x000002b5f08ee1d0 nmethod 9233 0x000002b59bc7ac10 code [0x000002b59bc7aea0, 0x000002b59bc7b7a0]
Event: 5.662 Thread 0x000002b5f686afb0 9234       4       java.util.stream.AbstractPipeline::wrapSink (37 bytes)

GC Heap History (20 events):
Event: 5.534 GC heap before
{Heap before GC invocations=114 (full 2):
 PSYoungGen      total 6656K, used 6339K [0x00000000d5580000, 0x00000000d5d80000, 0x0000000100000000)
  eden space 5120K, 100% used [0x00000000d5580000,0x00000000d5a80000,0x00000000d5a80000)
  from space 1536K, 79% used [0x00000000d5a80000,0x00000000d5bb0d60,0x00000000d5c00000)
  to   space 1536K, 0% used [0x00000000d5c00000,0x00000000d5c00000,0x00000000d5d80000)
 ParOldGen       total 206848K, used 206606K [0x0000000080000000, 0x000000008ca00000, 0x00000000d5580000)
  object space 206848K, 99% used [0x0000000080000000,0x000000008c9c3a30,0x000000008ca00000)
 Metaspace       used 52577K, committed 53888K, reserved 1114112K
  class space    used 5601K, committed 6208K, reserved 1048576K
}
Event: 5.535 GC heap after
{Heap after GC invocations=114 (full 2):
 PSYoungGen      total 6656K, used 1324K [0x00000000d5580000, 0x00000000d5d80000, 0x0000000100000000)
  eden space 5120K, 0% used [0x00000000d5580000,0x00000000d5580000,0x00000000d5a80000)
  from space 1536K, 86% used [0x00000000d5c00000,0x00000000d5d4b0a0,0x00000000d5d80000)
  to   space 1536K, 0% used [0x00000000d5a80000,0x00000000d5a80000,0x00000000d5c00000)
 ParOldGen       total 207872K, used 207599K [0x0000000080000000, 0x000000008cb00000, 0x00000000d5580000)
  object space 207872K, 99% used [0x0000000080000000,0x000000008cabbf30,0x000000008cb00000)
 Metaspace       used 52577K, committed 53888K, reserved 1114112K
  class space    used 5601K, committed 6208K, reserved 1048576K
}
Event: 5.547 GC heap before
{Heap before GC invocations=115 (full 2):
 PSYoungGen      total 6656K, used 6433K [0x00000000d5580000, 0x00000000d5d80000, 0x0000000100000000)
  eden space 5120K, 99% used [0x00000000d5580000,0x00000000d5a7d708,0x00000000d5a80000)
  from space 1536K, 86% used [0x00000000d5c00000,0x00000000d5d4b0a0,0x00000000d5d80000)
  to   space 1536K, 0% used [0x00000000d5a80000,0x00000000d5a80000,0x00000000d5c00000)
 ParOldGen       total 207872K, used 207599K [0x0000000080000000, 0x000000008cb00000, 0x00000000d5580000)
  object space 207872K, 99% used [0x0000000080000000,0x000000008cabbf30,0x000000008cb00000)
 Metaspace       used 52666K, committed 53952K, reserved 1114112K
  class space    used 5614K, committed 6208K, reserved 1048576K
}
Event: 5.549 GC heap after
{Heap after GC invocations=115 (full 2):
 PSYoungGen      total 6656K, used 1253K [0x00000000d5580000, 0x00000000d5d80000, 0x0000000100000000)
  eden space 5120K, 0% used [0x00000000d5580000,0x00000000d5580000,0x00000000d5a80000)
  from space 1536K, 81% used [0x00000000d5a80000,0x00000000d5bb94a8,0x00000000d5c00000)
  to   space 1536K, 0% used [0x00000000d5c00000,0x00000000d5c00000,0x00000000d5d80000)
 ParOldGen       total 208896K, used 208703K [0x0000000080000000, 0x000000008cc00000, 0x00000000d5580000)
  object space 208896K, 99% used [0x0000000080000000,0x000000008cbcffb8,0x000000008cc00000)
 Metaspace       used 52666K, committed 53952K, reserved 1114112K
  class space    used 5614K, committed 6208K, reserved 1048576K
}
Event: 5.561 GC heap before
{Heap before GC invocations=116 (full 2):
 PSYoungGen      total 6656K, used 6373K [0x00000000d5580000, 0x00000000d5d80000, 0x0000000100000000)
  eden space 5120K, 100% used [0x00000000d5580000,0x00000000d5a80000,0x00000000d5a80000)
  from space 1536K, 81% used [0x00000000d5a80000,0x00000000d5bb94a8,0x00000000d5c00000)
  to   space 1536K, 0% used [0x00000000d5c00000,0x00000000d5c00000,0x00000000d5d80000)
 ParOldGen       total 208896K, used 208703K [0x0000000080000000, 0x000000008cc00000, 0x00000000d5580000)
  object space 208896K, 99% used [0x0000000080000000,0x000000008cbcffb8,0x000000008cc00000)
 Metaspace       used 52729K, committed 54016K, reserved 1114112K
  class space    used 5622K, committed 6208K, reserved 1048576K
}
Event: 5.562 GC heap after
{Heap after GC invocations=116 (full 2):
 PSYoungGen      total 6656K, used 1320K [0x00000000d5580000, 0x00000000d5d80000, 0x0000000100000000)
  eden space 5120K, 0% used [0x00000000d5580000,0x00000000d5580000,0x00000000d5a80000)
  from space 1536K, 85% used [0x00000000d5c00000,0x00000000d5d4a0a8,0x00000000d5d80000)
  to   space 1536K, 0% used [0x00000000d5a80000,0x00000000d5a80000,0x00000000d5c00000)
 ParOldGen       total 209920K, used 209776K [0x0000000080000000, 0x000000008cd00000, 0x00000000d5580000)
  object space 209920K, 99% used [0x0000000080000000,0x000000008ccdc290,0x000000008cd00000)
 Metaspace       used 52729K, committed 54016K, reserved 1114112K
  class space    used 5622K, committed 6208K, reserved 1048576K
}
Event: 5.574 GC heap before
{Heap before GC invocations=117 (full 2):
 PSYoungGen      total 6656K, used 6440K [0x00000000d5580000, 0x00000000d5d80000, 0x0000000100000000)
  eden space 5120K, 100% used [0x00000000d5580000,0x00000000d5a80000,0x00000000d5a80000)
  from space 1536K, 85% used [0x00000000d5c00000,0x00000000d5d4a0a8,0x00000000d5d80000)
  to   space 1536K, 0% used [0x00000000d5a80000,0x00000000d5a80000,0x00000000d5c00000)
 ParOldGen       total 209920K, used 209776K [0x0000000080000000, 0x000000008cd00000, 0x00000000d5580000)
  object space 209920K, 99% used [0x0000000080000000,0x000000008ccdc290,0x000000008cd00000)
 Metaspace       used 52814K, committed 54016K, reserved 1114112K
  class space    used 5637K, committed 6208K, reserved 1048576K
}
Event: 5.575 GC heap after
{Heap after GC invocations=117 (full 2):
 PSYoungGen      total 6656K, used 1280K [0x00000000d5580000, 0x00000000d5d80000, 0x0000000100000000)
  eden space 5120K, 0% used [0x00000000d5580000,0x00000000d5580000,0x00000000d5a80000)
  from space 1536K, 83% used [0x00000000d5a80000,0x00000000d5bc00f8,0x00000000d5c00000)
  to   space 1536K, 0% used [0x00000000d5c00000,0x00000000d5c00000,0x00000000d5d80000)
 ParOldGen       total 210944K, used 210901K [0x0000000080000000, 0x000000008ce00000, 0x00000000d5580000)
  object space 210944K, 99% used [0x0000000080000000,0x000000008cdf5480,0x000000008ce00000)
 Metaspace       used 52814K, committed 54016K, reserved 1114112K
  class space    used 5637K, committed 6208K, reserved 1048576K
}
Event: 5.589 GC heap before
{Heap before GC invocations=118 (full 2):
 PSYoungGen      total 6656K, used 6400K [0x00000000d5580000, 0x00000000d5d80000, 0x0000000100000000)
  eden space 5120K, 100% used [0x00000000d5580000,0x00000000d5a80000,0x00000000d5a80000)
  from space 1536K, 83% used [0x00000000d5a80000,0x00000000d5bc00f8,0x00000000d5c00000)
  to   space 1536K, 0% used [0x00000000d5c00000,0x00000000d5c00000,0x00000000d5d80000)
 ParOldGen       total 210944K, used 210901K [0x0000000080000000, 0x000000008ce00000, 0x00000000d5580000)
  object space 210944K, 99% used [0x0000000080000000,0x000000008cdf5480,0x000000008ce00000)
 Metaspace       used 52920K, committed 54144K, reserved 1114112K
  class space    used 5657K, committed 6208K, reserved 1048576K
}
Event: 5.591 GC heap after
{Heap after GC invocations=118 (full 2):
 PSYoungGen      total 6656K, used 1318K [0x00000000d5580000, 0x00000000d5d80000, 0x0000000100000000)
  eden space 5120K, 0% used [0x00000000d5580000,0x00000000d5580000,0x00000000d5a80000)
  from space 1536K, 85% used [0x00000000d5c00000,0x00000000d5d49800,0x00000000d5d80000)
  to   space 1536K, 0% used [0x00000000d5a80000,0x00000000d5a80000,0x00000000d5c00000)
 ParOldGen       total 211968K, used 211923K [0x0000000080000000, 0x000000008cf00000, 0x00000000d5580000)
  object space 211968K, 99% used [0x0000000080000000,0x000000008cef4ca8,0x000000008cf00000)
 Metaspace       used 52920K, committed 54144K, reserved 1114112K
  class space    used 5657K, committed 6208K, reserved 1048576K
}
Event: 5.604 GC heap before
{Heap before GC invocations=119 (full 2):
 PSYoungGen      total 6656K, used 6438K [0x00000000d5580000, 0x00000000d5d80000, 0x0000000100000000)
  eden space 5120K, 100% used [0x00000000d5580000,0x00000000d5a80000,0x00000000d5a80000)
  from space 1536K, 85% used [0x00000000d5c00000,0x00000000d5d49800,0x00000000d5d80000)
  to   space 1536K, 0% used [0x00000000d5a80000,0x00000000d5a80000,0x00000000d5c00000)
 ParOldGen       total 211968K, used 211923K [0x0000000080000000, 0x000000008cf00000, 0x00000000d5580000)
  object space 211968K, 99% used [0x0000000080000000,0x000000008cef4ca8,0x000000008cf00000)
 Metaspace       used 52968K, committed 54208K, reserved 1114112K
  class space    used 5662K, committed 6272K, reserved 1048576K
}
Event: 5.605 GC heap after
{Heap after GC invocations=119 (full 2):
 PSYoungGen      total 6656K, used 1405K [0x00000000d5580000, 0x00000000d5d80000, 0x0000000100000000)
  eden space 5120K, 0% used [0x00000000d5580000,0x00000000d5580000,0x00000000d5a80000)
  from space 1536K, 91% used [0x00000000d5a80000,0x00000000d5bdf770,0x00000000d5c00000)
  to   space 1536K, 0% used [0x00000000d5c00000,0x00000000d5c00000,0x00000000d5d80000)
 ParOldGen       total 213504K, used 213053K [0x0000000080000000, 0x000000008d080000, 0x00000000d5580000)
  object space 213504K, 99% used [0x0000000080000000,0x000000008d00f510,0x000000008d080000)
 Metaspace       used 52968K, committed 54208K, reserved 1114112K
  class space    used 5662K, committed 6272K, reserved 1048576K
}
Event: 5.617 GC heap before
{Heap before GC invocations=120 (full 2):
 PSYoungGen      total 6656K, used 6524K [0x00000000d5580000, 0x00000000d5d80000, 0x0000000100000000)
  eden space 5120K, 99% used [0x00000000d5580000,0x00000000d5a7fae0,0x00000000d5a80000)
  from space 1536K, 91% used [0x00000000d5a80000,0x00000000d5bdf770,0x00000000d5c00000)
  to   space 1536K, 0% used [0x00000000d5c00000,0x00000000d5c00000,0x00000000d5d80000)
 ParOldGen       total 213504K, used 213053K [0x0000000080000000, 0x000000008d080000, 0x00000000d5580000)
  object space 213504K, 99% used [0x0000000080000000,0x000000008d00f510,0x000000008d080000)
 Metaspace       used 52990K, committed 54272K, reserved 1114112K
  class space    used 5664K, committed 6272K, reserved 1048576K
}
Event: 5.619 GC heap after
{Heap after GC invocations=120 (full 2):
 PSYoungGen      total 6656K, used 1342K [0x00000000d5580000, 0x00000000d5d80000, 0x0000000100000000)
  eden space 5120K, 0% used [0x00000000d5580000,0x00000000d5580000,0x00000000d5a80000)
  from space 1536K, 87% used [0x00000000d5c00000,0x00000000d5d4fb08,0x00000000d5d80000)
  to   space 1536K, 0% used [0x00000000d5a80000,0x00000000d5a80000,0x00000000d5c00000)
 ParOldGen       total 214528K, used 214232K [0x0000000080000000, 0x000000008d180000, 0x00000000d5580000)
  object space 214528K, 99% used [0x0000000080000000,0x000000008d136158,0x000000008d180000)
 Metaspace       used 52990K, committed 54272K, reserved 1114112K
  class space    used 5664K, committed 6272K, reserved 1048576K
}
Event: 5.630 GC heap before
{Heap before GC invocations=121 (full 2):
 PSYoungGen      total 6656K, used 6462K [0x00000000d5580000, 0x00000000d5d80000, 0x0000000100000000)
  eden space 5120K, 100% used [0x00000000d5580000,0x00000000d5a80000,0x00000000d5a80000)
  from space 1536K, 87% used [0x00000000d5c00000,0x00000000d5d4fb08,0x00000000d5d80000)
  to   space 1536K, 0% used [0x00000000d5a80000,0x00000000d5a80000,0x00000000d5c00000)
 ParOldGen       total 214528K, used 214232K [0x0000000080000000, 0x000000008d180000, 0x00000000d5580000)
  object space 214528K, 99% used [0x0000000080000000,0x000000008d136158,0x000000008d180000)
 Metaspace       used 53035K, committed 54272K, reserved 1114112K
  class space    used 5667K, committed 6272K, reserved 1048576K
}
Event: 5.631 GC heap after
{Heap after GC invocations=121 (full 2):
 PSYoungGen      total 6656K, used 1232K [0x00000000d5580000, 0x00000000d5d80000, 0x0000000100000000)
  eden space 5120K, 0% used [0x00000000d5580000,0x00000000d5580000,0x00000000d5a80000)
  from space 1536K, 80% used [0x00000000d5a80000,0x00000000d5bb4188,0x00000000d5c00000)
  to   space 1536K, 0% used [0x00000000d5c00000,0x00000000d5c00000,0x00000000d5d80000)
 ParOldGen       total 215552K, used 215355K [0x0000000080000000, 0x000000008d280000, 0x00000000d5580000)
  object space 215552K, 99% used [0x0000000080000000,0x000000008d24ec70,0x000000008d280000)
 Metaspace       used 53035K, committed 54272K, reserved 1114112K
  class space    used 5667K, committed 6272K, reserved 1048576K
}
Event: 5.641 GC heap before
{Heap before GC invocations=122 (full 2):
 PSYoungGen      total 6656K, used 6352K [0x00000000d5580000, 0x00000000d5d80000, 0x0000000100000000)
  eden space 5120K, 100% used [0x00000000d5580000,0x00000000d5a80000,0x00000000d5a80000)
  from space 1536K, 80% used [0x00000000d5a80000,0x00000000d5bb4188,0x00000000d5c00000)
  to   space 1536K, 0% used [0x00000000d5c00000,0x00000000d5c00000,0x00000000d5d80000)
 ParOldGen       total 215552K, used 215355K [0x0000000080000000, 0x000000008d280000, 0x00000000d5580000)
  object space 215552K, 99% used [0x0000000080000000,0x000000008d24ec70,0x000000008d280000)
 Metaspace       used 53064K, committed 54336K, reserved 1114112K
  class space    used 5673K, committed 6272K, reserved 1048576K
}
Event: 5.643 GC heap after
{Heap after GC invocations=122 (full 2):
 PSYoungGen      total 6656K, used 1140K [0x00000000d5580000, 0x00000000d5d80000, 0x0000000100000000)
  eden space 5120K, 0% used [0x00000000d5580000,0x00000000d5580000,0x00000000d5a80000)
  from space 1536K, 74% used [0x00000000d5c00000,0x00000000d5d1d250,0x00000000d5d80000)
  to   space 1536K, 0% used [0x00000000d5a80000,0x00000000d5a80000,0x00000000d5c00000)
 ParOldGen       total 216576K, used 216375K [0x0000000080000000, 0x000000008d380000, 0x00000000d5580000)
  object space 216576K, 99% used [0x0000000080000000,0x000000008d34dec0,0x000000008d380000)
 Metaspace       used 53064K, committed 54336K, reserved 1114112K
  class space    used 5673K, committed 6272K, reserved 1048576K
}
Event: 5.653 GC heap before
{Heap before GC invocations=123 (full 2):
 PSYoungGen      total 6656K, used 6260K [0x00000000d5580000, 0x00000000d5d80000, 0x0000000100000000)
  eden space 5120K, 100% used [0x00000000d5580000,0x00000000d5a80000,0x00000000d5a80000)
  from space 1536K, 74% used [0x00000000d5c00000,0x00000000d5d1d250,0x00000000d5d80000)
  to   space 1536K, 0% used [0x00000000d5a80000,0x00000000d5a80000,0x00000000d5c00000)
 ParOldGen       total 216576K, used 216375K [0x0000000080000000, 0x000000008d380000, 0x00000000d5580000)
  object space 216576K, 99% used [0x0000000080000000,0x000000008d34dec0,0x000000008d380000)
 Metaspace       used 53086K, committed 54336K, reserved 1114112K
  class space    used 5681K, committed 6272K, reserved 1048576K
}
Event: 5.654 GC heap after
{Heap after GC invocations=123 (full 2):
 PSYoungGen      total 6656K, used 1094K [0x00000000d5580000, 0x00000000d5d80000, 0x0000000100000000)
  eden space 5120K, 0% used [0x00000000d5580000,0x00000000d5580000,0x00000000d5a80000)
  from space 1536K, 71% used [0x00000000d5a80000,0x00000000d5b91a60,0x00000000d5c00000)
  to   space 1536K, 0% used [0x00000000d5c00000,0x00000000d5c00000,0x00000000d5d80000)
 ParOldGen       total 217600K, used 217329K [0x0000000080000000, 0x000000008d480000, 0x00000000d5580000)
  object space 217600K, 99% used [0x0000000080000000,0x000000008d43c7a0,0x000000008d480000)
 Metaspace       used 53086K, committed 54336K, reserved 1114112K
  class space    used 5681K, committed 6272K, reserved 1048576K
}

Dll operation events (12 events):
Event: 0.006 Loaded shared library c:\Users\IT\.windsurf\extensions\redhat.java-1.44.0-win32-x64\jre\21.0.8-win32-x86_64\bin\java.dll
Event: 0.048 Loaded shared library c:\Users\IT\.windsurf\extensions\redhat.java-1.44.0-win32-x64\jre\21.0.8-win32-x86_64\bin\zip.dll
Event: 0.058 Loaded shared library C:\Users\IT\.windsurf\extensions\redhat.java-1.44.0-win32-x64\jre\21.0.8-win32-x86_64\bin\instrument.dll
Event: 0.060 Loaded shared library C:\Users\IT\.windsurf\extensions\redhat.java-1.44.0-win32-x64\jre\21.0.8-win32-x86_64\bin\net.dll
Event: 0.061 Loaded shared library C:\Users\IT\.windsurf\extensions\redhat.java-1.44.0-win32-x64\jre\21.0.8-win32-x86_64\bin\nio.dll
Event: 0.063 Loaded shared library C:\Users\IT\.windsurf\extensions\redhat.java-1.44.0-win32-x64\jre\21.0.8-win32-x86_64\bin\zip.dll
Event: 0.072 Loaded shared library C:\Users\IT\.windsurf\extensions\redhat.java-1.44.0-win32-x64\jre\21.0.8-win32-x86_64\bin\jimage.dll
Event: 0.105 Loaded shared library c:\Users\IT\.windsurf\extensions\redhat.java-1.44.0-win32-x64\jre\21.0.8-win32-x86_64\bin\verify.dll
Event: 0.692 Loaded shared library C:\Users\IT\AppData\Roaming\Windsurf\User\globalStorage\redhat.java\1.44.0\config_win\org.eclipse.equinox.launcher\org.eclipse.equinox.launcher.win32.win32.x86_64_1.2.1400.v20250730-1736\eclipse_11913.dll
Event: 1.323 Loaded shared library C:\Users\IT\AppData\Local\Temp\jna-2347\jna15997683621828407280.dll
Event: 1.953 Loaded shared library C:\Users\IT\.windsurf\extensions\redhat.java-1.44.0-win32-x64\jre\21.0.8-win32-x86_64\bin\management.dll
Event: 1.955 Loaded shared library C:\Users\IT\.windsurf\extensions\redhat.java-1.44.0-win32-x64\jre\21.0.8-win32-x86_64\bin\management_ext.dll

Deoptimization events (20 events):
Event: 5.581 Thread 0x000002b5fdf410d0 DEOPT PACKING pc=0x000002b5a29c0328 sp=0x000000b69a4ff050
Event: 5.581 Thread 0x000002b5fdf3e2e0 DEOPT PACKING pc=0x000002b5a29c0328 sp=0x000000b699cfee80
Event: 5.581 Thread 0x000002b5fdf410d0 DEOPT UNPACKING pc=0x000002b5a1f03aa2 sp=0x000000b69a4ff020 mode 2
Event: 5.581 Thread 0x000002b5fdf3e2e0 DEOPT UNPACKING pc=0x000002b5a1f03aa2 sp=0x000000b699cfee50 mode 2
Event: 5.581 Thread 0x000002b5f8f9cd80 Uncommon trap: trap_request=0xffffff45 fr.pc=0x000002b5a2961a08 relative=0x00000000000001c8
Event: 5.581 Thread 0x000002b5f8f9cd80 Uncommon trap: reason=unstable_if action=reinterpret pc=0x000002b5a2961a08 method=org.eclipse.jdt.core.compiler.CharOperation.subarray([CII)[C @ 2 c2
Event: 5.581 Thread 0x000002b5f8f9cd80 DEOPT PACKING pc=0x000002b5a2961a08 sp=0x000000b6990fdf30
Event: 5.581 Thread 0x000002b5f8f9cd80 DEOPT UNPACKING pc=0x000002b5a1f03aa2 sp=0x000000b6990fdef0 mode 2
Event: 5.584 Thread 0x000002b5f8f9cd80 Uncommon trap: trap_request=0xffffff45 fr.pc=0x000002b5a2960cd4 relative=0x0000000000000674
Event: 5.584 Thread 0x000002b5f8f9cd80 Uncommon trap: reason=unstable_if action=reinterpret pc=0x000002b5a2960cd4 method=java.util.Arrays.copyOfRange([CII)[C @ 1 c2
Event: 5.584 Thread 0x000002b5f8f9cd80 DEOPT PACKING pc=0x000002b5a2960cd4 sp=0x000000b6990fe000
Event: 5.584 Thread 0x000002b5f8f9cd80 DEOPT UNPACKING pc=0x000002b5a1f03aa2 sp=0x000000b6990fdf28 mode 2
Event: 5.585 Thread 0x000002b5f8f9cd80 Uncommon trap: trap_request=0xffffffec fr.pc=0x000002b5a2aaf4dc relative=0x00000000000010bc
Event: 5.585 Thread 0x000002b5f8f9cd80 Uncommon trap: reason=null_assert_or_unreached0 action=make_not_entrant pc=0x000002b5a2aaf4dc method=org.eclipse.jdt.internal.compiler.parser.Scanner.internalScanIdentifierOrKeyword(II[C)Lorg/eclipse/jdt/internal/compiler/parser/TerminalToken; @ 1812 c2
Event: 5.585 Thread 0x000002b5f8f9cd80 DEOPT PACKING pc=0x000002b5a2aaf4dc sp=0x000000b6990fdf20
Event: 5.585 Thread 0x000002b5f8f9cd80 DEOPT UNPACKING pc=0x000002b5a1f03aa2 sp=0x000000b6990fdee8 mode 2
Event: 5.637 Thread 0x000002b5f8f9cd80 DEOPT PACKING pc=0x000002b59ab8c3b9 sp=0x000000b6990f8bb0
Event: 5.637 Thread 0x000002b5f8f9cd80 DEOPT UNPACKING pc=0x000002b5a1f04242 sp=0x000000b6990f80b0 mode 0
Event: 5.654 Thread 0x000002b5f8f9cd80 DEOPT PACKING pc=0x000002b59b55740d sp=0x000000b6990f8ff0
Event: 5.654 Thread 0x000002b5f8f9cd80 DEOPT UNPACKING pc=0x000002b5a1f04242 sp=0x000000b6990f84a0 mode 0

Classes loaded (20 events):
Event: 4.280 Loading class sun/util/resources/cldr/TimeZoneNames_en_US
Event: 4.280 Loading class sun/util/resources/cldr/TimeZoneNames_en_US done
Event: 4.281 Loading class sun/util/cldr/CLDRBaseLocaleDataMetaInfo$TZCanonicalIDMapHolder
Event: 4.283 Loading class sun/util/cldr/CLDRBaseLocaleDataMetaInfo$TZCanonicalIDMapHolder done
Event: 4.287 Loading class sun/util/resources/TimeZoneNames
Event: 4.289 Loading class sun/util/resources/TimeZoneNames done
Event: 4.290 Loading class sun/util/resources/TimeZoneNames_en
Event: 4.290 Loading class sun/util/resources/TimeZoneNames_en done
Event: 4.296 Loading class java/util/concurrent/CompletableFuture$UniAccept
Event: 4.296 Loading class java/util/concurrent/CompletableFuture$UniCompletion
Event: 4.297 Loading class java/util/concurrent/CompletableFuture$UniCompletion done
Event: 4.297 Loading class java/util/concurrent/CompletableFuture$UniAccept done
Event: 4.297 Loading class java/util/regex/Pattern$Pos
Event: 4.298 Loading class java/util/regex/Pattern$Pos done
Event: 4.333 Loading class sun/security/provider/MD5
Event: 4.333 Loading class sun/security/provider/MD5 done
Event: 4.333 Loading class sun/security/provider/ByteArrayAccess$LE
Event: 4.334 Loading class sun/security/provider/ByteArrayAccess$LE done
Event: 5.537 Loading class java/util/concurrent/ForkJoinTask$AdaptedCallable
Event: 5.537 Loading class java/util/concurrent/ForkJoinTask$AdaptedCallable done

Classes unloaded (7 events):
Event: 1.541 Thread 0x000002b5f07e3540 Unloading class 0x000002b5b01b4000 'java/lang/invoke/LambdaForm$MH+0x000002b5b01b4000'
Event: 1.541 Thread 0x000002b5f07e3540 Unloading class 0x000002b5b01b3c00 'java/lang/invoke/LambdaForm$MH+0x000002b5b01b3c00'
Event: 1.541 Thread 0x000002b5f07e3540 Unloading class 0x000002b5b01b3800 'java/lang/invoke/LambdaForm$MH+0x000002b5b01b3800'
Event: 1.541 Thread 0x000002b5f07e3540 Unloading class 0x000002b5b01b3400 'java/lang/invoke/LambdaForm$MH+0x000002b5b01b3400'
Event: 1.541 Thread 0x000002b5f07e3540 Unloading class 0x000002b5b01b3000 'java/lang/invoke/LambdaForm$BMH+0x000002b5b01b3000'
Event: 1.541 Thread 0x000002b5f07e3540 Unloading class 0x000002b5b01b2c00 'java/lang/invoke/LambdaForm$DMH+0x000002b5b01b2c00'
Event: 1.541 Thread 0x000002b5f07e3540 Unloading class 0x000002b5b01b1800 'java/lang/invoke/LambdaForm$DMH+0x000002b5b01b1800'

Classes redefined (0 events):
No events

Internal exceptions (20 events):
Event: 2.736 Thread 0x000002b5f708edd0 Implicit null exception at 0x000002b5a294bd5a to 0x000002b5a294be88
Event: 2.737 Thread 0x000002b5f8f9cd80 Exception <a 'java/lang/NoSuchMethodError'{0x00000000d6354c90}: 'int java.lang.invoke.DirectMethodHandle$Holder.invokeSpecialIFC(java.lang.Object, java.lang.Object, java.lang.Object, java.lang.Object)'> (0x00000000d6354c90) 
thrown [s\src\hotspot\share\interpreter\linkResolver.cpp, line 773]
Event: 2.745 Thread 0x000002b5f8f9cd80 Exception <a 'java/lang/NoSuchMethodError'{0x00000000d65b30f0}: 'int java.lang.invoke.DirectMethodHandle$Holder.invokeStatic(java.lang.Object)'> (0x00000000d65b30f0) 
thrown [s\src\hotspot\share\interpreter\linkResolver.cpp, line 773]
Event: 2.769 Thread 0x000002b5f8f9cd80 Exception <a 'java/io/FileNotFoundException'{0x00000000d5b32ce0}> (0x00000000d5b32ce0) 
thrown [s\src\hotspot\share\prims\jni.cpp, line 520]
Event: 2.769 Thread 0x000002b5f8f9cd80 Exception <a 'java/io/FileNotFoundException'{0x00000000d5b33cd8}> (0x00000000d5b33cd8) 
thrown [s\src\hotspot\share\prims\jni.cpp, line 520]
Event: 2.773 Thread 0x000002b5f8f9cd80 Exception <a 'java/io/FileNotFoundException'{0x00000000d5c6a7d0}> (0x00000000d5c6a7d0) 
thrown [s\src\hotspot\share\prims\jni.cpp, line 520]
Event: 2.773 Thread 0x000002b5f8f9cd80 Exception <a 'java/io/FileNotFoundException'{0x00000000d5ce1a90}> (0x00000000d5ce1a90) 
thrown [s\src\hotspot\share\prims\jni.cpp, line 520]
Event: 2.773 Thread 0x000002b5f8f9cd80 Exception <a 'java/io/FileNotFoundException'{0x00000000d5ce2aa8}> (0x00000000d5ce2aa8) 
thrown [s\src\hotspot\share\prims\jni.cpp, line 520]
Event: 2.989 Thread 0x000002b5f7092250 Exception <a 'java/lang/NoClassDefFoundError'{0x00000000d63b97b0}: javax/enterprise/inject/Typed> (0x00000000d63b97b0) 
thrown [s\src\hotspot\share\classfile\systemDictionary.cpp, line 301]
Event: 3.753 Thread 0x000002b5f7092250 Exception <a 'java/lang/ExceptionInInitializerError'{0x00000000d57881b8}> (0x00000000d57881b8) 
thrown [s\src\hotspot\share\oops\instanceKlass.cpp, line 1220]
Event: 3.791 Thread 0x000002b5f7092250 Implicit null exception at 0x000002b5a2775d80 to 0x000002b5a2775ff4
Event: 3.791 Thread 0x000002b5f7092250 Implicit null exception at 0x000002b5a269d120 to 0x000002b5a269e094
Event: 3.793 Thread 0x000002b5f7092250 Exception <a 'java/lang/NoSuchMethodError'{0x00000000d56f1288}: 'java.lang.Object java.lang.invoke.Invokers$Holder.invokeExact_MT(java.lang.Object, int, java.lang.Object)'> (0x00000000d56f1288) 
thrown [s\src\hotspot\share\interpreter\linkResolver.cpp, line 773]
Event: 4.077 Thread 0x000002b5f7092250 Exception <a 'java/lang/NoClassDefFoundError'{0x00000000d5af5170}: com/google/inject/servlet/ServletModuleTargetVisitor> (0x00000000d5af5170) 
thrown [s\src\hotspot\share\classfile\systemDictionary.cpp, line 301]
Event: 5.535 Thread 0x000002b5f8f9cd80 Exception <a 'sun/nio/fs/WindowsException'{0x00000000d5594ca8}> (0x00000000d5594ca8) 
thrown [s\src\hotspot\share\prims\jni.cpp, line 520]
Event: 5.538 Thread 0x000002b5f8f9e7c0 Exception <a 'sun/nio/fs/WindowsException'{0x00000000d56dc2c8}> (0x00000000d56dc2c8) 
thrown [s\src\hotspot\share\prims\jni.cpp, line 520]
Event: 5.539 Thread 0x000002b5f8f9f4e0 Exception <a 'sun/nio/fs/WindowsException'{0x00000000d574d700}> (0x00000000d574d700) 
thrown [s\src\hotspot\share\prims\jni.cpp, line 520]
Event: 5.540 Thread 0x000002b5f8f9ee50 Exception <a 'sun/nio/fs/WindowsException'{0x00000000d5756a58}> (0x00000000d5756a58) 
thrown [s\src\hotspot\share\prims\jni.cpp, line 520]
Event: 5.540 Thread 0x000002b5fdf3ae60 Exception <a 'sun/nio/fs/WindowsException'{0x00000000d578f7a8}> (0x00000000d578f7a8) 
thrown [s\src\hotspot\share\prims\jni.cpp, line 520]
Event: 5.566 Thread 0x000002b5f8f99270 Exception <a 'java/lang/IncompatibleClassChangeError'{0x00000000d56c5ab0}: Found class java.lang.Object, but interface was expected> (0x00000000d56c5ab0) 
thrown [s\src\hotspot\share\interpreter\linkResolver.cpp, line 840]

ZGC Phase Switch (0 events):
No events

VM Operations (20 events):
Event: 5.547 Executing VM operation: ParallelGCFailedAllocation (Allocation Failure)
Event: 5.549 Executing VM operation: ParallelGCFailedAllocation (Allocation Failure) done
Event: 5.561 Executing VM operation: ParallelGCFailedAllocation (Allocation Failure)
Event: 5.562 Executing VM operation: ParallelGCFailedAllocation (Allocation Failure) done
Event: 5.574 Executing VM operation: ParallelGCFailedAllocation (Allocation Failure)
Event: 5.575 Executing VM operation: ParallelGCFailedAllocation (Allocation Failure) done
Event: 5.589 Executing VM operation: ParallelGCFailedAllocation (Allocation Failure)
Event: 5.591 Executing VM operation: ParallelGCFailedAllocation (Allocation Failure) done
Event: 5.604 Executing VM operation: ParallelGCFailedAllocation (Allocation Failure)
Event: 5.605 Executing VM operation: ParallelGCFailedAllocation (Allocation Failure) done
Event: 5.617 Executing VM operation: ParallelGCFailedAllocation (Allocation Failure)
Event: 5.619 Executing VM operation: ParallelGCFailedAllocation (Allocation Failure) done
Event: 5.630 Executing VM operation: ParallelGCFailedAllocation (Allocation Failure)
Event: 5.631 Executing VM operation: ParallelGCFailedAllocation (Allocation Failure) done
Event: 5.641 Executing VM operation: ParallelGCFailedAllocation (Allocation Failure)
Event: 5.643 Executing VM operation: ParallelGCFailedAllocation (Allocation Failure) done
Event: 5.653 Executing VM operation: ParallelGCFailedAllocation (Allocation Failure)
Event: 5.654 Executing VM operation: ParallelGCFailedAllocation (Allocation Failure) done
Event: 5.663 Executing VM operation: ParallelGCFailedAllocation (Allocation Failure)
Event: 5.663 Executing VM operation: ParallelGCFailedAllocation (Allocation Failure) done

Memory protections (0 events):
No events

Nmethod flushes (20 events):
Event: 2.155 Thread 0x000002b5f07e3540 flushing  nmethod 0x000002b59b222390
Event: 2.155 Thread 0x000002b5f07e3540 flushing  nmethod 0x000002b59b243710
Event: 2.155 Thread 0x000002b5f07e3540 flushing  nmethod 0x000002b59b274e10
Event: 2.155 Thread 0x000002b5f07e3540 flushing  nmethod 0x000002b59b27b890
Event: 2.155 Thread 0x000002b5f07e3540 flushing  nmethod 0x000002b59b27be10
Event: 2.155 Thread 0x000002b5f07e3540 flushing  nmethod 0x000002b59b28e190
Event: 2.155 Thread 0x000002b5f07e3540 flushing  nmethod 0x000002b59b299790
Event: 2.155 Thread 0x000002b5f07e3540 flushing  nmethod 0x000002b59b2c0010
Event: 2.155 Thread 0x000002b5f07e3540 flushing  nmethod 0x000002b59b2c0410
Event: 2.155 Thread 0x000002b5f07e3540 flushing  nmethod 0x000002b59b2c0d10
Event: 2.155 Thread 0x000002b5f07e3540 flushing  nmethod 0x000002b59b2c2710
Event: 2.155 Thread 0x000002b5f07e3540 flushing  nmethod 0x000002b59b2c2e90
Event: 2.155 Thread 0x000002b5f07e3540 flushing  nmethod 0x000002b59b2c4810
Event: 2.155 Thread 0x000002b5f07e3540 flushing  nmethod 0x000002b59b2c5810
Event: 2.155 Thread 0x000002b5f07e3540 flushing  nmethod 0x000002b59b2c5d10
Event: 2.155 Thread 0x000002b5f07e3540 flushing  nmethod 0x000002b59b2c6210
Event: 2.155 Thread 0x000002b5f07e3540 flushing  nmethod 0x000002b59b2c6f10
Event: 2.155 Thread 0x000002b5f07e3540 flushing  nmethod 0x000002b59b2c8e10
Event: 2.155 Thread 0x000002b5f07e3540 flushing  nmethod 0x000002b59b3c4c10
Event: 2.155 Thread 0x000002b5f07e3540 flushing  nmethod 0x000002b59b3c5090

Events (20 events):
Event: 5.539 Thread 0x000002b5fdf3ae60 Thread added: 0x000002b5fdf3bb80
Event: 5.539 Thread 0x000002b5fdf3b4f0 Thread added: 0x000002b5fdf3c210
Event: 5.539 Thread 0x000002b5fdf3bb80 Thread added: 0x000002b5fdf3c8a0
Event: 5.540 Thread 0x000002b5fdf3c210 Thread added: 0x000002b5fdf3cf30
Event: 5.540 Thread 0x000002b5f8f9f4e0 Thread added: 0x000002b5fdf3d5c0
Event: 5.540 Thread 0x000002b5f8f9ee50 Thread added: 0x000002b5fdf3a140
Event: 5.569 Thread 0x000002b5f8f9cd80 Thread added: 0x000002b5fdf3dc50
Event: 5.569 Thread 0x000002b5f8f9cd80 Thread added: 0x000002b5fdf3a7d0
Event: 5.569 Thread 0x000002b5f8f9cd80 Thread added: 0x000002b5fdf3e2e0
Event: 5.569 Thread 0x000002b5f8f9cd80 Thread added: 0x000002b5fdf3e970
Event: 5.570 Thread 0x000002b5fdf3e2e0 Thread added: 0x000002b5fdf3f000
Event: 5.570 Thread 0x000002b5fdf3dc50 Thread added: 0x000002b5fdf41760
Event: 5.570 Thread 0x000002b5fdf3f000 Thread added: 0x000002b5fdf3f690
Event: 5.570 Thread 0x000002b5fdf3e970 Thread added: 0x000002b5fdf3fd20
Event: 5.570 Thread 0x000002b5f8f9cd80 Thread added: 0x000002b5fdf403b0
Event: 5.570 Thread 0x000002b5fdf3fd20 Thread added: 0x000002b5fdf40a40
Event: 5.570 Thread 0x000002b5fdf403b0 Thread added: 0x000002b5fdf410d0
Event: 5.570 Thread 0x000002b5fdf3a7d0 Thread added: 0x000002b5f75a28e0
Event: 5.571 Thread 0x000002b5fdf410d0 Thread added: 0x000002b5f75a3600
Event: 5.571 Thread 0x000002b5fdf40a40 Thread added: 0x000002b5f75a2f70


Dynamic libraries:
0x00007ff77b530000 - 0x00007ff77b53e000 	c:\Users\IT\.windsurf\extensions\redhat.java-1.44.0-win32-x64\jre\21.0.8-win32-x86_64\bin\java.exe
0x00007ffc6bf40000 - 0x00007ffc6c1a7000 	C:\WINDOWS\SYSTEM32\ntdll.dll
0x00007ffc6b530000 - 0x00007ffc6b5f9000 	C:\WINDOWS\System32\KERNEL32.DLL
0x00007ffc694b0000 - 0x00007ffc698a0000 	C:\WINDOWS\System32\KERNELBASE.dll
0x00007ffc698b0000 - 0x00007ffc699fb000 	C:\WINDOWS\System32\ucrtbase.dll
0x00007ffc59360000 - 0x00007ffc59378000 	c:\Users\IT\.windsurf\extensions\redhat.java-1.44.0-win32-x64\jre\21.0.8-win32-x86_64\bin\jli.dll
0x00007ffc59340000 - 0x00007ffc5935e000 	c:\Users\IT\.windsurf\extensions\redhat.java-1.44.0-win32-x64\jre\21.0.8-win32-x86_64\bin\VCRUNTIME140.dll
0x00007ffc6b220000 - 0x00007ffc6b3e5000 	C:\WINDOWS\System32\USER32.dll
0x00007ffc69480000 - 0x00007ffc694a7000 	C:\WINDOWS\System32\win32u.dll
0x00007ffc55a70000 - 0x00007ffc55d0a000 	C:\WINDOWS\WinSxS\amd64_microsoft.windows.common-controls_6595b64144ccf1df_6.0.26100.4768_none_3e0c112ce331287c\COMCTL32.dll
0x00007ffc6a4c0000 - 0x00007ffc6a4eb000 	C:\WINDOWS\System32\GDI32.dll
0x00007ffc69ec0000 - 0x00007ffc69f69000 	C:\WINDOWS\System32\msvcrt.dll
0x00007ffc69340000 - 0x00007ffc69478000 	C:\WINDOWS\System32\gdi32full.dll
0x00007ffc69b80000 - 0x00007ffc69c23000 	C:\WINDOWS\System32\msvcp_win.dll
0x00007ffc6a480000 - 0x00007ffc6a4af000 	C:\WINDOWS\System32\IMM32.DLL
0x00007ffc5b370000 - 0x00007ffc5b37c000 	c:\Users\IT\.windsurf\extensions\redhat.java-1.44.0-win32-x64\jre\21.0.8-win32-x86_64\bin\vcruntime140_1.dll
0x00007ffc1f450000 - 0x00007ffc1f4dd000 	c:\Users\IT\.windsurf\extensions\redhat.java-1.44.0-win32-x64\jre\21.0.8-win32-x86_64\bin\msvcp140.dll
0x00007ffc00470000 - 0x00007ffc01207000 	c:\Users\IT\.windsurf\extensions\redhat.java-1.44.0-win32-x64\jre\21.0.8-win32-x86_64\bin\server\jvm.dll
0x00007ffc6a7d0000 - 0x00007ffc6a884000 	C:\WINDOWS\System32\ADVAPI32.dll
0x00007ffc6b3f0000 - 0x00007ffc6b496000 	C:\WINDOWS\System32\sechost.dll
0x00007ffc6a350000 - 0x00007ffc6a468000 	C:\WINDOWS\System32\RPCRT4.dll
0x00007ffc6ab10000 - 0x00007ffc6ab84000 	C:\WINDOWS\System32\WS2_32.dll
0x00007ffc68ed0000 - 0x00007ffc68f2e000 	C:\WINDOWS\SYSTEM32\POWRPROF.dll
0x00007ffc62ee0000 - 0x00007ffc62eeb000 	C:\WINDOWS\SYSTEM32\VERSION.dll
0x00007ffc55a30000 - 0x00007ffc55a65000 	C:\WINDOWS\SYSTEM32\WINMM.dll
0x00007ffc68eb0000 - 0x00007ffc68ec4000 	C:\WINDOWS\SYSTEM32\UMPDC.dll
0x00007ffc67df0000 - 0x00007ffc67e0b000 	C:\WINDOWS\SYSTEM32\kernel.appcore.dll
0x00007ffc51950000 - 0x00007ffc5195a000 	c:\Users\IT\.windsurf\extensions\redhat.java-1.44.0-win32-x64\jre\21.0.8-win32-x86_64\bin\jimage.dll
0x00007ffc56f90000 - 0x00007ffc571d1000 	C:\WINDOWS\SYSTEM32\DBGHELP.DLL
0x00007ffc69fc0000 - 0x00007ffc6a345000 	C:\WINDOWS\System32\combase.dll
0x00007ffc6a6e0000 - 0x00007ffc6a7c0000 	C:\WINDOWS\System32\OLEAUT32.dll
0x00007ffc3d170000 - 0x00007ffc3d1b3000 	C:\WINDOWS\SYSTEM32\dbgcore.DLL
0x00007ffc69c30000 - 0x00007ffc69cc9000 	C:\WINDOWS\System32\bcryptPrimitives.dll
0x00007ffc534e0000 - 0x00007ffc534ef000 	c:\Users\IT\.windsurf\extensions\redhat.java-1.44.0-win32-x64\jre\21.0.8-win32-x86_64\bin\instrument.dll
0x00007ffc40e60000 - 0x00007ffc40e7f000 	c:\Users\IT\.windsurf\extensions\redhat.java-1.44.0-win32-x64\jre\21.0.8-win32-x86_64\bin\java.dll
0x00007ffc6b730000 - 0x00007ffc6be7d000 	C:\WINDOWS\System32\SHELL32.dll
0x00007ffc69070000 - 0x00007ffc691e3000 	C:\WINDOWS\System32\wintypes.dll
0x00007ffc66c90000 - 0x00007ffc674f0000 	C:\WINDOWS\SYSTEM32\windows.storage.dll
0x00007ffc6a890000 - 0x00007ffc6a985000 	C:\WINDOWS\System32\SHCORE.dll
0x00007ffc6be90000 - 0x00007ffc6befa000 	C:\WINDOWS\System32\shlwapi.dll
0x00007ffc68f60000 - 0x00007ffc68f89000 	C:\WINDOWS\SYSTEM32\profapi.dll
0x00007ffc4bfd0000 - 0x00007ffc4bfe8000 	c:\Users\IT\.windsurf\extensions\redhat.java-1.44.0-win32-x64\jre\21.0.8-win32-x86_64\bin\zip.dll
0x00007ffc534d0000 - 0x00007ffc534e0000 	C:\Users\IT\.windsurf\extensions\redhat.java-1.44.0-win32-x64\jre\21.0.8-win32-x86_64\bin\net.dll
0x00007ffc620a0000 - 0x00007ffc621be000 	C:\WINDOWS\SYSTEM32\WINHTTP.dll
0x00007ffc68380000 - 0x00007ffc683eb000 	C:\WINDOWS\system32\mswsock.dll
0x00007ffc3e490000 - 0x00007ffc3e4a6000 	C:\Users\IT\.windsurf\extensions\redhat.java-1.44.0-win32-x64\jre\21.0.8-win32-x86_64\bin\nio.dll
0x00007ffc514a0000 - 0x00007ffc514b0000 	c:\Users\IT\.windsurf\extensions\redhat.java-1.44.0-win32-x64\jre\21.0.8-win32-x86_64\bin\verify.dll
0x00007ffc33e30000 - 0x00007ffc33e75000 	C:\Users\IT\AppData\Roaming\Windsurf\User\globalStorage\redhat.java\1.44.0\config_win\org.eclipse.equinox.launcher\org.eclipse.equinox.launcher.win32.win32.x86_64_1.2.1400.v20250730-1736\eclipse_11913.dll
0x00007ffc6a520000 - 0x00007ffc6a6c0000 	C:\WINDOWS\System32\ole32.dll
0x00007ffc68640000 - 0x00007ffc6865b000 	C:\WINDOWS\SYSTEM32\CRYPTSP.dll
0x00007ffc67d50000 - 0x00007ffc67d8b000 	C:\WINDOWS\system32\rsaenh.dll
0x00007ffc68420000 - 0x00007ffc6844b000 	C:\WINDOWS\SYSTEM32\USERENV.dll
0x00007ffc68f90000 - 0x00007ffc68fb6000 	C:\WINDOWS\SYSTEM32\bcrypt.dll
0x00007ffc68660000 - 0x00007ffc6866c000 	C:\WINDOWS\SYSTEM32\CRYPTBASE.dll
0x00007ffc67800000 - 0x00007ffc67833000 	C:\WINDOWS\SYSTEM32\IPHLPAPI.DLL
0x00007ffc6a470000 - 0x00007ffc6a47a000 	C:\WINDOWS\System32\NSI.dll
0x00007ffc33de0000 - 0x00007ffc33e29000 	C:\Users\IT\AppData\Local\Temp\jna-2347\jna15997683621828407280.dll
0x00007ffc6ad80000 - 0x00007ffc6ad88000 	C:\WINDOWS\System32\PSAPI.DLL
0x00007ffc59330000 - 0x00007ffc5933a000 	C:\Users\IT\.windsurf\extensions\redhat.java-1.44.0-win32-x64\jre\21.0.8-win32-x86_64\bin\management.dll
0x00007ffc59320000 - 0x00007ffc5932b000 	C:\Users\IT\.windsurf\extensions\redhat.java-1.44.0-win32-x64\jre\21.0.8-win32-x86_64\bin\management_ext.dll
0x00007ffc625a0000 - 0x00007ffc625bf000 	C:\WINDOWS\SYSTEM32\dhcpcsvc6.DLL
0x00007ffc61f30000 - 0x00007ffc61f55000 	C:\WINDOWS\SYSTEM32\dhcpcsvc.DLL

JVMTI agents:
c:\Users\IT\.windsurf\extensions\redhat.java-1.44.0-win32-x64\lombok\lombok-1.18.39-4050.jar path:c:\Users\IT\.windsurf\extensions\redhat.java-1.44.0-win32-x64\jre\21.0.8-win32-x86_64\bin\instrument.dll, loaded, initialized, instrumentlib options:none

dbghelp: loaded successfully - version: 4.0.5 - missing functions: none
symbol engine: initialized successfully - sym options: 0x614 - pdb path: .;c:\Users\IT\.windsurf\extensions\redhat.java-1.44.0-win32-x64\jre\21.0.8-win32-x86_64\bin;C:\WINDOWS\SYSTEM32;C:\WINDOWS\WinSxS\amd64_microsoft.windows.common-controls_6595b64144ccf1df_6.0.26100.4768_none_3e0c112ce331287c;c:\Users\IT\.windsurf\extensions\redhat.java-1.44.0-win32-x64\jre\21.0.8-win32-x86_64\bin\server;C:\Users\IT\AppData\Roaming\Windsurf\User\globalStorage\redhat.java\1.44.0\config_win\org.eclipse.equinox.launcher\org.eclipse.equinox.launcher.win32.win32.x86_64_1.2.1400.v20250730-1736;C:\Users\IT\AppData\Local\Temp\jna-2347

VM Arguments:
jvm_args: --add-modules=ALL-SYSTEM --add-opens=java.base/java.util=ALL-UNNAMED --add-opens=java.base/java.lang=ALL-UNNAMED --add-opens=java.base/sun.nio.fs=ALL-UNNAMED -Declipse.application=org.eclipse.jdt.ls.core.id1 -Dosgi.bundles.defaultStartLevel=4 -Declipse.product=org.eclipse.jdt.ls.core.product -Djava.import.generatesMetadataFilesAtProjectRoot=false -DDetectVMInstallationsJob.disabled=true -Dfile.encoding=utf8 -XX:+UseParallelGC -XX:GCTimeRatio=4 -XX:AdaptiveSizePolicyWeight=90 -Dsun.zip.disableMemoryMapping=true -Xmx2G -Xms100m -Xlog:disable -javaagent:c:\Users\IT\.windsurf\extensions\redhat.java-1.44.0-win32-x64\lombok\lombok-1.18.39-4050.jar -XX:+HeapDumpOnOutOfMemoryError -XX:HeapDumpPath=c:\Users\IT\AppData\Roaming\Windsurf\User\workspaceStorage\9304a57263ee466e7959e3898a525b22\redhat.java -Daether.dependencyCollector.impl=bf 
java_command: c:\Users\IT\.windsurf\extensions\redhat.java-1.44.0-win32-x64\server\plugins\org.eclipse.equinox.launcher_1.7.0.v20250519-0528.jar -configuration c:\Users\IT\AppData\Roaming\Windsurf\User\globalStorage\redhat.java\1.44.0\config_win -data c:\Users\IT\AppData\Roaming\Windsurf\User\workspaceStorage\9304a57263ee466e7959e3898a525b22\redhat.java\jdt_ws --pipe=\\.\pipe\lsp-af9fc4a4274e0f5e14dab203f6e8ebff-sock
java_class_path (initial): c:\Users\IT\.windsurf\extensions\redhat.java-1.44.0-win32-x64\server\plugins\org.eclipse.equinox.launcher_1.7.0.v20250519-0528.jar
Launcher Type: SUN_STANDARD

[Global flags]
    uintx AdaptiveSizePolicyWeight                 = 90                                        {product} {command line}
     intx CICompilerCount                          = 12                                        {product} {ergonomic}
    uintx GCTimeRatio                              = 4                                         {product} {command line}
     bool HeapDumpOnOutOfMemoryError               = true                                   {manageable} {command line}
    ccstr HeapDumpPath                             = c:\Users\IT\AppData\Roaming\Windsurf\User\workspaceStorage\9304a57263ee466e7959e3898a525b22\redhat.java         {manageable} {command line}
   size_t InitialHeapSize                          = 104857600                                 {product} {command line}
   size_t MaxHeapSize                              = 2147483648                                {product} {command line}
   size_t MaxNewSize                               = 715653120                                 {product} {ergonomic}
   size_t MinHeapDeltaBytes                        = 524288                                    {product} {ergonomic}
   size_t MinHeapSize                              = 104857600                                 {product} {command line}
   size_t NewSize                                  = 34603008                                  {product} {ergonomic}
    uintx NonNMethodCodeHeapSize                   = 7602480                                {pd product} {ergonomic}
    uintx NonProfiledCodeHeapSize                  = 122027880                              {pd product} {ergonomic}
   size_t OldSize                                  = 70254592                                  {product} {ergonomic}
    uintx ProfiledCodeHeapSize                     = 122027880                              {pd product} {ergonomic}
    uintx ReservedCodeCacheSize                    = 251658240                              {pd product} {ergonomic}
     bool SegmentedCodeCache                       = true                                      {product} {ergonomic}
   size_t SoftMaxHeapSize                          = 2147483648                             {manageable} {ergonomic}
     bool UseCompressedOops                        = true                           {product lp64_product} {ergonomic}
     bool UseLargePagesIndividualAllocation        = false                                  {pd product} {ergonomic}
     bool UseParallelGC                            = true                                      {product} {command line}

Logging:
Log output configuration:
 #0: stdout all=off uptime,level,tags foldmultilines=false
 #1: stderr all=off uptime,level,tags foldmultilines=false

Environment Variables:
JAVA_HOME=C:\Program Files\Java\jdk-17
PATH=C:\Program Files\Common Files\Oracle\Java\javapath;C:\WINDOWS\system32;C:\WINDOWS;C:\WINDOWS\System32\Wbem;C:\WINDOWS\System32\WindowsPowerShell\v1.0\;C:\WINDOWS\System32\OpenSSH\;C:\wamp64\bin\php\php8.2.26;C:\ProgramData\ComposerSetup\bin;C:\Program Files\Microsoft SQL Server\150\Tools\Binn\;C:\Program Files\Microsoft SQL Server\Client SDK\ODBC\170\Tools\Binn\;C:\Program Files\dotnet\;C:\Program Files\Git\cmd;C:\Program Files\Microsoft SQL Server\Client SDK\ODBC\130\Tools\Binn\;C:\Program Files (x86)\Microsoft SQL Server\140\Tools\Binn\;C:\Program Files (x86)\Microsoft SQL Server\Client SDK\ODBC\130\Tools\Binn\;C:\Program Files (x86)\Microsoft SQL Server\140\DTS\Binn\;C:\Program Files (x86)\Microsoft SQL Server\140\Tools\Binn\ManagementStudio\;C:\Program Files\Microsoft SQL Server\140\Tools\Binn\;C:\Program Files\Microsoft SQL Server\140\DTS\Binn\;C:\Program Files\nodejs\;C:\Program Files\Java\jdk-17;C:\Program Files\PostgreSQL\17\bin;C:\Program Files\Cloudflare\Cloudflare WARP\;C:\Users\IT\AppData\Local\Microsoft\WindowsApps;C:\Users\IT\AppData\Local\Programs\Microsoft VS Code\bin;C:\Users\IT\AppData\Local\GitHubDesktop\bin;C:\Users\IT\AppData\Roaming\Composer\vendor\bin;C:\Users\IT\.dotnet\tools;C:\Users\IT\AppData\Roaming\npm;C:\Users\IT\AppData\Local\Programs\Windsurf\bin
USERNAME=IT
OS=Windows_NT
PROCESSOR_IDENTIFIER=Intel64 Family 6 Model 165 Stepping 5, GenuineIntel
TMP=C:\Users\IT\AppData\Local\Temp
TEMP=C:\Users\IT\AppData\Local\Temp




Periodic native trim disabled

---------------  S Y S T E M  ---------------

OS:
 Windows 11 , 64 bit Build 26100 (10.0.26100.4768)
OS uptime: 0 days 6:25 hours

CPU: total 16 (initial active 16) (8 cores per cpu, 2 threads per core) family 6 model 165 stepping 5 microcode 0x100, cx8, cmov, fxsr, ht, mmx, 3dnowpref, sse, sse2, sse3, ssse3, sse4.1, sse4.2, popcnt, lzcnt, tsc, tscinvbit, avx, avx2, aes, erms, clmul, bmi1, bmi2, adx, fma, vzeroupper, clflush, clflushopt, rdtscp, f16c, pku
Processor Information for processor 0
  Max Mhz: 2901, Current Mhz: 800, Mhz Limit: 2901
Processor Information for processor 1
  Max Mhz: 2901, Current Mhz: 800, Mhz Limit: 2901
Processor Information for processor 2
  Max Mhz: 2901, Current Mhz: 2901, Mhz Limit: 2901
Processor Information for processor 3
  Max Mhz: 2901, Current Mhz: 800, Mhz Limit: 2901
Processor Information for processor 4
  Max Mhz: 2901, Current Mhz: 2901, Mhz Limit: 2901
Processor Information for processor 5
  Max Mhz: 2901, Current Mhz: 800, Mhz Limit: 2901
Processor Information for processor 6
  Max Mhz: 2901, Current Mhz: 800, Mhz Limit: 2901
Processor Information for processor 7
  Max Mhz: 2901, Current Mhz: 2901, Mhz Limit: 2901
Processor Information for processor 8
  Max Mhz: 2901, Current Mhz: 800, Mhz Limit: 2901
Processor Information for processor 9
  Max Mhz: 2901, Current Mhz: 800, Mhz Limit: 2901
Processor Information for processor 10
  Max Mhz: 2901, Current Mhz: 800, Mhz Limit: 2901
Processor Information for processor 11
  Max Mhz: 2901, Current Mhz: 800, Mhz Limit: 2901
Processor Information for processor 12
  Max Mhz: 2901, Current Mhz: 800, Mhz Limit: 2901
Processor Information for processor 13
  Max Mhz: 2901, Current Mhz: 800, Mhz Limit: 2901
Processor Information for processor 14
  Max Mhz: 2901, Current Mhz: 800, Mhz Limit: 2901
Processor Information for processor 15
  Max Mhz: 2901, Current Mhz: 800, Mhz Limit: 2901

Memory: 4k page, system-wide physical 16099M (4250M free)
TotalPageFile size 36236M (AvailPageFile size 26M)
current process WorkingSet (physical memory assigned to process): 528M, peak: 528M
current process commit charge ("private bytes"): 567M, peak: 568M

vm_info: OpenJDK 64-Bit Server VM (21.0.8+9-LTS) for windows-amd64 JRE (21.0.8+9-LTS), built on 2025-07-15T00:00:00Z by "admin" with MS VC++ 17.7 (VS2022)

END.
