#
# There is insufficient memory for the Java Runtime Environment to continue.
# Native memory allocation (malloc) failed to allocate 1232336 bytes. Error detail: Chunk::new
# Possible reasons:
#   The system is out of physical RAM or swap space
#   This process is running with CompressedOops enabled, and the Java Heap may be blocking the growth of the native heap
# Possible solutions:
#   Reduce memory load on the system
#   Increase physical memory or swap space
#   Check if swap backing store is full
#   Decrease Java heap size (-Xmx/-Xms)
#   Decrease number of Java threads
#   Decrease Java thread stack sizes (-Xss)
#   Set larger code cache with -XX:ReservedCodeCacheSize=
#   JVM is running with Unscaled Compressed Oops mode in which the Java heap is
#     placed in the first 4GB address space. The Java Heap base address is the
#     maximum limit for the native heap growth. Please use -XX:HeapBaseMinAddress
#     to set the Java Heap base and to place the Java Heap above 4GB virtual address.
# This output file may be truncated or incomplete.
#
#  Out of Memory Error (arena.cpp:168), pid=20448, tid=14216
#
# JRE version: OpenJDK Runtime Environment Temurin-21.0.8+9 (21.0.8+9) (build 21.0.8+9-LTS)
# Java VM: OpenJDK 64-Bit Server VM Temurin-21.0.8+9 (21.0.8+9-LTS, mixed mode, sharing, tiered, compressed oops, compressed class ptrs, parallel gc, windows-amd64)
# No core dump will be written. Minidumps are not enabled by default on client versions of Windows
#

---------------  S U M M A R Y ------------

Command Line: --add-modules=ALL-SYSTEM --add-opens=java.base/java.util=ALL-UNNAMED --add-opens=java.base/java.lang=ALL-UNNAMED --add-opens=java.base/sun.nio.fs=ALL-UNNAMED -Declipse.application=org.eclipse.jdt.ls.core.id1 -Dosgi.bundles.defaultStartLevel=4 -Declipse.product=org.eclipse.jdt.ls.core.product -Djava.import.generatesMetadataFilesAtProjectRoot=false -DDetectVMInstallationsJob.disabled=true -Dfile.encoding=utf8 -XX:+UseParallelGC -XX:GCTimeRatio=4 -XX:AdaptiveSizePolicyWeight=90 -Dsun.zip.disableMemoryMapping=true -Xmx2G -Xms100m -Xlog:disable -javaagent:c:\Users\IT\.vscode\extensions\redhat.java-1.44.0-win32-x64\lombok\lombok-1.18.39-4050.jar -XX:+HeapDumpOnOutOfMemoryError -XX:HeapDumpPath=c:\Users\IT\AppData\Roaming\Code\User\workspaceStorage\9304a57263ee466e7959e3898a525b22\redhat.java -Daether.dependencyCollector.impl=bf c:\Users\IT\.vscode\extensions\redhat.java-1.44.0-win32-x64\server\plugins\org.eclipse.equinox.launcher_1.7.0.v20250519-0528.jar -configuration c:\Users\IT\AppData\Roaming\Code\User\globalStorage\redhat.java\1.44.0\config_win -data c:\Users\IT\AppData\Roaming\Code\User\workspaceStorage\9304a57263ee466e7959e3898a525b22\redhat.java\jdt_ws --pipe=\\.\pipe\lsp-68b7a74dc87282cc80ebec3e8c042e62-sock

Host: Intel(R) Core(TM) i7-10700 CPU @ 2.90GHz, 16 cores, 15G,  Windows 11 , 64 bit Build 26100 (10.0.26100.4768)
Time: Sun Aug 24 14:41:59 2025 Afghanistan Standard Time elapsed time: 12.547428 seconds (0d 0h 0m 12s)

---------------  T H R E A D  ---------------

Current thread (0x000001d667799170):  JavaThread "C2 CompilerThread2" daemon [_thread_in_native, id=14216, stack(0x0000003867800000,0x0000003867900000) (1024K)]


Current CompileTask:
C2:12547 5807   !   4       org.eclipse.osgi.internal.loader.BundleLoader::findClass0 (491 bytes)

Stack: [0x0000003867800000,0x0000003867900000]
Native frames: (J=compiled Java code, j=interpreted, Vv=VM code, C=native code)
V  [jvm.dll+0x6d2449]
V  [jvm.dll+0x8ae341]
V  [jvm.dll+0x8b08be]
V  [jvm.dll+0x8b0fa3]
V  [jvm.dll+0x280c96]
V  [jvm.dll+0xc581d]
V  [jvm.dll+0xc5d53]
V  [jvm.dll+0x2f539d]
V  [jvm.dll+0x5fa00a]
V  [jvm.dll+0x252092]
V  [jvm.dll+0x25244f]
V  [jvm.dll+0x24ad14]
V  [jvm.dll+0x2483a4]
V  [jvm.dll+0x1c89ee]
V  [jvm.dll+0x257d4d]
V  [jvm.dll+0x2562ea]
V  [jvm.dll+0x3f2d16]
V  [jvm.dll+0x857e6b]
V  [jvm.dll+0x6d0b0d]
C  [ucrtbase.dll+0x37b0]
C  [KERNEL32.DLL+0x2e8d7]
C  [ntdll.dll+0x3c34c]


---------------  P R O C E S S  ---------------

Threads class SMR info:
_java_thread_list=0x000001d66a66a5a0, length=58, elements={
0x000001d6483cfe40, 0x000001d64846ffd0, 0x000001d648475200, 0x000001d648477d50,
0x000001d6484789a0, 0x000001d64847ca90, 0x000001d6484818b0, 0x000001d64848b470,
0x000001d64848c7d0, 0x000001d64843c400, 0x000001d666035dd0, 0x000001d666cccfb0,
0x000001d660251250, 0x000001d666868010, 0x000001d6660d97e0, 0x000001d666c99040,
0x000001d666d21e60, 0x000001d666207340, 0x000001d66626ac80, 0x000001d666369bd0,
0x000001d6660aaf90, 0x000001d6663cea70, 0x000001d6660fb640, 0x000001d6663d1860,
0x000001d6663d0b40, 0x000001d6663d11d0, 0x000001d6663d1ef0, 0x000001d667799170,
0x000001d666d15660, 0x000001d6663cf100, 0x000001d6663cf790, 0x000001d668d3b930,
0x000001d6663cfe20, 0x000001d6663d04b0, 0x000001d668201c50, 0x000001d668203000,
0x000001d668202970, 0x000001d6682022e0, 0x000001d668203690, 0x000001d6682043b0,
0x000001d668203d20, 0x000001d668204a40, 0x000001d6682015c0, 0x000001d669d916c0,
0x000001d669d944b0, 0x000001d669d951d0, 0x000001d669d94b40, 0x000001d669d93e20,
0x000001d669d91d50, 0x000001d669d95860, 0x000001d669d923e0, 0x000001d669d93790,
0x000001d669d92a70, 0x000001d66682a400, 0x000001d6669f9870, 0x000001d66690f900,
0x000001d669d95ef0, 0x000001d669d96580
}

Java Threads: ( => current thread )
  0x000001d6483cfe40 JavaThread "main"                              [_thread_blocked, id=17308, stack(0x0000003864e00000,0x0000003864f00000) (1024K)]
  0x000001d64846ffd0 JavaThread "Reference Handler"          daemon [_thread_blocked, id=21588, stack(0x0000003865200000,0x0000003865300000) (1024K)]
  0x000001d648475200 JavaThread "Finalizer"                  daemon [_thread_blocked, id=24860, stack(0x0000003865300000,0x0000003865400000) (1024K)]
  0x000001d648477d50 JavaThread "Signal Dispatcher"          daemon [_thread_blocked, id=24656, stack(0x0000003865400000,0x0000003865500000) (1024K)]
  0x000001d6484789a0 JavaThread "Attach Listener"            daemon [_thread_blocked, id=24316, stack(0x0000003865500000,0x0000003865600000) (1024K)]
  0x000001d64847ca90 JavaThread "Service Thread"             daemon [_thread_blocked, id=21032, stack(0x0000003865600000,0x0000003865700000) (1024K)]
  0x000001d6484818b0 JavaThread "Monitor Deflation Thread"   daemon [_thread_blocked, id=22104, stack(0x0000003865700000,0x0000003865800000) (1024K)]
  0x000001d64848b470 JavaThread "C2 CompilerThread0"         daemon [_thread_in_native, id=7884, stack(0x0000003865800000,0x0000003865900000) (1024K)]
  0x000001d64848c7d0 JavaThread "C1 CompilerThread0"         daemon [_thread_blocked, id=21428, stack(0x0000003865900000,0x0000003865a00000) (1024K)]
  0x000001d64843c400 JavaThread "Common-Cleaner"             daemon [_thread_blocked, id=24984, stack(0x0000003865a00000,0x0000003865b00000) (1024K)]
  0x000001d666035dd0 JavaThread "Notification Thread"        daemon [_thread_blocked, id=23844, stack(0x0000003865e00000,0x0000003865f00000) (1024K)]
  0x000001d666cccfb0 JavaThread "Active Thread: Equinox Container: 26a1de2d-4d70-4ba5-933a-d6b6dfccbea8"        [_thread_blocked, id=20264, stack(0x0000003866700000,0x0000003866800000) (1024K)]
  0x000001d660251250 JavaThread "Refresh Thread: Equinox Container: 26a1de2d-4d70-4ba5-933a-d6b6dfccbea8" daemon [_thread_blocked, id=24288, stack(0x0000003865d00000,0x0000003865e00000) (1024K)]
  0x000001d666868010 JavaThread "Framework Event Dispatcher: Equinox Container: 26a1de2d-4d70-4ba5-933a-d6b6dfccbea8" daemon [_thread_blocked, id=8576, stack(0x0000003865f00000,0x0000003866000000) (1024K)]
  0x000001d6660d97e0 JavaThread "Start Level: Equinox Container: 26a1de2d-4d70-4ba5-933a-d6b6dfccbea8" daemon [_thread_blocked, id=2248, stack(0x0000003866600000,0x0000003866700000) (1024K)]
  0x000001d666c99040 JavaThread "Bundle File Closer"         daemon [_thread_blocked, id=6896, stack(0x0000003866c00000,0x0000003866d00000) (1024K)]
  0x000001d666d21e60 JavaThread "SCR Component Actor"        daemon [_thread_blocked, id=10036, stack(0x0000003865b00000,0x0000003865c00000) (1024K)]
  0x000001d666207340 JavaThread "C1 CompilerThread1"         daemon [_thread_in_native, id=9060, stack(0x0000003866b00000,0x0000003866c00000) (1024K)]
  0x000001d66626ac80 JavaThread "SCR Component Registry"     daemon [_thread_blocked, id=5272, stack(0x0000003866d00000,0x0000003866e00000) (1024K)]
  0x000001d666369bd0 JavaThread "C1 CompilerThread2"         daemon [_thread_blocked, id=22148, stack(0x0000003866e00000,0x0000003866f00000) (1024K)]
  0x000001d6660aaf90 JavaThread "C2 CompilerThread1"         daemon [_thread_in_native, id=23324, stack(0x0000003866f00000,0x0000003867000000) (1024K)]
  0x000001d6663cea70 JavaThread "Worker-JM"                         [_thread_blocked, id=23140, stack(0x0000003867000000,0x0000003867100000) (1024K)]
  0x000001d6660fb640 JavaThread "C1 CompilerThread3"         daemon [_thread_blocked, id=18500, stack(0x0000003867100000,0x0000003867200000) (1024K)]
  0x000001d6663d1860 JavaThread "JNA Cleaner"                daemon [_thread_blocked, id=1564, stack(0x0000003867400000,0x0000003867500000) (1024K)]
  0x000001d6663d0b40 JavaThread "Worker-0"                          [_thread_blocked, id=19052, stack(0x0000003867500000,0x0000003867600000) (1024K)]
  0x000001d6663d11d0 JavaThread "Worker-1: Building"                [_thread_in_native, id=19356, stack(0x0000003867600000,0x0000003867700000) (1024K)]
  0x000001d6663d1ef0 JavaThread "Worker-2"                          [_thread_blocked, id=17604, stack(0x0000003867700000,0x0000003867800000) (1024K)]
=>0x000001d667799170 JavaThread "C2 CompilerThread2"         daemon [_thread_in_native, id=14216, stack(0x0000003867800000,0x0000003867900000) (1024K)]
  0x000001d666d15660 JavaThread "C2 CompilerThread3"         daemon [_thread_in_native, id=9840, stack(0x0000003867900000,0x0000003867a00000) (1024K)]
  0x000001d6663cf100 JavaThread "Java indexing"              daemon [_thread_in_Java, id=8592, stack(0x0000003867a00000,0x0000003867b00000) (1024K)]
  0x000001d6663cf790 JavaThread "Worker-3: Loading available Gradle versions"        [_thread_in_vm, id=19948, stack(0x0000003867b00000,0x0000003867c00000) (1024K)]
  0x000001d668d3b930 JavaThread "C2 CompilerThread4"         daemon [_thread_in_native, id=20020, stack(0x0000003867c00000,0x0000003867d00000) (1024K)]
  0x000001d6663cfe20 JavaThread "Worker-4: Repository registry initialization"        [_thread_in_native, id=12620, stack(0x0000003868000000,0x0000003868100000) (1024K)]
  0x000001d6663d04b0 JavaThread "Worker-5"                          [_thread_blocked, id=1868, stack(0x0000003868100000,0x0000003868200000) (1024K)]
  0x000001d668201c50 JavaThread "Thread-2"                   daemon [_thread_in_native, id=4844, stack(0x0000003868200000,0x0000003868300000) (1024K)]
  0x000001d668203000 JavaThread "Thread-3"                   daemon [_thread_in_native, id=18796, stack(0x0000003868300000,0x0000003868400000) (1024K)]
  0x000001d668202970 JavaThread "Thread-4"                   daemon [_thread_in_native, id=24428, stack(0x0000003868400000,0x0000003868500000) (1024K)]
  0x000001d6682022e0 JavaThread "Thread-5"                   daemon [_thread_in_native, id=25420, stack(0x0000003868500000,0x0000003868600000) (1024K)]
  0x000001d668203690 JavaThread "Thread-6"                   daemon [_thread_in_native, id=20308, stack(0x0000003868600000,0x0000003868700000) (1024K)]
  0x000001d6682043b0 JavaThread "Thread-7"                   daemon [_thread_in_native, id=17400, stack(0x0000003868700000,0x0000003868800000) (1024K)]
  0x000001d668203d20 JavaThread "Thread-8"                   daemon [_thread_in_native, id=12300, stack(0x0000003868800000,0x0000003868900000) (1024K)]
  0x000001d668204a40 JavaThread "Thread-9"                   daemon [_thread_in_native, id=13628, stack(0x0000003868900000,0x0000003868a00000) (1024K)]
  0x000001d6682015c0 JavaThread "Thread-10"                  daemon [_thread_in_native, id=4716, stack(0x0000003868a00000,0x0000003868b00000) (1024K)]
  0x000001d669d916c0 JavaThread "Thread-11"                  daemon [_thread_in_native, id=25544, stack(0x0000003868b00000,0x0000003868c00000) (1024K)]
  0x000001d669d944b0 JavaThread "Thread-12"                  daemon [_thread_in_native, id=19436, stack(0x0000003868c00000,0x0000003868d00000) (1024K)]
  0x000001d669d951d0 JavaThread "Thread-13"                  daemon [_thread_in_native, id=23368, stack(0x0000003868d00000,0x0000003868e00000) (1024K)]
  0x000001d669d94b40 JavaThread "Thread-14"                  daemon [_thread_in_native, id=16696, stack(0x0000003868e00000,0x0000003868f00000) (1024K)]
  0x000001d669d93e20 JavaThread "Thread-15"                  daemon [_thread_in_native, id=24268, stack(0x0000003868f00000,0x0000003869000000) (1024K)]
  0x000001d669d91d50 JavaThread "Thread-16"                  daemon [_thread_in_native, id=21552, stack(0x0000003869000000,0x0000003869100000) (1024K)]
  0x000001d669d95860 JavaThread "Thread-17"                  daemon [_thread_in_native, id=12948, stack(0x0000003869100000,0x0000003869200000) (1024K)]
  0x000001d669d923e0 JavaThread "Thread-18"                  daemon [_thread_in_native, id=23884, stack(0x0000003869200000,0x0000003869300000) (1024K)]
  0x000001d669d93790 JavaThread "pool-2-thread-1"                   [_thread_blocked, id=17656, stack(0x0000003869300000,0x0000003869400000) (1024K)]
  0x000001d669d92a70 JavaThread "Worker-6: Java indexing... "        [_thread_blocked, id=3004, stack(0x0000003869400000,0x0000003869500000) (1024K)]
  0x000001d66682a400 JavaThread "C2 CompilerThread5"         daemon [_thread_in_native, id=22452, stack(0x0000003869500000,0x0000003869600000) (1024K)]
  0x000001d6669f9870 JavaThread "C2 CompilerThread6"         daemon [_thread_in_native, id=3456, stack(0x0000003869600000,0x0000003869700000) (1024K)]
  0x000001d66690f900 JavaThread "C2 CompilerThread7"         daemon [_thread_in_native, id=25044, stack(0x0000003869700000,0x0000003869800000) (1024K)]
  0x000001d669d95ef0 JavaThread "WorkspaceEventsHandler"            [_thread_blocked, id=23832, stack(0x0000003869800000,0x0000003869900000) (1024K)]
  0x000001d669d96580 JavaThread "pool-1-thread-1"                   [_thread_in_vm, id=4452, stack(0x0000003869900000,0x0000003869a00000) (1024K)]
Total: 58

Other Threads:
  0x000001d645ff1a20 VMThread "VM Thread"                           [id=23828, stack(0x0000003865100000,0x0000003865200000) (1024K)]
  0x000001d64825ba00 WatcherThread "VM Periodic Task Thread"        [id=12080, stack(0x0000003865000000,0x0000003865100000) (1024K)]
  0x000001d645ff2500 WorkerThread "GC Thread#0"                     [id=23240, stack(0x0000003864f00000,0x0000003865000000) (1024K)]
  0x000001d645ff1680 WorkerThread "GC Thread#1"                     [id=3812, stack(0x0000003866000000,0x0000003866100000) (1024K)]
  0x000001d645ff12e0 WorkerThread "GC Thread#2"                     [id=10436, stack(0x0000003866100000,0x0000003866200000) (1024K)]
  0x000001d6665ca920 WorkerThread "GC Thread#3"                     [id=7184, stack(0x0000003866200000,0x0000003866300000) (1024K)]
  0x000001d6665cbee0 WorkerThread "GC Thread#4"                     [id=22284, stack(0x0000003866300000,0x0000003866400000) (1024K)]
  0x000001d6665cacc0 WorkerThread "GC Thread#5"                     [id=18256, stack(0x0000003866400000,0x0000003866500000) (1024K)]
  0x000001d6665cc280 WorkerThread "GC Thread#6"                     [id=20416, stack(0x0000003866500000,0x0000003866600000) (1024K)]
  0x000001d6665cb400 WorkerThread "GC Thread#7"                     [id=24464, stack(0x0000003866800000,0x0000003866900000) (1024K)]
  0x000001d6665cbb40 WorkerThread "GC Thread#8"                     [id=20456, stack(0x0000003865c00000,0x0000003865d00000) (1024K)]
  0x000001d6665cb060 WorkerThread "GC Thread#9"                     [id=14900, stack(0x0000003866900000,0x0000003866a00000) (1024K)]
  0x000001d6665c9e40 WorkerThread "GC Thread#10"                    [id=7732, stack(0x0000003866a00000,0x0000003866b00000) (1024K)]
  0x000001d6665ccd60 WorkerThread "GC Thread#11"                    [id=7544, stack(0x0000003867200000,0x0000003867300000) (1024K)]
  0x000001d6665cd100 WorkerThread "GC Thread#12"                    [id=14676, stack(0x0000003867300000,0x0000003867400000) (1024K)]
Total: 15

Threads with active compile tasks:
C2 CompilerThread0  12570 7094       4       org.eclipse.jdt.internal.core.search.indexing.BinaryIndexer::decodeParameterTypes (596 bytes)
C1 CompilerThread0  12570 7115       3       org.eclipse.text.templates.TemplateReaderWriter::validateXML (65 bytes)
C1 CompilerThread1  12570 7117       3       com.sun.org.apache.xerces.internal.dom.AttributeMap::setNamedItem (313 bytes)
C1 CompilerThread2  12570 7120       3       com.sun.org.apache.xerces.internal.dom.CoreDocumentImpl::changed (11 bytes)
C2 CompilerThread1  12570 7061       4       org.eclipse.jdt.core.Signature::appendClassTypeSignature (323 bytes)
C1 CompilerThread3  12571 7124       3       com.sun.org.apache.xml.internal.serializer.ToStream::writeAttrString (117 bytes)
C2 CompilerThread2  12571 5807   !   4       org.eclipse.osgi.internal.loader.BundleLoader::findClass0 (491 bytes)
C2 CompilerThread3  12571 7031 % !   4       org.eclipse.jdt.internal.compiler.classfmt.ClassFileReader::<init> @ 81 (1968 bytes)
C2 CompilerThread4  12571 6524       4       jdk.internal.jimage.ImageReader$SharedImageReader::lambda$handleModulesSubTree$1 (58 bytes)
C2 CompilerThread5  12571 7090  s    4       org.eclipse.jdt.internal.compiler.classfmt.MethodInfo::readCodeAttribute (122 bytes)
C2 CompilerThread6  12571 7098  s    4       org.eclipse.jdt.internal.compiler.classfmt.MethodInfo::readExceptionAttributes (212 bytes)
C2 CompilerThread7  12571 6961 %     4       org.eclipse.jdt.internal.core.search.indexing.BinaryIndexer::extractReferenceFromConstantPool @ 15 (358 bytes)
Total: 12

VM state: not at safepoint (normal execution)

VM Mutex/Monitor currently owned by a thread: None

Heap address: 0x0000000080000000, size: 2048 MB, Compressed Oops mode: 32-bit

CDS archive(s) mapped at: [0x000001d600000000-0x000001d600ba0000-0x000001d600ba0000), size 12189696, SharedBaseAddress: 0x000001d600000000, ArchiveRelocationMode: 1.
Compressed class space mapped at: 0x000001d601000000-0x000001d641000000, reserved size: 1073741824
Narrow klass base: 0x000001d600000000, Narrow klass shift: 0, Narrow klass range: 0x100000000

GC Precious Log:
 CardTable entry size: 512
 CPUs: 16 total, 16 available
 Memory: 16099M
 Large Page Support: Disabled
 NUMA Support: Disabled
 Compressed Oops: Enabled (32-bit)
 Alignments: Space 512K, Generation 512K, Heap 2M
 Heap Min Capacity: 100M
 Heap Initial Capacity: 100M
 Heap Max Capacity: 2G
 Pre-touch: Disabled
 Parallel Workers: 13

Heap:
 PSYoungGen      total 20992K, used 8179K [0x00000000d5580000, 0x00000000d6f80000, 0x0000000100000000)
  eden space 17408K, 28% used [0x00000000d5580000,0x00000000d5a4d3d8,0x00000000d6680000)
  from space 3584K, 91% used [0x00000000d6680000,0x00000000d69af9e0,0x00000000d6a00000)
  to   space 4608K, 0% used [0x00000000d6b00000,0x00000000d6b00000,0x00000000d6f80000)
 ParOldGen       total 68608K, used 47087K [0x0000000080000000, 0x0000000084300000, 0x00000000d5580000)
  object space 68608K, 68% used [0x0000000080000000,0x0000000082dfbd18,0x0000000084300000)
 Metaspace       used 44005K, committed 45312K, reserved 1114112K
  class space    used 4551K, committed 5120K, reserved 1048576K

Card table byte_map: [0x000001d647d70000,0x000001d648180000] _byte_map_base: 0x000001d647970000

Marking Bits: (ParMarkBitMap*) 0x00007ffba49ba340
 Begin Bits: [0x000001d65a870000, 0x000001d65c870000)
 End Bits:   [0x000001d65c870000, 0x000001d65e870000)

Polling page: 0x000001d6461e0000

Metaspace:

Usage:
  Non-class:     38.53 MB used.
      Class:      4.44 MB used.
       Both:     42.97 MB used.

Virtual space:
  Non-class space:       64.00 MB reserved,      39.25 MB ( 61%) committed,  1 nodes.
      Class space:        1.00 GB reserved,       5.00 MB ( <1%) committed,  1 nodes.
             Both:        1.06 GB reserved,      44.25 MB (  4%) committed. 

Chunk freelists:
   Non-Class:  8.36 MB
       Class:  10.98 MB
        Both:  19.34 MB

MaxMetaspaceSize: unlimited
CompressedClassSpaceSize: 1.00 GB
Initial GC threshold: 21.00 MB
Current GC threshold: 58.38 MB
CDS: on
 - commit_granule_bytes: 65536.
 - commit_granule_words: 8192.
 - virtual_space_node_default_size: 8388608.
 - enlarge_chunks_in_place: 1.
 - use_allocation_guard: 0.


Internal statistics:

num_allocs_failed_limit: 6.
num_arena_births: 962.
num_arena_deaths: 14.
num_vsnodes_births: 2.
num_vsnodes_deaths: 0.
num_space_committed: 708.
num_space_uncommitted: 0.
num_chunks_returned_to_freelist: 20.
num_chunks_taken_from_freelist: 2833.
num_chunk_merges: 7.
num_chunk_splits: 1732.
num_chunks_enlarged: 930.
num_inconsistent_stats: 0.

CodeHeap 'non-profiled nmethods': size=119168Kb used=3293Kb max_used=3293Kb free=115874Kb
 bounds [0x000001d653160000, 0x000001d6534a0000, 0x000001d65a5c0000]
CodeHeap 'profiled nmethods': size=119104Kb used=13879Kb max_used=13879Kb free=105224Kb
 bounds [0x000001d64b5c0000, 0x000001d64c350000, 0x000001d652a10000]
CodeHeap 'non-nmethods': size=7488Kb used=3097Kb max_used=3228Kb free=4390Kb
 bounds [0x000001d652a10000, 0x000001d652d40000, 0x000001d653160000]
CodeCache: size=245760Kb, used=20269Kb, max_used=20400Kb, free=225488Kb
 total_blobs=7193, nmethods=6480, adapters=616, full_count=0
Compilation: enabled, stopped_count=0, restarted_count=0

Compilation events (20 events):
Event: 12.293 Thread 0x000001d666207340 7050       3       com.google.gson.JsonPrimitive::isString (8 bytes)
Event: 12.293 Thread 0x000001d6660fb640 nmethod 7046 0x000001d64c330710 code [0x000001d64c3308c0, 0x000001d64c330ac8]
Event: 12.293 Thread 0x000001d64848c7d0 7051       3       com.google.gson.internal.bind.JsonTreeReader::push (76 bytes)
Event: 12.293 Thread 0x000001d6660fb640 7044       1       com.google.gson.internal.LinkedTreeMap$Node::getKey (5 bytes)
Event: 12.293 Thread 0x000001d666207340 nmethod 7050 0x000001d64c330b90 code [0x000001d64c330d40, 0x000001d64c330f48]
Event: 12.294 Thread 0x000001d6660fb640 nmethod 7044 0x000001d653487310 code [0x000001d6534874a0, 0x000001d653487568]
Event: 12.294 Thread 0x000001d666207340 7045       1       com.google.gson.internal.LinkedTreeMap$Node::getValue (5 bytes)
Event: 12.294 Thread 0x000001d666207340 nmethod 7045 0x000001d653487610 code [0x000001d6534877a0, 0x000001d653487868]
Event: 12.294 Thread 0x000001d64848c7d0 nmethod 7051 0x000001d64c331010 code [0x000001d64c331200, 0x000001d64c3317f8]
Event: 12.294 Thread 0x000001d666369bd0 nmethod 7053 0x000001d64c331a90 code [0x000001d64c331d60, 0x000001d64c332d50]
Event: 12.295 Thread 0x000001d66682a400 nmethod 7049 0x000001d653487910 code [0x000001d653487aa0, 0x000001d653487c00]
Event: 12.295 Thread 0x000001d66682a400 6519   !   4       org.eclipse.jdt.ls.core.internal.ConnectionStreamFactory$NamedPipeInputStream::read (128 bytes)
Event: 12.301 Thread 0x000001d66682a400 nmethod 6519 0x000001d653487d10 code [0x000001d653487f60, 0x000001d653488460]
Event: 12.301 Thread 0x000001d66682a400 7057       4       org.eclipse.jdt.internal.compiler.util.SimpleLookupTable::put (104 bytes)
Event: 12.301 Thread 0x000001d64848b470 nmethod 6902 0x000001d653488890 code [0x000001d653488ae0, 0x000001d6534898f8]
Event: 12.301 Thread 0x000001d64848b470 6958       4       org.eclipse.jdt.internal.core.search.indexing.BinaryIndexer::extractName (42 bytes)
Event: 12.302 Thread 0x000001d666369bd0 7058       3       org.eclipse.jdt.internal.compiler.parser.ScannerHelper::isWhitespace (26 bytes)
Event: 12.302 Thread 0x000001d666207340 7059       3       java.lang.invoke.MemberName::isFinal (8 bytes)
Event: 12.302 Thread 0x000001d666369bd0 nmethod 7058 0x000001d64c333490 code [0x000001d64c333660, 0x000001d64c333860]
Event: 12.306 Thread 0x000001d64848c7d0 7060       3       org.eclipse.jdt.internal.compiler.classfmt.MethodInfo::decodeAnnotations (69 bytes)

GC Heap History (20 events):
Event: 11.791 GC heap before
{Heap before GC invocations=17 (full 2):
 PSYoungGen      total 24576K, used 24462K [0x00000000d5580000, 0x00000000d7180000, 0x0000000100000000)
  eden space 22016K, 100% used [0x00000000d5580000,0x00000000d6b00000,0x00000000d6b00000)
  from space 2560K, 95% used [0x00000000d6f00000,0x00000000d7163b58,0x00000000d7180000)
  to   space 3072K, 0% used [0x00000000d6b80000,0x00000000d6b80000,0x00000000d6e80000)
 ParOldGen       total 68608K, used 20588K [0x0000000080000000, 0x0000000084300000, 0x00000000d5580000)
  object space 68608K, 30% used [0x0000000080000000,0x000000008141b280,0x0000000084300000)
 Metaspace       used 38663K, committed 39872K, reserved 1114112K
  class space    used 3919K, committed 4480K, reserved 1048576K
}
Event: 11.794 GC heap after
{Heap after GC invocations=17 (full 2):
 PSYoungGen      total 24576K, used 2048K [0x00000000d5580000, 0x00000000d7000000, 0x0000000100000000)
  eden space 22016K, 0% used [0x00000000d5580000,0x00000000d5580000,0x00000000d6b00000)
  from space 2560K, 80% used [0x00000000d6b80000,0x00000000d6d80060,0x00000000d6e00000)
  to   space 2048K, 0% used [0x00000000d6e00000,0x00000000d6e00000,0x00000000d7000000)
 ParOldGen       total 68608K, used 22734K [0x0000000080000000, 0x0000000084300000, 0x00000000d5580000)
  object space 68608K, 33% used [0x0000000080000000,0x0000000081633b18,0x0000000084300000)
 Metaspace       used 38663K, committed 39872K, reserved 1114112K
  class space    used 3919K, committed 4480K, reserved 1048576K
}
Event: 11.837 GC heap before
{Heap before GC invocations=18 (full 2):
 PSYoungGen      total 24576K, used 24064K [0x00000000d5580000, 0x00000000d7000000, 0x0000000100000000)
  eden space 22016K, 100% used [0x00000000d5580000,0x00000000d6b00000,0x00000000d6b00000)
  from space 2560K, 80% used [0x00000000d6b80000,0x00000000d6d80060,0x00000000d6e00000)
  to   space 2048K, 0% used [0x00000000d6e00000,0x00000000d6e00000,0x00000000d7000000)
 ParOldGen       total 68608K, used 22734K [0x0000000080000000, 0x0000000084300000, 0x00000000d5580000)
  object space 68608K, 33% used [0x0000000080000000,0x0000000081633b18,0x0000000084300000)
 Metaspace       used 39331K, committed 40576K, reserved 1114112K
  class space    used 3990K, committed 4544K, reserved 1048576K
}
Event: 11.839 GC heap after
{Heap after GC invocations=18 (full 2):
 PSYoungGen      total 24064K, used 2016K [0x00000000d5580000, 0x00000000d7000000, 0x0000000100000000)
  eden space 22016K, 0% used [0x00000000d5580000,0x00000000d5580000,0x00000000d6b00000)
  from space 2048K, 98% used [0x00000000d6e00000,0x00000000d6ff8010,0x00000000d7000000)
  to   space 2560K, 0% used [0x00000000d6b00000,0x00000000d6b00000,0x00000000d6d80000)
 ParOldGen       total 68608K, used 24542K [0x0000000080000000, 0x0000000084300000, 0x00000000d5580000)
  object space 68608K, 35% used [0x0000000080000000,0x00000000817f7b78,0x0000000084300000)
 Metaspace       used 39331K, committed 40576K, reserved 1114112K
  class space    used 3990K, committed 4544K, reserved 1048576K
}
Event: 11.926 GC heap before
{Heap before GC invocations=19 (full 2):
 PSYoungGen      total 24064K, used 24032K [0x00000000d5580000, 0x00000000d7000000, 0x0000000100000000)
  eden space 22016K, 100% used [0x00000000d5580000,0x00000000d6b00000,0x00000000d6b00000)
  from space 2048K, 98% used [0x00000000d6e00000,0x00000000d6ff8010,0x00000000d7000000)
  to   space 2560K, 0% used [0x00000000d6b00000,0x00000000d6b00000,0x00000000d6d80000)
 ParOldGen       total 68608K, used 24542K [0x0000000080000000, 0x0000000084300000, 0x00000000d5580000)
  object space 68608K, 35% used [0x0000000080000000,0x00000000817f7b78,0x0000000084300000)
 Metaspace       used 40397K, committed 41600K, reserved 1114112K
  class space    used 4118K, committed 4672K, reserved 1048576K
}
Event: 11.928 GC heap after
{Heap after GC invocations=19 (full 2):
 PSYoungGen      total 24576K, used 2320K [0x00000000d5580000, 0x00000000d7000000, 0x0000000100000000)
  eden space 22016K, 0% used [0x00000000d5580000,0x00000000d5580000,0x00000000d6b00000)
  from space 2560K, 90% used [0x00000000d6b00000,0x00000000d6d440a8,0x00000000d6d80000)
  to   space 2560K, 0% used [0x00000000d6d80000,0x00000000d6d80000,0x00000000d7000000)
 ParOldGen       total 68608K, used 26286K [0x0000000080000000, 0x0000000084300000, 0x00000000d5580000)
  object space 68608K, 38% used [0x0000000080000000,0x00000000819abb98,0x0000000084300000)
 Metaspace       used 40397K, committed 41600K, reserved 1114112K
  class space    used 4118K, committed 4672K, reserved 1048576K
}
Event: 11.964 GC heap before
{Heap before GC invocations=20 (full 2):
 PSYoungGen      total 24576K, used 24336K [0x00000000d5580000, 0x00000000d7000000, 0x0000000100000000)
  eden space 22016K, 100% used [0x00000000d5580000,0x00000000d6b00000,0x00000000d6b00000)
  from space 2560K, 90% used [0x00000000d6b00000,0x00000000d6d440a8,0x00000000d6d80000)
  to   space 2560K, 0% used [0x00000000d6d80000,0x00000000d6d80000,0x00000000d7000000)
 ParOldGen       total 68608K, used 26286K [0x0000000080000000, 0x0000000084300000, 0x00000000d5580000)
  object space 68608K, 38% used [0x0000000080000000,0x00000000819abb98,0x0000000084300000)
 Metaspace       used 40605K, committed 41792K, reserved 1114112K
  class space    used 4138K, committed 4672K, reserved 1048576K
}
Event: 11.966 GC heap after
{Heap after GC invocations=20 (full 2):
 PSYoungGen      total 24576K, used 2467K [0x00000000d5580000, 0x00000000d7000000, 0x0000000100000000)
  eden space 22016K, 0% used [0x00000000d5580000,0x00000000d5580000,0x00000000d6b00000)
  from space 2560K, 96% used [0x00000000d6d80000,0x00000000d6fe8e38,0x00000000d7000000)
  to   space 2560K, 0% used [0x00000000d6b00000,0x00000000d6b00000,0x00000000d6d80000)
 ParOldGen       total 68608K, used 28403K [0x0000000080000000, 0x0000000084300000, 0x00000000d5580000)
  object space 68608K, 41% used [0x0000000080000000,0x0000000081bbcf30,0x0000000084300000)
 Metaspace       used 40605K, committed 41792K, reserved 1114112K
  class space    used 4138K, committed 4672K, reserved 1048576K
}
Event: 12.008 GC heap before
{Heap before GC invocations=21 (full 2):
 PSYoungGen      total 24576K, used 24483K [0x00000000d5580000, 0x00000000d7000000, 0x0000000100000000)
  eden space 22016K, 100% used [0x00000000d5580000,0x00000000d6b00000,0x00000000d6b00000)
  from space 2560K, 96% used [0x00000000d6d80000,0x00000000d6fe8e38,0x00000000d7000000)
  to   space 2560K, 0% used [0x00000000d6b00000,0x00000000d6b00000,0x00000000d6d80000)
 ParOldGen       total 68608K, used 28403K [0x0000000080000000, 0x0000000084300000, 0x00000000d5580000)
  object space 68608K, 41% used [0x0000000080000000,0x0000000081bbcf30,0x0000000084300000)
 Metaspace       used 40951K, committed 42240K, reserved 1114112K
  class space    used 4164K, committed 4736K, reserved 1048576K
}
Event: 12.009 GC heap after
{Heap after GC invocations=21 (full 2):
 PSYoungGen      total 24576K, used 2560K [0x00000000d5580000, 0x00000000d7100000, 0x0000000100000000)
  eden space 22016K, 0% used [0x00000000d5580000,0x00000000d5580000,0x00000000d6b00000)
  from space 2560K, 100% used [0x00000000d6b00000,0x00000000d6d80000,0x00000000d6d80000)
  to   space 3072K, 0% used [0x00000000d6e00000,0x00000000d6e00000,0x00000000d7100000)
 ParOldGen       total 68608K, used 30752K [0x0000000080000000, 0x0000000084300000, 0x00000000d5580000)
  object space 68608K, 44% used [0x0000000080000000,0x0000000081e08050,0x0000000084300000)
 Metaspace       used 40951K, committed 42240K, reserved 1114112K
  class space    used 4164K, committed 4736K, reserved 1048576K
}
Event: 12.047 GC heap before
{Heap before GC invocations=22 (full 2):
 PSYoungGen      total 24576K, used 24576K [0x00000000d5580000, 0x00000000d7100000, 0x0000000100000000)
  eden space 22016K, 100% used [0x00000000d5580000,0x00000000d6b00000,0x00000000d6b00000)
  from space 2560K, 100% used [0x00000000d6b00000,0x00000000d6d80000,0x00000000d6d80000)
  to   space 3072K, 0% used [0x00000000d6e00000,0x00000000d6e00000,0x00000000d7100000)
 ParOldGen       total 68608K, used 30752K [0x0000000080000000, 0x0000000084300000, 0x00000000d5580000)
  object space 68608K, 44% used [0x0000000080000000,0x0000000081e08050,0x0000000084300000)
 Metaspace       used 41260K, committed 42496K, reserved 1114112K
  class space    used 4202K, committed 4736K, reserved 1048576K
}
Event: 12.049 GC heap after
{Heap after GC invocations=22 (full 2):
 PSYoungGen      total 25088K, used 2584K [0x00000000d5580000, 0x00000000d7100000, 0x0000000100000000)
  eden space 22016K, 0% used [0x00000000d5580000,0x00000000d5580000,0x00000000d6b00000)
  from space 3072K, 84% used [0x00000000d6e00000,0x00000000d7086128,0x00000000d7100000)
  to   space 3072K, 0% used [0x00000000d6b00000,0x00000000d6b00000,0x00000000d6e00000)
 ParOldGen       total 68608K, used 33010K [0x0000000080000000, 0x0000000084300000, 0x00000000d5580000)
  object space 68608K, 48% used [0x0000000080000000,0x000000008203c8f8,0x0000000084300000)
 Metaspace       used 41260K, committed 42496K, reserved 1114112K
  class space    used 4202K, committed 4736K, reserved 1048576K
}
Event: 12.098 GC heap before
{Heap before GC invocations=23 (full 2):
 PSYoungGen      total 25088K, used 24600K [0x00000000d5580000, 0x00000000d7100000, 0x0000000100000000)
  eden space 22016K, 100% used [0x00000000d5580000,0x00000000d6b00000,0x00000000d6b00000)
  from space 3072K, 84% used [0x00000000d6e00000,0x00000000d7086128,0x00000000d7100000)
  to   space 3072K, 0% used [0x00000000d6b00000,0x00000000d6b00000,0x00000000d6e00000)
 ParOldGen       total 68608K, used 33010K [0x0000000080000000, 0x0000000084300000, 0x00000000d5580000)
  object space 68608K, 48% used [0x0000000080000000,0x000000008203c8f8,0x0000000084300000)
 Metaspace       used 41660K, committed 42944K, reserved 1114112K
  class space    used 4259K, committed 4800K, reserved 1048576K
}
Event: 12.101 GC heap after
{Heap after GC invocations=23 (full 2):
 PSYoungGen      total 25088K, used 2711K [0x00000000d5580000, 0x00000000d7100000, 0x0000000100000000)
  eden space 22016K, 0% used [0x00000000d5580000,0x00000000d5580000,0x00000000d6b00000)
  from space 3072K, 88% used [0x00000000d6b00000,0x00000000d6da5e38,0x00000000d6e00000)
  to   space 3072K, 0% used [0x00000000d6e00000,0x00000000d6e00000,0x00000000d7100000)
 ParOldGen       total 68608K, used 35397K [0x0000000080000000, 0x0000000084300000, 0x00000000d5580000)
  object space 68608K, 51% used [0x0000000080000000,0x00000000822917d0,0x0000000084300000)
 Metaspace       used 41660K, committed 42944K, reserved 1114112K
  class space    used 4259K, committed 4800K, reserved 1048576K
}
Event: 12.142 GC heap before
{Heap before GC invocations=24 (full 2):
 PSYoungGen      total 25088K, used 24727K [0x00000000d5580000, 0x00000000d7100000, 0x0000000100000000)
  eden space 22016K, 100% used [0x00000000d5580000,0x00000000d6b00000,0x00000000d6b00000)
  from space 3072K, 88% used [0x00000000d6b00000,0x00000000d6da5e38,0x00000000d6e00000)
  to   space 3072K, 0% used [0x00000000d6e00000,0x00000000d6e00000,0x00000000d7100000)
 ParOldGen       total 68608K, used 35397K [0x0000000080000000, 0x0000000084300000, 0x00000000d5580000)
  object space 68608K, 51% used [0x0000000080000000,0x00000000822917d0,0x0000000084300000)
 Metaspace       used 41995K, committed 43200K, reserved 1114112K
  class space    used 4295K, committed 4800K, reserved 1048576K
}
Event: 12.144 GC heap after
{Heap after GC invocations=24 (full 2):
 PSYoungGen      total 25088K, used 2708K [0x00000000d5580000, 0x00000000d7100000, 0x0000000100000000)
  eden space 22016K, 0% used [0x00000000d5580000,0x00000000d5580000,0x00000000d6b00000)
  from space 3072K, 88% used [0x00000000d6e00000,0x00000000d70a5290,0x00000000d7100000)
  to   space 3072K, 0% used [0x00000000d6b00000,0x00000000d6b00000,0x00000000d6e00000)
 ParOldGen       total 68608K, used 37840K [0x0000000080000000, 0x0000000084300000, 0x00000000d5580000)
  object space 68608K, 55% used [0x0000000080000000,0x00000000824f42a0,0x0000000084300000)
 Metaspace       used 41995K, committed 43200K, reserved 1114112K
  class space    used 4295K, committed 4800K, reserved 1048576K
}
Event: 12.178 GC heap before
{Heap before GC invocations=25 (full 2):
 PSYoungGen      total 25088K, used 24724K [0x00000000d5580000, 0x00000000d7100000, 0x0000000100000000)
  eden space 22016K, 99% used [0x00000000d5580000,0x00000000d6afffe8,0x00000000d6b00000)
  from space 3072K, 88% used [0x00000000d6e00000,0x00000000d70a5290,0x00000000d7100000)
  to   space 3072K, 0% used [0x00000000d6b00000,0x00000000d6b00000,0x00000000d6e00000)
 ParOldGen       total 68608K, used 37840K [0x0000000080000000, 0x0000000084300000, 0x00000000d5580000)
  object space 68608K, 55% used [0x0000000080000000,0x00000000824f42a0,0x0000000084300000)
 Metaspace       used 42271K, committed 43456K, reserved 1114112K
  class space    used 4329K, committed 4864K, reserved 1048576K
}
Event: 12.181 GC heap after
{Heap after GC invocations=25 (full 2):
 PSYoungGen      total 25088K, used 2680K [0x00000000d5580000, 0x00000000d7100000, 0x0000000100000000)
  eden space 22016K, 0% used [0x00000000d5580000,0x00000000d5580000,0x00000000d6b00000)
  from space 3072K, 87% used [0x00000000d6b00000,0x00000000d6d9e2c8,0x00000000d6e00000)
  to   space 3072K, 0% used [0x00000000d6e00000,0x00000000d6e00000,0x00000000d7100000)
 ParOldGen       total 68608K, used 40294K [0x0000000080000000, 0x0000000084300000, 0x00000000d5580000)
  object space 68608K, 58% used [0x0000000080000000,0x00000000827598c0,0x0000000084300000)
 Metaspace       used 42271K, committed 43456K, reserved 1114112K
  class space    used 4329K, committed 4864K, reserved 1048576K
}
Event: 12.261 GC heap before
{Heap before GC invocations=26 (full 2):
 PSYoungGen      total 25088K, used 24685K [0x00000000d5580000, 0x00000000d7100000, 0x0000000100000000)
  eden space 22016K, 99% used [0x00000000d5580000,0x00000000d6afd3a0,0x00000000d6b00000)
  from space 3072K, 87% used [0x00000000d6b00000,0x00000000d6d9e2c8,0x00000000d6e00000)
  to   space 3072K, 0% used [0x00000000d6e00000,0x00000000d6e00000,0x00000000d7100000)
 ParOldGen       total 68608K, used 40294K [0x0000000080000000, 0x0000000084300000, 0x00000000d5580000)
  object space 68608K, 58% used [0x0000000080000000,0x00000000827598c0,0x0000000084300000)
 Metaspace       used 43113K, committed 44416K, reserved 1114112K
  class space    used 4437K, committed 4992K, reserved 1048576K
}
Event: 12.264 GC heap after
{Heap after GC invocations=26 (full 2):
 PSYoungGen      total 20480K, used 3070K [0x00000000d5580000, 0x00000000d7a00000, 0x0000000100000000)
  eden space 17408K, 0% used [0x00000000d5580000,0x00000000d5580000,0x00000000d6680000)
  from space 3072K, 99% used [0x00000000d6e00000,0x00000000d70ff810,0x00000000d7100000)
  to   space 7680K, 0% used [0x00000000d6680000,0x00000000d6680000,0x00000000d6e00000)
 ParOldGen       total 68608K, used 44084K [0x0000000080000000, 0x0000000084300000, 0x00000000d5580000)
  object space 68608K, 64% used [0x0000000080000000,0x0000000082b0d2b8,0x0000000084300000)
 Metaspace       used 43113K, committed 44416K, reserved 1114112K
  class space    used 4437K, committed 4992K, reserved 1048576K
}

Dll operation events (12 events):
Event: 0.007 Loaded shared library c:\Users\IT\.vscode\extensions\redhat.java-1.44.0-win32-x64\jre\21.0.8-win32-x86_64\bin\java.dll
Event: 0.065 Loaded shared library c:\Users\IT\.vscode\extensions\redhat.java-1.44.0-win32-x64\jre\21.0.8-win32-x86_64\bin\zip.dll
Event: 0.082 Loaded shared library C:\Users\IT\.vscode\extensions\redhat.java-1.44.0-win32-x64\jre\21.0.8-win32-x86_64\bin\instrument.dll
Event: 0.085 Loaded shared library C:\Users\IT\.vscode\extensions\redhat.java-1.44.0-win32-x64\jre\21.0.8-win32-x86_64\bin\net.dll
Event: 0.087 Loaded shared library C:\Users\IT\.vscode\extensions\redhat.java-1.44.0-win32-x64\jre\21.0.8-win32-x86_64\bin\nio.dll
Event: 0.089 Loaded shared library C:\Users\IT\.vscode\extensions\redhat.java-1.44.0-win32-x64\jre\21.0.8-win32-x86_64\bin\zip.dll
Event: 0.103 Loaded shared library C:\Users\IT\.vscode\extensions\redhat.java-1.44.0-win32-x64\jre\21.0.8-win32-x86_64\bin\jimage.dll
Event: 0.157 Loaded shared library c:\Users\IT\.vscode\extensions\redhat.java-1.44.0-win32-x64\jre\21.0.8-win32-x86_64\bin\verify.dll
Event: 3.425 Loaded shared library C:\Users\IT\AppData\Roaming\Code\User\globalStorage\redhat.java\1.44.0\config_win\org.eclipse.equinox.launcher\org.eclipse.equinox.launcher.win32.win32.x86_64_1.2.1400.v20250730-1736\eclipse_11913.dll
Event: 10.608 Loaded shared library C:\Users\IT\AppData\Local\Temp\jna-2347\jna5085865656848755926.dll
Event: 11.657 Loaded shared library C:\Users\IT\.vscode\extensions\redhat.java-1.44.0-win32-x64\jre\21.0.8-win32-x86_64\bin\sunmscapi.dll
Event: 12.029 Loaded shared library C:\Users\IT\.vscode\extensions\redhat.java-1.44.0-win32-x64\jre\21.0.8-win32-x86_64\bin\extnet.dll

Deoptimization events (20 events):
Event: 12.155 Thread 0x000001d6663cf100 DEOPT PACKING pc=0x000001d64c267678 sp=0x0000003867afe450
Event: 12.155 Thread 0x000001d6663cf100 DEOPT UNPACKING pc=0x000001d652a64242 sp=0x0000003867afd8e8 mode 0
Event: 12.172 Thread 0x000001d6663cf100 Uncommon trap: trap_request=0xffffff45 fr.pc=0x000001d65340ea70 relative=0x0000000000000150
Event: 12.172 Thread 0x000001d6663cf100 Uncommon trap: reason=unstable_if action=reinterpret pc=0x000001d65340ea70 method=org.eclipse.jdt.internal.core.search.indexing.BinaryIndexer.replace(CC[C)[C @ 1 c2
Event: 12.172 Thread 0x000001d6663cf100 DEOPT PACKING pc=0x000001d65340ea70 sp=0x0000003867afe520
Event: 12.172 Thread 0x000001d6663cf100 DEOPT UNPACKING pc=0x000001d652a63aa2 sp=0x0000003867afe490 mode 2
Event: 12.177 Thread 0x000001d6663cf100 DEOPT PACKING pc=0x000001d64c26f851 sp=0x0000003867afe4a0
Event: 12.177 Thread 0x000001d6663cf100 DEOPT UNPACKING pc=0x000001d652a64242 sp=0x0000003867afd8f8 mode 0
Event: 12.252 Thread 0x000001d6663cf100 DEOPT PACKING pc=0x000001d64c1715b0 sp=0x0000003867afe4a0
Event: 12.252 Thread 0x000001d6663cf100 DEOPT UNPACKING pc=0x000001d652a64242 sp=0x0000003867afd8e8 mode 0
Event: 12.254 Thread 0x000001d6663cf100 DEOPT PACKING pc=0x000001d64b8304fb sp=0x0000003867afe090
Event: 12.254 Thread 0x000001d6663cf100 DEOPT UNPACKING pc=0x000001d652a64242 sp=0x0000003867afd5c8 mode 0
Event: 12.258 Thread 0x000001d6663cf100 DEOPT PACKING pc=0x000001d64c209530 sp=0x0000003867afe580
Event: 12.258 Thread 0x000001d6663cf100 DEOPT UNPACKING pc=0x000001d652a64242 sp=0x0000003867afda68 mode 0
Event: 12.270 Thread 0x000001d6663cf100 DEOPT PACKING pc=0x000001d64c22d297 sp=0x0000003867afe460
Event: 12.270 Thread 0x000001d6663cf100 DEOPT UNPACKING pc=0x000001d652a64242 sp=0x0000003867afd850 mode 0
Event: 12.274 Thread 0x000001d6663cf100 DEOPT PACKING pc=0x000001d64b8304fb sp=0x0000003867afe090
Event: 12.274 Thread 0x000001d6663cf100 DEOPT UNPACKING pc=0x000001d652a64242 sp=0x0000003867afd5c8 mode 0
Event: 12.296 Thread 0x000001d6663cf100 DEOPT PACKING pc=0x000001d64b8304fb sp=0x0000003867afe090
Event: 12.296 Thread 0x000001d6663cf100 DEOPT UNPACKING pc=0x000001d652a64242 sp=0x0000003867afd5c8 mode 0

Classes loaded (20 events):
Event: 12.083 Loading class java/io/FilterReader done
Event: 12.177 Loading class sun/reflect/annotation/TypeAnnotationParser
Event: 12.177 Loading class sun/reflect/annotation/TypeAnnotationParser done
Event: 12.177 Loading class sun/reflect/annotation/TypeAnnotation
Event: 12.177 Loading class sun/reflect/annotation/TypeAnnotation done
Event: 12.178 Loading class sun/reflect/annotation/TypeAnnotation$TypeAnnotationTarget
Event: 12.178 Loading class sun/reflect/annotation/TypeAnnotation$TypeAnnotationTarget done
Event: 12.178 Loading class sun/reflect/annotation/TypeAnnotation$LocationInfo
Event: 12.178 Loading class sun/reflect/annotation/TypeAnnotation$LocationInfo done
Event: 12.178 Loading class sun/reflect/annotation/TypeAnnotation$LocationInfo$Location
Event: 12.181 Loading class sun/reflect/annotation/TypeAnnotation$LocationInfo$Location done
Event: 12.181 Loading class sun/reflect/annotation/AnnotatedTypeFactory
Event: 12.182 Loading class sun/reflect/annotation/AnnotatedTypeFactory done
Event: 12.182 Loading class sun/reflect/annotation/AnnotatedTypeFactory$AnnotatedTypeBaseImpl
Event: 12.182 Loading class sun/reflect/annotation/AnnotatedTypeFactory$AnnotatedTypeBaseImpl done
Event: 12.214 Loading class java/util/WeakHashMap$KeyIterator
Event: 12.214 Loading class java/util/WeakHashMap$KeyIterator done
Event: 12.278 Loading class java/lang/annotation/ElementType
Event: 12.278 Loading class java/lang/annotation/ElementType done
Event: 12.451 Loading class javax/net/ssl/SNIHostName

Classes unloaded (7 events):
Event: 10.869 Thread 0x000001d645ff1a20 Unloading class 0x000001d6011ac800 'java/lang/invoke/LambdaForm$MH+0x000001d6011ac800'
Event: 10.869 Thread 0x000001d645ff1a20 Unloading class 0x000001d6011ac400 'java/lang/invoke/LambdaForm$MH+0x000001d6011ac400'
Event: 10.869 Thread 0x000001d645ff1a20 Unloading class 0x000001d6011ac000 'java/lang/invoke/LambdaForm$MH+0x000001d6011ac000'
Event: 10.869 Thread 0x000001d645ff1a20 Unloading class 0x000001d6011abc00 'java/lang/invoke/LambdaForm$MH+0x000001d6011abc00'
Event: 10.869 Thread 0x000001d645ff1a20 Unloading class 0x000001d6011ab800 'java/lang/invoke/LambdaForm$BMH+0x000001d6011ab800'
Event: 10.869 Thread 0x000001d645ff1a20 Unloading class 0x000001d6011ab400 'java/lang/invoke/LambdaForm$DMH+0x000001d6011ab400'
Event: 10.869 Thread 0x000001d645ff1a20 Unloading class 0x000001d6011aa000 'java/lang/invoke/LambdaForm$DMH+0x000001d6011aa000'

Classes redefined (0 events):
No events

Internal exceptions (20 events):
Event: 11.757 Thread 0x000001d6663d1ef0 Exception <a 'sun/nio/fs/WindowsException'{0x00000000d61ad500}> (0x00000000d61ad500) 
thrown [s\src\hotspot\share\prims\jni.cpp, line 520]
Event: 11.757 Thread 0x000001d6663d1ef0 Exception <a 'sun/nio/fs/WindowsException'{0x00000000d61adde0}> (0x00000000d61adde0) 
thrown [s\src\hotspot\share\prims\jni.cpp, line 520]
Event: 11.770 Thread 0x000001d6483cfe40 Exception <a 'java/lang/NoSuchMethodError'{0x00000000d64791b0}: 'void java.lang.invoke.DirectMethodHandle$Holder.invokeSpecial(java.lang.Object, java.lang.Object, java.lang.Object, java.lang.Object, java.lang.Object, java.lang.Object)'> (0x00000000d64791b0) 
thrown [s\src\hotspot\share\interpreter\linkResolver.cpp, line 773]
Event: 11.771 Thread 0x000001d6483cfe40 Exception <a 'java/lang/IncompatibleClassChangeError'{0x00000000d6481490}: Found class java.lang.Object, but interface was expected> (0x00000000d6481490) 
thrown [s\src\hotspot\share\interpreter\linkResolver.cpp, line 840]
Event: 11.772 Thread 0x000001d6483cfe40 Exception <a 'java/lang/IncompatibleClassChangeError'{0x00000000d6483390}: Found class java.lang.Object, but interface was expected> (0x00000000d6483390) 
thrown [s\src\hotspot\share\interpreter\linkResolver.cpp, line 840]
Event: 11.794 Thread 0x000001d6663cf100 Exception <a 'java/io/FileNotFoundException'{0x00000000d5580078}> (0x00000000d5580078) 
thrown [s\src\hotspot\share\prims\jni.cpp, line 520]
Event: 11.794 Thread 0x000001d6663cf100 Exception <a 'java/io/FileNotFoundException'{0x00000000d55812c8}> (0x00000000d55812c8) 
thrown [s\src\hotspot\share\prims\jni.cpp, line 520]
Event: 11.796 Thread 0x000001d6663cf100 Exception <a 'java/lang/NoSuchMethodError'{0x00000000d5657cb0}: 'java.lang.Object java.lang.invoke.DirectMethodHandle$Holder.newInvokeSpecial(java.lang.Object, java.lang.Object, java.lang.Object, int)'> (0x00000000d5657cb0) 
thrown [s\src\hotspot\share\interpreter\linkResolver.cpp, line 773]
Event: 11.797 Thread 0x000001d6663cf100 Exception <a 'java/lang/NoSuchMethodError'{0x00000000d569a260}: 'java.lang.Object java.lang.invoke.DirectMethodHandle$Holder.invokeSpecial(java.lang.Object, java.lang.Object, java.lang.Object, java.lang.Object, int)'> (0x00000000d569a260) 
thrown [s\src\hotspot\share\interpreter\linkResolver.cpp, line 773]
Event: 11.797 Thread 0x000001d6663cf100 Exception <a 'java/lang/NoSuchMethodError'{0x00000000d569d708}: 'java.lang.Object java.lang.invoke.Invokers$Holder.linkToTargetMethod(java.lang.Object, java.lang.Object, int, java.lang.Object)'> (0x00000000d569d708) 
thrown [s\src\hotspot\share\interpreter\linkResolver.cpp, line 773]
Event: 11.800 Thread 0x000001d6663cf100 Exception <a 'java/lang/NoSuchMethodError'{0x00000000d573fc48}: 'void java.lang.invoke.DirectMethodHandle$Holder.invokeStaticInit(java.lang.Object, java.lang.Object, java.lang.Object)'> (0x00000000d573fc48) 
thrown [s\src\hotspot\share\interpreter\linkResolver.cpp, line 773]
Event: 11.859 Thread 0x000001d6483cfe40 Implicit null exception at 0x000001d6533a27ba to 0x000001d6533a27f4
Event: 11.998 Thread 0x000001d6663cfe20 Exception <a 'java/lang/NoSuchMethodError'{0x00000000d62c9a40}: 'java.lang.Object java.lang.invoke.DirectMethodHandle$Holder.invokeSpecialIFC(java.lang.Object, java.lang.Object, java.lang.Object, java.lang.Object)'> (0x00000000d62c9a40) 
thrown [s\src\hotspot\share\interpreter\linkResolver.cpp, line 773]
Event: 12.172 Thread 0x000001d6663cf100 Implicit null exception at 0x000001d65340e95a to 0x000001d65340ea60
Event: 12.216 Thread 0x000001d6663d1ef0 Exception <a 'java/io/FileNotFoundException'{0x00000000d60b2ef8}> (0x00000000d60b2ef8) 
thrown [s\src\hotspot\share\prims\jni.cpp, line 520]
Event: 12.217 Thread 0x000001d6663d1ef0 Exception <a 'java/io/FileNotFoundException'{0x00000000d60b3ee0}> (0x00000000d60b3ee0) 
thrown [s\src\hotspot\share\prims\jni.cpp, line 520]
Event: 12.217 Thread 0x000001d6663d1ef0 Exception <a 'java/io/FileNotFoundException'{0x00000000d60b4c20}> (0x00000000d60b4c20) 
thrown [s\src\hotspot\share\prims\jni.cpp, line 520]
Event: 12.236 Thread 0x000001d6663d0b40 Exception <a 'sun/nio/fs/WindowsException'{0x00000000d64555d8}> (0x00000000d64555d8) 
thrown [s\src\hotspot\share\prims\jni.cpp, line 520]
Event: 12.236 Thread 0x000001d6663d0b40 Exception <a 'sun/nio/fs/WindowsException'{0x00000000d6455eb8}> (0x00000000d6455eb8) 
thrown [s\src\hotspot\share\prims\jni.cpp, line 520]
Event: 12.300 Thread 0x000001d669d96580 Exception <a 'java/io/FileNotFoundException'{0x00000000d5be7f68}> (0x00000000d5be7f68) 
thrown [s\src\hotspot\share\prims\jni.cpp, line 520]

ZGC Phase Switch (0 events):
No events

VM Operations (20 events):
Event: 11.958 Executing VM operation: HandshakeAllThreads (Deoptimize)
Event: 11.958 Executing VM operation: HandshakeAllThreads (Deoptimize) done
Event: 11.964 Executing VM operation: ParallelGCFailedAllocation (Allocation Failure)
Event: 11.966 Executing VM operation: ParallelGCFailedAllocation (Allocation Failure) done
Event: 12.008 Executing VM operation: ParallelGCFailedAllocation (Allocation Failure)
Event: 12.009 Executing VM operation: ParallelGCFailedAllocation (Allocation Failure) done
Event: 12.047 Executing VM operation: ParallelGCFailedAllocation (Allocation Failure)
Event: 12.049 Executing VM operation: ParallelGCFailedAllocation (Allocation Failure) done
Event: 12.098 Executing VM operation: ParallelGCFailedAllocation (Allocation Failure)
Event: 12.101 Executing VM operation: ParallelGCFailedAllocation (Allocation Failure) done
Event: 12.126 Executing VM operation: HandshakeAllThreads (Deoptimize)
Event: 12.126 Executing VM operation: HandshakeAllThreads (Deoptimize) done
Event: 12.141 Executing VM operation: ParallelGCFailedAllocation (Allocation Failure)
Event: 12.144 Executing VM operation: ParallelGCFailedAllocation (Allocation Failure) done
Event: 12.178 Executing VM operation: ParallelGCFailedAllocation (Allocation Failure)
Event: 12.181 Executing VM operation: ParallelGCFailedAllocation (Allocation Failure) done
Event: 12.261 Executing VM operation: ParallelGCFailedAllocation (Allocation Failure)
Event: 12.264 Executing VM operation: ParallelGCFailedAllocation (Allocation Failure) done
Event: 12.288 Executing VM operation: HandshakeAllThreads (Deoptimize)
Event: 12.289 Executing VM operation: HandshakeAllThreads (Deoptimize) done

Memory protections (0 events):
No events

Nmethod flushes (20 events):
Event: 11.530 Thread 0x000001d645ff1a20 flushing  nmethod 0x000001d64bcc9a90
Event: 11.530 Thread 0x000001d645ff1a20 flushing  nmethod 0x000001d64bcf9c10
Event: 11.530 Thread 0x000001d645ff1a20 flushing  nmethod 0x000001d64bcfce90
Event: 11.530 Thread 0x000001d645ff1a20 flushing  nmethod 0x000001d64bd04790
Event: 11.530 Thread 0x000001d645ff1a20 flushing  nmethod 0x000001d64bd24e90
Event: 11.530 Thread 0x000001d645ff1a20 flushing  nmethod 0x000001d64bd26310
Event: 11.530 Thread 0x000001d645ff1a20 flushing  nmethod 0x000001d64bd26c10
Event: 11.530 Thread 0x000001d645ff1a20 flushing  nmethod 0x000001d64bd27e10
Event: 11.530 Thread 0x000001d645ff1a20 flushing  nmethod 0x000001d64bd28a10
Event: 11.530 Thread 0x000001d645ff1a20 flushing  nmethod 0x000001d64bd29190
Event: 11.530 Thread 0x000001d645ff1a20 flushing  nmethod 0x000001d64bd2ac10
Event: 11.530 Thread 0x000001d645ff1a20 flushing  nmethod 0x000001d64bd2b510
Event: 11.530 Thread 0x000001d645ff1a20 flushing  nmethod 0x000001d64bd2c910
Event: 11.530 Thread 0x000001d645ff1a20 flushing  nmethod 0x000001d64bd2e390
Event: 11.530 Thread 0x000001d645ff1a20 flushing  nmethod 0x000001d64bd2fe10
Event: 11.530 Thread 0x000001d645ff1a20 flushing  nmethod 0x000001d64bd77490
Event: 11.530 Thread 0x000001d645ff1a20 flushing  nmethod 0x000001d64bd77f90
Event: 11.530 Thread 0x000001d645ff1a20 flushing  nmethod 0x000001d64bd7d810
Event: 11.530 Thread 0x000001d645ff1a20 flushing  nmethod 0x000001d64bd84610
Event: 11.530 Thread 0x000001d645ff1a20 flushing  nmethod 0x000001d64be34190

Events (20 events):
Event: 11.434 Thread 0x000001d6483cfe40 Thread added: 0x000001d668203690
Event: 11.435 Thread 0x000001d6483cfe40 Thread added: 0x000001d6682043b0
Event: 11.435 Thread 0x000001d6483cfe40 Thread added: 0x000001d668203d20
Event: 11.435 Thread 0x000001d6483cfe40 Thread added: 0x000001d668204a40
Event: 11.435 Thread 0x000001d6483cfe40 Thread added: 0x000001d6682015c0
Event: 11.435 Thread 0x000001d6483cfe40 Thread added: 0x000001d669d916c0
Event: 11.435 Thread 0x000001d6483cfe40 Thread added: 0x000001d669d944b0
Event: 11.435 Thread 0x000001d6483cfe40 Thread added: 0x000001d669d951d0
Event: 11.435 Thread 0x000001d6483cfe40 Thread added: 0x000001d669d94b40
Event: 11.435 Thread 0x000001d6483cfe40 Thread added: 0x000001d669d93e20
Event: 11.435 Thread 0x000001d6483cfe40 Thread added: 0x000001d669d91d50
Event: 11.435 Thread 0x000001d6483cfe40 Thread added: 0x000001d669d95860
Event: 11.435 Thread 0x000001d6483cfe40 Thread added: 0x000001d669d923e0
Event: 11.452 Thread 0x000001d6483cfe40 Thread added: 0x000001d669d93790
Event: 11.510 Thread 0x000001d6663cfe20 Thread added: 0x000001d669d92a70
Event: 11.553 Thread 0x000001d666369bd0 Thread added: 0x000001d66682a400
Event: 11.559 Thread 0x000001d666207340 Thread added: 0x000001d6669f9870
Event: 11.587 Thread 0x000001d6660fb640 Thread added: 0x000001d66690f900
Event: 11.801 Thread 0x000001d6483cfe40 Thread added: 0x000001d669d95ef0
Event: 11.801 Thread 0x000001d6483cfe40 Thread added: 0x000001d669d96580


Dynamic libraries:
0x00007ff7c3610000 - 0x00007ff7c361e000 	c:\Users\IT\.vscode\extensions\redhat.java-1.44.0-win32-x64\jre\21.0.8-win32-x86_64\bin\java.exe
0x00007ffc6bf40000 - 0x00007ffc6c1a7000 	C:\WINDOWS\SYSTEM32\ntdll.dll
0x00007ffc6b530000 - 0x00007ffc6b5f9000 	C:\WINDOWS\System32\KERNEL32.DLL
0x00007ffc694b0000 - 0x00007ffc698a0000 	C:\WINDOWS\System32\KERNELBASE.dll
0x00007ffc698b0000 - 0x00007ffc699fb000 	C:\WINDOWS\System32\ucrtbase.dll
0x00007ffc5abc0000 - 0x00007ffc5abd8000 	c:\Users\IT\.vscode\extensions\redhat.java-1.44.0-win32-x64\jre\21.0.8-win32-x86_64\bin\jli.dll
0x00007ffc5a9c0000 - 0x00007ffc5a9de000 	c:\Users\IT\.vscode\extensions\redhat.java-1.44.0-win32-x64\jre\21.0.8-win32-x86_64\bin\VCRUNTIME140.dll
0x00007ffc6b220000 - 0x00007ffc6b3e5000 	C:\WINDOWS\System32\USER32.dll
0x00007ffc55a70000 - 0x00007ffc55d0a000 	C:\WINDOWS\WinSxS\amd64_microsoft.windows.common-controls_6595b64144ccf1df_6.0.26100.4768_none_3e0c112ce331287c\COMCTL32.dll
0x00007ffc69480000 - 0x00007ffc694a7000 	C:\WINDOWS\System32\win32u.dll
0x00007ffc6a4c0000 - 0x00007ffc6a4eb000 	C:\WINDOWS\System32\GDI32.dll
0x00007ffc69ec0000 - 0x00007ffc69f69000 	C:\WINDOWS\System32\msvcrt.dll
0x00007ffc69340000 - 0x00007ffc69478000 	C:\WINDOWS\System32\gdi32full.dll
0x00007ffc69b80000 - 0x00007ffc69c23000 	C:\WINDOWS\System32\msvcp_win.dll
0x00007ffc6a480000 - 0x00007ffc6a4af000 	C:\WINDOWS\System32\IMM32.DLL
0x00007ffc5b210000 - 0x00007ffc5b21c000 	c:\Users\IT\.vscode\extensions\redhat.java-1.44.0-win32-x64\jre\21.0.8-win32-x86_64\bin\vcruntime140_1.dll
0x00007ffc40e80000 - 0x00007ffc40f0d000 	c:\Users\IT\.vscode\extensions\redhat.java-1.44.0-win32-x64\jre\21.0.8-win32-x86_64\bin\msvcp140.dll
0x00007ffba3d00000 - 0x00007ffba4a97000 	c:\Users\IT\.vscode\extensions\redhat.java-1.44.0-win32-x64\jre\21.0.8-win32-x86_64\bin\server\jvm.dll
0x00007ffc6a7d0000 - 0x00007ffc6a884000 	C:\WINDOWS\System32\ADVAPI32.dll
0x00007ffc6b3f0000 - 0x00007ffc6b496000 	C:\WINDOWS\System32\sechost.dll
0x00007ffc6a350000 - 0x00007ffc6a468000 	C:\WINDOWS\System32\RPCRT4.dll
0x00007ffc6ab10000 - 0x00007ffc6ab84000 	C:\WINDOWS\System32\WS2_32.dll
0x00007ffc62ee0000 - 0x00007ffc62eeb000 	C:\WINDOWS\SYSTEM32\VERSION.dll
0x00007ffc55a30000 - 0x00007ffc55a65000 	C:\WINDOWS\SYSTEM32\WINMM.dll
0x00007ffc68ed0000 - 0x00007ffc68f2e000 	C:\WINDOWS\SYSTEM32\POWRPROF.dll
0x00007ffc68eb0000 - 0x00007ffc68ec4000 	C:\WINDOWS\SYSTEM32\UMPDC.dll
0x00007ffc67df0000 - 0x00007ffc67e0b000 	C:\WINDOWS\SYSTEM32\kernel.appcore.dll
0x00007ffc5a640000 - 0x00007ffc5a64a000 	c:\Users\IT\.vscode\extensions\redhat.java-1.44.0-win32-x64\jre\21.0.8-win32-x86_64\bin\jimage.dll
0x00007ffc56f90000 - 0x00007ffc571d1000 	C:\WINDOWS\SYSTEM32\DBGHELP.DLL
0x00007ffc69fc0000 - 0x00007ffc6a345000 	C:\WINDOWS\System32\combase.dll
0x00007ffc6a6e0000 - 0x00007ffc6a7c0000 	C:\WINDOWS\System32\OLEAUT32.dll
0x00007ffc3d170000 - 0x00007ffc3d1b3000 	C:\WINDOWS\SYSTEM32\dbgcore.DLL
0x00007ffc69c30000 - 0x00007ffc69cc9000 	C:\WINDOWS\System32\bcryptPrimitives.dll
0x00007ffc5a780000 - 0x00007ffc5a78f000 	c:\Users\IT\.vscode\extensions\redhat.java-1.44.0-win32-x64\jre\21.0.8-win32-x86_64\bin\instrument.dll
0x00007ffc5a370000 - 0x00007ffc5a38f000 	c:\Users\IT\.vscode\extensions\redhat.java-1.44.0-win32-x64\jre\21.0.8-win32-x86_64\bin\java.dll
0x00007ffc6b730000 - 0x00007ffc6be7d000 	C:\WINDOWS\System32\SHELL32.dll
0x00007ffc69070000 - 0x00007ffc691e3000 	C:\WINDOWS\System32\wintypes.dll
0x00007ffc66c90000 - 0x00007ffc674f0000 	C:\WINDOWS\SYSTEM32\windows.storage.dll
0x00007ffc6a890000 - 0x00007ffc6a985000 	C:\WINDOWS\System32\SHCORE.dll
0x00007ffc6be90000 - 0x00007ffc6befa000 	C:\WINDOWS\System32\shlwapi.dll
0x00007ffc68f60000 - 0x00007ffc68f89000 	C:\WINDOWS\SYSTEM32\profapi.dll
0x00007ffc539c0000 - 0x00007ffc539d8000 	c:\Users\IT\.vscode\extensions\redhat.java-1.44.0-win32-x64\jre\21.0.8-win32-x86_64\bin\zip.dll
0x00007ffc5a770000 - 0x00007ffc5a780000 	C:\Users\IT\.vscode\extensions\redhat.java-1.44.0-win32-x64\jre\21.0.8-win32-x86_64\bin\net.dll
0x00007ffc620a0000 - 0x00007ffc621be000 	C:\WINDOWS\SYSTEM32\WINHTTP.dll
0x00007ffc68380000 - 0x00007ffc683eb000 	C:\WINDOWS\system32\mswsock.dll
0x00007ffc534b0000 - 0x00007ffc534c6000 	C:\Users\IT\.vscode\extensions\redhat.java-1.44.0-win32-x64\jre\21.0.8-win32-x86_64\bin\nio.dll
0x00007ffc5a240000 - 0x00007ffc5a250000 	c:\Users\IT\.vscode\extensions\redhat.java-1.44.0-win32-x64\jre\21.0.8-win32-x86_64\bin\verify.dll
0x00007ffc4fcb0000 - 0x00007ffc4fcf5000 	C:\Users\IT\AppData\Roaming\Code\User\globalStorage\redhat.java\1.44.0\config_win\org.eclipse.equinox.launcher\org.eclipse.equinox.launcher.win32.win32.x86_64_1.2.1400.v20250730-1736\eclipse_11913.dll
0x00007ffc6a520000 - 0x00007ffc6a6c0000 	C:\WINDOWS\System32\ole32.dll
0x00007ffc68640000 - 0x00007ffc6865b000 	C:\WINDOWS\SYSTEM32\CRYPTSP.dll
0x00007ffc67d50000 - 0x00007ffc67d8b000 	C:\WINDOWS\system32\rsaenh.dll
0x00007ffc68420000 - 0x00007ffc6844b000 	C:\WINDOWS\SYSTEM32\USERENV.dll
0x00007ffc68f90000 - 0x00007ffc68fb6000 	C:\WINDOWS\SYSTEM32\bcrypt.dll
0x00007ffc68660000 - 0x00007ffc6866c000 	C:\WINDOWS\SYSTEM32\CRYPTBASE.dll
0x00007ffc67800000 - 0x00007ffc67833000 	C:\WINDOWS\SYSTEM32\IPHLPAPI.DLL
0x00007ffc6a470000 - 0x00007ffc6a47a000 	C:\WINDOWS\System32\NSI.dll
0x00007ffc33df0000 - 0x00007ffc33e39000 	C:\Users\IT\AppData\Local\Temp\jna-2347\jna5085865656848755926.dll
0x00007ffc6ad80000 - 0x00007ffc6ad88000 	C:\WINDOWS\System32\PSAPI.DLL
0x00007ffc625a0000 - 0x00007ffc625bf000 	C:\WINDOWS\SYSTEM32\dhcpcsvc6.DLL
0x00007ffc61f30000 - 0x00007ffc61f55000 	C:\WINDOWS\SYSTEM32\dhcpcsvc.DLL
0x00007ffc576e0000 - 0x00007ffc576ee000 	C:\Users\IT\.vscode\extensions\redhat.java-1.44.0-win32-x64\jre\21.0.8-win32-x86_64\bin\sunmscapi.dll
0x00007ffc69a00000 - 0x00007ffc69b77000 	C:\WINDOWS\System32\CRYPT32.dll
0x00007ffc68860000 - 0x00007ffc68890000 	C:\WINDOWS\SYSTEM32\ncrypt.dll
0x00007ffc68810000 - 0x00007ffc6884f000 	C:\WINDOWS\SYSTEM32\NTASN1.dll
0x00007ffc67840000 - 0x00007ffc67966000 	C:\WINDOWS\SYSTEM32\DNSAPI.dll
0x00007ffc62590000 - 0x00007ffc6259b000 	C:\Windows\System32\rasadhlp.dll
0x00007ffc60a30000 - 0x00007ffc60ab6000 	C:\WINDOWS\System32\fwpuclnt.dll
0x00007ffc53ac0000 - 0x00007ffc53ac9000 	C:\Users\IT\.vscode\extensions\redhat.java-1.44.0-win32-x64\jre\21.0.8-win32-x86_64\bin\extnet.dll

JVMTI agents:
c:\Users\IT\.vscode\extensions\redhat.java-1.44.0-win32-x64\lombok\lombok-1.18.39-4050.jar path:c:\Users\IT\.vscode\extensions\redhat.java-1.44.0-win32-x64\jre\21.0.8-win32-x86_64\bin\instrument.dll, loaded, initialized, instrumentlib options:none

dbghelp: loaded successfully - version: 4.0.5 - missing functions: none
symbol engine: initialized successfully - sym options: 0x614 - pdb path: .;c:\Users\IT\.vscode\extensions\redhat.java-1.44.0-win32-x64\jre\21.0.8-win32-x86_64\bin;C:\WINDOWS\SYSTEM32;C:\WINDOWS\WinSxS\amd64_microsoft.windows.common-controls_6595b64144ccf1df_6.0.26100.4768_none_3e0c112ce331287c;c:\Users\IT\.vscode\extensions\redhat.java-1.44.0-win32-x64\jre\21.0.8-win32-x86_64\bin\server;C:\Users\IT\AppData\Roaming\Code\User\globalStorage\redhat.java\1.44.0\config_win\org.eclipse.equinox.launcher\org.eclipse.equinox.launcher.win32.win32.x86_64_1.2.1400.v20250730-1736;C:\Users\IT\AppData\Local\Temp\jna-2347

VM Arguments:
jvm_args: --add-modules=ALL-SYSTEM --add-opens=java.base/java.util=ALL-UNNAMED --add-opens=java.base/java.lang=ALL-UNNAMED --add-opens=java.base/sun.nio.fs=ALL-UNNAMED -Declipse.application=org.eclipse.jdt.ls.core.id1 -Dosgi.bundles.defaultStartLevel=4 -Declipse.product=org.eclipse.jdt.ls.core.product -Djava.import.generatesMetadataFilesAtProjectRoot=false -DDetectVMInstallationsJob.disabled=true -Dfile.encoding=utf8 -XX:+UseParallelGC -XX:GCTimeRatio=4 -XX:AdaptiveSizePolicyWeight=90 -Dsun.zip.disableMemoryMapping=true -Xmx2G -Xms100m -Xlog:disable -javaagent:c:\Users\IT\.vscode\extensions\redhat.java-1.44.0-win32-x64\lombok\lombok-1.18.39-4050.jar -XX:+HeapDumpOnOutOfMemoryError -XX:HeapDumpPath=c:\Users\IT\AppData\Roaming\Code\User\workspaceStorage\9304a57263ee466e7959e3898a525b22\redhat.java -Daether.dependencyCollector.impl=bf 
java_command: c:\Users\IT\.vscode\extensions\redhat.java-1.44.0-win32-x64\server\plugins\org.eclipse.equinox.launcher_1.7.0.v20250519-0528.jar -configuration c:\Users\IT\AppData\Roaming\Code\User\globalStorage\redhat.java\1.44.0\config_win -data c:\Users\IT\AppData\Roaming\Code\User\workspaceStorage\9304a57263ee466e7959e3898a525b22\redhat.java\jdt_ws --pipe=\\.\pipe\lsp-68b7a74dc87282cc80ebec3e8c042e62-sock
java_class_path (initial): c:\Users\IT\.vscode\extensions\redhat.java-1.44.0-win32-x64\server\plugins\org.eclipse.equinox.launcher_1.7.0.v20250519-0528.jar
Launcher Type: SUN_STANDARD

[Global flags]
    uintx AdaptiveSizePolicyWeight                 = 90                                        {product} {command line}
     intx CICompilerCount                          = 12                                        {product} {ergonomic}
    uintx GCTimeRatio                              = 4                                         {product} {command line}
     bool HeapDumpOnOutOfMemoryError               = true                                   {manageable} {command line}
    ccstr HeapDumpPath                             = c:\Users\IT\AppData\Roaming\Code\User\workspaceStorage\9304a57263ee466e7959e3898a525b22\redhat.java         {manageable} {command line}
   size_t InitialHeapSize                          = 104857600                                 {product} {command line}
   size_t MaxHeapSize                              = 2147483648                                {product} {command line}
   size_t MaxNewSize                               = 715653120                                 {product} {ergonomic}
   size_t MinHeapDeltaBytes                        = 524288                                    {product} {ergonomic}
   size_t MinHeapSize                              = 104857600                                 {product} {command line}
   size_t NewSize                                  = 34603008                                  {product} {ergonomic}
    uintx NonNMethodCodeHeapSize                   = 7602480                                {pd product} {ergonomic}
    uintx NonProfiledCodeHeapSize                  = 122027880                              {pd product} {ergonomic}
   size_t OldSize                                  = 70254592                                  {product} {ergonomic}
    uintx ProfiledCodeHeapSize                     = 122027880                              {pd product} {ergonomic}
    uintx ReservedCodeCacheSize                    = 251658240                              {pd product} {ergonomic}
     bool SegmentedCodeCache                       = true                                      {product} {ergonomic}
   size_t SoftMaxHeapSize                          = 2147483648                             {manageable} {ergonomic}
     bool UseCompressedOops                        = true                           {product lp64_product} {ergonomic}
     bool UseLargePagesIndividualAllocation        = false                                  {pd product} {ergonomic}
     bool UseParallelGC                            = true                                      {product} {command line}

Logging:
Log output configuration:
 #0: stdout all=off uptime,level,tags foldmultilines=false
 #1: stderr all=off uptime,level,tags foldmultilines=false

Environment Variables:
JAVA_HOME=C:\Program Files\Java\jdk-17
PATH=C:\Program Files\Common Files\Oracle\Java\javapath;C:\WINDOWS\system32;C:\WINDOWS;C:\WINDOWS\System32\Wbem;C:\WINDOWS\System32\WindowsPowerShell\v1.0\;C:\WINDOWS\System32\OpenSSH\;C:\wamp64\bin\php\php8.2.26;C:\ProgramData\ComposerSetup\bin;C:\Program Files\Microsoft SQL Server\150\Tools\Binn\;C:\Program Files\Microsoft SQL Server\Client SDK\ODBC\170\Tools\Binn\;C:\Program Files\dotnet\;C:\Program Files\Git\cmd;C:\Program Files\Microsoft SQL Server\Client SDK\ODBC\130\Tools\Binn\;C:\Program Files (x86)\Microsoft SQL Server\140\Tools\Binn\;C:\Program Files (x86)\Microsoft SQL Server\Client SDK\ODBC\130\Tools\Binn\;C:\Program Files (x86)\Microsoft SQL Server\140\DTS\Binn\;C:\Program Files (x86)\Microsoft SQL Server\140\Tools\Binn\ManagementStudio\;C:\Program Files\Microsoft SQL Server\140\Tools\Binn\;C:\Program Files\Microsoft SQL Server\140\DTS\Binn\;C:\Program Files\nodejs\;C:\Program Files\Java\jdk-17;C:\Program Files\PostgreSQL\17\bin;C:\Program Files\Cloudflare\Cloudflare WARP\;C:\Users\IT\AppData\Local\Microsoft\WindowsApps;C:\Users\IT\AppData\Local\Programs\Microsoft VS Code\bin;C:\Users\IT\AppData\Local\GitHubDesktop\bin;C:\Users\IT\AppData\Roaming\Composer\vendor\bin;C:\Users\IT\.dotnet\tools;C:\Users\IT\AppData\Roaming\npm
USERNAME=IT
OS=Windows_NT
PROCESSOR_IDENTIFIER=Intel64 Family 6 Model 165 Stepping 5, GenuineIntel
TMP=C:\Users\IT\AppData\Local\Temp
TEMP=C:\Users\IT\AppData\Local\Temp




Periodic native trim disabled

---------------  S Y S T E M  ---------------

OS:
 Windows 11 , 64 bit Build 26100 (10.0.26100.4768)
OS uptime: 0 days 10:37 hours

CPU: total 16 (initial active 16) (8 cores per cpu, 2 threads per core) family 6 model 165 stepping 5 microcode 0x100, cx8, cmov, fxsr, ht, mmx, 3dnowpref, sse, sse2, sse3, ssse3, sse4.1, sse4.2, popcnt, lzcnt, tsc, tscinvbit, avx, avx2, aes, erms, clmul, bmi1, bmi2, adx, fma, vzeroupper, clflush, clflushopt, rdtscp, f16c, pku
Processor Information for processor 0
  Max Mhz: 2901, Current Mhz: 2900, Mhz Limit: 2901
Processor Information for processor 1
  Max Mhz: 2901, Current Mhz: 1200, Mhz Limit: 2901
Processor Information for processor 2
  Max Mhz: 2901, Current Mhz: 2900, Mhz Limit: 2901
Processor Information for processor 3
  Max Mhz: 2901, Current Mhz: 2900, Mhz Limit: 2901
Processor Information for processor 4
  Max Mhz: 2901, Current Mhz: 2900, Mhz Limit: 2901
Processor Information for processor 5
  Max Mhz: 2901, Current Mhz: 1200, Mhz Limit: 2901
Processor Information for processor 6
  Max Mhz: 2901, Current Mhz: 2900, Mhz Limit: 2901
Processor Information for processor 7
  Max Mhz: 2901, Current Mhz: 1200, Mhz Limit: 2901
Processor Information for processor 8
  Max Mhz: 2901, Current Mhz: 1200, Mhz Limit: 2901
Processor Information for processor 9
  Max Mhz: 2901, Current Mhz: 1200, Mhz Limit: 2901
Processor Information for processor 10
  Max Mhz: 2901, Current Mhz: 1200, Mhz Limit: 2901
Processor Information for processor 11
  Max Mhz: 2901, Current Mhz: 1200, Mhz Limit: 2901
Processor Information for processor 12
  Max Mhz: 2901, Current Mhz: 2901, Mhz Limit: 2901
Processor Information for processor 13
  Max Mhz: 2901, Current Mhz: 1200, Mhz Limit: 2901
Processor Information for processor 14
  Max Mhz: 2901, Current Mhz: 2900, Mhz Limit: 2901
Processor Information for processor 15
  Max Mhz: 2901, Current Mhz: 1200, Mhz Limit: 2901

Memory: 4k page, system-wide physical 16099M (5454M free)
TotalPageFile size 36236M (AvailPageFile size 25M)
current process WorkingSet (physical memory assigned to process): 283M, peak: 283M
current process commit charge ("private bytes"): 384M, peak: 395M

vm_info: OpenJDK 64-Bit Server VM (21.0.8+9-LTS) for windows-amd64 JRE (21.0.8+9-LTS), built on 2025-07-15T00:00:00Z by "admin" with MS VC++ 17.7 (VS2022)

END.
